Log file open, 10/13/21 15:39:53
LogWindows: Failed to load 'aqProf.dll' (GetLastError=126)
LogWindows: File 'aqProf.dll' does not exist
LogWindows: Failed to load 'VtuneApi.dll' (GetLastError=126)
LogWindows: File 'VtuneApi.dll' does not exist
LogWindows: Failed to load 'VtuneApi32e.dll' (GetLastError=126)
LogWindows: File 'VtuneApi32e.dll' does not exist
LogConsoleResponse: Display: Failed to find resolution value strings in scalability ini. Falling back to default.
LogConsoleResponse: Display: Failed to find resolution value strings in scalability ini. Falling back to default.
LogInit: Display: Running engine for game: Food_Looter_GC
LogPlatformFile: Not using cached read wrapper
LogTaskGraph: Started task graph with 5 named threads and 23 total threads with 3 sets of task threads.
LogStats: Stats thread started at 0.486088
LogICUInternationalization: ICU TimeZone Detection - Raw Offset: +1:00, Platform Override: ''
LogInit: Display: Loading text-based GConfig....
LogPluginManager: Mounting plugin MeshPainting
LogPluginManager: Mounting plugin XGEController
LogPluginManager: Mounting plugin Paper2D
LogPluginManager: Mounting plugin AISupport
LogPluginManager: Mounting plugin EnvironmentQueryEditor
LogPluginManager: Mounting plugin LiveLink
LogPluginManager: Mounting plugin LightPropagationVolume
LogPluginManager: Mounting plugin CameraShakePreviewer
LogPluginManager: Mounting plugin GameplayCameras
LogPluginManager: Mounting plugin AnimationSharing
LogPluginManager: Mounting plugin CLionSourceCodeAccess
LogPluginManager: Mounting plugin CodeLiteSourceCodeAccess
LogPluginManager: Mounting plugin GitSourceControl
LogPluginManager: Mounting plugin NullSourceCodeAccess
LogPluginManager: Mounting plugin KDevelopSourceCodeAccess
LogPluginManager: Mounting plugin PerforceSourceControl
LogPluginManager: Mounting plugin PixWinPlugin
LogPluginManager: Mounting plugin PlasticSourceControl
LogPluginManager: Mounting plugin PluginUtils
LogPluginManager: Mounting plugin PropertyAccessNode
LogPluginManager: Mounting plugin RiderSourceCodeAccess
LogPluginManager: Mounting plugin SubversionSourceControl
LogPluginManager: Mounting plugin TextureFormatOodle
LogPluginManager: Mounting plugin UObjectPlugin
LogPluginManager: Mounting plugin VisualStudioCodeSourceCodeAccess
LogPluginManager: Mounting plugin XCodeSourceCodeAccess
LogPluginManager: Mounting plugin VisualStudioSourceCodeAccess
LogPluginManager: Mounting plugin OodleData
LogPluginManager: Mounting plugin AssetManagerEditor
LogPluginManager: Mounting plugin OodleNetwork
LogPluginManager: Mounting plugin CryptoKeys
LogPluginManager: Mounting plugin CurveEditorTools
LogPluginManager: Mounting plugin DataValidation
LogPluginManager: Mounting plugin FacialAnimation
LogPluginManager: Mounting plugin GameplayTagsEditor
LogPluginManager: Mounting plugin GeometryMode
LogPluginManager: Mounting plugin MacGraphicsSwitching
LogPluginManager: Mounting plugin MaterialAnalyzer
LogPluginManager: Mounting plugin MobileLauncherProfileWizard
LogPluginManager: Mounting plugin PluginBrowser
LogPluginManager: Mounting plugin SpeedTreeImporter
LogPluginManager: Mounting plugin DatasmithContent
LogPluginManager: Mounting plugin VariantManagerContent
LogPluginManager: Mounting plugin AlembicImporter
LogPluginManager: Mounting plugin AutomationUtils
LogPluginManager: Mounting plugin BackChannel
LogPluginManager: Mounting plugin ChaosCloth
LogPluginManager: Mounting plugin ChaosClothEditor
LogPluginManager: Mounting plugin ChaosEditor
LogPluginManager: Mounting plugin ChaosNiagara
LogPluginManager: Mounting plugin ChaosSolverPlugin
LogPluginManager: Mounting plugin CharacterAI
LogPluginManager: Mounting plugin GeometryCache
LogPluginManager: Mounting plugin GeometryCollectionPlugin
LogPluginManager: Mounting plugin GeometryProcessing
LogPluginManager: Mounting plugin MotoSynth
LogPluginManager: Mounting plugin OpenImageDenoise
LogPluginManager: Mounting plugin PlanarCut
LogPluginManager: Mounting plugin PlatformCrypto
LogPluginManager: Mounting plugin ProxyLODPlugin
LogPluginManager: Mounting plugin PythonScriptPlugin
LogPluginManager: Mounting plugin SkeletalReduction
LogPluginManager: Mounting plugin Niagara
LogPluginManager: Mounting plugin LuminPlatformFeatures
LogPluginManager: Mounting plugin MagicLeap
LogPluginManager: Mounting plugin MagicLeapLightEstimation
LogPluginManager: Mounting plugin MagicLeapMedia
LogPluginManager: Mounting plugin MagicLeapPassableWorld
LogPluginManager: Mounting plugin MLSDK
LogPluginManager: Mounting plugin AndroidMedia
LogPluginManager: Mounting plugin AvfMedia
LogPluginManager: Mounting plugin ImgMedia
LogPluginManager: Mounting plugin MediaCompositing
LogPluginManager: Mounting plugin MediaPlayerEditor
LogPluginManager: Mounting plugin WebMMedia
LogPluginManager: Mounting plugin WmfMedia
LogPluginManager: Mounting plugin TcpMessaging
LogPluginManager: Mounting plugin UdpMessaging
LogPluginManager: Mounting plugin ActorSequence
LogPluginManager: Mounting plugin LevelSequenceEditor
LogPluginManager: Mounting plugin MatineeToLevelSequence
LogPluginManager: Mounting plugin TemplateSequence
LogPluginManager: Mounting plugin OnlineSubsystem
LogPluginManager: Mounting plugin OnlineSubsystemNull
LogPluginManager: Mounting plugin OnlineSubsystemUtils
LogPluginManager: Mounting plugin LauncherChunkInstaller
LogPluginManager: Mounting plugin ActorLayerUtilities
LogPluginManager: Mounting plugin AndroidDeviceProfileSelector
LogPluginManager: Mounting plugin AndroidMoviePlayer
LogPluginManager: Mounting plugin AndroidPermission
LogPluginManager: Mounting plugin AppleImageUtils
LogPluginManager: Mounting plugin AppleMoviePlayer
LogPluginManager: Mounting plugin ArchVisCharacter
LogPluginManager: Mounting plugin AssetTags
LogPluginManager: Mounting plugin AudioCapture
LogPluginManager: Mounting plugin AudioSynesthesia
LogPluginManager: Mounting plugin CableComponent
LogPluginManager: Mounting plugin ChunkDownloader
LogPluginManager: Mounting plugin CustomMeshComponent
LogPluginManager: Mounting plugin ExampleDeviceProfileSelector
LogPluginManager: Mounting plugin EditableMesh
LogPluginManager: Mounting plugin GoogleCloudMessaging
LogPluginManager: Mounting plugin GooglePAD
LogPluginManager: Mounting plugin ScreenshotTools
LogPluginManager: Mounting plugin IOSDeviceProfileSelector
LogPluginManager: Mounting plugin LinuxDeviceProfileSelector
LogPluginManager: Mounting plugin LocationServicesBPLibrary
LogPluginManager: Mounting plugin MobilePatchingUtils
LogPluginManager: Mounting plugin OpenXR
LogPluginManager: Mounting plugin OpenXREyeTracker
LogPluginManager: Mounting plugin OpenXRHandTracking
LogPluginManager: Mounting plugin PhysXVehicles
LogPluginManager: Mounting plugin PostSplashScreen
LogPluginManager: Mounting plugin ProceduralMeshComponent
LogPluginManager: Mounting plugin PropertyAccessEditor
LogPluginManager: Mounting plugin Takes
LogPluginManager: Mounting plugin RuntimePhysXCooking
LogPluginManager: Mounting plugin SignificanceManager
LogPluginManager: Mounting plugin SoundFields
LogPluginManager: Mounting plugin Synthesis
LogPluginManager: Mounting plugin WebMMoviePlayer
LogPluginManager: Mounting plugin WindowsMoviePlayer
LogPluginManager: Mounting plugin ContentBrowserAssetDataSource
LogPluginManager: Mounting plugin ContentBrowserClassDataSource
LogPluginManager: Mounting plugin ContentBrowserFileDataSource
LogPluginManager: Mounting plugin OnlineSubsystemGooglePlay
LogPluginManager: Mounting plugin OnlineSubsystemIOS
LogPluginManager: Mounting plugin OculusVR
PixWinPlugin: PIX capture plugin failed to initialize! Check that the process is launched from PIX.
LogInit: Using libcurl 7.55.1-DEV
LogInit:  - built for x86_64-pc-win32
LogInit:  - supports SSL with OpenSSL/1.1.1
LogInit:  - supports HTTP deflate (compression) using libz 1.2.8
LogInit:  - other features:
LogInit:      CURL_VERSION_SSL
LogInit:      CURL_VERSION_LIBZ
LogInit:      CURL_VERSION_IPV6
LogInit:      CURL_VERSION_ASYNCHDNS
LogInit:      CURL_VERSION_LARGEFILE
LogInit:      CURL_VERSION_IDN
LogInit:  CurlRequestOptions (configurable via config and command line):
LogInit:  - bVerifyPeer = true  - Libcurl will verify peer certificate
LogInit:  - bUseHttpProxy = false  - Libcurl will NOT use HTTP proxy
LogInit:  - bDontReuseConnections = false  - Libcurl will reuse connections
LogInit:  - MaxHostConnections = 16  - Libcurl will limit the number of connections to a host
LogInit:  - LocalHostAddr = Default
LogInit:  - BufferSize = 65536
LogOnline: OSS: Creating online subsystem instance for: NULL
LogInit: WinSock: version 1.1 (2.2), MaxSocks=32767, MaxUdp=65467
LogOnline: OSS: TryLoadSubsystemAndSetDefault: Loaded subsystem for module [NULL]
LogOculusPluginWrapper: OculusPlugin initialized successfully
LogHMD: Failed initializing OVRPlugin 1.59.0
LogInit: Build: ++UE4+Release-4.27-CL-17155196
LogInit: Engine Version: 4.27.0-17155196+++UE4+Release-4.27
LogInit: Compatible Engine Version: 4.27.0-17155196+++UE4+Release-4.27
LogInit: Net CL: 17155196
LogInit: OS: Windows 10 (Release 2009) (), CPU: Intel(R) Core(TM) i5-9300H CPU @ 2.40GHz, GPU: NVIDIA GeForce GTX 1660 Ti
LogInit: Compiled (64-bit): Aug 13 2021 06:13:13
LogInit: Compiled with Visual C++: 19.24.28315.00
LogInit: Build Configuration: Development
LogInit: Branch Name: ++UE4+Release-4.27
LogInit: Command Line:  -skipcompile
LogInit: Base Directory: D:/Epic Games/UE_4.27/Engine/Binaries/Win64/
LogInit: Allocator: TBB
LogInit: Installed Engine Build: 1
LogDevObjectVersion: Number of dev versions registered: 29
LogDevObjectVersion:   Dev-Blueprints (B0D832E4-1F89-4F0D-ACCF-7EB736FD4AA2): 10
LogDevObjectVersion:   Dev-Build (E1C64328-A22C-4D53-A36C-8E866417BD8C): 0
LogDevObjectVersion:   Dev-Core (375EC13C-06E4-48FB-B500-84F0262A717E): 4
LogDevObjectVersion:   Dev-Editor (E4B068ED-F494-42E9-A231-DA0B2E46BB41): 40
LogDevObjectVersion:   Dev-Framework (CFFC743F-43B0-4480-9391-14DF171D2073): 37
LogDevObjectVersion:   Dev-Mobile (B02B49B5-BB20-44E9-A304-32B752E40360): 3
LogDevObjectVersion:   Dev-Networking (A4E4105C-59A1-49B5-A7C5-40C4547EDFEE): 0
LogDevObjectVersion:   Dev-Online (39C831C9-5AE6-47DC-9A44-9C173E1C8E7C): 0
LogDevObjectVersion:   Dev-Physics (78F01B33-EBEA-4F98-B9B4-84EACCB95AA2): 14
LogDevObjectVersion:   Dev-Platform (6631380F-2D4D-43E0-8009-CF276956A95A): 0
LogDevObjectVersion:   Dev-Rendering (12F88B9F-8875-4AFC-A67C-D90C383ABD29): 45
LogDevObjectVersion:   Dev-Sequencer (7B5AE74C-D270-4C10-A958-57980B212A5A): 13
LogDevObjectVersion:   Dev-VR (D7296918-1DD6-4BDD-9DE2-64A83CC13884): 3
LogDevObjectVersion:   Dev-LoadTimes (C2A15278-BFE7-4AFE-6C17-90FF531DF755): 1
LogDevObjectVersion:   Private-Geometry (6EACA3D4-40EC-4CC1-B786-8BED09428FC5): 3
LogDevObjectVersion:   Dev-AnimPhys (29E575DD-E0A3-4627-9D10-D276232CDCEA): 17
LogDevObjectVersion:   Dev-Anim (AF43A65D-7FD3-4947-9873-3E8ED9C1BB05): 15
LogDevObjectVersion:   Dev-ReflectionCapture (6B266CEC-1EC7-4B8F-A30B-E4D90942FC07): 1
LogDevObjectVersion:   Dev-Automation (0DF73D61-A23F-47EA-B727-89E90C41499A): 1
LogDevObjectVersion:   FortniteMain (601D1886-AC64-4F84-AA16-D3DE0DEAC7D6): 47
LogDevObjectVersion:   FortniteRelease (E7086368-6B23-4C58-8439-1B7016265E91): 1
LogDevObjectVersion:   Dev-Enterprise (9DFFBCD6-494F-0158-E221-12823C92A888): 10
LogDevObjectVersion:   Dev-Niagara (F2AED0AC-9AFE-416F-8664-AA7FFA26D6FC): 1
LogDevObjectVersion:   Dev-Destruction (174F1F0B-B4C6-45A5-B13F-2EE8D0FB917D): 10
LogDevObjectVersion:   Dev-Physics-Ext (35F94A83-E258-406C-A318-09F59610247C): 41
LogDevObjectVersion:   Dev-PhysicsMaterial-Chaos (B68FC16E-8B1B-42E2-B453-215C058844FE): 1
LogDevObjectVersion:   Dev-CineCamera (B2E18506-4273-CFC2-A54E-F4BB758BBA07): 1
LogDevObjectVersion:   Dev-VirtualProduction (64F58936-FD1B-42BA-BA96-7289D5D0FA4E): 1
LogDevObjectVersion:   Dev-MediaFramework (6F0ED827-A609-4895-9C91-998D90180EA4): 2
LogInit: Presizing for max 25165824 objects, including 0 objects not considered by GC, pre-allocating 0 bytes for permanent pool.
LogConfig: Applying CVar settings from Section [/Script/Engine.StreamingSettings] File [D:/Projets Dev/Unreal Engine/GTech 4/Food_Looter_GC/Food_Looter_GC/Saved/Config/Windows/Engine.ini]
LogConfig: Setting CVar [[s.MinBulkDataSizeForAsyncLoading:131072]]
LogConfig: Setting CVar [[s.AsyncLoadingThreadEnabled:0]]
LogConfig: Setting CVar [[s.EventDrivenLoaderEnabled:1]]
LogConfig: Setting CVar [[s.WarnIfTimeLimitExceeded:0]]
LogConfig: Setting CVar [[s.TimeLimitExceededMultiplier:1.5]]
LogConfig: Setting CVar [[s.TimeLimitExceededMinTime:0.005]]
LogConfig: Setting CVar [[s.UseBackgroundLevelStreaming:1]]
LogConfig: Setting CVar [[s.PriorityAsyncLoadingExtraTime:15.0]]
LogConfig: Setting CVar [[s.LevelStreamingActorsUpdateTimeLimit:5.0]]
LogConfig: Setting CVar [[s.PriorityLevelStreamingActorsUpdateExtraTime:5.0]]
LogConfig: Setting CVar [[s.LevelStreamingComponentsRegistrationGranularity:10]]
LogConfig: Setting CVar [[s.UnregisterComponentsTimeLimit:1.0]]
LogConfig: Setting CVar [[s.LevelStreamingComponentsUnregistrationGranularity:5]]
LogConfig: Setting CVar [[s.FlushStreamingOnExit:1]]
LogInit: Object subsystem initialized
LogConfig: Setting CVar [[con.DebugEarlyDefault:1]]
LogConfig: Setting CVar [[r.setres:1280x720]]
[2021.10.13-13.39.56:731][  0]LogConfig: Setting CVar [[r.VSync:0]]
[2021.10.13-13.39.56:731][  0]LogConfig: Setting CVar [[r.RHICmdBypass:0]]
[2021.10.13-13.39.56:731][  0]LogConfig: Applying CVar settings from Section [/Script/Engine.RendererSettings] File [D:/Projets Dev/Unreal Engine/GTech 4/Food_Looter_GC/Food_Looter_GC/Saved/Config/Windows/Engine.ini]
[2021.10.13-13.39.56:731][  0]LogConfig: Setting CVar [[r.GPUCrashDebugging:0]]
[2021.10.13-13.39.56:731][  0]LogConfig: Applying CVar settings from Section [/Script/Engine.RendererOverrideSettings] File [D:/Projets Dev/Unreal Engine/GTech 4/Food_Looter_GC/Food_Looter_GC/Saved/Config/Windows/Engine.ini]
[2021.10.13-13.39.56:731][  0]LogConfig: Applying CVar settings from Section [/Script/Engine.StreamingSettings] File [D:/Projets Dev/Unreal Engine/GTech 4/Food_Looter_GC/Food_Looter_GC/Saved/Config/Windows/Engine.ini]
[2021.10.13-13.39.56:732][  0]LogConfig: Setting CVar [[s.MinBulkDataSizeForAsyncLoading:131072]]
[2021.10.13-13.39.56:732][  0]LogConfig: Setting CVar [[s.AsyncLoadingThreadEnabled:0]]
[2021.10.13-13.39.56:732][  0]LogConfig: Setting CVar [[s.EventDrivenLoaderEnabled:1]]
[2021.10.13-13.39.56:732][  0]LogConfig: Setting CVar [[s.WarnIfTimeLimitExceeded:0]]
[2021.10.13-13.39.56:732][  0]LogConfig: Setting CVar [[s.TimeLimitExceededMultiplier:1.5]]
[2021.10.13-13.39.56:732][  0]LogConfig: Setting CVar [[s.TimeLimitExceededMinTime:0.005]]
[2021.10.13-13.39.56:732][  0]LogConfig: Setting CVar [[s.UseBackgroundLevelStreaming:1]]
[2021.10.13-13.39.56:732][  0]LogConfig: Setting CVar [[s.PriorityAsyncLoadingExtraTime:15.0]]
[2021.10.13-13.39.56:732][  0]LogConfig: Setting CVar [[s.LevelStreamingActorsUpdateTimeLimit:5.0]]
[2021.10.13-13.39.56:732][  0]LogConfig: Setting CVar [[s.PriorityLevelStreamingActorsUpdateExtraTime:5.0]]
[2021.10.13-13.39.56:732][  0]LogConfig: Setting CVar [[s.LevelStreamingComponentsRegistrationGranularity:10]]
[2021.10.13-13.39.56:732][  0]LogConfig: Setting CVar [[s.UnregisterComponentsTimeLimit:1.0]]
[2021.10.13-13.39.56:732][  0]LogConfig: Setting CVar [[s.LevelStreamingComponentsUnregistrationGranularity:5]]
[2021.10.13-13.39.56:732][  0]LogConfig: Setting CVar [[s.FlushStreamingOnExit:1]]
[2021.10.13-13.39.56:732][  0]LogConfig: Applying CVar settings from Section [/Script/Engine.GarbageCollectionSettings] File [D:/Projets Dev/Unreal Engine/GTech 4/Food_Looter_GC/Food_Looter_GC/Saved/Config/Windows/Engine.ini]
[2021.10.13-13.39.56:732][  0]LogConfig: Setting CVar [[gc.MaxObjectsNotConsideredByGC:1]]
[2021.10.13-13.39.56:733][  0]LogConfig: Setting CVar [[gc.SizeOfPermanentObjectPool:0]]
[2021.10.13-13.39.56:733][  0]LogConfig: Setting CVar [[gc.FlushStreamingOnGC:0]]
[2021.10.13-13.39.56:733][  0]LogConfig: Setting CVar [[gc.NumRetriesBeforeForcingGC:10]]
[2021.10.13-13.39.56:733][  0]LogConfig: Setting CVar [[gc.AllowParallelGC:1]]
[2021.10.13-13.39.56:733][  0]LogConfig: Setting CVar [[gc.TimeBetweenPurgingPendingKillObjects:61.1]]
[2021.10.13-13.39.56:733][  0]LogConfig: Setting CVar [[gc.MaxObjectsInEditor:25165824]]
[2021.10.13-13.39.56:733][  0]LogConfig: Setting CVar [[gc.IncrementalBeginDestroyEnabled:1]]
[2021.10.13-13.39.56:733][  0]LogConfig: Setting CVar [[gc.CreateGCClusters:1]]
[2021.10.13-13.39.56:733][  0]LogConfig: Setting CVar [[gc.MinGCClusterSize:5]]
[2021.10.13-13.39.56:733][  0]LogConfig: Setting CVar [[gc.ActorClusteringEnabled:0]]
[2021.10.13-13.39.56:733][  0]LogConfig: Setting CVar [[gc.BlueprintClusteringEnabled:0]]
[2021.10.13-13.39.56:733][  0]LogConfig: Setting CVar [[gc.UseDisregardForGCOnDedicatedServers:0]]
[2021.10.13-13.39.56:733][  0]LogConfig: Setting CVar [[gc.MultithreadedDestructionEnabled:1]]
[2021.10.13-13.39.56:733][  0]LogConfig: Applying CVar settings from Section [/Script/Engine.NetworkSettings] File [D:/Projets Dev/Unreal Engine/GTech 4/Food_Looter_GC/Food_Looter_GC/Saved/Config/Windows/Engine.ini]
[2021.10.13-13.39.56:733][  0]LogConfig: Applying CVar settings from Section [/Script/UnrealEd.CookerSettings] File [D:/Projets Dev/Unreal Engine/GTech 4/Food_Looter_GC/Food_Looter_GC/Saved/Config/Windows/Engine.ini]
[2021.10.13-13.39.56:741][  0]LogConfig: Applying CVar settings from Section [ViewDistanceQuality@3] File [D:/Projets Dev/Unreal Engine/GTech 4/Food_Looter_GC/Food_Looter_GC/Saved/Config/Windows/Scalability.ini]
[2021.10.13-13.39.56:741][  0]LogConfig: Setting CVar [[r.SkeletalMeshLODBias:0]]
[2021.10.13-13.39.56:741][  0]LogConfig: Setting CVar [[r.ViewDistanceScale:1.0]]
[2021.10.13-13.39.56:741][  0]LogConfig: Applying CVar settings from Section [AntiAliasingQuality@3] File [D:/Projets Dev/Unreal Engine/GTech 4/Food_Looter_GC/Food_Looter_GC/Saved/Config/Windows/Scalability.ini]
[2021.10.13-13.39.56:741][  0]LogConfig: Setting CVar [[r.PostProcessAAQuality:4]]
[2021.10.13-13.39.56:741][  0]LogConfig: Applying CVar settings from Section [ShadowQuality@3] File [D:/Projets Dev/Unreal Engine/GTech 4/Food_Looter_GC/Food_Looter_GC/Saved/Config/Windows/Scalability.ini]
[2021.10.13-13.39.56:741][  0]LogConfig: Setting CVar [[r.LightFunctionQuality:1]]
[2021.10.13-13.39.56:741][  0]LogConfig: Setting CVar [[r.ShadowQuality:5]]
[2021.10.13-13.39.56:741][  0]LogConfig: Setting CVar [[r.Shadow.CSM.MaxCascades:10]]
[2021.10.13-13.39.56:741][  0]LogConfig: Setting CVar [[r.Shadow.MaxResolution:2048]]
[2021.10.13-13.39.56:741][  0]LogConfig: Setting CVar [[r.Shadow.MaxCSMResolution:2048]]
[2021.10.13-13.39.56:741][  0]LogConfig: Setting CVar [[r.Shadow.RadiusThreshold:0.01]]
[2021.10.13-13.39.56:742][  0]LogConfig: Setting CVar [[r.Shadow.DistanceScale:1.0]]
[2021.10.13-13.39.56:742][  0]LogConfig: Setting CVar [[r.Shadow.CSM.TransitionScale:1.0]]
[2021.10.13-13.39.56:742][  0]LogConfig: Setting CVar [[r.Shadow.PreShadowResolutionFactor:1.0]]
[2021.10.13-13.39.56:742][  0]LogConfig: Setting CVar [[r.DistanceFieldShadowing:1]]
[2021.10.13-13.39.56:742][  0]LogConfig: Setting CVar [[r.DistanceFieldAO:1]]
[2021.10.13-13.39.56:742][  0]LogConfig: Setting CVar [[r.AOQuality:2]]
[2021.10.13-13.39.56:742][  0]LogConfig: Setting CVar [[r.VolumetricFog:1]]
[2021.10.13-13.39.56:742][  0]LogConfig: Setting CVar [[r.VolumetricFog.GridPixelSize:8]]
[2021.10.13-13.39.56:742][  0]LogConfig: Setting CVar [[r.VolumetricFog.GridSizeZ:128]]
[2021.10.13-13.39.56:742][  0]LogConfig: Setting CVar [[r.VolumetricFog.HistoryMissSupersampleCount:4]]
[2021.10.13-13.39.56:742][  0]LogConfig: Setting CVar [[r.LightMaxDrawDistanceScale:1]]
[2021.10.13-13.39.56:742][  0]LogConfig: Setting CVar [[r.CapsuleShadows:1]]
[2021.10.13-13.39.56:742][  0]LogConfig: Applying CVar settings from Section [PostProcessQuality@3] File [D:/Projets Dev/Unreal Engine/GTech 4/Food_Looter_GC/Food_Looter_GC/Saved/Config/Windows/Scalability.ini]
[2021.10.13-13.39.56:742][  0]LogConfig: Setting CVar [[r.MotionBlurQuality:4]]
[2021.10.13-13.39.56:742][  0]LogConfig: Setting CVar [[r.AmbientOcclusionMipLevelFactor:0.4]]
[2021.10.13-13.39.56:742][  0]LogConfig: Setting CVar [[r.AmbientOcclusionMaxQuality:100]]
[2021.10.13-13.39.56:742][  0]LogConfig: Setting CVar [[r.AmbientOcclusionLevels:-1]]
[2021.10.13-13.39.56:743][  0]LogConfig: Setting CVar [[r.AmbientOcclusionRadiusScale:1.0]]
[2021.10.13-13.39.56:743][  0]LogConfig: Setting CVar [[r.DepthOfFieldQuality:2]]
[2021.10.13-13.39.56:743][  0]LogConfig: Setting CVar [[r.RenderTargetPoolMin:400]]
[2021.10.13-13.39.56:743][  0]LogConfig: Setting CVar [[r.LensFlareQuality:2]]
[2021.10.13-13.39.56:743][  0]LogConfig: Setting CVar [[r.SceneColorFringeQuality:1]]
[2021.10.13-13.39.56:743][  0]LogConfig: Setting CVar [[r.EyeAdaptationQuality:2]]
[2021.10.13-13.39.56:743][  0]LogConfig: Setting CVar [[r.BloomQuality:5]]
[2021.10.13-13.39.56:743][  0]LogConfig: Setting CVar [[r.FastBlurThreshold:100]]
[2021.10.13-13.39.56:743][  0]LogConfig: Setting CVar [[r.Upscale.Quality:3]]
[2021.10.13-13.39.56:743][  0]LogConfig: Setting CVar [[r.Tonemapper.GrainQuantization:1]]
[2021.10.13-13.39.56:743][  0]LogConfig: Setting CVar [[r.LightShaftQuality:1]]
[2021.10.13-13.39.56:743][  0]LogConfig: Setting CVar [[r.Filter.SizeScale:1]]
[2021.10.13-13.39.56:743][  0]LogConfig: Setting CVar [[r.Tonemapper.Quality:5]]
[2021.10.13-13.39.56:743][  0]LogConfig: Setting CVar [[r.DOF.Gather.AccumulatorQuality:1        ; higher gathering accumulator quality]]
[2021.10.13-13.39.56:743][  0]LogConfig: Setting CVar [[r.DOF.Gather.PostfilterMethod:1          ; Median3x3 postfilering method]]
[2021.10.13-13.39.56:743][  0]LogConfig: Setting CVar [[r.DOF.Gather.EnableBokehSettings:0       ; no bokeh simulation when gathering]]
[2021.10.13-13.39.56:743][  0]LogConfig: Setting CVar [[r.DOF.Gather.RingCount:4                 ; medium number of samples when gathering]]
[2021.10.13-13.39.56:744][  0]LogConfig: Setting CVar [[r.DOF.Scatter.ForegroundCompositing:1    ; additive foreground scattering]]
[2021.10.13-13.39.56:744][  0]LogConfig: Setting CVar [[r.DOF.Scatter.BackgroundCompositing:2    ; additive background scattering]]
[2021.10.13-13.39.56:744][  0]LogConfig: Setting CVar [[r.DOF.Scatter.EnableBokehSettings:1      ; bokeh simulation when scattering]]
[2021.10.13-13.39.56:744][  0]LogConfig: Setting CVar [[r.DOF.Scatter.MaxSpriteRatio:0.1         ; only a maximum of 10% of scattered bokeh]]
[2021.10.13-13.39.56:744][  0]LogConfig: Setting CVar [[r.DOF.Recombine.Quality:1                ; cheap slight out of focus]]
[2021.10.13-13.39.56:744][  0]LogConfig: Setting CVar [[r.DOF.Recombine.EnableBokehSettings:0    ; no bokeh simulation on slight out of focus]]
[2021.10.13-13.39.56:744][  0]LogConfig: Setting CVar [[r.DOF.TemporalAAQuality:1                ; more stable temporal accumulation]]
[2021.10.13-13.39.56:744][  0]LogConfig: Setting CVar [[r.DOF.Kernel.MaxForegroundRadius:0.025]]
[2021.10.13-13.39.56:744][  0]LogConfig: Setting CVar [[r.DOF.Kernel.MaxBackgroundRadius:0.025]]
[2021.10.13-13.39.56:744][  0]LogConfig: Applying CVar settings from Section [TextureQuality@3] File [D:/Projets Dev/Unreal Engine/GTech 4/Food_Looter_GC/Food_Looter_GC/Saved/Config/Windows/Scalability.ini]
[2021.10.13-13.39.56:744][  0]LogConfig: Setting CVar [[r.Streaming.MipBias:0]]
[2021.10.13-13.39.56:744][  0]LogConfig: Setting CVar [[r.Streaming.AmortizeCPUToGPUCopy:0]]
[2021.10.13-13.39.56:744][  0]LogConfig: Setting CVar [[r.Streaming.MaxNumTexturesToStreamPerFrame:0]]
[2021.10.13-13.39.56:744][  0]LogConfig: Setting CVar [[r.Streaming.Boost:1]]
[2021.10.13-13.39.56:744][  0]LogConfig: Setting CVar [[r.MaxAnisotropy:8]]
[2021.10.13-13.39.56:744][  0]LogConfig: Setting CVar [[r.VT.MaxAnisotropy:8]]
[2021.10.13-13.39.56:744][  0]LogConfig: Setting CVar [[r.Streaming.LimitPoolSizeToVRAM:0]]
[2021.10.13-13.39.56:744][  0]LogConfig: Setting CVar [[r.Streaming.PoolSize:1000]]
[2021.10.13-13.39.56:745][  0]LogConfig: Setting CVar [[r.Streaming.MaxEffectiveScreenSize:0]]
[2021.10.13-13.39.56:745][  0]LogConfig: Applying CVar settings from Section [EffectsQuality@3] File [D:/Projets Dev/Unreal Engine/GTech 4/Food_Looter_GC/Food_Looter_GC/Saved/Config/Windows/Scalability.ini]
[2021.10.13-13.39.56:745][  0]LogConfig: Setting CVar [[r.TranslucencyLightingVolumeDim:64]]
[2021.10.13-13.39.56:745][  0]LogConfig: Setting CVar [[r.RefractionQuality:2]]
[2021.10.13-13.39.56:745][  0]LogConfig: Setting CVar [[r.SSR.Quality:3]]
[2021.10.13-13.39.56:745][  0]LogConfig: Setting CVar [[r.SSR.HalfResSceneColor:0]]
[2021.10.13-13.39.56:745][  0]LogConfig: Setting CVar [[r.SceneColorFormat:4]]
[2021.10.13-13.39.56:745][  0]LogConfig: Setting CVar [[r.DetailMode:2]]
[2021.10.13-13.39.56:745][  0]LogConfig: Setting CVar [[r.TranslucencyVolumeBlur:1]]
[2021.10.13-13.39.56:745][  0]LogConfig: Setting CVar [[r.MaterialQualityLevel:1 ; High quality]]
[2021.10.13-13.39.56:745][  0]LogConfig: Setting CVar [[r.AnisotropicMaterials:1]]
[2021.10.13-13.39.56:745][  0]LogConfig: Setting CVar [[r.SSS.Scale:1]]
[2021.10.13-13.39.56:745][  0]LogConfig: Setting CVar [[r.SSS.SampleSet:2]]
[2021.10.13-13.39.56:745][  0]LogConfig: Setting CVar [[r.SSS.Quality:1]]
[2021.10.13-13.39.56:745][  0]LogConfig: Setting CVar [[r.SSS.HalfRes:0]]
[2021.10.13-13.39.56:745][  0]LogConfig: Setting CVar [[r.SSGI.Quality:3]]
[2021.10.13-13.39.56:745][  0]LogConfig: Setting CVar [[r.EmitterSpawnRateScale:1.0]]
[2021.10.13-13.39.56:745][  0]LogConfig: Setting CVar [[r.ParticleLightQuality:2]]
[2021.10.13-13.39.56:745][  0]LogConfig: Setting CVar [[r.SkyAtmosphere.AerialPerspectiveLUT.FastApplyOnOpaque:1 ; Always have FastSkyLUT 1 in this case to avoid wrong sky]]
[2021.10.13-13.39.56:746][  0]LogConfig: Setting CVar [[r.SkyAtmosphere.AerialPerspectiveLUT.SampleCountMaxPerSlice:4]]
[2021.10.13-13.39.56:746][  0]LogConfig: Setting CVar [[r.SkyAtmosphere.AerialPerspectiveLUT.DepthResolution:16.0]]
[2021.10.13-13.39.56:746][  0]LogConfig: Setting CVar [[r.SkyAtmosphere.FastSkyLUT:1]]
[2021.10.13-13.39.56:746][  0]LogConfig: Setting CVar [[r.SkyAtmosphere.FastSkyLUT.SampleCountMin:4.0]]
[2021.10.13-13.39.56:746][  0]LogConfig: Setting CVar [[r.SkyAtmosphere.FastSkyLUT.SampleCountMax:128.0]]
[2021.10.13-13.39.56:746][  0]LogConfig: Setting CVar [[r.SkyAtmosphere.SampleCountMin:4.0]]
[2021.10.13-13.39.56:746][  0]LogConfig: Setting CVar [[r.SkyAtmosphere.SampleCountMax:128.0]]
[2021.10.13-13.39.56:746][  0]LogConfig: Setting CVar [[r.SkyAtmosphere.TransmittanceLUT.UseSmallFormat:0]]
[2021.10.13-13.39.56:746][  0]LogConfig: Setting CVar [[r.SkyAtmosphere.TransmittanceLUT.SampleCount:10.0]]
[2021.10.13-13.39.56:747][  0]LogConfig: Setting CVar [[r.SkyAtmosphere.MultiScatteringLUT.SampleCount:15.0]]
[2021.10.13-13.39.56:747][  0]LogConfig: Setting CVar [[r.SkyLight.RealTimeReflectionCapture:1]]
[2021.10.13-13.39.56:747][  0]LogConfig: Applying CVar settings from Section [FoliageQuality@3] File [D:/Projets Dev/Unreal Engine/GTech 4/Food_Looter_GC/Food_Looter_GC/Saved/Config/Windows/Scalability.ini]
[2021.10.13-13.39.56:747][  0]LogConfig: Setting CVar [[foliage.DensityScale:1.0]]
[2021.10.13-13.39.56:747][  0]LogConfig: Setting CVar [[grass.DensityScale:1.0]]
[2021.10.13-13.39.56:747][  0]LogConfig: Applying CVar settings from Section [ShadingQuality@3] File [D:/Projets Dev/Unreal Engine/GTech 4/Food_Looter_GC/Food_Looter_GC/Saved/Config/Windows/Scalability.ini]
[2021.10.13-13.39.56:747][  0]LogConfig: Setting CVar [[r.HairStrands.SkyLighting.IntegrationType:2]]
[2021.10.13-13.39.56:747][  0]LogConfig: Setting CVar [[r.HairStrands.SkyAO.SampleCount:4]]
[2021.10.13-13.39.56:747][  0]LogConfig: Setting CVar [[r.HairStrands.Visibility.MSAA.SamplePerPixel:4]]
[2021.10.13-13.39.56:747][  0]LogInit: Selected Device Profile: [Windows]
[2021.10.13-13.39.56:747][  0]LogInit: Applying CVar settings loaded from the selected device profile: [Windows]
[2021.10.13-13.39.56:747][  0]LogHAL: Display: Platform has ~ 16 GB [17096232960 / 17179869184 / 16], which maps to Larger [LargestMinGB=32, LargerMinGB=12, DefaultMinGB=8, SmallerMinGB=6, SmallestMinGB=0)
[2021.10.13-13.39.56:748][  0]LogInit: Going up to parent DeviceProfile []
[2021.10.13-13.39.56:748][  0]LogConfig: Applying CVar settings from Section [ViewDistanceQuality@3] File [D:/Projets Dev/Unreal Engine/GTech 4/Food_Looter_GC/Food_Looter_GC/Saved/Config/Windows/Scalability.ini]
[2021.10.13-13.39.56:748][  0]LogConfig: Setting CVar [[r.SkeletalMeshLODBias:0]]
[2021.10.13-13.39.56:748][  0]LogConfig: Setting CVar [[r.ViewDistanceScale:1.0]]
[2021.10.13-13.39.56:748][  0]LogConfig: Applying CVar settings from Section [AntiAliasingQuality@3] File [D:/Projets Dev/Unreal Engine/GTech 4/Food_Looter_GC/Food_Looter_GC/Saved/Config/Windows/Scalability.ini]
[2021.10.13-13.39.56:748][  0]LogConfig: Setting CVar [[r.PostProcessAAQuality:4]]
[2021.10.13-13.39.56:748][  0]LogConfig: Applying CVar settings from Section [ShadowQuality@3] File [D:/Projets Dev/Unreal Engine/GTech 4/Food_Looter_GC/Food_Looter_GC/Saved/Config/Windows/Scalability.ini]
[2021.10.13-13.39.56:748][  0]LogConfig: Setting CVar [[r.LightFunctionQuality:1]]
[2021.10.13-13.39.56:748][  0]LogConfig: Setting CVar [[r.ShadowQuality:5]]
[2021.10.13-13.39.56:748][  0]LogConfig: Setting CVar [[r.Shadow.CSM.MaxCascades:10]]
[2021.10.13-13.39.56:748][  0]LogConfig: Setting CVar [[r.Shadow.MaxResolution:2048]]
[2021.10.13-13.39.56:748][  0]LogConfig: Setting CVar [[r.Shadow.MaxCSMResolution:2048]]
[2021.10.13-13.39.56:748][  0]LogConfig: Setting CVar [[r.Shadow.RadiusThreshold:0.01]]
[2021.10.13-13.39.56:748][  0]LogConfig: Setting CVar [[r.Shadow.DistanceScale:1.0]]
[2021.10.13-13.39.56:748][  0]LogConfig: Setting CVar [[r.Shadow.CSM.TransitionScale:1.0]]
[2021.10.13-13.39.56:748][  0]LogConfig: Setting CVar [[r.Shadow.PreShadowResolutionFactor:1.0]]
[2021.10.13-13.39.56:748][  0]LogConfig: Setting CVar [[r.DistanceFieldShadowing:1]]
[2021.10.13-13.39.56:749][  0]LogConfig: Setting CVar [[r.DistanceFieldAO:1]]
[2021.10.13-13.39.56:749][  0]LogConfig: Setting CVar [[r.AOQuality:2]]
[2021.10.13-13.39.56:749][  0]LogConfig: Setting CVar [[r.VolumetricFog:1]]
[2021.10.13-13.39.56:749][  0]LogConfig: Setting CVar [[r.VolumetricFog.GridPixelSize:8]]
[2021.10.13-13.39.56:749][  0]LogConfig: Setting CVar [[r.VolumetricFog.GridSizeZ:128]]
[2021.10.13-13.39.56:749][  0]LogConfig: Setting CVar [[r.VolumetricFog.HistoryMissSupersampleCount:4]]
[2021.10.13-13.39.56:749][  0]LogConfig: Setting CVar [[r.LightMaxDrawDistanceScale:1]]
[2021.10.13-13.39.56:749][  0]LogConfig: Setting CVar [[r.CapsuleShadows:1]]
[2021.10.13-13.39.56:749][  0]LogConfig: Applying CVar settings from Section [PostProcessQuality@3] File [D:/Projets Dev/Unreal Engine/GTech 4/Food_Looter_GC/Food_Looter_GC/Saved/Config/Windows/Scalability.ini]
[2021.10.13-13.39.56:749][  0]LogConfig: Setting CVar [[r.MotionBlurQuality:4]]
[2021.10.13-13.39.56:749][  0]LogConfig: Setting CVar [[r.AmbientOcclusionMipLevelFactor:0.4]]
[2021.10.13-13.39.56:749][  0]LogConfig: Setting CVar [[r.AmbientOcclusionMaxQuality:100]]
[2021.10.13-13.39.56:749][  0]LogConfig: Setting CVar [[r.AmbientOcclusionLevels:-1]]
[2021.10.13-13.39.56:749][  0]LogConfig: Setting CVar [[r.AmbientOcclusionRadiusScale:1.0]]
[2021.10.13-13.39.56:749][  0]LogConfig: Setting CVar [[r.DepthOfFieldQuality:2]]
[2021.10.13-13.39.56:749][  0]LogConfig: Setting CVar [[r.RenderTargetPoolMin:400]]
[2021.10.13-13.39.56:749][  0]LogConfig: Setting CVar [[r.LensFlareQuality:2]]
[2021.10.13-13.39.56:749][  0]LogConfig: Setting CVar [[r.SceneColorFringeQuality:1]]
[2021.10.13-13.39.56:750][  0]LogConfig: Setting CVar [[r.EyeAdaptationQuality:2]]
[2021.10.13-13.39.56:750][  0]LogConfig: Setting CVar [[r.BloomQuality:5]]
[2021.10.13-13.39.56:750][  0]LogConfig: Setting CVar [[r.FastBlurThreshold:100]]
[2021.10.13-13.39.56:750][  0]LogConfig: Setting CVar [[r.Upscale.Quality:3]]
[2021.10.13-13.39.56:750][  0]LogConfig: Setting CVar [[r.Tonemapper.GrainQuantization:1]]
[2021.10.13-13.39.56:750][  0]LogConfig: Setting CVar [[r.LightShaftQuality:1]]
[2021.10.13-13.39.56:750][  0]LogConfig: Setting CVar [[r.Filter.SizeScale:1]]
[2021.10.13-13.39.56:750][  0]LogConfig: Setting CVar [[r.Tonemapper.Quality:5]]
[2021.10.13-13.39.56:750][  0]LogConfig: Setting CVar [[r.DOF.Gather.AccumulatorQuality:1        ; higher gathering accumulator quality]]
[2021.10.13-13.39.56:750][  0]LogConfig: Setting CVar [[r.DOF.Gather.PostfilterMethod:1          ; Median3x3 postfilering method]]
[2021.10.13-13.39.56:750][  0]LogConfig: Setting CVar [[r.DOF.Gather.EnableBokehSettings:0       ; no bokeh simulation when gathering]]
[2021.10.13-13.39.56:750][  0]LogConfig: Setting CVar [[r.DOF.Gather.RingCount:4                 ; medium number of samples when gathering]]
[2021.10.13-13.39.56:750][  0]LogConfig: Setting CVar [[r.DOF.Scatter.ForegroundCompositing:1    ; additive foreground scattering]]
[2021.10.13-13.39.56:750][  0]LogConfig: Setting CVar [[r.DOF.Scatter.BackgroundCompositing:2    ; additive background scattering]]
[2021.10.13-13.39.56:750][  0]LogConfig: Setting CVar [[r.DOF.Scatter.EnableBokehSettings:1      ; bokeh simulation when scattering]]
[2021.10.13-13.39.56:750][  0]LogConfig: Setting CVar [[r.DOF.Scatter.MaxSpriteRatio:0.1         ; only a maximum of 10% of scattered bokeh]]
[2021.10.13-13.39.56:750][  0]LogConfig: Setting CVar [[r.DOF.Recombine.Quality:1                ; cheap slight out of focus]]
[2021.10.13-13.39.56:750][  0]LogConfig: Setting CVar [[r.DOF.Recombine.EnableBokehSettings:0    ; no bokeh simulation on slight out of focus]]
[2021.10.13-13.39.56:751][  0]LogConfig: Setting CVar [[r.DOF.TemporalAAQuality:1                ; more stable temporal accumulation]]
[2021.10.13-13.39.56:751][  0]LogConfig: Setting CVar [[r.DOF.Kernel.MaxForegroundRadius:0.025]]
[2021.10.13-13.39.56:751][  0]LogConfig: Setting CVar [[r.DOF.Kernel.MaxBackgroundRadius:0.025]]
[2021.10.13-13.39.56:751][  0]LogConfig: Applying CVar settings from Section [TextureQuality@3] File [D:/Projets Dev/Unreal Engine/GTech 4/Food_Looter_GC/Food_Looter_GC/Saved/Config/Windows/Scalability.ini]
[2021.10.13-13.39.56:751][  0]LogConfig: Setting CVar [[r.Streaming.MipBias:0]]
[2021.10.13-13.39.56:751][  0]LogConfig: Setting CVar [[r.Streaming.AmortizeCPUToGPUCopy:0]]
[2021.10.13-13.39.56:751][  0]LogConfig: Setting CVar [[r.Streaming.MaxNumTexturesToStreamPerFrame:0]]
[2021.10.13-13.39.56:751][  0]LogConfig: Setting CVar [[r.Streaming.Boost:1]]
[2021.10.13-13.39.56:751][  0]LogConfig: Setting CVar [[r.MaxAnisotropy:8]]
[2021.10.13-13.39.56:751][  0]LogConfig: Setting CVar [[r.VT.MaxAnisotropy:8]]
[2021.10.13-13.39.56:751][  0]LogConfig: Setting CVar [[r.Streaming.LimitPoolSizeToVRAM:0]]
[2021.10.13-13.39.56:751][  0]LogConfig: Setting CVar [[r.Streaming.PoolSize:1000]]
[2021.10.13-13.39.56:751][  0]LogConfig: Setting CVar [[r.Streaming.MaxEffectiveScreenSize:0]]
[2021.10.13-13.39.56:751][  0]LogConfig: Applying CVar settings from Section [EffectsQuality@3] File [D:/Projets Dev/Unreal Engine/GTech 4/Food_Looter_GC/Food_Looter_GC/Saved/Config/Windows/Scalability.ini]
[2021.10.13-13.39.56:751][  0]LogConfig: Setting CVar [[r.TranslucencyLightingVolumeDim:64]]
[2021.10.13-13.39.56:751][  0]LogConfig: Setting CVar [[r.RefractionQuality:2]]
[2021.10.13-13.39.56:751][  0]LogConfig: Setting CVar [[r.SSR.Quality:3]]
[2021.10.13-13.39.56:751][  0]LogConfig: Setting CVar [[r.SSR.HalfResSceneColor:0]]
[2021.10.13-13.39.56:752][  0]LogConfig: Setting CVar [[r.SceneColorFormat:4]]
[2021.10.13-13.39.56:752][  0]LogConfig: Setting CVar [[r.DetailMode:2]]
[2021.10.13-13.39.56:752][  0]LogConfig: Setting CVar [[r.TranslucencyVolumeBlur:1]]
[2021.10.13-13.39.56:752][  0]LogConfig: Setting CVar [[r.MaterialQualityLevel:1 ; High quality]]
[2021.10.13-13.39.56:752][  0]LogConfig: Setting CVar [[r.AnisotropicMaterials:1]]
[2021.10.13-13.39.56:752][  0]LogConfig: Setting CVar [[r.SSS.Scale:1]]
[2021.10.13-13.39.56:752][  0]LogConfig: Setting CVar [[r.SSS.SampleSet:2]]
[2021.10.13-13.39.56:752][  0]LogConfig: Setting CVar [[r.SSS.Quality:1]]
[2021.10.13-13.39.56:752][  0]LogConfig: Setting CVar [[r.SSS.HalfRes:0]]
[2021.10.13-13.39.56:752][  0]LogConfig: Setting CVar [[r.SSGI.Quality:3]]
[2021.10.13-13.39.56:752][  0]LogConfig: Setting CVar [[r.EmitterSpawnRateScale:1.0]]
[2021.10.13-13.39.56:752][  0]LogConfig: Setting CVar [[r.ParticleLightQuality:2]]
[2021.10.13-13.39.56:752][  0]LogConfig: Setting CVar [[r.SkyAtmosphere.AerialPerspectiveLUT.FastApplyOnOpaque:1 ; Always have FastSkyLUT 1 in this case to avoid wrong sky]]
[2021.10.13-13.39.56:752][  0]LogConfig: Setting CVar [[r.SkyAtmosphere.AerialPerspectiveLUT.SampleCountMaxPerSlice:4]]
[2021.10.13-13.39.56:752][  0]LogConfig: Setting CVar [[r.SkyAtmosphere.AerialPerspectiveLUT.DepthResolution:16.0]]
[2021.10.13-13.39.56:752][  0]LogConfig: Setting CVar [[r.SkyAtmosphere.FastSkyLUT:1]]
[2021.10.13-13.39.56:752][  0]LogConfig: Setting CVar [[r.SkyAtmosphere.FastSkyLUT.SampleCountMin:4.0]]
[2021.10.13-13.39.56:752][  0]LogConfig: Setting CVar [[r.SkyAtmosphere.FastSkyLUT.SampleCountMax:128.0]]
[2021.10.13-13.39.56:753][  0]LogConfig: Setting CVar [[r.SkyAtmosphere.SampleCountMin:4.0]]
[2021.10.13-13.39.56:753][  0]LogConfig: Setting CVar [[r.SkyAtmosphere.SampleCountMax:128.0]]
[2021.10.13-13.39.56:753][  0]LogConfig: Setting CVar [[r.SkyAtmosphere.TransmittanceLUT.UseSmallFormat:0]]
[2021.10.13-13.39.56:753][  0]LogConfig: Setting CVar [[r.SkyAtmosphere.TransmittanceLUT.SampleCount:10.0]]
[2021.10.13-13.39.56:753][  0]LogConfig: Setting CVar [[r.SkyAtmosphere.MultiScatteringLUT.SampleCount:15.0]]
[2021.10.13-13.39.56:753][  0]LogConfig: Setting CVar [[r.SkyLight.RealTimeReflectionCapture:1]]
[2021.10.13-13.39.56:753][  0]LogConfig: Applying CVar settings from Section [FoliageQuality@3] File [D:/Projets Dev/Unreal Engine/GTech 4/Food_Looter_GC/Food_Looter_GC/Saved/Config/Windows/Scalability.ini]
[2021.10.13-13.39.56:753][  0]LogConfig: Setting CVar [[foliage.DensityScale:1.0]]
[2021.10.13-13.39.56:753][  0]LogConfig: Setting CVar [[grass.DensityScale:1.0]]
[2021.10.13-13.39.56:753][  0]LogConfig: Applying CVar settings from Section [ShadingQuality@3] File [D:/Projets Dev/Unreal Engine/GTech 4/Food_Looter_GC/Food_Looter_GC/Saved/Config/Windows/Scalability.ini]
[2021.10.13-13.39.56:753][  0]LogConfig: Setting CVar [[r.HairStrands.SkyLighting.IntegrationType:2]]
[2021.10.13-13.39.56:753][  0]LogConfig: Setting CVar [[r.HairStrands.SkyAO.SampleCount:4]]
[2021.10.13-13.39.56:753][  0]LogConfig: Setting CVar [[r.HairStrands.Visibility.MSAA.SamplePerPixel:4]]
[2021.10.13-13.39.56:753][  0]LogConfig: Applying CVar settings from Section [Startup] File [../../../Engine/Config/ConsoleVariables.ini]
[2021.10.13-13.39.56:754][  0]LogConfig: Setting CVar [[net.UseAdaptiveNetUpdateFrequency:0]]
[2021.10.13-13.39.56:754][  0]LogConfig: Setting CVar [[p.chaos.AllowCreatePhysxBodies:1]]
[2021.10.13-13.39.56:754][  0]LogConfig: Setting CVar [[fx.SkipVectorVMBackendOptimizations:1]]
[2021.10.13-13.39.56:754][  0]LogConfig: Applying CVar settings from Section [ConsoleVariables] File [D:/Projets Dev/Unreal Engine/GTech 4/Food_Looter_GC/Food_Looter_GC/Saved/Config/Windows/Engine.ini]
[2021.10.13-13.39.56:754][  0]LogConfig: Applying CVar settings from Section [ConsoleVariables] File [D:/Projets Dev/Unreal Engine/GTech 4/Food_Looter_GC/Food_Looter_GC/Saved/Config/Windows/Editor.ini]
[2021.10.13-13.39.56:754][  0]LogInit: Computer: LENOVO-ANTONIN
[2021.10.13-13.39.56:754][  0]LogInit: User: 33781
[2021.10.13-13.39.56:754][  0]LogInit: CPU Page size=4096, Cores=4
[2021.10.13-13.39.56:754][  0]LogInit: High frequency timer resolution =10.000000 MHz
[2021.10.13-13.39.56:754][  0]LogMemory: Memory total: Physical=15.9GB (16GB approx)
[2021.10.13-13.39.56:754][  0]LogMemory: Platform Memory Stats for Windows
[2021.10.13-13.39.56:755][  0]LogMemory: Process Physical Memory: 148.84 MB used, 148.84 MB peak
[2021.10.13-13.39.56:755][  0]LogMemory: Process Virtual Memory: 116.86 MB used, 116.86 MB peak
[2021.10.13-13.39.56:755][  0]LogMemory: Physical Memory: 9224.36 MB used,  7079.88 MB free, 16304.24 MB total
[2021.10.13-13.39.56:755][  0]LogMemory: Virtual Memory: 134208736.00 MB used,  8989.92 MB free, 134217728.00 MB total
[2021.10.13-13.39.56:771][  0]LogWindows: WindowsPlatformFeatures enabled
[2021.10.13-13.39.57:022][  0]LogInit: Physics initialised using underlying interface: PhysX
[2021.10.13-13.39.57:024][  0]LogInit: Using OS detected language (fr-FR).
[2021.10.13-13.39.57:024][  0]LogInit: Using OS detected locale (fr-FR).
[2021.10.13-13.39.57:028][  0]LogTextLocalizationManager: No specific localization for 'fr-FR' exists, so the 'fr' localization will be used.
[2021.10.13-13.39.57:028][  0]LogTextLocalizationResource: LocRes '../../../Engine/Content/Localization/Editor/fr/Editor.locres' could not be opened for reading!
[2021.10.13-13.39.57:028][  0]LogTextLocalizationResource: LocRes '../../../Engine/Content/Localization/EditorTutorials/fr/EditorTutorials.locres' could not be opened for reading!
[2021.10.13-13.39.57:029][  0]LogTextLocalizationResource: LocRes '../../../Engine/Content/Localization/Keywords/fr/Keywords.locres' could not be opened for reading!
[2021.10.13-13.39.57:029][  0]LogTextLocalizationResource: LocRes '../../../Engine/Content/Localization/Category/fr/Category.locres' could not be opened for reading!
[2021.10.13-13.39.57:029][  0]LogTextLocalizationResource: LocRes '../../../Engine/Content/Localization/ToolTips/fr/ToolTips.locres' could not be opened for reading!
[2021.10.13-13.39.57:029][  0]LogTextLocalizationResource: LocRes '../../../Engine/Content/Localization/PropertyNames/fr/PropertyNames.locres' could not be opened for reading!
[2021.10.13-13.39.57:029][  0]LogTextLocalizationResource: LocRes '../../../Engine/Content/Localization/Engine/fr/Engine.locres' could not be opened for reading!
[2021.10.13-13.39.57:131][  0]LogInit: Setting process to per monitor DPI aware
[2021.10.13-13.39.57:180][  0]LogWindowsTextInputMethodSystem: Display: IME system deactivated.
[2021.10.13-13.39.57:207][  0]LogSlate: New Slate User Created.  User Index 0, Is Virtual User: 0
[2021.10.13-13.39.57:207][  0]LogSlate: Slate User Registered.  User Index 0, Is Virtual User: 0
[2021.10.13-13.39.57:640][  0]LogD3D11RHI: Loaded GFSDK_Aftermath_Lib.x64.dll
[2021.10.13-13.39.57:697][  0]LogHMD: Optional extension XR_VARJO_quad_views is not available
[2021.10.13-13.39.57:698][  0]LogHMD: Warning: Required extension XR_EXT_eye_gaze_interaction is not available
[2021.10.13-13.39.57:698][  0]LogHMD: Could not enable all required OpenXR extensions for OpenXREyeTracker on current system. This plugin will be loaded but ignored, but will be enabled on a target platform that supports the required extension.
[2021.10.13-13.39.58:200][  0]LogHMD: Failed to get an OpenXR system, result is XR_ERROR_FORM_FACTOR_UNAVAILABLE. Please check that your runtime supports VR headsets.
[2021.10.13-13.39.58:200][  0]LogD3D11RHI: D3D11 min allowed feature level: 11_0
[2021.10.13-13.39.58:200][  0]LogD3D11RHI: D3D11 max allowed feature level: 11_0
[2021.10.13-13.39.58:200][  0]LogD3D11RHI: D3D11 adapters:
[2021.10.13-13.39.58:375][  0]LogD3D11RHI:    0. 'NVIDIA GeForce GTX 1660 Ti' (Feature Level 11_0)
[2021.10.13-13.39.58:375][  0]LogD3D11RHI:       5991/0/8152 MB DedicatedVideo/DedicatedSystem/SharedSystem, Outputs:1, VendorId:0x10de
[2021.10.13-13.39.58:384][  0]LogD3D11RHI:    1. 'Microsoft Basic Render Driver' (Feature Level 11_0)
[2021.10.13-13.39.58:384][  0]LogD3D11RHI:       0/0/8152 MB DedicatedVideo/DedicatedSystem/SharedSystem, Outputs:0, VendorId:0x1414
[2021.10.13-13.39.58:384][  0]LogD3D11RHI: Chosen D3D11 Adapter: 0
[2021.10.13-13.39.58:393][  0]LogD3D11RHI: Creating new Direct3DDevice
[2021.10.13-13.39.58:393][  0]LogD3D11RHI:     GPU DeviceId: 0x2191 (for the marketing name, search the web for "GPU Device Id")
[2021.10.13-13.39.58:393][  0]LogWindows: EnumDisplayDevices:
[2021.10.13-13.39.58:393][  0]LogWindows:    0. 'NVIDIA GeForce GTX 1660 Ti' (P:1 D:1)
[2021.10.13-13.39.58:394][  0]LogWindows:    1. 'NVIDIA GeForce GTX 1660 Ti' (P:0 D:0)
[2021.10.13-13.39.58:394][  0]LogWindows:    2. 'NVIDIA GeForce GTX 1660 Ti' (P:0 D:0)
[2021.10.13-13.39.58:394][  0]LogWindows:    3. 'NVIDIA GeForce GTX 1660 Ti' (P:0 D:0)
[2021.10.13-13.39.58:395][  0]LogWindows: DebugString: FoundDriverCount:4 
[2021.10.13-13.39.58:395][  0]LogD3D11RHI:     Adapter Name: NVIDIA GeForce GTX 1660 Ti
[2021.10.13-13.39.58:395][  0]LogD3D11RHI:   Driver Version: 472.12 (internal:30.0.14.7212, unified:472.12)
[2021.10.13-13.39.58:395][  0]LogD3D11RHI:      Driver Date: 9-13-2021
[2021.10.13-13.39.58:396][  0]LogRHI: Texture pool is 4193 MB (70% of 5991 MB)
[2021.10.13-13.39.58:522][  0]LogD3D11RHI: RHI has support for 64 bit atomics
[2021.10.13-13.39.58:522][  0]LogD3D11RHI: Async texture creation enabled
[2021.10.13-13.39.58:522][  0]LogD3D11RHI: Array index from any shader is supported
[2021.10.13-13.39.58:538][  0]LogD3D11RHI: GPU Timing Frequency: 1000.000000 (Debug: 2 1)
[2021.10.13-13.39.58:591][  0]LogRHI: GeForceNow SDK initialized: 1
[2021.10.13-13.39.59:028][  0]LogTargetPlatformManager: Display: Loaded TargetPlatform 'AllDesktop'
[2021.10.13-13.39.59:111][  0]LogTargetPlatformManager: Display: Loaded TargetPlatform 'Android'
[2021.10.13-13.39.59:111][  0]LogTargetPlatformManager: Display: Loaded TargetPlatform 'Android_ASTC'
[2021.10.13-13.39.59:111][  0]LogTargetPlatformManager: Display: Loaded TargetPlatform 'Android_DXT'
[2021.10.13-13.39.59:111][  0]LogTargetPlatformManager: Display: Loaded TargetPlatform 'Android_ETC2'
[2021.10.13-13.39.59:111][  0]LogTargetPlatformManager: Display: Loaded TargetPlatform 'AndroidClient'
[2021.10.13-13.39.59:111][  0]LogTargetPlatformManager: Display: Loaded TargetPlatform 'Android_ASTCClient'
[2021.10.13-13.39.59:111][  0]LogTargetPlatformManager: Display: Loaded TargetPlatform 'Android_DXTClient'
[2021.10.13-13.39.59:111][  0]LogTargetPlatformManager: Display: Loaded TargetPlatform 'Android_ETC2Client'
[2021.10.13-13.39.59:111][  0]LogTargetPlatformManager: Display: Loaded TargetPlatform 'Android_Multi'
[2021.10.13-13.39.59:112][  0]LogTargetPlatformManager: Display: Loaded TargetPlatform 'Android_MultiClient'
[2021.10.13-13.39.59:186][  0]LogTargetPlatformManager: Display: Loaded TargetPlatform 'IOSClient'
[2021.10.13-13.39.59:186][  0]LogTargetPlatformManager: Display: Loaded TargetPlatform 'IOS'
[2021.10.13-13.39.59:363][  0]LogTargetPlatformManager: Display: Loaded TargetPlatform 'Linux'
[2021.10.13-13.39.59:391][  0]LogTargetPlatformManager: Display: Loaded TargetPlatform 'LinuxNoEditor'
[2021.10.13-13.39.59:402][  0]LogTargetPlatformManager: Display: Loaded TargetPlatform 'LinuxClient'
[2021.10.13-13.39.59:412][  0]LogTargetPlatformManager: Display: Loaded TargetPlatform 'LinuxServer'
[2021.10.13-13.39.59:429][  0]LogTargetPlatformManager: Display: Loaded TargetPlatform 'LinuxAArch64NoEditor'
[2021.10.13-13.39.59:440][  0]LogTargetPlatformManager: Display: Loaded TargetPlatform 'LinuxAArch64Client'
[2021.10.13-13.39.59:451][  0]LogTargetPlatformManager: Display: Loaded TargetPlatform 'LinuxAArch64Server'
[2021.10.13-13.39.59:513][  0]LogTargetPlatformManager: Display: Loaded TargetPlatform 'Lumin'
[2021.10.13-13.39.59:513][  0]LogTargetPlatformManager: Display: Loaded TargetPlatform 'LuminClient'
[2021.10.13-13.39.59:750][  0]LogTargetPlatformManager: Display: Loaded TargetPlatform 'MacNoEditor'
[2021.10.13-13.39.59:760][  0]LogTargetPlatformManager: Display: Loaded TargetPlatform 'Mac'
[2021.10.13-13.39.59:769][  0]LogTargetPlatformManager: Display: Loaded TargetPlatform 'MacClient'
[2021.10.13-13.39.59:778][  0]LogTargetPlatformManager: Display: Loaded TargetPlatform 'MacServer'
[2021.10.13-13.39.59:795][  0]LogTargetPlatformManager: Display: Loaded TargetPlatform 'TVOSClient'
[2021.10.13-13.39.59:795][  0]LogTargetPlatformManager: Display: Loaded TargetPlatform 'TVOS'
[2021.10.13-13.39.59:812][  0]LogTargetPlatformManager: Display: Loaded TargetPlatform 'WindowsNoEditor'
[2021.10.13-13.39.59:821][  0]LogTargetPlatformManager: Display: Loaded TargetPlatform 'Windows'
[2021.10.13-13.39.59:831][  0]LogTargetPlatformManager: Display: Loaded TargetPlatform 'WindowsClient'
[2021.10.13-13.39.59:840][  0]LogTargetPlatformManager: Display: Loaded TargetPlatform 'WindowsServer'
[2021.10.13-13.39.59:840][  0]LogTargetPlatformManager: Display: Building Assets For Windows
[2021.10.13-13.39.59:986][  0]LogAudioDebug: Display: Lib vorbis DLL was dynamically loaded.
[2021.10.13-13.40.00:399][  0]LogTextureFormatOodle: Display: Oodle Texture 2.9.0 init RDO Off
[2021.10.13-13.40.00:499][  0]LogRendererCore: Ray tracing is disabled. Reason: r.RayTracing=0.
[2021.10.13-13.40.00:499][  0]LogShaderCompilers: Guid format shader working directory is -33 characters bigger than the processId version (../../../../../Projets Dev/Unreal Engine/GTech 4/Food_Looter_GC/Food_Looter_GC/Intermediate/Shaders/WorkingDirectory/17832/).
[2021.10.13-13.40.00:499][  0]LogShaderCompilers: Cleaned the shader compiler working directory 'C:/Users/33781/AppData/Local/Temp/UnrealShaderWorkingDir/65FAD55D4EF5DF22CE6F529F486F8C32/'.
[2021.10.13-13.40.00:500][  0]LogXGEController: Cannot use XGE Controller as Incredibuild is not installed on this machine.
[2021.10.13-13.40.00:500][  0]LogShaderCompilers: Cannot use XGE Shader Compiler as Incredibuild is not installed on this machine.
[2021.10.13-13.40.00:500][  0]LogShaderCompilers: Display: Using Local Shader Compiler.
[2021.10.13-13.40.02:294][  0]LogDerivedDataCache: Display: Max Cache Size: 512 MB
[2021.10.13-13.40.02:350][  0]LogDerivedDataCache: Loaded boot cache 0.06s 95MB C:/Users/33781/AppData/Local/UnrealEngine/4.27/DerivedDataCache/Boot.ddc.
[2021.10.13-13.40.02:350][  0]LogDerivedDataCache: Display: Loaded Boot cache: C:/Users/33781/AppData/Local/UnrealEngine/4.27/DerivedDataCache/Boot.ddc
[2021.10.13-13.40.02:350][  0]LogDerivedDataCache: FDerivedDataBackendGraph:  Pak pak cache file ../../../../../Projets Dev/Unreal Engine/GTech 4/Food_Looter_GC/Food_Looter_GC/DerivedDataCache/DDC.ddp not found, will not use a pak cache.
[2021.10.13-13.40.02:350][  0]LogDerivedDataCache: Unable to find inner node Pak for hierarchical cache Hierarchy.
[2021.10.13-13.40.02:350][  0]LogDerivedDataCache: FDerivedDataBackendGraph:  CompressedPak pak cache file ../../../../../Projets Dev/Unreal Engine/GTech 4/Food_Looter_GC/Food_Looter_GC/DerivedDataCache/Compressed.ddp not found, will not use a pak cache.
[2021.10.13-13.40.02:350][  0]LogDerivedDataCache: Unable to find inner node CompressedPak for hierarchical cache Hierarchy.
[2021.10.13-13.40.02:367][  0]LogDerivedDataCache: Display: Pak cache opened for reading ../../../Engine/DerivedDataCache/Compressed.ddp.
[2021.10.13-13.40.02:367][  0]LogDerivedDataCache: FDerivedDataBackendGraph:  EnterprisePak pak cache file ../../../Enterprise/DerivedDataCache/Compressed.ddp not found, will not use a pak cache.
[2021.10.13-13.40.02:367][  0]LogDerivedDataCache: Unable to find inner node EnterprisePak for hierarchical cache Hierarchy.
[2021.10.13-13.40.02:385][  0]LogDerivedDataCache: Speed tests for C:/Users/33781/AppData/Local/UnrealEngine/Common/DerivedDataCache took 0.02 seconds
[2021.10.13-13.40.02:386][  0]LogDerivedDataCache: Display: Performance to C:/Users/33781/AppData/Local/UnrealEngine/Common/DerivedDataCache: Latency=0.03ms. RandomReadSpeed=235.82MBs, RandomWriteSpeed=68.47MBs. Assigned SpeedClass 'Local'
[2021.10.13-13.40.02:387][  0]LogDerivedDataCache: Using Local data cache path C:/Users/33781/AppData/Local/UnrealEngine/Common/DerivedDataCache: Writable
[2021.10.13-13.40.02:388][  0]LogDerivedDataCache: Shared data cache path not found in *engine.ini, will not use an Shared cache.
[2021.10.13-13.40.02:388][  0]LogDerivedDataCache: Unable to find inner node Shared for hierarchical cache Hierarchy.
[2021.10.13-13.40.02:440][  0]LogSlate: Using FreeType 2.10.0
[2021.10.13-13.40.02:442][  0]LogSlate: SlateFontServices - WITH_FREETYPE: 1, WITH_HARFBUZZ: 1
[2021.10.13-13.40.02:943][  0]LogHMD: Failed to get an OpenXR system, result is XR_ERROR_FORM_FACTOR_UNAVAILABLE. Please check that your runtime supports VR headsets.
[2021.10.13-13.40.03:395][  0]LogAssetRegistry: FAssetRegistry took 0.0060 seconds to start up
[2021.10.13-13.40.03:692][  0]LogInit: Selected Device Profile: [Windows]
[2021.10.13-13.40.03:692][  0]LogInit: Active device profile: [0000019B416D5300][0000019B3958D380 49] Windows
[2021.10.13-13.40.03:692][  0]LogInit: Profiles: [0000019B416D5300][0000019B3958D380 49] Windows, [0000019B4168AC00][0000019B400B5500 49] WindowsNoEditor, [0000019B416D6500][0000019B400B9680 49] WindowsServer, [0000019B4168BA00][0000019B400BD800 49] WindowsClient, [0000019B416D7200][0000019B395F7980 49] IOS, [0000019B41689300][0000019B395FBB00 49] iPadAir, [0000019B416D6900][0000019B395FE100 49] iPadAir2, [0000019B41639C00][0000019B396063C0 49] IPadPro, [0000019B41639D00][0000019B39602400 49] iPadAir3, [0000019B41689800][0000019B39262580 49] iPadAir4, [0000019B4163AC00][0000019B39266700 49] iPadMini2, [0000019B41689A00][0000019B3926A880 49] iPadMini3, [0000019B41638B00][0000019B400B09C0 49] iPadMini4, [0000019B41689700][0000019B3926EB00 49] iPadMini5, [0000019B41651300][0000019B39460D40 49] iPhone6, [0000019B41651400][0000019B39272D80 49] iPodTouch6, [0000019B416D5600][0000019B3946D040 49] iPhone7, [0000019B416D6B00][0000019B39469080 49] iPodTouch7, [0000019B4163BB00][0000019B39471200 49] iPhone5S, [0000019B416D5800][0000019B4139D380 49] iPhone6Plus, [0000019B4163B000][0000019B413A1500 49] iPhone6S, [0000019B416D7B00][0000019B413A5680 49] iPhone6SPlus, [0000019B41639500][0000019B413A9800 49] iPhone7Plus, [0000019B416D4100][0000019B413AD980 49] iPhoneSE, [0000019B416D4B00][0000019B413B1B00 49] iPhone8, [0000019B41650800][0000019B413B4100 49] iPhone8Plus, [0000019B416D5400][0000019B413B8280 49] iPhoneX, [0000019B41650F00][0000019B413BC400 49] iPhoneXS, [0000019B416D7700][0000019B413C0580 49] iPhoneXSMax, [0000019B41653100][0000019B413C4700 49] iPhoneXR, [0000019B416D7800][0000019B413C8880 49] iPhone11, [0000019B41653D00][0000019B413CCA00 49] iPhone11Pro, [0000019B4163A700][0000019B39464B40 49] iPhone11ProMax, [0000019B41650600][0000019B413D0C80 49] iPhoneSE2, [0000019B4163A100][0000019B413D4DC0 49] iPhone12Mini, [0000019B41653800][0000019B413D8F00 49] iPhone12, [0000019B41639A00][0000019B413E1080 49] iPhone12Pro, [0000019B41651E00][0000019B413E5200 49] iPhone12ProMax, [0000019B4163BF00][0000019B413E9380 49] iPadPro105, [0000019B41653400][0000019B413ED500 49] iPadPro129, [0000019B4163B700][0000019B413F1680 49] iPadPro97, [0000019B41652200][0000019B413F5800 49] iPadPro2_129, [0000019B41639600][0000019B413F9980 49] iPad5, [0000019B41650C00][0000019B413FDB00 49] iPad6, [0000019B4163A500][0000019B41400100 49] iPad7, [0000019B41652B00][0000019B41404280 49] iPad8, [0000019B41639300][0000019B41408400 49] iPadPro11, [0000019B41653E00][0000019B4140C580 49] iPadPro2_11, [0000019B4163A000][0000019B41410700 49] iPadPro3_129, [0000019B41650100][0000019B41414880 49] iPadPro4_129, [0000019B41638F00][0000019B41418A00 49] AppleTV, [0000019B41653B00][0000019B4141CB80 49] AppleTV4K, [0000019B41639800][0000019B41428D00 49] TVOS, [0000019B41650400][0000019B413DCE40 49] Mac, [0000019B4163B400][0000019B25A78F80 49] MacClient, [0000019B41652800][0000019B25A7D0C0 49] MacNoEditor, [0000019B4163AD00][0000019B25A89240 49] MacServer, [0000019B41651900][0000019B400933C0 49] Linux, [0000019B4163B200][0000019B40097540 49] LinuxAArch64, [0000019B41652000][0000019B3FF4D6C0 49] LinuxNoEditor, [0000019B4163A800][0000019B4009B840 49] LinuxAArch64NoEditor, [0000019B41650A00][0000019B414CD9C0 49] LinuxClient, [0000019B41638500][0000019B39425B40 49] LinuxAArch64Client, [0000019B41652100][0000019B39250140 49] LinuxServer, [0000019B4163B100][0000019B392542C0 49] LinuxAArch64Server, [0000019B41652E00][0000019B39258440 49] Android, [0000019B4163B500][0000019B3925C5C0 49] Android_Low, [0000019B41650900][0000019B39458740 49] Android_Mid, [0000019B4163BA00][0000019B3945C8C0 49] Android_High, [0000019B41651700][0000019B42BFAA40 49] Android_Default, [0000019B41638300][0000019B42C0ABC0 49] Android_Adreno4xx, [0000019B41650E00][0000019B42C3ED40 49] Android_Adreno5xx_Low, [0000019B41638E00][0000019B42C4EEC0 49] Android_Adreno5xx, [0000019B41653300][0000019B25A85000 49] Android_Adreno6xx, [0000019B4163A600][0000019B42C53140 49] Android_Adreno6xx_Vulkan, [0000019B41652400][0000019B42C61280 49] Android_Mali_T6xx, [0000019B4163BE00][0000019B42C653C0 49] Android_Mali_T7xx, [0000019B41650500][0000019B42C6D540 49] Android_Mali_T8xx, [0000019B4163B300][0000019B392036C0 49] Android_Mali_G71, [0000019B41653600][0000019B42CE1840 49] Android_Mali_G72, [0000019B41639B00][0000019B42CE59C0 49] Android_Mali_G72_Vulkan, [0000019B41652C00][0000019B3921BB40 49] Android_Mali_G76, [0000019B4163AF00][0000019B3921E140 49] Android_Mali_G76_Vulkan, [0000019B416D4300][0000019B392222C0 49] Android_Mali_G77, [0000019B4168B300][0000019B3922A440 49] Android_Mali_G77_Vulkan, [0000019B416D6A00][0000019B3922E5C0 49] Android_Mali_G78, [0000019B4168BF00][0000019B39232740 49] Android_Mali_G78_Vulkan, [0000019B416D4900][0000019B392368C0 49] Android_Mali_G710, [0000019B4168AA00][0000019B3923AA40 49] Android_Mali_G710_Vulkan, [0000019B416D7300][0000019B39226BC0 49] Android_Vulkan_SM5, [0000019B41689400][0000019B425F8D40 49] Android_PowerVR_G6xxx, [0000019B416D4600][0000019B3924AEC0 49] Android_PowerVR_GT7xxx, [0000019B4168B500][0000019B42BC1040 49] Android_PowerVR_GE8xxx, [0000019B416D6000][0000019B42C69180 49] Android_PowerVR_GM9xxx, [0000019B4168AD00][0000019B3FF552C0 49] Android_PowerVR_GM9xxx_Vulkan, [0000019B416D7600][0000019B42BC5400 49] Android_TegraK1, [0000019B41689000][0000019B42BC9540 49] Android_Unknown_Vulkan, [0000019B416D6100][0000019B42BD16C0 49] Lumin, [0000019B41689600][0000019B42BD5840 49] Lumin_Desktop, [0000019B416D5D00][0000019B42BD99C0 49] HoloLens, 
[2021.10.13-13.40.03:821][  0]LogMeshReduction: Using QuadricMeshReduction for automatic static mesh reduction
[2021.10.13-13.40.03:821][  0]LogMeshReduction: Using SimplygonMeshReduction for automatic skeletal mesh reduction
[2021.10.13-13.40.03:821][  0]LogMeshReduction: Using ProxyLODMeshReduction for automatic mesh merging
[2021.10.13-13.40.03:821][  0]LogMeshReduction: No distributed automatic mesh merging module available
[2021.10.13-13.40.03:821][  0]LogMeshMerging: No distributed automatic mesh merging module available
[2021.10.13-13.40.03:942][  0]LogNetVersion: Food_Looter_GC 1.0.0, NetCL: 17155196, EngineNetVer: 17, GameNetVer: 0 (Checksum: 1521944047)
[2021.10.13-13.40.06:052][  0]LogTexture: Default maximum texture size for cubemaps generated from long-lat sources has been changed from 512 to unlimited. In order to preserve old behaiour for '/Engine/MapTemplates/Sky/DaylightAmbientCubemap.DaylightAmbientCubemap', its maximum texture size has been explicitly set to 512.
[2021.10.13-13.40.06:135][  0]LogHMD: PokeAHoleMaterial loaded successfully
[2021.10.13-13.40.06:140][  0]LogUObjectArray: 17075 objects as part of root set at end of initial load.
[2021.10.13-13.40.06:140][  0]LogUObjectAllocator: 4275600 out of 0 bytes used by permanent object pool.
[2021.10.13-13.40.06:141][  0]LogUObjectArray: CloseDisregardForGC: 0/0 objects in disregard for GC pool
[2021.10.13-13.40.07:079][  0]LogPython: Using Python 3.7.7
[2021.10.13-13.40.07:705][  0]LogNiagaraDebuggerClient: Niagara Debugger Client Initialized | Session: 1FF43F3D4852114BADB6BD8E0611C5A7 | Instance: A9E0B2A245C63C00616360A0822533E5 (LENOVO-ANTONIN-17832).
[2021.10.13-13.40.08:033][  0]LogStreaming: Warning: Failed to read file '../../../Engine/Content/Editor/Slate/Niagara/MenuSeparator.png' error.
[2021.10.13-13.40.08:033][  0]LogSlate: Could not find file for Slate resource: ../../../Engine/Content/Editor/Slate/Niagara/MenuSeparator.png
[2021.10.13-13.40.08:033][  0]LogStreaming: Warning: Failed to read file '../../../Engine/Content/Editor/Slate/Niagara/Common/Selector.png' error.
[2021.10.13-13.40.08:033][  0]LogSlate: Could not find file for Slate resource: ../../../Engine/Content/Editor/Slate/Niagara/Common/Selector.png
[2021.10.13-13.40.08:033][  0]LogStreaming: Warning: Failed to read file '../../../Engine/Content/Editor/Slate/Niagara/Common/Selection.png' error.
[2021.10.13-13.40.08:033][  0]LogSlate: Could not find file for Slate resource: ../../../Engine/Content/Editor/Slate/Niagara/Common/Selection.png
[2021.10.13-13.40.08:033][  0]LogStreaming: Warning: Failed to read file '../../../Engine/Content/Editor/Slate/Niagara/Common/DropZoneIndicator_Above.png' error.
[2021.10.13-13.40.08:033][  0]LogSlate: Could not find file for Slate resource: ../../../Engine/Content/Editor/Slate/Niagara/Common/DropZoneIndicator_Above.png
[2021.10.13-13.40.08:033][  0]LogStreaming: Warning: Failed to read file '../../../Engine/Content/Editor/Slate/Niagara/Common/DropZoneIndicator_Onto.png' error.
[2021.10.13-13.40.08:033][  0]LogSlate: Could not find file for Slate resource: ../../../Engine/Content/Editor/Slate/Niagara/Common/DropZoneIndicator_Onto.png
[2021.10.13-13.40.08:033][  0]LogStreaming: Warning: Failed to read file '../../../Engine/Content/Editor/Slate/Niagara/Common/DropZoneIndicator_Below.png' error.
[2021.10.13-13.40.08:034][  0]LogSlate: Could not find file for Slate resource: ../../../Engine/Content/Editor/Slate/Niagara/Common/DropZoneIndicator_Below.png
[2021.10.13-13.40.08:034][  0]LogStreaming: Warning: Failed to read file '../../../Engine/Content/Editor/Slate/Niagara/Common/RoundedSelection_16x.png' error.
[2021.10.13-13.40.08:034][  0]LogSlate: Could not find file for Slate resource: ../../../Engine/Content/Editor/Slate/Niagara/Common/RoundedSelection_16x.png
[2021.10.13-13.40.08:034][  0]LogStreaming: Warning: Failed to read file '../../../Engine/Content/Editor/Slate/Niagara/Common/FlatButton.png' error.
[2021.10.13-13.40.08:034][  0]LogSlate: Could not find file for Slate resource: ../../../Engine/Content/Editor/Slate/Niagara/Common/FlatButton.png
[2021.10.13-13.40.08:034][  0]LogImageWrapper: Warning: PNG Warning: Duplicate iCCP chunk
[2021.10.13-13.40.08:034][  0]LogImageWrapper: Warning: PNG Warning: Duplicate iCCP chunk
[2021.10.13-13.40.08:034][  0]LogTcpMessaging: Initializing TcpMessaging bridge
[2021.10.13-13.40.08:044][  0]LogUdpMessaging: Initializing bridge on interface 0.0.0.0:0 to multicast group 230.0.0.1:6666.
[2021.10.13-13.40.08:209][  0]LogLinker: Warning: Failed to load '/Game/ThirdPersonBP/ThirdPersonOverview': Can't find file.
[2021.10.13-13.40.08:209][  0]LogLinker: Warning: Failed to load '/Game/ThirdPersonBP/ThirdPersonOverview': Can't find file.
[2021.10.13-13.40.08:210][  0]LogUObjectGlobals: Warning: Failed to find object 'Class /Game/ThirdPersonBP/ThirdPersonOverview.ThirdPersonOverview_C'
[2021.10.13-13.40.08:417][  0]SourceControl: Source control is disabled
[2021.10.13-13.40.08:417][  0]SourceControl: Source control is disabled
[2021.10.13-13.40.08:425][  0]SourceControl: Source control is disabled
[2021.10.13-13.40.08:433][  0]SourceControl: Source control is disabled
[2021.10.13-13.40.08:456][  0]SourceControl: Source control is disabled
[2021.10.13-13.40.08:470][  0]LogUProjectInfo: Found projects:
[2021.10.13-13.40.08:931][  0]LogOpenImageDenoise: OIDN starting up
[2021.10.13-13.40.09:037][  0]LogAndroidPermission: UAndroidPermissionCallbackProxy::GetInstance
[2021.10.13-13.40.09:201][  0]LogAudioCaptureCore: Display: No Audio Capture implementations found. Audio input will be silent.
[2021.10.13-13.40.09:201][  0]LogAudioCaptureCore: Display: No Audio Capture implementations found. Audio input will be silent.
[2021.10.13-13.40.09:439][  0]LogCollectionManager: Loaded 0 collections in 0.001751 seconds
[2021.10.13-13.40.09:489][  0]LogFileCache: Scanning file cache for directory 'D:/Projets Dev/Unreal Engine/GTech 4/Food_Looter_GC/Food_Looter_GC/Saved/Collections/' took 0.00s
[2021.10.13-13.40.09:489][  0]LogFileCache: Scanning file cache for directory 'D:/Projets Dev/Unreal Engine/GTech 4/Food_Looter_GC/Food_Looter_GC/Content/Developers/33781/Collections/' took 0.00s
[2021.10.13-13.40.09:489][  0]LogFileCache: Scanning file cache for directory 'D:/Projets Dev/Unreal Engine/GTech 4/Food_Looter_GC/Food_Looter_GC/Content/Collections/' took 0.00s
[2021.10.13-13.40.09:489][  0]LogOcInput: OculusInput pre-init called
[2021.10.13-13.40.09:855][  0]LogStreaming: Warning: Failed to read file '../../../Engine/Content/Editor/Slate/Niagara/MenuSeparator.png' error.
[2021.10.13-13.40.09:855][  0]LogSlate: Could not find file for Slate resource: ../../../Engine/Content/Editor/Slate/Niagara/MenuSeparator.png
[2021.10.13-13.40.09:855][  0]LogStreaming: Warning: Failed to read file '../../../Engine/Content/Editor/Slate/Niagara/Common/Selector.png' error.
[2021.10.13-13.40.09:855][  0]LogSlate: Could not find file for Slate resource: ../../../Engine/Content/Editor/Slate/Niagara/Common/Selector.png
[2021.10.13-13.40.09:855][  0]LogStreaming: Warning: Failed to read file '../../../Engine/Content/Editor/Slate/Niagara/Common/Selection.png' error.
[2021.10.13-13.40.09:856][  0]LogSlate: Could not find file for Slate resource: ../../../Engine/Content/Editor/Slate/Niagara/Common/Selection.png
[2021.10.13-13.40.09:856][  0]LogStreaming: Warning: Failed to read file '../../../Engine/Content/Editor/Slate/Niagara/Common/DropZoneIndicator_Onto.png' error.
[2021.10.13-13.40.09:856][  0]LogSlate: Could not find file for Slate resource: ../../../Engine/Content/Editor/Slate/Niagara/Common/DropZoneIndicator_Onto.png
[2021.10.13-13.40.09:856][  0]LogStreaming: Warning: Failed to read file '../../../Engine/Content/Editor/Slate/Niagara/Common/DropZoneIndicator_Above.png' error.
[2021.10.13-13.40.09:856][  0]LogSlate: Could not find file for Slate resource: ../../../Engine/Content/Editor/Slate/Niagara/Common/DropZoneIndicator_Above.png
[2021.10.13-13.40.09:856][  0]LogStreaming: Warning: Failed to read file '../../../Engine/Content/Editor/Slate/Niagara/Common/DropZoneIndicator_Below.png' error.
[2021.10.13-13.40.09:856][  0]LogSlate: Could not find file for Slate resource: ../../../Engine/Content/Editor/Slate/Niagara/Common/DropZoneIndicator_Below.png
[2021.10.13-13.40.09:856][  0]LogStreaming: Warning: Failed to read file '../../../Engine/Content/Editor/Slate/Niagara/Common/RoundedSelection_16x.png' error.
[2021.10.13-13.40.09:856][  0]LogSlate: Could not find file for Slate resource: ../../../Engine/Content/Editor/Slate/Niagara/Common/RoundedSelection_16x.png
[2021.10.13-13.40.09:856][  0]LogStreaming: Warning: Failed to read file '../../../Engine/Content/Editor/Slate/Niagara/Common/FlatButton.png' error.
[2021.10.13-13.40.09:856][  0]LogSlate: Could not find file for Slate resource: ../../../Engine/Content/Editor/Slate/Niagara/Common/FlatButton.png
[2021.10.13-13.40.09:856][  0]LogImageWrapper: Warning: PNG Warning: Duplicate iCCP chunk
[2021.10.13-13.40.09:856][  0]LogImageWrapper: Warning: PNG Warning: Duplicate iCCP chunk
[2021.10.13-13.40.09:857][  0]LogEngine: Initializing Engine...
[2021.10.13-13.40.10:358][  0]LogHMD: Failed to get an OpenXR system, result is XR_ERROR_FORM_FACTOR_UNAVAILABLE. Please check that your runtime supports VR headsets.
[2021.10.13-13.40.10:358][  0]LogMagicLeap: Warning: VR disabled because ZI is not enabled.  To enable, in the editor, Edit -> Project Settings -> Plugins -> Magic Leap Plugin -> Enable Zero Iteration
[2021.10.13-13.40.10:359][  0]LogStats: UGameplayTagsManager::InitializeManager -  0.000 s
[2021.10.13-13.40.10:533][  0]LogInit: Initializing FReadOnlyCVARCache
[2021.10.13-13.40.10:547][  0]LogAIModule: Creating AISystem for world Untitled
[2021.10.13-13.40.10:558][  0]LogAudio: Display: Initializing Audio Device Manager...
[2021.10.13-13.40.10:565][  0]LogAudio: Display: Loading Default Audio Settings Objects...
[2021.10.13-13.40.10:567][  0]LogAudio: Display: No default SoundConcurrencyObject specified (or failed to load).
[2021.10.13-13.40.10:567][  0]LogAudio: Display: Audio Device Manager Initialized
[2021.10.13-13.40.10:568][  0]LogAudio: Display: Creating Audio Device:                 Id: 1, Scope: Shared, Realtime: True
[2021.10.13-13.40.10:568][  0]LogAudioMixer: Display: Audio Mixer Platform Settings:
[2021.10.13-13.40.10:568][  0]LogAudioMixer: Display: 	Sample Rate:						  48000
[2021.10.13-13.40.10:568][  0]LogAudioMixer: Display: 	Callback Buffer Frame Size Requested: 1024
[2021.10.13-13.40.10:568][  0]LogAudioMixer: Display: 	Callback Buffer Frame Size To Use:	  1024
[2021.10.13-13.40.10:568][  0]LogAudioMixer: Display: 	Number of buffers to queue:			  2
[2021.10.13-13.40.10:568][  0]LogAudioMixer: Display: 	Max Channels (voices):				  32
[2021.10.13-13.40.10:568][  0]LogAudioMixer: Display: 	Number of Async Source Workers:		  0
[2021.10.13-13.40.10:568][  0]LogAudio: Display: AudioDevice MaxSources: 32
[2021.10.13-13.40.10:569][  0]LogAudio: Display: Audio Spatialization Plugin: None (built-in).
[2021.10.13-13.40.10:569][  0]LogAudio: Display: Audio Reverb Plugin: None (built-in).
[2021.10.13-13.40.10:569][  0]LogAudio: Display: Audio Occlusion Plugin: None (built-in).
[2021.10.13-13.40.10:569][  0]LogAudioMixer: Display: Initializing audio mixer.
[2021.10.13-13.40.10:616][  0]LogAudioMixer: Display: 0: FrontLeft
[2021.10.13-13.40.10:616][  0]LogAudioMixer: Display: 1: FrontRight
[2021.10.13-13.40.10:915][  0]LogAudioMixer: Display: Using Audio Device Haut-parleurs (Realtek(R) Audio)
[2021.10.13-13.40.10:917][  0]LogAudioMixer: Display: Initializing Sound Submixes...
[2021.10.13-13.40.10:925][  0]LogAudioMixer: Display: Creating Master Submix 'MasterSubmixDefault'
[2021.10.13-13.40.10:925][  0]LogAudioMixer: Display: Creating Master Submix 'MasterReverbSubmixDefault'
[2021.10.13-13.40.10:927][  0]LogAudioMixer: Display: Creating Master Submix 'MasterEQSubmixDefault'
[2021.10.13-13.40.10:927][  0]LogAudioMixer: FMixerPlatformXAudio2::StartAudioStream() called
[2021.10.13-13.40.10:927][  0]LogAudioMixer: Display: Output buffers initialized: Frames=1024, Channels=2, Samples=2048
[2021.10.13-13.40.10:931][  0]LogAudioMixer: Display: Starting AudioMixerPlatformInterface::RunInternal()
[2021.10.13-13.40.10:931][  0]LogAudioMixer: Display: FMixerPlatformXAudio2::SubmitBuffer() called for the first time
[2021.10.13-13.40.10:931][  0]LogInit: FAudioDevice initialized.
[2021.10.13-13.40.10:932][  0]LogAudio: Display: Audio Device (ID: 1) registered with world 'Untitled'.
[2021.10.13-13.40.10:932][  0]LogNetVersion: Set ProjectVersion to 1.0.0.0. Version Checksum will be recalculated on next use.
[2021.10.13-13.40.10:989][  0]LogDerivedDataCache: Saved boot cache 0.06s 95MB C:/Users/33781/AppData/Local/UnrealEngine/4.27/DerivedDataCache/Boot.ddc.
[2021.10.13-13.40.10:990][  0]LogInit: Texture streaming: Enabled
[2021.10.13-13.40.11:014][  0]LogAnalytics: Display: [UEEditor.Rocket.Release] APIServer = https://datarouter.ol.epicgames.com/. AppVersion = 4.27.0-17155196+++UE4+Release-4.27
[2021.10.13-13.40.11:028][  0]LogEngineSessionManager: EngineSessionManager initialized
[2021.10.13-13.40.11:029][  0]LogEngineSessionManager: EngineSessionManager sent abnormal shutdown report. Type=Debugger, SessionId={B6B14E11-4D7C-6CBD-2E74-25B119D5F4D5}
[2021.10.13-13.40.11:029][  0]LogEditorSessionSummary: Verbose: Initializing EditorSessionSummaryWriter for editor session tracking
[2021.10.13-13.40.11:042][  0]LogEditorSessionSummary: EditorSessionSummaryWriter initialized
[2021.10.13-13.40.11:090][  0]LogInit: Transaction tracking system initialized
[2021.10.13-13.40.11:138][  0]BlueprintLog: New page: Editor Load
[2021.10.13-13.40.11:268][  0]LocalizationService: Localization service is disabled
[2021.10.13-13.40.11:318][  0]TimingProfiler: Initialize
[2021.10.13-13.40.11:319][  0]TimingProfiler: OnSessionChanged
[2021.10.13-13.40.11:319][  0]LoadingProfiler: Initialize
[2021.10.13-13.40.11:319][  0]LoadingProfiler: OnSessionChanged
[2021.10.13-13.40.11:319][  0]NetworkingProfiler: Initialize
[2021.10.13-13.40.11:319][  0]NetworkingProfiler: OnSessionChanged
[2021.10.13-13.40.11:319][  0]MemoryProfiler: Initialize
[2021.10.13-13.40.11:319][  0]MemoryProfiler: OnSessionChanged
[2021.10.13-13.40.11:651][  0]LogCook: Display: CookSettings for Memory: MemoryMaxUsedVirtual 0MiB, MemoryMaxUsedPhysical 16384MiB, MemoryMinFreeVirtual 0MiB, MemoryMinFreePhysical 1024MiB
[2021.10.13-13.40.11:651][  0]LogCook: Display: Mobile HDR setting 1
[2021.10.13-13.40.12:483][  0]LogFileCache: Scanning file cache for directory 'D:/Projets Dev/Unreal Engine/GTech 4/Food_Looter_GC/Food_Looter_GC/Content/' took 0.01s
[2021.10.13-13.40.12:568][  0]LogInit: Display: Engine is initialized. Leaving FEngineLoop::Init()
[2021.10.13-13.40.12:580][  0]SourceControl: Source control is disabled
[2021.10.13-13.40.12:580][  0]LogUnrealEdMisc: Loading editor; pre map load, took 24.279
[2021.10.13-13.40.12:580][  0]Cmd: MAP LOAD FILE="../../../Engine/Content/Maps/Templates/Template_Default.umap" TEMPLATE=1 SHOWPROGRESS=1 FEATURELEVEL=3
[2021.10.13-13.40.12:581][  0]LightingResults: New page: Lighting Build
[2021.10.13-13.40.12:583][  0]LogWorld: UWorld::CleanupWorld for Untitled, bSessionEnded=true, bCleanupResources=true
[2021.10.13-13.40.12:583][  0]LogSlate: InvalidateAllWidgets triggered.  All widgets were invalidated
[2021.10.13-13.40.12:584][  0]MapCheck: New page: Map Check
[2021.10.13-13.40.12:584][  0]LightingResults: New page: Lighting Build
[2021.10.13-13.40.12:588][  0]LogAudio: Display: Audio Device unregistered from world 'None'.
[2021.10.13-13.40.12:592][  0]LogUObjectHash: Compacting FUObjectHashTables data took   0.79ms
[2021.10.13-13.40.12:663][  0]LogTexture: Display: Building textures: DeprecatedTextureEB9CBE3C423008B5E8E130901E171C89 (BGRA8, 128X128)
[2021.10.13-13.40.12:671][  0]LogAudio: Display: Audio Device (ID: 1) registered with world 'Untitled_1'.
[2021.10.13-13.40.12:672][  0]LogAIModule: Creating AISystem for world Untitled_1
[2021.10.13-13.40.12:684][  0]LogEditorServer: Finished looking for orphan Actors (0.000 secs)
[2021.10.13-13.40.12:691][  0]LogUObjectHash: Compacting FUObjectHashTables data took   1.25ms
[2021.10.13-13.40.12:692][  0]Cmd: MAP CHECKDEP NOCLEARLOG
[2021.10.13-13.40.12:692][  0]MapCheck: Map check complete: 0 Error(s), 0 Warning(s), took 0,177ms to complete.
[2021.10.13-13.40.12:692][  0]LogFileHelpers: Loading map 'Template_Default' took 0.112
[2021.10.13-13.40.12:695][  0]LogUnrealEdMisc: Total Editor Startup Time, took 24.394
[2021.10.13-13.40.12:863][  0]LogSlate: Updating window title bar state: overlay mode, drag disabled, window buttons hidden, title bar hidden
[2021.10.13-13.40.12:870][  0]LogSlate: Updating window title bar state: overlay mode, drag disabled, window buttons hidden, title bar hidden
[2021.10.13-13.40.12:881][  0]LogSlate: Updating window title bar state: overlay mode, drag disabled, window buttons hidden, title bar hidden
[2021.10.13-13.40.12:890][  0]LogSlate: Updating window title bar state: overlay mode, drag disabled, window buttons hidden, title bar hidden
[2021.10.13-13.40.12:914][  0]LogNativeClassHierarchy: Verbose: Native class hierarchy populated in 0.0113 seconds. Added 3825 classes and 923 folders.
[2021.10.13-13.40.12:942][  0]LogNativeClassHierarchy: Verbose: Native class hierarchy updated for 'WidgetCarousel' in 0.0003 seconds. Added 0 classes and 0 folders.
[2021.10.13-13.40.12:945][  0]LogPakFile: PakFile PrimaryIndexSize=187
[2021.10.13-13.40.12:945][  0]LogPakFile: PakFile PathHashIndexSize=101
[2021.10.13-13.40.12:945][  0]LogPakFile: PakFile FullDirectoryIndexSize=148
[2021.10.13-13.40.12:945][  0]LogShaderLibrary: Display: ShaderCodeLibraryPakFileMountedCallback: PakFile 'D:/Epic Games/UE_4.27/FeaturePacks/FP_FirstPerson.upack' (chunk index -1, root 'root:/') mounted
[2021.10.13-13.40.12:945][  0]LogShaderLibrary: Display: ShaderCodeLibraryPakFileMountedCallback: pending pak file info (ChunkID:-1 Root:root:/ File:D:/Epic Games/UE_4.27/FeaturePacks/FP_FirstPerson.upack)
[2021.10.13-13.40.12:945][  0]LogPakFile: OnPakFileMounted2Time == 0.000184
[2021.10.13-13.40.12:947][  0]LogPakFile: PakFile PrimaryIndexSize=189
[2021.10.13-13.40.12:947][  0]LogPakFile: PakFile PathHashIndexSize=101
[2021.10.13-13.40.12:947][  0]LogPakFile: PakFile FullDirectoryIndexSize=152
[2021.10.13-13.40.12:947][  0]LogShaderLibrary: Display: ShaderCodeLibraryPakFileMountedCallback: PakFile 'D:/Epic Games/UE_4.27/FeaturePacks/FP_FirstPersonBP.upack' (chunk index -1, root 'root:/') mounted
[2021.10.13-13.40.12:947][  0]LogShaderLibrary: Display: ShaderCodeLibraryPakFileMountedCallback: pending pak file info (ChunkID:-1 Root:root:/ File:D:/Epic Games/UE_4.27/FeaturePacks/FP_FirstPersonBP.upack)
[2021.10.13-13.40.12:948][  0]LogPakFile: OnPakFileMounted2Time == 0.000210
[2021.10.13-13.40.12:949][  0]LogPakFile: PakFile PrimaryIndexSize=191
[2021.10.13-13.40.12:949][  0]LogPakFile: PakFile PathHashIndexSize=101
[2021.10.13-13.40.12:949][  0]LogPakFile: PakFile FullDirectoryIndexSize=160
[2021.10.13-13.40.12:949][  0]LogShaderLibrary: Display: ShaderCodeLibraryPakFileMountedCallback: PakFile 'D:/Epic Games/UE_4.27/FeaturePacks/MobileStarterContent.upack' (chunk index -1, root 'root:/') mounted
[2021.10.13-13.40.12:949][  0]LogShaderLibrary: Display: ShaderCodeLibraryPakFileMountedCallback: pending pak file info (ChunkID:-1 Root:root:/ File:D:/Epic Games/UE_4.27/FeaturePacks/MobileStarterContent.upack)
[2021.10.13-13.40.12:950][  0]LogPakFile: OnPakFileMounted2Time == 0.000155
[2021.10.13-13.40.12:952][  0]LogPakFile: PakFile PrimaryIndexSize=185
[2021.10.13-13.40.12:952][  0]LogPakFile: PakFile PathHashIndexSize=101
[2021.10.13-13.40.12:952][  0]LogPakFile: PakFile FullDirectoryIndexSize=148
[2021.10.13-13.40.12:952][  0]LogShaderLibrary: Display: ShaderCodeLibraryPakFileMountedCallback: PakFile 'D:/Epic Games/UE_4.27/FeaturePacks/StarterContent.upack' (chunk index -1, root 'root:/') mounted
[2021.10.13-13.40.12:952][  0]LogShaderLibrary: Display: ShaderCodeLibraryPakFileMountedCallback: pending pak file info (ChunkID:-1 Root:root:/ File:D:/Epic Games/UE_4.27/FeaturePacks/StarterContent.upack)
[2021.10.13-13.40.12:952][  0]LogPakFile: OnPakFileMounted2Time == 0.000153
[2021.10.13-13.40.12:954][  0]LogPakFile: PakFile PrimaryIndexSize=190
[2021.10.13-13.40.12:954][  0]LogPakFile: PakFile PathHashIndexSize=101
[2021.10.13-13.40.12:954][  0]LogPakFile: PakFile FullDirectoryIndexSize=154
[2021.10.13-13.40.12:954][  0]LogShaderLibrary: Display: ShaderCodeLibraryPakFileMountedCallback: PakFile 'D:/Epic Games/UE_4.27/FeaturePacks/TP_2DSideScroller.upack' (chunk index -1, root 'root:/') mounted
[2021.10.13-13.40.12:954][  0]LogShaderLibrary: Display: ShaderCodeLibraryPakFileMountedCallback: pending pak file info (ChunkID:-1 Root:root:/ File:D:/Epic Games/UE_4.27/FeaturePacks/TP_2DSideScroller.upack)
[2021.10.13-13.40.12:954][  0]LogPakFile: OnPakFileMounted2Time == 0.000168
[2021.10.13-13.40.12:956][  0]LogPakFile: PakFile PrimaryIndexSize=192
[2021.10.13-13.40.12:956][  0]LogPakFile: PakFile PathHashIndexSize=101
[2021.10.13-13.40.12:956][  0]LogPakFile: PakFile FullDirectoryIndexSize=158
[2021.10.13-13.40.12:956][  0]LogShaderLibrary: Display: ShaderCodeLibraryPakFileMountedCallback: PakFile 'D:/Epic Games/UE_4.27/FeaturePacks/TP_2DSideScrollerBP.upack' (chunk index -1, root 'root:/') mounted
[2021.10.13-13.40.12:956][  0]LogShaderLibrary: Display: ShaderCodeLibraryPakFileMountedCallback: pending pak file info (ChunkID:-1 Root:root:/ File:D:/Epic Games/UE_4.27/FeaturePacks/TP_2DSideScrollerBP.upack)
[2021.10.13-13.40.12:956][  0]LogPakFile: OnPakFileMounted2Time == 0.000162
[2021.10.13-13.40.12:958][  0]LogPakFile: PakFile PrimaryIndexSize=182
[2021.10.13-13.40.12:958][  0]LogPakFile: PakFile PathHashIndexSize=101
[2021.10.13-13.40.12:958][  0]LogPakFile: PakFile FullDirectoryIndexSize=138
[2021.10.13-13.40.12:958][  0]LogShaderLibrary: Display: ShaderCodeLibraryPakFileMountedCallback: PakFile 'D:/Epic Games/UE_4.27/FeaturePacks/TP_Flying.upack' (chunk index -1, root 'root:/') mounted
[2021.10.13-13.40.12:958][  0]LogShaderLibrary: Display: ShaderCodeLibraryPakFileMountedCallback: pending pak file info (ChunkID:-1 Root:root:/ File:D:/Epic Games/UE_4.27/FeaturePacks/TP_Flying.upack)
[2021.10.13-13.40.12:958][  0]LogPakFile: OnPakFileMounted2Time == 0.000153
[2021.10.13-13.40.12:960][  0]LogPakFile: PakFile PrimaryIndexSize=184
[2021.10.13-13.40.12:960][  0]LogPakFile: PakFile PathHashIndexSize=101
[2021.10.13-13.40.12:960][  0]LogPakFile: PakFile FullDirectoryIndexSize=142
[2021.10.13-13.40.12:960][  0]LogShaderLibrary: Display: ShaderCodeLibraryPakFileMountedCallback: PakFile 'D:/Epic Games/UE_4.27/FeaturePacks/TP_FlyingBP.upack' (chunk index -1, root 'root:/') mounted
[2021.10.13-13.40.12:960][  0]LogShaderLibrary: Display: ShaderCodeLibraryPakFileMountedCallback: pending pak file info (ChunkID:-1 Root:root:/ File:D:/Epic Games/UE_4.27/FeaturePacks/TP_FlyingBP.upack)
[2021.10.13-13.40.12:960][  0]LogPakFile: OnPakFileMounted2Time == 0.000164
[2021.10.13-13.40.12:962][  0]LogPakFile: PakFile PrimaryIndexSize=188
[2021.10.13-13.40.12:962][  0]LogPakFile: PakFile PathHashIndexSize=101
[2021.10.13-13.40.12:962][  0]LogPakFile: PakFile FullDirectoryIndexSize=150
[2021.10.13-13.40.12:962][  0]LogShaderLibrary: Display: ShaderCodeLibraryPakFileMountedCallback: PakFile 'D:/Epic Games/UE_4.27/FeaturePacks/TP_HandheldARBP.upack' (chunk index -1, root 'root:/') mounted
[2021.10.13-13.40.12:962][  0]LogShaderLibrary: Display: ShaderCodeLibraryPakFileMountedCallback: pending pak file info (ChunkID:-1 Root:root:/ File:D:/Epic Games/UE_4.27/FeaturePacks/TP_HandheldARBP.upack)
[2021.10.13-13.40.12:962][  0]LogPakFile: OnPakFileMounted2Time == 0.000215
[2021.10.13-13.40.12:964][  0]LogPakFile: PakFile PrimaryIndexSize=182
[2021.10.13-13.40.12:964][  0]LogPakFile: PakFile PathHashIndexSize=101
[2021.10.13-13.40.12:964][  0]LogPakFile: PakFile FullDirectoryIndexSize=138
[2021.10.13-13.40.12:965][  0]LogShaderLibrary: Display: ShaderCodeLibraryPakFileMountedCallback: PakFile 'D:/Epic Games/UE_4.27/FeaturePacks/TP_Puzzle.upack' (chunk index -1, root 'root:/') mounted
[2021.10.13-13.40.12:965][  0]LogShaderLibrary: Display: ShaderCodeLibraryPakFileMountedCallback: pending pak file info (ChunkID:-1 Root:root:/ File:D:/Epic Games/UE_4.27/FeaturePacks/TP_Puzzle.upack)
[2021.10.13-13.40.12:965][  0]LogPakFile: OnPakFileMounted2Time == 0.000236
[2021.10.13-13.40.12:967][  0]LogPakFile: PakFile PrimaryIndexSize=184
[2021.10.13-13.40.12:967][  0]LogPakFile: PakFile PathHashIndexSize=101
[2021.10.13-13.40.12:967][  0]LogPakFile: PakFile FullDirectoryIndexSize=142
[2021.10.13-13.40.12:967][  0]LogShaderLibrary: Display: ShaderCodeLibraryPakFileMountedCallback: PakFile 'D:/Epic Games/UE_4.27/FeaturePacks/TP_PuzzleBP.upack' (chunk index -1, root 'root:/') mounted
[2021.10.13-13.40.12:967][  0]LogShaderLibrary: Display: ShaderCodeLibraryPakFileMountedCallback: pending pak file info (ChunkID:-1 Root:root:/ File:D:/Epic Games/UE_4.27/FeaturePacks/TP_PuzzleBP.upack)
[2021.10.13-13.40.12:967][  0]LogPakFile: OnPakFileMounted2Time == 0.000204
[2021.10.13-13.40.12:969][  0]LogPakFile: PakFile PrimaryIndexSize=183
[2021.10.13-13.40.12:970][  0]LogPakFile: PakFile PathHashIndexSize=101
[2021.10.13-13.40.12:970][  0]LogPakFile: PakFile FullDirectoryIndexSize=140
[2021.10.13-13.40.12:970][  0]LogShaderLibrary: Display: ShaderCodeLibraryPakFileMountedCallback: PakFile 'D:/Epic Games/UE_4.27/FeaturePacks/TP_Rolling.upack' (chunk index -1, root 'root:/') mounted
[2021.10.13-13.40.12:970][  0]LogShaderLibrary: Display: ShaderCodeLibraryPakFileMountedCallback: pending pak file info (ChunkID:-1 Root:root:/ File:D:/Epic Games/UE_4.27/FeaturePacks/TP_Rolling.upack)
[2021.10.13-13.40.12:970][  0]LogPakFile: OnPakFileMounted2Time == 0.000172
[2021.10.13-13.40.12:972][  0]LogPakFile: PakFile PrimaryIndexSize=185
[2021.10.13-13.40.12:972][  0]LogPakFile: PakFile PathHashIndexSize=101
[2021.10.13-13.40.12:972][  0]LogPakFile: PakFile FullDirectoryIndexSize=144
[2021.10.13-13.40.12:972][  0]LogShaderLibrary: Display: ShaderCodeLibraryPakFileMountedCallback: PakFile 'D:/Epic Games/UE_4.27/FeaturePacks/TP_RollingBP.upack' (chunk index -1, root 'root:/') mounted
[2021.10.13-13.40.12:972][  0]LogShaderLibrary: Display: ShaderCodeLibraryPakFileMountedCallback: pending pak file info (ChunkID:-1 Root:root:/ File:D:/Epic Games/UE_4.27/FeaturePacks/TP_RollingBP.upack)
[2021.10.13-13.40.12:972][  0]LogPakFile: OnPakFileMounted2Time == 0.000219
[2021.10.13-13.40.12:974][  0]LogPakFile: PakFile PrimaryIndexSize=188
[2021.10.13-13.40.12:974][  0]LogPakFile: PakFile PathHashIndexSize=101
[2021.10.13-13.40.12:974][  0]LogPakFile: PakFile FullDirectoryIndexSize=150
[2021.10.13-13.40.12:974][  0]LogShaderLibrary: Display: ShaderCodeLibraryPakFileMountedCallback: PakFile 'D:/Epic Games/UE_4.27/FeaturePacks/TP_SideScroller.upack' (chunk index -1, root 'root:/') mounted
[2021.10.13-13.40.12:974][  0]LogShaderLibrary: Display: ShaderCodeLibraryPakFileMountedCallback: pending pak file info (ChunkID:-1 Root:root:/ File:D:/Epic Games/UE_4.27/FeaturePacks/TP_SideScroller.upack)
[2021.10.13-13.40.12:974][  0]LogPakFile: OnPakFileMounted2Time == 0.000165
[2021.10.13-13.40.12:976][  0]LogPakFile: PakFile PrimaryIndexSize=190
[2021.10.13-13.40.12:976][  0]LogPakFile: PakFile PathHashIndexSize=101
[2021.10.13-13.40.12:976][  0]LogPakFile: PakFile FullDirectoryIndexSize=154
[2021.10.13-13.40.12:976][  0]LogShaderLibrary: Display: ShaderCodeLibraryPakFileMountedCallback: PakFile 'D:/Epic Games/UE_4.27/FeaturePacks/TP_SideScrollerBP.upack' (chunk index -1, root 'root:/') mounted
[2021.10.13-13.40.12:976][  0]LogShaderLibrary: Display: ShaderCodeLibraryPakFileMountedCallback: pending pak file info (ChunkID:-1 Root:root:/ File:D:/Epic Games/UE_4.27/FeaturePacks/TP_SideScrollerBP.upack)
[2021.10.13-13.40.12:976][  0]LogPakFile: OnPakFileMounted2Time == 0.000227
[2021.10.13-13.40.12:978][  0]LogPakFile: PakFile PrimaryIndexSize=187
[2021.10.13-13.40.12:978][  0]LogPakFile: PakFile PathHashIndexSize=101
[2021.10.13-13.40.12:978][  0]LogPakFile: PakFile FullDirectoryIndexSize=148
[2021.10.13-13.40.12:978][  0]LogShaderLibrary: Display: ShaderCodeLibraryPakFileMountedCallback: PakFile 'D:/Epic Games/UE_4.27/FeaturePacks/TP_ThirdPerson.upack' (chunk index -1, root 'root:/') mounted
[2021.10.13-13.40.12:978][  0]LogShaderLibrary: Display: ShaderCodeLibraryPakFileMountedCallback: pending pak file info (ChunkID:-1 Root:root:/ File:D:/Epic Games/UE_4.27/FeaturePacks/TP_ThirdPerson.upack)
[2021.10.13-13.40.12:978][  0]LogPakFile: OnPakFileMounted2Time == 0.000171
[2021.10.13-13.40.12:980][  0]LogPakFile: PakFile PrimaryIndexSize=189
[2021.10.13-13.40.12:980][  0]LogPakFile: PakFile PathHashIndexSize=101
[2021.10.13-13.40.12:980][  0]LogPakFile: PakFile FullDirectoryIndexSize=152
[2021.10.13-13.40.12:980][  0]LogShaderLibrary: Display: ShaderCodeLibraryPakFileMountedCallback: PakFile 'D:/Epic Games/UE_4.27/FeaturePacks/TP_ThirdPersonBP.upack' (chunk index -1, root 'root:/') mounted
[2021.10.13-13.40.12:980][  0]LogShaderLibrary: Display: ShaderCodeLibraryPakFileMountedCallback: pending pak file info (ChunkID:-1 Root:root:/ File:D:/Epic Games/UE_4.27/FeaturePacks/TP_ThirdPersonBP.upack)
[2021.10.13-13.40.12:980][  0]LogPakFile: OnPakFileMounted2Time == 0.000165
[2021.10.13-13.40.12:982][  0]LogPakFile: PakFile PrimaryIndexSize=183
[2021.10.13-13.40.12:982][  0]LogPakFile: PakFile PathHashIndexSize=101
[2021.10.13-13.40.12:982][  0]LogPakFile: PakFile FullDirectoryIndexSize=140
[2021.10.13-13.40.12:983][  0]LogShaderLibrary: Display: ShaderCodeLibraryPakFileMountedCallback: PakFile 'D:/Epic Games/UE_4.27/FeaturePacks/TP_TopDown.upack' (chunk index -1, root 'root:/') mounted
[2021.10.13-13.40.12:983][  0]LogShaderLibrary: Display: ShaderCodeLibraryPakFileMountedCallback: pending pak file info (ChunkID:-1 Root:root:/ File:D:/Epic Games/UE_4.27/FeaturePacks/TP_TopDown.upack)
[2021.10.13-13.40.12:983][  0]LogPakFile: OnPakFileMounted2Time == 0.000293
[2021.10.13-13.40.12:985][  0]LogPakFile: PakFile PrimaryIndexSize=185
[2021.10.13-13.40.12:985][  0]LogPakFile: PakFile PathHashIndexSize=101
[2021.10.13-13.40.12:985][  0]LogPakFile: PakFile FullDirectoryIndexSize=144
[2021.10.13-13.40.12:985][  0]LogShaderLibrary: Display: ShaderCodeLibraryPakFileMountedCallback: PakFile 'D:/Epic Games/UE_4.27/FeaturePacks/TP_TopDownBP.upack' (chunk index -1, root 'root:/') mounted
[2021.10.13-13.40.12:985][  0]LogShaderLibrary: Display: ShaderCodeLibraryPakFileMountedCallback: pending pak file info (ChunkID:-1 Root:root:/ File:D:/Epic Games/UE_4.27/FeaturePacks/TP_TopDownBP.upack)
[2021.10.13-13.40.12:985][  0]LogPakFile: OnPakFileMounted2Time == 0.000254
[2021.10.13-13.40.12:987][  0]LogPakFile: PakFile PrimaryIndexSize=185
[2021.10.13-13.40.12:987][  0]LogPakFile: PakFile PathHashIndexSize=101
[2021.10.13-13.40.12:987][  0]LogPakFile: PakFile FullDirectoryIndexSize=144
[2021.10.13-13.40.12:987][  0]LogShaderLibrary: Display: ShaderCodeLibraryPakFileMountedCallback: PakFile 'D:/Epic Games/UE_4.27/FeaturePacks/TP_TwinStick.upack' (chunk index -1, root 'root:/') mounted
[2021.10.13-13.40.12:987][  0]LogShaderLibrary: Display: ShaderCodeLibraryPakFileMountedCallback: pending pak file info (ChunkID:-1 Root:root:/ File:D:/Epic Games/UE_4.27/FeaturePacks/TP_TwinStick.upack)
[2021.10.13-13.40.12:988][  0]LogPakFile: OnPakFileMounted2Time == 0.000182
[2021.10.13-13.40.12:989][  0]LogPakFile: PakFile PrimaryIndexSize=187
[2021.10.13-13.40.12:990][  0]LogPakFile: PakFile PathHashIndexSize=101
[2021.10.13-13.40.12:990][  0]LogPakFile: PakFile FullDirectoryIndexSize=148
[2021.10.13-13.40.12:990][  0]LogShaderLibrary: Display: ShaderCodeLibraryPakFileMountedCallback: PakFile 'D:/Epic Games/UE_4.27/FeaturePacks/TP_TwinStickBP.upack' (chunk index -1, root 'root:/') mounted
[2021.10.13-13.40.12:990][  0]LogShaderLibrary: Display: ShaderCodeLibraryPakFileMountedCallback: pending pak file info (ChunkID:-1 Root:root:/ File:D:/Epic Games/UE_4.27/FeaturePacks/TP_TwinStickBP.upack)
[2021.10.13-13.40.12:990][  0]LogPakFile: OnPakFileMounted2Time == 0.000222
[2021.10.13-13.40.12:992][  0]LogPakFile: PakFile PrimaryIndexSize=183
[2021.10.13-13.40.12:992][  0]LogPakFile: PakFile PathHashIndexSize=101
[2021.10.13-13.40.12:992][  0]LogPakFile: PakFile FullDirectoryIndexSize=140
[2021.10.13-13.40.12:992][  0]LogShaderLibrary: Display: ShaderCodeLibraryPakFileMountedCallback: PakFile 'D:/Epic Games/UE_4.27/FeaturePacks/TP_Vehicle.upack' (chunk index -1, root 'root:/') mounted
[2021.10.13-13.40.12:992][  0]LogShaderLibrary: Display: ShaderCodeLibraryPakFileMountedCallback: pending pak file info (ChunkID:-1 Root:root:/ File:D:/Epic Games/UE_4.27/FeaturePacks/TP_Vehicle.upack)
[2021.10.13-13.40.12:992][  0]LogPakFile: OnPakFileMounted2Time == 0.000151
[2021.10.13-13.40.12:994][  0]LogPakFile: PakFile PrimaryIndexSize=186
[2021.10.13-13.40.12:994][  0]LogPakFile: PakFile PathHashIndexSize=101
[2021.10.13-13.40.12:994][  0]LogPakFile: PakFile FullDirectoryIndexSize=146
[2021.10.13-13.40.12:994][  0]LogShaderLibrary: Display: ShaderCodeLibraryPakFileMountedCallback: PakFile 'D:/Epic Games/UE_4.27/FeaturePacks/TP_VehicleAdv.upack' (chunk index -1, root 'root:/') mounted
[2021.10.13-13.40.12:994][  0]LogShaderLibrary: Display: ShaderCodeLibraryPakFileMountedCallback: pending pak file info (ChunkID:-1 Root:root:/ File:D:/Epic Games/UE_4.27/FeaturePacks/TP_VehicleAdv.upack)
[2021.10.13-13.40.12:994][  0]LogPakFile: OnPakFileMounted2Time == 0.000168
[2021.10.13-13.40.12:996][  0]LogPakFile: PakFile PrimaryIndexSize=188
[2021.10.13-13.40.12:996][  0]LogPakFile: PakFile PathHashIndexSize=101
[2021.10.13-13.40.12:996][  0]LogPakFile: PakFile FullDirectoryIndexSize=150
[2021.10.13-13.40.12:996][  0]LogShaderLibrary: Display: ShaderCodeLibraryPakFileMountedCallback: PakFile 'D:/Epic Games/UE_4.27/FeaturePacks/TP_VehicleAdvBP.upack' (chunk index -1, root 'root:/') mounted
[2021.10.13-13.40.12:996][  0]LogShaderLibrary: Display: ShaderCodeLibraryPakFileMountedCallback: pending pak file info (ChunkID:-1 Root:root:/ File:D:/Epic Games/UE_4.27/FeaturePacks/TP_VehicleAdvBP.upack)
[2021.10.13-13.40.12:996][  0]LogPakFile: OnPakFileMounted2Time == 0.000195
[2021.10.13-13.40.12:998][  0]LogPakFile: PakFile PrimaryIndexSize=185
[2021.10.13-13.40.12:998][  0]LogPakFile: PakFile PathHashIndexSize=101
[2021.10.13-13.40.12:998][  0]LogPakFile: PakFile FullDirectoryIndexSize=144
[2021.10.13-13.40.12:999][  0]LogShaderLibrary: Display: ShaderCodeLibraryPakFileMountedCallback: PakFile 'D:/Epic Games/UE_4.27/FeaturePacks/TP_VehicleBP.upack' (chunk index -1, root 'root:/') mounted
[2021.10.13-13.40.12:999][  0]LogShaderLibrary: Display: ShaderCodeLibraryPakFileMountedCallback: pending pak file info (ChunkID:-1 Root:root:/ File:D:/Epic Games/UE_4.27/FeaturePacks/TP_VehicleBP.upack)
[2021.10.13-13.40.12:999][  0]LogPakFile: OnPakFileMounted2Time == 0.000257
[2021.10.13-13.40.13:001][  0]LogPakFile: PakFile PrimaryIndexSize=192
[2021.10.13-13.40.13:001][  0]LogPakFile: PakFile PathHashIndexSize=101
[2021.10.13-13.40.13:001][  0]LogPakFile: PakFile FullDirectoryIndexSize=158
[2021.10.13-13.40.13:001][  0]LogShaderLibrary: Display: ShaderCodeLibraryPakFileMountedCallback: PakFile 'D:/Epic Games/UE_4.27/FeaturePacks/TP_VirtualRealityBP.upack' (chunk index -1, root 'root:/') mounted
[2021.10.13-13.40.13:001][  0]LogShaderLibrary: Display: ShaderCodeLibraryPakFileMountedCallback: pending pak file info (ChunkID:-1 Root:root:/ File:D:/Epic Games/UE_4.27/FeaturePacks/TP_VirtualRealityBP.upack)
[2021.10.13-13.40.13:001][  0]LogPakFile: OnPakFileMounted2Time == 0.000162
[2021.10.13-13.40.13:579][  0]LogNativeClassHierarchy: Verbose: Native class hierarchy updated for 'AddContentDialog' in 0.0003 seconds. Added 0 classes and 0 folders.
[2021.10.13-13.40.13:580][  0]LogNativeClassHierarchy: Verbose: Native class hierarchy updated for 'SceneOutliner' in 0.0002 seconds. Added 2 classes and 0 folders.
[2021.10.13-13.40.13:754][  0]LogSlate: Took 0.000861 seconds to synchronously load lazily loaded font '../../../Engine/Content/Slate/Fonts/Roboto-Regular.ttf' (155K)
[2021.10.13-13.40.13:756][  0]LogSlate: Took 0.000572 seconds to synchronously load lazily loaded font '../../../Engine/Content/Editor/Slate/Fonts/FontAwesome.ttf' (139K)
[2021.10.13-13.40.13:758][  0]LogSlate: Took 0.000517 seconds to synchronously load lazily loaded font '../../../Engine/Content/Slate/Fonts/Roboto-Bold.ttf' (160K)
[2021.10.13-13.40.13:959][  0]LogRenderer: Reallocating scene render targets to support 988x584 Format 10 NumSamples 1 (Frame:1).
[2021.10.13-13.40.14:072][  0]LogNativeClassHierarchy: Verbose: Native class hierarchy updated for 'HierarchicalLODOutliner' in 0.0003 seconds. Added 0 classes and 0 folders.
[2021.10.13-13.40.14:072][  0]LogLoad: (Engine Initialization) Total time: 25.77 seconds
[2021.10.13-13.40.14:073][  0]LogLoad: (Engine Initialization) Total Blueprint compile time: 0.00 seconds
[2021.10.13-13.40.14:132][  0]LogAssetRegistry: Asset discovery search completed in 10.7413 seconds
[2021.10.13-13.40.14:144][  0]LogCollectionManager: Fixed up redirectors for 0 collections in 0.000004 seconds (updated 0 objects)
[2021.10.13-13.40.14:146][  0]LogContentStreaming: Texture pool size now 1000 MB
[2021.10.13-13.40.14:219][  3]LogSlate: Took 0.000451 seconds to synchronously load lazily loaded font '../../../Engine/Content/Slate/Fonts/Roboto-Light.ttf' (167K)
[2021.10.13-13.40.42:624][699]LogUObjectHash: Compacting FUObjectHashTables data took   0.91ms
[2021.10.13-13.40.42:632][699]LogSlate: Took 0.000470 seconds to synchronously load lazily loaded font '../../../Engine/Content/Slate/Fonts/Roboto-Light.ttf' (167K)
[2021.10.13-13.40.42:735][699]LogAssetEditorSubsystem: Opening Asset editor for World /Game/Maps/MatMap.MatMap
[2021.10.13-13.40.42:735][699]Cmd: MAP LOAD FILE="../../../../../Projets Dev/Unreal Engine/GTech 4/Food_Looter_GC/Food_Looter_GC/Content/Maps/MatMap.umap" TEMPLATE=0 SHOWPROGRESS=1 FEATURELEVEL=3
[2021.10.13-13.40.42:735][699]LightingResults: New page: Lighting Build
[2021.10.13-13.40.42:735][699]LoadErrors: New page: Loading map: MatMap.umap
[2021.10.13-13.40.42:785][699]LogWorld: UWorld::CleanupWorld for Untitled_1, bSessionEnded=true, bCleanupResources=true
[2021.10.13-13.40.42:785][699]LogSlate: InvalidateAllWidgets triggered.  All widgets were invalidated
[2021.10.13-13.40.42:785][699]MapCheck: New page: Map Check
[2021.10.13-13.40.42:785][699]LightingResults: New page: Lighting Build
[2021.10.13-13.40.42:791][699]LogAudio: Display: Audio Device unregistered from world 'None'.
[2021.10.13-13.40.42:793][699]LogUObjectHash: Compacting FUObjectHashTables data took   0.80ms
[2021.10.13-13.40.42:794][699]LogAudio: Display: Audio Device (ID: 1) registered with world 'MatMap'.
[2021.10.13-13.40.42:824][699]LogEditorServer: Finished looking for orphan Actors (0.000 secs)
[2021.10.13-13.40.42:825][699]LogAIModule: Creating AISystem for world MatMap
[2021.10.13-13.40.42:835][699]LogUObjectHash: Compacting FUObjectHashTables data took   0.68ms
[2021.10.13-13.40.42:846][699]Cmd: MAP CHECKDEP NOCLEARLOG
[2021.10.13-13.40.42:846][699]MapCheck: Map check complete: 0 Error(s), 0 Warning(s), took 0,131ms to complete.
[2021.10.13-13.40.42:846][699]LogFileHelpers: Loading map 'MatMap' took 0.112
