Log file open, 10/13/21 15:18:33
LogWindows: Failed to load 'aqProf.dll' (GetLastError=126)
LogWindows: File 'aqProf.dll' does not exist
LogWindows: Failed to load 'VtuneApi.dll' (GetLastError=126)
LogWindows: File 'VtuneApi.dll' does not exist
LogWindows: Failed to load 'VtuneApi32e.dll' (GetLastError=126)
LogWindows: File 'VtuneApi32e.dll' does not exist
LogConsoleResponse: Display: Failed to find resolution value strings in scalability ini. Falling back to default.
LogConsoleResponse: Display: Failed to find resolution value strings in scalability ini. Falling back to default.
LogInit: Display: Running engine for game: Food_Looter_GC
LogPlatformFile: Not using cached read wrapper
LogTaskGraph: Started task graph with 5 named threads and 23 total threads with 3 sets of task threads.
LogStats: Stats thread started at 0.578703
LogICUInternationalization: ICU TimeZone Detection - Raw Offset: +1:00, Platform Override: ''
LogInit: Display: Loading text-based GConfig....
LogPluginManager: Mounting plugin MeshPainting
LogPluginManager: Mounting plugin XGEController
LogPluginManager: Mounting plugin Paper2D
LogPluginManager: Mounting plugin AISupport
LogPluginManager: Mounting plugin LightPropagationVolume
LogPluginManager: Mounting plugin EnvironmentQueryEditor
LogPluginManager: Mounting plugin LiveLink
LogPluginManager: Mounting plugin CameraShakePreviewer
LogPluginManager: Mounting plugin GameplayCameras
LogPluginManager: Mounting plugin OodleData
LogPluginManager: Mounting plugin OodleNetwork
LogPluginManager: Mounting plugin AssetManagerEditor
LogPluginManager: Mounting plugin CryptoKeys
LogPluginManager: Mounting plugin CurveEditorTools
LogPluginManager: Mounting plugin FacialAnimation
LogPluginManager: Mounting plugin DataValidation
LogPluginManager: Mounting plugin GameplayTagsEditor
LogPluginManager: Mounting plugin MacGraphicsSwitching
LogPluginManager: Mounting plugin GeometryMode
LogPluginManager: Mounting plugin MaterialAnalyzer
LogPluginManager: Mounting plugin MobileLauncherProfileWizard
LogPluginManager: Mounting plugin PluginBrowser
LogPluginManager: Mounting plugin SpeedTreeImporter
LogPluginManager: Mounting plugin AnimationSharing
LogPluginManager: Mounting plugin CodeLiteSourceCodeAccess
LogPluginManager: Mounting plugin CLionSourceCodeAccess
LogPluginManager: Mounting plugin NullSourceCodeAccess
LogPluginManager: Mounting plugin GitSourceControl
LogPluginManager: Mounting plugin PixWinPlugin
LogPluginManager: Mounting plugin PlasticSourceControl
LogPluginManager: Mounting plugin PluginUtils
LogPluginManager: Mounting plugin KDevelopSourceCodeAccess
LogPluginManager: Mounting plugin PropertyAccessNode
LogPluginManager: Mounting plugin RiderSourceCodeAccess
LogPluginManager: Mounting plugin PerforceSourceControl
LogPluginManager: Mounting plugin TextureFormatOodle
LogPluginManager: Mounting plugin UObjectPlugin
LogPluginManager: Mounting plugin VisualStudioSourceCodeAccess
LogPluginManager: Mounting plugin XCodeSourceCodeAccess
LogPluginManager: Mounting plugin SubversionSourceControl
LogPluginManager: Mounting plugin VisualStudioCodeSourceCodeAccess
LogPluginManager: Mounting plugin DatasmithContent
LogPluginManager: Mounting plugin VariantManagerContent
LogPluginManager: Mounting plugin Niagara
LogPluginManager: Mounting plugin LuminPlatformFeatures
LogPluginManager: Mounting plugin MagicLeap
LogPluginManager: Mounting plugin MagicLeapLightEstimation
LogPluginManager: Mounting plugin MagicLeapMedia
LogPluginManager: Mounting plugin MagicLeapPassableWorld
LogPluginManager: Mounting plugin MLSDK
LogPluginManager: Mounting plugin AndroidMedia
LogPluginManager: Mounting plugin AvfMedia
LogPluginManager: Mounting plugin MediaCompositing
LogPluginManager: Mounting plugin MediaPlayerEditor
LogPluginManager: Mounting plugin WebMMedia
LogPluginManager: Mounting plugin WmfMedia
LogPluginManager: Mounting plugin TcpMessaging
LogPluginManager: Mounting plugin UdpMessaging
LogPluginManager: Mounting plugin ActorSequence
LogPluginManager: Mounting plugin LevelSequenceEditor
LogPluginManager: Mounting plugin MatineeToLevelSequence
LogPluginManager: Mounting plugin ImgMedia
LogPluginManager: Mounting plugin TemplateSequence
LogPluginManager: Mounting plugin OnlineSubsystem
LogPluginManager: Mounting plugin OnlineSubsystemNull
LogPluginManager: Mounting plugin OnlineSubsystemUtils
LogPluginManager: Mounting plugin LauncherChunkInstaller
LogPluginManager: Mounting plugin ActorLayerUtilities
LogPluginManager: Mounting plugin AndroidDeviceProfileSelector
LogPluginManager: Mounting plugin AndroidMoviePlayer
LogPluginManager: Mounting plugin AndroidPermission
LogPluginManager: Mounting plugin AppleImageUtils
LogPluginManager: Mounting plugin AppleMoviePlayer
LogPluginManager: Mounting plugin ArchVisCharacter
LogPluginManager: Mounting plugin AssetTags
LogPluginManager: Mounting plugin AudioCapture
LogPluginManager: Mounting plugin AudioSynesthesia
LogPluginManager: Mounting plugin CableComponent
LogPluginManager: Mounting plugin ChunkDownloader
LogPluginManager: Mounting plugin CustomMeshComponent
LogPluginManager: Mounting plugin EditableMesh
LogPluginManager: Mounting plugin ExampleDeviceProfileSelector
LogPluginManager: Mounting plugin GoogleCloudMessaging
LogPluginManager: Mounting plugin GooglePAD
LogPluginManager: Mounting plugin ScreenshotTools
LogPluginManager: Mounting plugin IOSDeviceProfileSelector
LogPluginManager: Mounting plugin LinuxDeviceProfileSelector
LogPluginManager: Mounting plugin LocationServicesBPLibrary
LogPluginManager: Mounting plugin MobilePatchingUtils
LogPluginManager: Mounting plugin OpenXR
LogPluginManager: Mounting plugin OpenXRHandTracking
LogPluginManager: Mounting plugin AlembicImporter
LogPluginManager: Mounting plugin PhysXVehicles
LogPluginManager: Mounting plugin AutomationUtils
LogPluginManager: Mounting plugin BackChannel
LogPluginManager: Mounting plugin ChaosCloth
LogPluginManager: Mounting plugin ChaosClothEditor
LogPluginManager: Mounting plugin ChaosEditor
LogPluginManager: Mounting plugin ChaosNiagara
LogPluginManager: Mounting plugin ChaosSolverPlugin
LogPluginManager: Mounting plugin CharacterAI
LogPluginManager: Mounting plugin GeometryCache
LogPluginManager: Mounting plugin Takes
LogPluginManager: Mounting plugin GeometryCollectionPlugin
LogPluginManager: Mounting plugin PostSplashScreen
LogPluginManager: Mounting plugin OpenXREyeTracker
LogPluginManager: Mounting plugin ProceduralMeshComponent
LogPluginManager: Mounting plugin RuntimePhysXCooking
LogPluginManager: Mounting plugin PropertyAccessEditor
LogPluginManager: Mounting plugin SignificanceManager
LogPluginManager: Mounting plugin SoundFields
LogPluginManager: Mounting plugin Synthesis
LogPluginManager: Mounting plugin WebMMoviePlayer
LogPluginManager: Mounting plugin WindowsMoviePlayer
LogPluginManager: Mounting plugin GeometryProcessing
LogPluginManager: Mounting plugin MotoSynth
LogPluginManager: Mounting plugin OpenImageDenoise
LogPluginManager: Mounting plugin PlanarCut
LogPluginManager: Mounting plugin PlatformCrypto
LogPluginManager: Mounting plugin ProxyLODPlugin
LogPluginManager: Mounting plugin PythonScriptPlugin
LogPluginManager: Mounting plugin SkeletalReduction
LogPluginManager: Mounting plugin ContentBrowserAssetDataSource
LogPluginManager: Mounting plugin ContentBrowserClassDataSource
LogPluginManager: Mounting plugin ContentBrowserFileDataSource
LogPluginManager: Mounting plugin OnlineSubsystemGooglePlay
LogPluginManager: Mounting plugin OnlineSubsystemIOS
LogPluginManager: Mounting plugin OculusVR
PixWinPlugin: PIX capture plugin failed to initialize! Check that the process is launched from PIX.
LogInit: Using libcurl 7.55.1-DEV
LogInit:  - built for x86_64-pc-win32
LogInit:  - supports SSL with OpenSSL/1.1.1
LogInit:  - supports HTTP deflate (compression) using libz 1.2.8
LogInit:  - other features:
LogInit:      CURL_VERSION_SSL
LogInit:      CURL_VERSION_LIBZ
LogInit:      CURL_VERSION_IPV6
LogInit:      CURL_VERSION_ASYNCHDNS
LogInit:      CURL_VERSION_LARGEFILE
LogInit:      CURL_VERSION_IDN
LogInit:  CurlRequestOptions (configurable via config and command line):
LogInit:  - bVerifyPeer = true  - Libcurl will verify peer certificate
LogInit:  - bUseHttpProxy = false  - Libcurl will NOT use HTTP proxy
LogInit:  - bDontReuseConnections = false  - Libcurl will reuse connections
LogInit:  - MaxHostConnections = 16  - Libcurl will limit the number of connections to a host
LogInit:  - LocalHostAddr = Default
LogInit:  - BufferSize = 65536
LogOnline: OSS: Creating online subsystem instance for: NULL
LogInit: WinSock: version 1.1 (2.2), MaxSocks=32767, MaxUdp=65467
LogOnline: OSS: TryLoadSubsystemAndSetDefault: Loaded subsystem for module [NULL]
LogOculusPluginWrapper: OculusPlugin initialized successfully
LogHMD: Failed initializing OVRPlugin 1.59.0
LogInit: Build: ++UE4+Release-4.27-CL-17155196
LogInit: Engine Version: 4.27.0-17155196+++UE4+Release-4.27
LogInit: Compatible Engine Version: 4.27.0-17155196+++UE4+Release-4.27
LogInit: Net CL: 17155196
LogInit: OS: Windows 10 (Release 2009) (), CPU: Intel(R) Core(TM) i5-9300H CPU @ 2.40GHz, GPU: NVIDIA GeForce GTX 1660 Ti
LogInit: Compiled (64-bit): Aug 13 2021 06:13:13
LogInit: Compiled with Visual C++: 19.24.28315.00
LogInit: Build Configuration: Development
LogInit: Branch Name: ++UE4+Release-4.27
LogInit: Command Line:  -skipcompile
LogInit: Base Directory: D:/Epic Games/UE_4.27/Engine/Binaries/Win64/
LogInit: Allocator: TBB
LogInit: Installed Engine Build: 1
LogDevObjectVersion: Number of dev versions registered: 29
LogDevObjectVersion:   Dev-Blueprints (B0D832E4-1F89-4F0D-ACCF-7EB736FD4AA2): 10
LogDevObjectVersion:   Dev-Build (E1C64328-A22C-4D53-A36C-8E866417BD8C): 0
LogDevObjectVersion:   Dev-Core (375EC13C-06E4-48FB-B500-84F0262A717E): 4
LogDevObjectVersion:   Dev-Editor (E4B068ED-F494-42E9-A231-DA0B2E46BB41): 40
LogDevObjectVersion:   Dev-Framework (CFFC743F-43B0-4480-9391-14DF171D2073): 37
LogDevObjectVersion:   Dev-Mobile (B02B49B5-BB20-44E9-A304-32B752E40360): 3
LogDevObjectVersion:   Dev-Networking (A4E4105C-59A1-49B5-A7C5-40C4547EDFEE): 0
LogDevObjectVersion:   Dev-Online (39C831C9-5AE6-47DC-9A44-9C173E1C8E7C): 0
LogDevObjectVersion:   Dev-Physics (78F01B33-EBEA-4F98-B9B4-84EACCB95AA2): 14
LogDevObjectVersion:   Dev-Platform (6631380F-2D4D-43E0-8009-CF276956A95A): 0
LogDevObjectVersion:   Dev-Rendering (12F88B9F-8875-4AFC-A67C-D90C383ABD29): 45
LogDevObjectVersion:   Dev-Sequencer (7B5AE74C-D270-4C10-A958-57980B212A5A): 13
LogDevObjectVersion:   Dev-VR (D7296918-1DD6-4BDD-9DE2-64A83CC13884): 3
LogDevObjectVersion:   Dev-LoadTimes (C2A15278-BFE7-4AFE-6C17-90FF531DF755): 1
LogDevObjectVersion:   Private-Geometry (6EACA3D4-40EC-4CC1-B786-8BED09428FC5): 3
LogDevObjectVersion:   Dev-AnimPhys (29E575DD-E0A3-4627-9D10-D276232CDCEA): 17
LogDevObjectVersion:   Dev-Anim (AF43A65D-7FD3-4947-9873-3E8ED9C1BB05): 15
LogDevObjectVersion:   Dev-ReflectionCapture (6B266CEC-1EC7-4B8F-A30B-E4D90942FC07): 1
LogDevObjectVersion:   Dev-Automation (0DF73D61-A23F-47EA-B727-89E90C41499A): 1
LogDevObjectVersion:   FortniteMain (601D1886-AC64-4F84-AA16-D3DE0DEAC7D6): 47
LogDevObjectVersion:   FortniteRelease (E7086368-6B23-4C58-8439-1B7016265E91): 1
LogDevObjectVersion:   Dev-Enterprise (9DFFBCD6-494F-0158-E221-12823C92A888): 10
LogDevObjectVersion:   Dev-Niagara (F2AED0AC-9AFE-416F-8664-AA7FFA26D6FC): 1
LogDevObjectVersion:   Dev-Destruction (174F1F0B-B4C6-45A5-B13F-2EE8D0FB917D): 10
LogDevObjectVersion:   Dev-Physics-Ext (35F94A83-E258-406C-A318-09F59610247C): 41
LogDevObjectVersion:   Dev-PhysicsMaterial-Chaos (B68FC16E-8B1B-42E2-B453-215C058844FE): 1
LogDevObjectVersion:   Dev-CineCamera (B2E18506-4273-CFC2-A54E-F4BB758BBA07): 1
LogDevObjectVersion:   Dev-VirtualProduction (64F58936-FD1B-42BA-BA96-7289D5D0FA4E): 1
LogDevObjectVersion:   Dev-MediaFramework (6F0ED827-A609-4895-9C91-998D90180EA4): 2
LogInit: Presizing for max 25165824 objects, including 0 objects not considered by GC, pre-allocating 0 bytes for permanent pool.
LogConfig: Applying CVar settings from Section [/Script/Engine.StreamingSettings] File [D:/Projets Dev/Unreal Engine/GTech 4/Food_Looter_GC/Food_Looter_GC/Saved/Config/Windows/Engine.ini]
LogConfig: Setting CVar [[s.MinBulkDataSizeForAsyncLoading:131072]]
LogConfig: Setting CVar [[s.AsyncLoadingThreadEnabled:0]]
LogConfig: Setting CVar [[s.EventDrivenLoaderEnabled:1]]
LogConfig: Setting CVar [[s.WarnIfTimeLimitExceeded:0]]
LogConfig: Setting CVar [[s.TimeLimitExceededMultiplier:1.5]]
LogConfig: Setting CVar [[s.TimeLimitExceededMinTime:0.005]]
LogConfig: Setting CVar [[s.UseBackgroundLevelStreaming:1]]
LogConfig: Setting CVar [[s.PriorityAsyncLoadingExtraTime:15.0]]
LogConfig: Setting CVar [[s.LevelStreamingActorsUpdateTimeLimit:5.0]]
LogConfig: Setting CVar [[s.PriorityLevelStreamingActorsUpdateExtraTime:5.0]]
LogConfig: Setting CVar [[s.LevelStreamingComponentsRegistrationGranularity:10]]
LogConfig: Setting CVar [[s.UnregisterComponentsTimeLimit:1.0]]
LogConfig: Setting CVar [[s.LevelStreamingComponentsUnregistrationGranularity:5]]
LogConfig: Setting CVar [[s.FlushStreamingOnExit:1]]
LogInit: Object subsystem initialized
LogConfig: Setting CVar [[con.DebugEarlyDefault:1]]
LogConfig: Setting CVar [[r.setres:1280x720]]
[2021.10.13-13.18.35:213][  0]LogConfig: Setting CVar [[r.VSync:0]]
[2021.10.13-13.18.35:213][  0]LogConfig: Setting CVar [[r.RHICmdBypass:0]]
[2021.10.13-13.18.35:213][  0]LogConfig: Applying CVar settings from Section [/Script/Engine.RendererSettings] File [D:/Projets Dev/Unreal Engine/GTech 4/Food_Looter_GC/Food_Looter_GC/Saved/Config/Windows/Engine.ini]
[2021.10.13-13.18.35:213][  0]LogConfig: Setting CVar [[r.GPUCrashDebugging:0]]
[2021.10.13-13.18.35:213][  0]LogConfig: Applying CVar settings from Section [/Script/Engine.RendererOverrideSettings] File [D:/Projets Dev/Unreal Engine/GTech 4/Food_Looter_GC/Food_Looter_GC/Saved/Config/Windows/Engine.ini]
[2021.10.13-13.18.35:213][  0]LogConfig: Applying CVar settings from Section [/Script/Engine.StreamingSettings] File [D:/Projets Dev/Unreal Engine/GTech 4/Food_Looter_GC/Food_Looter_GC/Saved/Config/Windows/Engine.ini]
[2021.10.13-13.18.35:213][  0]LogConfig: Setting CVar [[s.MinBulkDataSizeForAsyncLoading:131072]]
[2021.10.13-13.18.35:213][  0]LogConfig: Setting CVar [[s.AsyncLoadingThreadEnabled:0]]
[2021.10.13-13.18.35:213][  0]LogConfig: Setting CVar [[s.EventDrivenLoaderEnabled:1]]
[2021.10.13-13.18.35:213][  0]LogConfig: Setting CVar [[s.WarnIfTimeLimitExceeded:0]]
[2021.10.13-13.18.35:213][  0]LogConfig: Setting CVar [[s.TimeLimitExceededMultiplier:1.5]]
[2021.10.13-13.18.35:214][  0]LogConfig: Setting CVar [[s.TimeLimitExceededMinTime:0.005]]
[2021.10.13-13.18.35:214][  0]LogConfig: Setting CVar [[s.UseBackgroundLevelStreaming:1]]
[2021.10.13-13.18.35:214][  0]LogConfig: Setting CVar [[s.PriorityAsyncLoadingExtraTime:15.0]]
[2021.10.13-13.18.35:214][  0]LogConfig: Setting CVar [[s.LevelStreamingActorsUpdateTimeLimit:5.0]]
[2021.10.13-13.18.35:214][  0]LogConfig: Setting CVar [[s.PriorityLevelStreamingActorsUpdateExtraTime:5.0]]
[2021.10.13-13.18.35:214][  0]LogConfig: Setting CVar [[s.LevelStreamingComponentsRegistrationGranularity:10]]
[2021.10.13-13.18.35:214][  0]LogConfig: Setting CVar [[s.UnregisterComponentsTimeLimit:1.0]]
[2021.10.13-13.18.35:214][  0]LogConfig: Setting CVar [[s.LevelStreamingComponentsUnregistrationGranularity:5]]
[2021.10.13-13.18.35:214][  0]LogConfig: Setting CVar [[s.FlushStreamingOnExit:1]]
[2021.10.13-13.18.35:214][  0]LogConfig: Applying CVar settings from Section [/Script/Engine.GarbageCollectionSettings] File [D:/Projets Dev/Unreal Engine/GTech 4/Food_Looter_GC/Food_Looter_GC/Saved/Config/Windows/Engine.ini]
[2021.10.13-13.18.35:214][  0]LogConfig: Setting CVar [[gc.MaxObjectsNotConsideredByGC:1]]
[2021.10.13-13.18.35:214][  0]LogConfig: Setting CVar [[gc.SizeOfPermanentObjectPool:0]]
[2021.10.13-13.18.35:214][  0]LogConfig: Setting CVar [[gc.FlushStreamingOnGC:0]]
[2021.10.13-13.18.35:214][  0]LogConfig: Setting CVar [[gc.NumRetriesBeforeForcingGC:10]]
[2021.10.13-13.18.35:214][  0]LogConfig: Setting CVar [[gc.AllowParallelGC:1]]
[2021.10.13-13.18.35:214][  0]LogConfig: Setting CVar [[gc.TimeBetweenPurgingPendingKillObjects:61.1]]
[2021.10.13-13.18.35:214][  0]LogConfig: Setting CVar [[gc.MaxObjectsInEditor:25165824]]
[2021.10.13-13.18.35:214][  0]LogConfig: Setting CVar [[gc.IncrementalBeginDestroyEnabled:1]]
[2021.10.13-13.18.35:215][  0]LogConfig: Setting CVar [[gc.CreateGCClusters:1]]
[2021.10.13-13.18.35:215][  0]LogConfig: Setting CVar [[gc.MinGCClusterSize:5]]
[2021.10.13-13.18.35:215][  0]LogConfig: Setting CVar [[gc.ActorClusteringEnabled:0]]
[2021.10.13-13.18.35:215][  0]LogConfig: Setting CVar [[gc.BlueprintClusteringEnabled:0]]
[2021.10.13-13.18.35:215][  0]LogConfig: Setting CVar [[gc.UseDisregardForGCOnDedicatedServers:0]]
[2021.10.13-13.18.35:215][  0]LogConfig: Setting CVar [[gc.MultithreadedDestructionEnabled:1]]
[2021.10.13-13.18.35:215][  0]LogConfig: Applying CVar settings from Section [/Script/Engine.NetworkSettings] File [D:/Projets Dev/Unreal Engine/GTech 4/Food_Looter_GC/Food_Looter_GC/Saved/Config/Windows/Engine.ini]
[2021.10.13-13.18.35:215][  0]LogConfig: Applying CVar settings from Section [/Script/UnrealEd.CookerSettings] File [D:/Projets Dev/Unreal Engine/GTech 4/Food_Looter_GC/Food_Looter_GC/Saved/Config/Windows/Engine.ini]
[2021.10.13-13.18.35:225][  0]LogConfig: Applying CVar settings from Section [ViewDistanceQuality@3] File [D:/Projets Dev/Unreal Engine/GTech 4/Food_Looter_GC/Food_Looter_GC/Saved/Config/Windows/Scalability.ini]
[2021.10.13-13.18.35:225][  0]LogConfig: Setting CVar [[r.SkeletalMeshLODBias:0]]
[2021.10.13-13.18.35:225][  0]LogConfig: Setting CVar [[r.ViewDistanceScale:1.0]]
[2021.10.13-13.18.35:225][  0]LogConfig: Applying CVar settings from Section [AntiAliasingQuality@3] File [D:/Projets Dev/Unreal Engine/GTech 4/Food_Looter_GC/Food_Looter_GC/Saved/Config/Windows/Scalability.ini]
[2021.10.13-13.18.35:225][  0]LogConfig: Setting CVar [[r.PostProcessAAQuality:4]]
[2021.10.13-13.18.35:226][  0]LogConfig: Applying CVar settings from Section [ShadowQuality@3] File [D:/Projets Dev/Unreal Engine/GTech 4/Food_Looter_GC/Food_Looter_GC/Saved/Config/Windows/Scalability.ini]
[2021.10.13-13.18.35:226][  0]LogConfig: Setting CVar [[r.LightFunctionQuality:1]]
[2021.10.13-13.18.35:226][  0]LogConfig: Setting CVar [[r.ShadowQuality:5]]
[2021.10.13-13.18.35:226][  0]LogConfig: Setting CVar [[r.Shadow.CSM.MaxCascades:10]]
[2021.10.13-13.18.35:226][  0]LogConfig: Setting CVar [[r.Shadow.MaxResolution:2048]]
[2021.10.13-13.18.35:226][  0]LogConfig: Setting CVar [[r.Shadow.MaxCSMResolution:2048]]
[2021.10.13-13.18.35:226][  0]LogConfig: Setting CVar [[r.Shadow.RadiusThreshold:0.01]]
[2021.10.13-13.18.35:226][  0]LogConfig: Setting CVar [[r.Shadow.DistanceScale:1.0]]
[2021.10.13-13.18.35:226][  0]LogConfig: Setting CVar [[r.Shadow.CSM.TransitionScale:1.0]]
[2021.10.13-13.18.35:226][  0]LogConfig: Setting CVar [[r.Shadow.PreShadowResolutionFactor:1.0]]
[2021.10.13-13.18.35:226][  0]LogConfig: Setting CVar [[r.DistanceFieldShadowing:1]]
[2021.10.13-13.18.35:226][  0]LogConfig: Setting CVar [[r.DistanceFieldAO:1]]
[2021.10.13-13.18.35:226][  0]LogConfig: Setting CVar [[r.AOQuality:2]]
[2021.10.13-13.18.35:226][  0]LogConfig: Setting CVar [[r.VolumetricFog:1]]
[2021.10.13-13.18.35:226][  0]LogConfig: Setting CVar [[r.VolumetricFog.GridPixelSize:8]]
[2021.10.13-13.18.35:226][  0]LogConfig: Setting CVar [[r.VolumetricFog.GridSizeZ:128]]
[2021.10.13-13.18.35:227][  0]LogConfig: Setting CVar [[r.VolumetricFog.HistoryMissSupersampleCount:4]]
[2021.10.13-13.18.35:227][  0]LogConfig: Setting CVar [[r.LightMaxDrawDistanceScale:1]]
[2021.10.13-13.18.35:227][  0]LogConfig: Setting CVar [[r.CapsuleShadows:1]]
[2021.10.13-13.18.35:227][  0]LogConfig: Applying CVar settings from Section [PostProcessQuality@3] File [D:/Projets Dev/Unreal Engine/GTech 4/Food_Looter_GC/Food_Looter_GC/Saved/Config/Windows/Scalability.ini]
[2021.10.13-13.18.35:227][  0]LogConfig: Setting CVar [[r.MotionBlurQuality:4]]
[2021.10.13-13.18.35:227][  0]LogConfig: Setting CVar [[r.AmbientOcclusionMipLevelFactor:0.4]]
[2021.10.13-13.18.35:227][  0]LogConfig: Setting CVar [[r.AmbientOcclusionMaxQuality:100]]
[2021.10.13-13.18.35:227][  0]LogConfig: Setting CVar [[r.AmbientOcclusionLevels:-1]]
[2021.10.13-13.18.35:227][  0]LogConfig: Setting CVar [[r.AmbientOcclusionRadiusScale:1.0]]
[2021.10.13-13.18.35:227][  0]LogConfig: Setting CVar [[r.DepthOfFieldQuality:2]]
[2021.10.13-13.18.35:227][  0]LogConfig: Setting CVar [[r.RenderTargetPoolMin:400]]
[2021.10.13-13.18.35:227][  0]LogConfig: Setting CVar [[r.LensFlareQuality:2]]
[2021.10.13-13.18.35:227][  0]LogConfig: Setting CVar [[r.SceneColorFringeQuality:1]]
[2021.10.13-13.18.35:227][  0]LogConfig: Setting CVar [[r.EyeAdaptationQuality:2]]
[2021.10.13-13.18.35:227][  0]LogConfig: Setting CVar [[r.BloomQuality:5]]
[2021.10.13-13.18.35:227][  0]LogConfig: Setting CVar [[r.FastBlurThreshold:100]]
[2021.10.13-13.18.35:227][  0]LogConfig: Setting CVar [[r.Upscale.Quality:3]]
[2021.10.13-13.18.35:228][  0]LogConfig: Setting CVar [[r.Tonemapper.GrainQuantization:1]]
[2021.10.13-13.18.35:228][  0]LogConfig: Setting CVar [[r.LightShaftQuality:1]]
[2021.10.13-13.18.35:228][  0]LogConfig: Setting CVar [[r.Filter.SizeScale:1]]
[2021.10.13-13.18.35:228][  0]LogConfig: Setting CVar [[r.Tonemapper.Quality:5]]
[2021.10.13-13.18.35:228][  0]LogConfig: Setting CVar [[r.DOF.Gather.AccumulatorQuality:1        ; higher gathering accumulator quality]]
[2021.10.13-13.18.35:228][  0]LogConfig: Setting CVar [[r.DOF.Gather.PostfilterMethod:1          ; Median3x3 postfilering method]]
[2021.10.13-13.18.35:228][  0]LogConfig: Setting CVar [[r.DOF.Gather.EnableBokehSettings:0       ; no bokeh simulation when gathering]]
[2021.10.13-13.18.35:228][  0]LogConfig: Setting CVar [[r.DOF.Gather.RingCount:4                 ; medium number of samples when gathering]]
[2021.10.13-13.18.35:228][  0]LogConfig: Setting CVar [[r.DOF.Scatter.ForegroundCompositing:1    ; additive foreground scattering]]
[2021.10.13-13.18.35:228][  0]LogConfig: Setting CVar [[r.DOF.Scatter.BackgroundCompositing:2    ; additive background scattering]]
[2021.10.13-13.18.35:228][  0]LogConfig: Setting CVar [[r.DOF.Scatter.EnableBokehSettings:1      ; bokeh simulation when scattering]]
[2021.10.13-13.18.35:228][  0]LogConfig: Setting CVar [[r.DOF.Scatter.MaxSpriteRatio:0.1         ; only a maximum of 10% of scattered bokeh]]
[2021.10.13-13.18.35:228][  0]LogConfig: Setting CVar [[r.DOF.Recombine.Quality:1                ; cheap slight out of focus]]
[2021.10.13-13.18.35:228][  0]LogConfig: Setting CVar [[r.DOF.Recombine.EnableBokehSettings:0    ; no bokeh simulation on slight out of focus]]
[2021.10.13-13.18.35:228][  0]LogConfig: Setting CVar [[r.DOF.TemporalAAQuality:1                ; more stable temporal accumulation]]
[2021.10.13-13.18.35:228][  0]LogConfig: Setting CVar [[r.DOF.Kernel.MaxForegroundRadius:0.025]]
[2021.10.13-13.18.35:228][  0]LogConfig: Setting CVar [[r.DOF.Kernel.MaxBackgroundRadius:0.025]]
[2021.10.13-13.18.35:228][  0]LogConfig: Applying CVar settings from Section [TextureQuality@3] File [D:/Projets Dev/Unreal Engine/GTech 4/Food_Looter_GC/Food_Looter_GC/Saved/Config/Windows/Scalability.ini]
[2021.10.13-13.18.35:229][  0]LogConfig: Setting CVar [[r.Streaming.MipBias:0]]
[2021.10.13-13.18.35:229][  0]LogConfig: Setting CVar [[r.Streaming.AmortizeCPUToGPUCopy:0]]
[2021.10.13-13.18.35:229][  0]LogConfig: Setting CVar [[r.Streaming.MaxNumTexturesToStreamPerFrame:0]]
[2021.10.13-13.18.35:229][  0]LogConfig: Setting CVar [[r.Streaming.Boost:1]]
[2021.10.13-13.18.35:229][  0]LogConfig: Setting CVar [[r.MaxAnisotropy:8]]
[2021.10.13-13.18.35:229][  0]LogConfig: Setting CVar [[r.VT.MaxAnisotropy:8]]
[2021.10.13-13.18.35:229][  0]LogConfig: Setting CVar [[r.Streaming.LimitPoolSizeToVRAM:0]]
[2021.10.13-13.18.35:229][  0]LogConfig: Setting CVar [[r.Streaming.PoolSize:1000]]
[2021.10.13-13.18.35:229][  0]LogConfig: Setting CVar [[r.Streaming.MaxEffectiveScreenSize:0]]
[2021.10.13-13.18.35:229][  0]LogConfig: Applying CVar settings from Section [EffectsQuality@3] File [D:/Projets Dev/Unreal Engine/GTech 4/Food_Looter_GC/Food_Looter_GC/Saved/Config/Windows/Scalability.ini]
[2021.10.13-13.18.35:229][  0]LogConfig: Setting CVar [[r.TranslucencyLightingVolumeDim:64]]
[2021.10.13-13.18.35:229][  0]LogConfig: Setting CVar [[r.RefractionQuality:2]]
[2021.10.13-13.18.35:229][  0]LogConfig: Setting CVar [[r.SSR.Quality:3]]
[2021.10.13-13.18.35:229][  0]LogConfig: Setting CVar [[r.SSR.HalfResSceneColor:0]]
[2021.10.13-13.18.35:229][  0]LogConfig: Setting CVar [[r.SceneColorFormat:4]]
[2021.10.13-13.18.35:229][  0]LogConfig: Setting CVar [[r.DetailMode:2]]
[2021.10.13-13.18.35:229][  0]LogConfig: Setting CVar [[r.TranslucencyVolumeBlur:1]]
[2021.10.13-13.18.35:229][  0]LogConfig: Setting CVar [[r.MaterialQualityLevel:1 ; High quality]]
[2021.10.13-13.18.35:230][  0]LogConfig: Setting CVar [[r.AnisotropicMaterials:1]]
[2021.10.13-13.18.35:230][  0]LogConfig: Setting CVar [[r.SSS.Scale:1]]
[2021.10.13-13.18.35:230][  0]LogConfig: Setting CVar [[r.SSS.SampleSet:2]]
[2021.10.13-13.18.35:230][  0]LogConfig: Setting CVar [[r.SSS.Quality:1]]
[2021.10.13-13.18.35:230][  0]LogConfig: Setting CVar [[r.SSS.HalfRes:0]]
[2021.10.13-13.18.35:230][  0]LogConfig: Setting CVar [[r.SSGI.Quality:3]]
[2021.10.13-13.18.35:230][  0]LogConfig: Setting CVar [[r.EmitterSpawnRateScale:1.0]]
[2021.10.13-13.18.35:230][  0]LogConfig: Setting CVar [[r.ParticleLightQuality:2]]
[2021.10.13-13.18.35:230][  0]LogConfig: Setting CVar [[r.SkyAtmosphere.AerialPerspectiveLUT.FastApplyOnOpaque:1 ; Always have FastSkyLUT 1 in this case to avoid wrong sky]]
[2021.10.13-13.18.35:230][  0]LogConfig: Setting CVar [[r.SkyAtmosphere.AerialPerspectiveLUT.SampleCountMaxPerSlice:4]]
[2021.10.13-13.18.35:230][  0]LogConfig: Setting CVar [[r.SkyAtmosphere.AerialPerspectiveLUT.DepthResolution:16.0]]
[2021.10.13-13.18.35:230][  0]LogConfig: Setting CVar [[r.SkyAtmosphere.FastSkyLUT:1]]
[2021.10.13-13.18.35:230][  0]LogConfig: Setting CVar [[r.SkyAtmosphere.FastSkyLUT.SampleCountMin:4.0]]
[2021.10.13-13.18.35:230][  0]LogConfig: Setting CVar [[r.SkyAtmosphere.FastSkyLUT.SampleCountMax:128.0]]
[2021.10.13-13.18.35:230][  0]LogConfig: Setting CVar [[r.SkyAtmosphere.SampleCountMin:4.0]]
[2021.10.13-13.18.35:230][  0]LogConfig: Setting CVar [[r.SkyAtmosphere.SampleCountMax:128.0]]
[2021.10.13-13.18.35:230][  0]LogConfig: Setting CVar [[r.SkyAtmosphere.TransmittanceLUT.UseSmallFormat:0]]
[2021.10.13-13.18.35:230][  0]LogConfig: Setting CVar [[r.SkyAtmosphere.TransmittanceLUT.SampleCount:10.0]]
[2021.10.13-13.18.35:231][  0]LogConfig: Setting CVar [[r.SkyAtmosphere.MultiScatteringLUT.SampleCount:15.0]]
[2021.10.13-13.18.35:231][  0]LogConfig: Setting CVar [[r.SkyLight.RealTimeReflectionCapture:1]]
[2021.10.13-13.18.35:231][  0]LogConfig: Applying CVar settings from Section [FoliageQuality@3] File [D:/Projets Dev/Unreal Engine/GTech 4/Food_Looter_GC/Food_Looter_GC/Saved/Config/Windows/Scalability.ini]
[2021.10.13-13.18.35:231][  0]LogConfig: Setting CVar [[foliage.DensityScale:1.0]]
[2021.10.13-13.18.35:231][  0]LogConfig: Setting CVar [[grass.DensityScale:1.0]]
[2021.10.13-13.18.35:231][  0]LogConfig: Applying CVar settings from Section [ShadingQuality@3] File [D:/Projets Dev/Unreal Engine/GTech 4/Food_Looter_GC/Food_Looter_GC/Saved/Config/Windows/Scalability.ini]
[2021.10.13-13.18.35:231][  0]LogConfig: Setting CVar [[r.HairStrands.SkyLighting.IntegrationType:2]]
[2021.10.13-13.18.35:231][  0]LogConfig: Setting CVar [[r.HairStrands.SkyAO.SampleCount:4]]
[2021.10.13-13.18.35:231][  0]LogConfig: Setting CVar [[r.HairStrands.Visibility.MSAA.SamplePerPixel:4]]
[2021.10.13-13.18.35:231][  0]LogInit: Selected Device Profile: [Windows]
[2021.10.13-13.18.35:231][  0]LogInit: Applying CVar settings loaded from the selected device profile: [Windows]
[2021.10.13-13.18.35:231][  0]LogHAL: Display: Platform has ~ 16 GB [17096232960 / 17179869184 / 16], which maps to Larger [LargestMinGB=32, LargerMinGB=12, DefaultMinGB=8, SmallerMinGB=6, SmallestMinGB=0)
[2021.10.13-13.18.35:231][  0]LogInit: Going up to parent DeviceProfile []
[2021.10.13-13.18.35:231][  0]LogConfig: Applying CVar settings from Section [ViewDistanceQuality@3] File [D:/Projets Dev/Unreal Engine/GTech 4/Food_Looter_GC/Food_Looter_GC/Saved/Config/Windows/Scalability.ini]
[2021.10.13-13.18.35:231][  0]LogConfig: Setting CVar [[r.SkeletalMeshLODBias:0]]
[2021.10.13-13.18.35:232][  0]LogConfig: Setting CVar [[r.ViewDistanceScale:1.0]]
[2021.10.13-13.18.35:233][  0]LogConfig: Applying CVar settings from Section [AntiAliasingQuality@3] File [D:/Projets Dev/Unreal Engine/GTech 4/Food_Looter_GC/Food_Looter_GC/Saved/Config/Windows/Scalability.ini]
[2021.10.13-13.18.35:233][  0]LogConfig: Setting CVar [[r.PostProcessAAQuality:4]]
[2021.10.13-13.18.35:233][  0]LogConfig: Applying CVar settings from Section [ShadowQuality@3] File [D:/Projets Dev/Unreal Engine/GTech 4/Food_Looter_GC/Food_Looter_GC/Saved/Config/Windows/Scalability.ini]
[2021.10.13-13.18.35:233][  0]LogConfig: Setting CVar [[r.LightFunctionQuality:1]]
[2021.10.13-13.18.35:233][  0]LogConfig: Setting CVar [[r.ShadowQuality:5]]
[2021.10.13-13.18.35:233][  0]LogConfig: Setting CVar [[r.Shadow.CSM.MaxCascades:10]]
[2021.10.13-13.18.35:233][  0]LogConfig: Setting CVar [[r.Shadow.MaxResolution:2048]]
[2021.10.13-13.18.35:233][  0]LogConfig: Setting CVar [[r.Shadow.MaxCSMResolution:2048]]
[2021.10.13-13.18.35:233][  0]LogConfig: Setting CVar [[r.Shadow.RadiusThreshold:0.01]]
[2021.10.13-13.18.35:233][  0]LogConfig: Setting CVar [[r.Shadow.DistanceScale:1.0]]
[2021.10.13-13.18.35:233][  0]LogConfig: Setting CVar [[r.Shadow.CSM.TransitionScale:1.0]]
[2021.10.13-13.18.35:233][  0]LogConfig: Setting CVar [[r.Shadow.PreShadowResolutionFactor:1.0]]
[2021.10.13-13.18.35:233][  0]LogConfig: Setting CVar [[r.DistanceFieldShadowing:1]]
[2021.10.13-13.18.35:234][  0]LogConfig: Setting CVar [[r.DistanceFieldAO:1]]
[2021.10.13-13.18.35:234][  0]LogConfig: Setting CVar [[r.AOQuality:2]]
[2021.10.13-13.18.35:234][  0]LogConfig: Setting CVar [[r.VolumetricFog:1]]
[2021.10.13-13.18.35:234][  0]LogConfig: Setting CVar [[r.VolumetricFog.GridPixelSize:8]]
[2021.10.13-13.18.35:234][  0]LogConfig: Setting CVar [[r.VolumetricFog.GridSizeZ:128]]
[2021.10.13-13.18.35:234][  0]LogConfig: Setting CVar [[r.VolumetricFog.HistoryMissSupersampleCount:4]]
[2021.10.13-13.18.35:234][  0]LogConfig: Setting CVar [[r.LightMaxDrawDistanceScale:1]]
[2021.10.13-13.18.35:234][  0]LogConfig: Setting CVar [[r.CapsuleShadows:1]]
[2021.10.13-13.18.35:234][  0]LogConfig: Applying CVar settings from Section [PostProcessQuality@3] File [D:/Projets Dev/Unreal Engine/GTech 4/Food_Looter_GC/Food_Looter_GC/Saved/Config/Windows/Scalability.ini]
[2021.10.13-13.18.35:234][  0]LogConfig: Setting CVar [[r.MotionBlurQuality:4]]
[2021.10.13-13.18.35:234][  0]LogConfig: Setting CVar [[r.AmbientOcclusionMipLevelFactor:0.4]]
[2021.10.13-13.18.35:234][  0]LogConfig: Setting CVar [[r.AmbientOcclusionMaxQuality:100]]
[2021.10.13-13.18.35:234][  0]LogConfig: Setting CVar [[r.AmbientOcclusionLevels:-1]]
[2021.10.13-13.18.35:234][  0]LogConfig: Setting CVar [[r.AmbientOcclusionRadiusScale:1.0]]
[2021.10.13-13.18.35:235][  0]LogConfig: Setting CVar [[r.DepthOfFieldQuality:2]]
[2021.10.13-13.18.35:235][  0]LogConfig: Setting CVar [[r.RenderTargetPoolMin:400]]
[2021.10.13-13.18.35:235][  0]LogConfig: Setting CVar [[r.LensFlareQuality:2]]
[2021.10.13-13.18.35:235][  0]LogConfig: Setting CVar [[r.SceneColorFringeQuality:1]]
[2021.10.13-13.18.35:235][  0]LogConfig: Setting CVar [[r.EyeAdaptationQuality:2]]
[2021.10.13-13.18.35:235][  0]LogConfig: Setting CVar [[r.BloomQuality:5]]
[2021.10.13-13.18.35:235][  0]LogConfig: Setting CVar [[r.FastBlurThreshold:100]]
[2021.10.13-13.18.35:235][  0]LogConfig: Setting CVar [[r.Upscale.Quality:3]]
[2021.10.13-13.18.35:235][  0]LogConfig: Setting CVar [[r.Tonemapper.GrainQuantization:1]]
[2021.10.13-13.18.35:235][  0]LogConfig: Setting CVar [[r.LightShaftQuality:1]]
[2021.10.13-13.18.35:235][  0]LogConfig: Setting CVar [[r.Filter.SizeScale:1]]
[2021.10.13-13.18.35:235][  0]LogConfig: Setting CVar [[r.Tonemapper.Quality:5]]
[2021.10.13-13.18.35:235][  0]LogConfig: Setting CVar [[r.DOF.Gather.AccumulatorQuality:1        ; higher gathering accumulator quality]]
[2021.10.13-13.18.35:236][  0]LogConfig: Setting CVar [[r.DOF.Gather.PostfilterMethod:1          ; Median3x3 postfilering method]]
[2021.10.13-13.18.35:236][  0]LogConfig: Setting CVar [[r.DOF.Gather.EnableBokehSettings:0       ; no bokeh simulation when gathering]]
[2021.10.13-13.18.35:236][  0]LogConfig: Setting CVar [[r.DOF.Gather.RingCount:4                 ; medium number of samples when gathering]]
[2021.10.13-13.18.35:236][  0]LogConfig: Setting CVar [[r.DOF.Scatter.ForegroundCompositing:1    ; additive foreground scattering]]
[2021.10.13-13.18.35:236][  0]LogConfig: Setting CVar [[r.DOF.Scatter.BackgroundCompositing:2    ; additive background scattering]]
[2021.10.13-13.18.35:236][  0]LogConfig: Setting CVar [[r.DOF.Scatter.EnableBokehSettings:1      ; bokeh simulation when scattering]]
[2021.10.13-13.18.35:236][  0]LogConfig: Setting CVar [[r.DOF.Scatter.MaxSpriteRatio:0.1         ; only a maximum of 10% of scattered bokeh]]
[2021.10.13-13.18.35:236][  0]LogConfig: Setting CVar [[r.DOF.Recombine.Quality:1                ; cheap slight out of focus]]
[2021.10.13-13.18.35:236][  0]LogConfig: Setting CVar [[r.DOF.Recombine.EnableBokehSettings:0    ; no bokeh simulation on slight out of focus]]
[2021.10.13-13.18.35:236][  0]LogConfig: Setting CVar [[r.DOF.TemporalAAQuality:1                ; more stable temporal accumulation]]
[2021.10.13-13.18.35:236][  0]LogConfig: Setting CVar [[r.DOF.Kernel.MaxForegroundRadius:0.025]]
[2021.10.13-13.18.35:236][  0]LogConfig: Setting CVar [[r.DOF.Kernel.MaxBackgroundRadius:0.025]]
[2021.10.13-13.18.35:236][  0]LogConfig: Applying CVar settings from Section [TextureQuality@3] File [D:/Projets Dev/Unreal Engine/GTech 4/Food_Looter_GC/Food_Looter_GC/Saved/Config/Windows/Scalability.ini]
[2021.10.13-13.18.35:236][  0]LogConfig: Setting CVar [[r.Streaming.MipBias:0]]
[2021.10.13-13.18.35:236][  0]LogConfig: Setting CVar [[r.Streaming.AmortizeCPUToGPUCopy:0]]
[2021.10.13-13.18.35:237][  0]LogConfig: Setting CVar [[r.Streaming.MaxNumTexturesToStreamPerFrame:0]]
[2021.10.13-13.18.35:237][  0]LogConfig: Setting CVar [[r.Streaming.Boost:1]]
[2021.10.13-13.18.35:237][  0]LogConfig: Setting CVar [[r.MaxAnisotropy:8]]
[2021.10.13-13.18.35:237][  0]LogConfig: Setting CVar [[r.VT.MaxAnisotropy:8]]
[2021.10.13-13.18.35:237][  0]LogConfig: Setting CVar [[r.Streaming.LimitPoolSizeToVRAM:0]]
[2021.10.13-13.18.35:237][  0]LogConfig: Setting CVar [[r.Streaming.PoolSize:1000]]
[2021.10.13-13.18.35:237][  0]LogConfig: Setting CVar [[r.Streaming.MaxEffectiveScreenSize:0]]
[2021.10.13-13.18.35:237][  0]LogConfig: Applying CVar settings from Section [EffectsQuality@3] File [D:/Projets Dev/Unreal Engine/GTech 4/Food_Looter_GC/Food_Looter_GC/Saved/Config/Windows/Scalability.ini]
[2021.10.13-13.18.35:237][  0]LogConfig: Setting CVar [[r.TranslucencyLightingVolumeDim:64]]
[2021.10.13-13.18.35:237][  0]LogConfig: Setting CVar [[r.RefractionQuality:2]]
[2021.10.13-13.18.35:237][  0]LogConfig: Setting CVar [[r.SSR.Quality:3]]
[2021.10.13-13.18.35:237][  0]LogConfig: Setting CVar [[r.SSR.HalfResSceneColor:0]]
[2021.10.13-13.18.35:237][  0]LogConfig: Setting CVar [[r.SceneColorFormat:4]]
[2021.10.13-13.18.35:237][  0]LogConfig: Setting CVar [[r.DetailMode:2]]
[2021.10.13-13.18.35:237][  0]LogConfig: Setting CVar [[r.TranslucencyVolumeBlur:1]]
[2021.10.13-13.18.35:237][  0]LogConfig: Setting CVar [[r.MaterialQualityLevel:1 ; High quality]]
[2021.10.13-13.18.35:237][  0]LogConfig: Setting CVar [[r.AnisotropicMaterials:1]]
[2021.10.13-13.18.35:237][  0]LogConfig: Setting CVar [[r.SSS.Scale:1]]
[2021.10.13-13.18.35:237][  0]LogConfig: Setting CVar [[r.SSS.SampleSet:2]]
[2021.10.13-13.18.35:238][  0]LogConfig: Setting CVar [[r.SSS.Quality:1]]
[2021.10.13-13.18.35:238][  0]LogConfig: Setting CVar [[r.SSS.HalfRes:0]]
[2021.10.13-13.18.35:238][  0]LogConfig: Setting CVar [[r.SSGI.Quality:3]]
[2021.10.13-13.18.35:238][  0]LogConfig: Setting CVar [[r.EmitterSpawnRateScale:1.0]]
[2021.10.13-13.18.35:238][  0]LogConfig: Setting CVar [[r.ParticleLightQuality:2]]
[2021.10.13-13.18.35:238][  0]LogConfig: Setting CVar [[r.SkyAtmosphere.AerialPerspectiveLUT.FastApplyOnOpaque:1 ; Always have FastSkyLUT 1 in this case to avoid wrong sky]]
[2021.10.13-13.18.35:238][  0]LogConfig: Setting CVar [[r.SkyAtmosphere.AerialPerspectiveLUT.SampleCountMaxPerSlice:4]]
[2021.10.13-13.18.35:238][  0]LogConfig: Setting CVar [[r.SkyAtmosphere.AerialPerspectiveLUT.DepthResolution:16.0]]
[2021.10.13-13.18.35:238][  0]LogConfig: Setting CVar [[r.SkyAtmosphere.FastSkyLUT:1]]
[2021.10.13-13.18.35:238][  0]LogConfig: Setting CVar [[r.SkyAtmosphere.FastSkyLUT.SampleCountMin:4.0]]
[2021.10.13-13.18.35:238][  0]LogConfig: Setting CVar [[r.SkyAtmosphere.FastSkyLUT.SampleCountMax:128.0]]
[2021.10.13-13.18.35:238][  0]LogConfig: Setting CVar [[r.SkyAtmosphere.SampleCountMin:4.0]]
[2021.10.13-13.18.35:238][  0]LogConfig: Setting CVar [[r.SkyAtmosphere.SampleCountMax:128.0]]
[2021.10.13-13.18.35:238][  0]LogConfig: Setting CVar [[r.SkyAtmosphere.TransmittanceLUT.UseSmallFormat:0]]
[2021.10.13-13.18.35:238][  0]LogConfig: Setting CVar [[r.SkyAtmosphere.TransmittanceLUT.SampleCount:10.0]]
[2021.10.13-13.18.35:238][  0]LogConfig: Setting CVar [[r.SkyAtmosphere.MultiScatteringLUT.SampleCount:15.0]]
[2021.10.13-13.18.35:238][  0]LogConfig: Setting CVar [[r.SkyLight.RealTimeReflectionCapture:1]]
[2021.10.13-13.18.35:239][  0]LogConfig: Applying CVar settings from Section [FoliageQuality@3] File [D:/Projets Dev/Unreal Engine/GTech 4/Food_Looter_GC/Food_Looter_GC/Saved/Config/Windows/Scalability.ini]
[2021.10.13-13.18.35:239][  0]LogConfig: Setting CVar [[foliage.DensityScale:1.0]]
[2021.10.13-13.18.35:239][  0]LogConfig: Setting CVar [[grass.DensityScale:1.0]]
[2021.10.13-13.18.35:239][  0]LogConfig: Applying CVar settings from Section [ShadingQuality@3] File [D:/Projets Dev/Unreal Engine/GTech 4/Food_Looter_GC/Food_Looter_GC/Saved/Config/Windows/Scalability.ini]
[2021.10.13-13.18.35:239][  0]LogConfig: Setting CVar [[r.HairStrands.SkyLighting.IntegrationType:2]]
[2021.10.13-13.18.35:239][  0]LogConfig: Setting CVar [[r.HairStrands.SkyAO.SampleCount:4]]
[2021.10.13-13.18.35:239][  0]LogConfig: Setting CVar [[r.HairStrands.Visibility.MSAA.SamplePerPixel:4]]
[2021.10.13-13.18.35:239][  0]LogConfig: Applying CVar settings from Section [Startup] File [../../../Engine/Config/ConsoleVariables.ini]
[2021.10.13-13.18.35:240][  0]LogConfig: Setting CVar [[net.UseAdaptiveNetUpdateFrequency:0]]
[2021.10.13-13.18.35:240][  0]LogConfig: Setting CVar [[p.chaos.AllowCreatePhysxBodies:1]]
[2021.10.13-13.18.35:240][  0]LogConfig: Setting CVar [[fx.SkipVectorVMBackendOptimizations:1]]
[2021.10.13-13.18.35:240][  0]LogConfig: Applying CVar settings from Section [ConsoleVariables] File [D:/Projets Dev/Unreal Engine/GTech 4/Food_Looter_GC/Food_Looter_GC/Saved/Config/Windows/Engine.ini]
[2021.10.13-13.18.35:240][  0]LogConfig: Applying CVar settings from Section [ConsoleVariables] File [D:/Projets Dev/Unreal Engine/GTech 4/Food_Looter_GC/Food_Looter_GC/Saved/Config/Windows/Editor.ini]
[2021.10.13-13.18.35:240][  0]LogInit: Computer: LENOVO-ANTONIN
[2021.10.13-13.18.35:240][  0]LogInit: User: 33781
[2021.10.13-13.18.35:240][  0]LogInit: CPU Page size=4096, Cores=4
[2021.10.13-13.18.35:240][  0]LogInit: High frequency timer resolution =10.000000 MHz
[2021.10.13-13.18.35:240][  0]LogMemory: Memory total: Physical=15.9GB (16GB approx)
[2021.10.13-13.18.35:240][  0]LogMemory: Platform Memory Stats for Windows
[2021.10.13-13.18.35:240][  0]LogMemory: Process Physical Memory: 149.04 MB used, 149.04 MB peak
[2021.10.13-13.18.35:240][  0]LogMemory: Process Virtual Memory: 118.83 MB used, 118.83 MB peak
[2021.10.13-13.18.35:240][  0]LogMemory: Physical Memory: 8581.30 MB used,  7722.94 MB free, 16304.24 MB total
[2021.10.13-13.18.35:240][  0]LogMemory: Virtual Memory: 134207504.00 MB used,  10221.22 MB free, 134217728.00 MB total
[2021.10.13-13.18.35:258][  0]LogWindows: WindowsPlatformFeatures enabled
[2021.10.13-13.18.35:884][  0]LogInit: Physics initialised using underlying interface: PhysX
[2021.10.13-13.18.35:885][  0]LogInit: Using OS detected language (fr-FR).
[2021.10.13-13.18.35:886][  0]LogInit: Using OS detected locale (fr-FR).
[2021.10.13-13.18.35:889][  0]LogTextLocalizationManager: No specific localization for 'fr-FR' exists, so the 'fr' localization will be used.
[2021.10.13-13.18.35:890][  0]LogTextLocalizationResource: LocRes '../../../Engine/Content/Localization/Editor/fr/Editor.locres' could not be opened for reading!
[2021.10.13-13.18.35:890][  0]LogTextLocalizationResource: LocRes '../../../Engine/Content/Localization/EditorTutorials/fr/EditorTutorials.locres' could not be opened for reading!
[2021.10.13-13.18.35:890][  0]LogTextLocalizationResource: LocRes '../../../Engine/Content/Localization/Keywords/fr/Keywords.locres' could not be opened for reading!
[2021.10.13-13.18.35:890][  0]LogTextLocalizationResource: LocRes '../../../Engine/Content/Localization/Category/fr/Category.locres' could not be opened for reading!
[2021.10.13-13.18.35:890][  0]LogTextLocalizationResource: LocRes '../../../Engine/Content/Localization/ToolTips/fr/ToolTips.locres' could not be opened for reading!
[2021.10.13-13.18.35:891][  0]LogTextLocalizationResource: LocRes '../../../Engine/Content/Localization/PropertyNames/fr/PropertyNames.locres' could not be opened for reading!
[2021.10.13-13.18.35:891][  0]LogTextLocalizationResource: LocRes '../../../Engine/Content/Localization/Engine/fr/Engine.locres' could not be opened for reading!
[2021.10.13-13.18.35:893][  0]LogInit: Setting process to per monitor DPI aware
[2021.10.13-13.18.35:939][  0]LogWindowsTextInputMethodSystem: Display: IME system deactivated.
[2021.10.13-13.18.35:963][  0]LogSlate: New Slate User Created.  User Index 0, Is Virtual User: 0
[2021.10.13-13.18.35:963][  0]LogSlate: Slate User Registered.  User Index 0, Is Virtual User: 0
[2021.10.13-13.18.36:370][  0]LogD3D11RHI: Loaded GFSDK_Aftermath_Lib.x64.dll
[2021.10.13-13.18.36:428][  0]LogHMD: Optional extension XR_VARJO_quad_views is not available
[2021.10.13-13.18.36:428][  0]LogHMD: Warning: Required extension XR_EXT_eye_gaze_interaction is not available
[2021.10.13-13.18.36:428][  0]LogHMD: Could not enable all required OpenXR extensions for OpenXREyeTracker on current system. This plugin will be loaded but ignored, but will be enabled on a target platform that supports the required extension.
[2021.10.13-13.18.36:931][  0]LogHMD: Failed to get an OpenXR system, result is XR_ERROR_FORM_FACTOR_UNAVAILABLE. Please check that your runtime supports VR headsets.
[2021.10.13-13.18.36:931][  0]LogD3D11RHI: D3D11 min allowed feature level: 11_0
[2021.10.13-13.18.36:931][  0]LogD3D11RHI: D3D11 max allowed feature level: 11_0
[2021.10.13-13.18.36:931][  0]LogD3D11RHI: D3D11 adapters:
[2021.10.13-13.18.37:115][  0]LogD3D11RHI:    0. 'NVIDIA GeForce GTX 1660 Ti' (Feature Level 11_0)
[2021.10.13-13.18.37:115][  0]LogD3D11RHI:       5991/0/8152 MB DedicatedVideo/DedicatedSystem/SharedSystem, Outputs:1, VendorId:0x10de
[2021.10.13-13.18.37:134][  0]LogD3D11RHI:    1. 'Microsoft Basic Render Driver' (Feature Level 11_0)
[2021.10.13-13.18.37:134][  0]LogD3D11RHI:       0/0/8152 MB DedicatedVideo/DedicatedSystem/SharedSystem, Outputs:0, VendorId:0x1414
[2021.10.13-13.18.37:134][  0]LogD3D11RHI: Chosen D3D11 Adapter: 0
[2021.10.13-13.18.37:144][  0]LogD3D11RHI: Creating new Direct3DDevice
[2021.10.13-13.18.37:144][  0]LogD3D11RHI:     GPU DeviceId: 0x2191 (for the marketing name, search the web for "GPU Device Id")
[2021.10.13-13.18.37:144][  0]LogWindows: EnumDisplayDevices:
[2021.10.13-13.18.37:144][  0]LogWindows:    0. 'NVIDIA GeForce GTX 1660 Ti' (P:1 D:1)
[2021.10.13-13.18.37:145][  0]LogWindows:    1. 'NVIDIA GeForce GTX 1660 Ti' (P:0 D:0)
[2021.10.13-13.18.37:145][  0]LogWindows:    2. 'NVIDIA GeForce GTX 1660 Ti' (P:0 D:0)
[2021.10.13-13.18.37:145][  0]LogWindows:    3. 'NVIDIA GeForce GTX 1660 Ti' (P:0 D:0)
[2021.10.13-13.18.37:145][  0]LogWindows: DebugString: FoundDriverCount:4 
[2021.10.13-13.18.37:145][  0]LogD3D11RHI:     Adapter Name: NVIDIA GeForce GTX 1660 Ti
[2021.10.13-13.18.37:146][  0]LogD3D11RHI:   Driver Version: 472.12 (internal:30.0.14.7212, unified:472.12)
[2021.10.13-13.18.37:146][  0]LogD3D11RHI:      Driver Date: 9-13-2021
[2021.10.13-13.18.37:146][  0]LogRHI: Texture pool is 4193 MB (70% of 5991 MB)
[2021.10.13-13.18.37:270][  0]LogD3D11RHI: RHI has support for 64 bit atomics
[2021.10.13-13.18.37:270][  0]LogD3D11RHI: Async texture creation enabled
[2021.10.13-13.18.37:271][  0]LogD3D11RHI: Array index from any shader is supported
[2021.10.13-13.18.37:287][  0]LogD3D11RHI: GPU Timing Frequency: 1000.000000 (Debug: 2 1)
[2021.10.13-13.18.37:334][  0]LogRHI: GeForceNow SDK initialized: 1
[2021.10.13-13.18.37:767][  0]LogTargetPlatformManager: Display: Loaded TargetPlatform 'AllDesktop'
[2021.10.13-13.18.37:798][  0]LogTargetPlatformManager: Display: Loaded TargetPlatform 'Android'
[2021.10.13-13.18.37:798][  0]LogTargetPlatformManager: Display: Loaded TargetPlatform 'Android_ASTC'
[2021.10.13-13.18.37:798][  0]LogTargetPlatformManager: Display: Loaded TargetPlatform 'Android_DXT'
[2021.10.13-13.18.37:798][  0]LogTargetPlatformManager: Display: Loaded TargetPlatform 'Android_ETC2'
[2021.10.13-13.18.37:798][  0]LogTargetPlatformManager: Display: Loaded TargetPlatform 'AndroidClient'
[2021.10.13-13.18.37:798][  0]LogTargetPlatformManager: Display: Loaded TargetPlatform 'Android_ASTCClient'
[2021.10.13-13.18.37:798][  0]LogTargetPlatformManager: Display: Loaded TargetPlatform 'Android_DXTClient'
[2021.10.13-13.18.37:799][  0]LogTargetPlatformManager: Display: Loaded TargetPlatform 'Android_ETC2Client'
[2021.10.13-13.18.37:799][  0]LogTargetPlatformManager: Display: Loaded TargetPlatform 'Android_Multi'
[2021.10.13-13.18.37:799][  0]LogTargetPlatformManager: Display: Loaded TargetPlatform 'Android_MultiClient'
[2021.10.13-13.18.37:834][  0]LogTargetPlatformManager: Display: Loaded TargetPlatform 'IOSClient'
[2021.10.13-13.18.37:834][  0]LogTargetPlatformManager: Display: Loaded TargetPlatform 'IOS'
[2021.10.13-13.18.37:849][  0]LogTargetPlatformManager: Display: Loaded TargetPlatform 'Linux'
[2021.10.13-13.18.37:858][  0]LogTargetPlatformManager: Display: Loaded TargetPlatform 'LinuxNoEditor'
[2021.10.13-13.18.37:868][  0]LogTargetPlatformManager: Display: Loaded TargetPlatform 'LinuxClient'
[2021.10.13-13.18.37:877][  0]LogTargetPlatformManager: Display: Loaded TargetPlatform 'LinuxServer'
[2021.10.13-13.18.37:894][  0]LogTargetPlatformManager: Display: Loaded TargetPlatform 'LinuxAArch64NoEditor'
[2021.10.13-13.18.37:902][  0]LogTargetPlatformManager: Display: Loaded TargetPlatform 'LinuxAArch64Client'
[2021.10.13-13.18.37:910][  0]LogTargetPlatformManager: Display: Loaded TargetPlatform 'LinuxAArch64Server'
[2021.10.13-13.18.37:944][  0]LogTargetPlatformManager: Display: Loaded TargetPlatform 'Lumin'
[2021.10.13-13.18.37:944][  0]LogTargetPlatformManager: Display: Loaded TargetPlatform 'LuminClient'
[2021.10.13-13.18.37:958][  0]LogTargetPlatformManager: Display: Loaded TargetPlatform 'MacNoEditor'
[2021.10.13-13.18.37:967][  0]LogTargetPlatformManager: Display: Loaded TargetPlatform 'Mac'
[2021.10.13-13.18.37:976][  0]LogTargetPlatformManager: Display: Loaded TargetPlatform 'MacClient'
[2021.10.13-13.18.37:986][  0]LogTargetPlatformManager: Display: Loaded TargetPlatform 'MacServer'
[2021.10.13-13.18.38:002][  0]LogTargetPlatformManager: Display: Loaded TargetPlatform 'TVOSClient'
[2021.10.13-13.18.38:002][  0]LogTargetPlatformManager: Display: Loaded TargetPlatform 'TVOS'
[2021.10.13-13.18.38:017][  0]LogTargetPlatformManager: Display: Loaded TargetPlatform 'WindowsNoEditor'
[2021.10.13-13.18.38:026][  0]LogTargetPlatformManager: Display: Loaded TargetPlatform 'Windows'
[2021.10.13-13.18.38:034][  0]LogTargetPlatformManager: Display: Loaded TargetPlatform 'WindowsClient'
[2021.10.13-13.18.38:043][  0]LogTargetPlatformManager: Display: Loaded TargetPlatform 'WindowsServer'
[2021.10.13-13.18.38:043][  0]LogTargetPlatformManager: Display: Building Assets For Windows
[2021.10.13-13.18.38:068][  0]LogAudioDebug: Display: Lib vorbis DLL was dynamically loaded.
[2021.10.13-13.18.38:157][  0]LogTextureFormatOodle: Display: Oodle Texture 2.9.0 init RDO Off
[2021.10.13-13.18.38:324][  0]LogRendererCore: Ray tracing is disabled. Reason: r.RayTracing=0.
[2021.10.13-13.18.38:324][  0]LogShaderCompilers: Guid format shader working directory is -32 characters bigger than the processId version (../../../../../Projets Dev/Unreal Engine/GTech 4/Food_Looter_GC/Food_Looter_GC/Intermediate/Shaders/WorkingDirectory/3584/).
[2021.10.13-13.18.38:324][  0]LogShaderCompilers: Cleaned the shader compiler working directory 'C:/Users/33781/AppData/Local/Temp/UnrealShaderWorkingDir/646D9B5F4268A81BE219B8A25F5C908F/'.
[2021.10.13-13.18.38:325][  0]LogXGEController: Cannot use XGE Controller as Incredibuild is not installed on this machine.
[2021.10.13-13.18.38:325][  0]LogShaderCompilers: Cannot use XGE Shader Compiler as Incredibuild is not installed on this machine.
[2021.10.13-13.18.38:325][  0]LogShaderCompilers: Display: Using Local Shader Compiler.
[2021.10.13-13.18.39:264][  0]LogDerivedDataCache: Display: Max Cache Size: 512 MB
[2021.10.13-13.18.39:325][  0]LogDerivedDataCache: Loaded boot cache 0.06s 95MB C:/Users/33781/AppData/Local/UnrealEngine/4.27/DerivedDataCache/Boot.ddc.
[2021.10.13-13.18.39:325][  0]LogDerivedDataCache: Display: Loaded Boot cache: C:/Users/33781/AppData/Local/UnrealEngine/4.27/DerivedDataCache/Boot.ddc
[2021.10.13-13.18.39:325][  0]LogDerivedDataCache: FDerivedDataBackendGraph:  Pak pak cache file ../../../../../Projets Dev/Unreal Engine/GTech 4/Food_Looter_GC/Food_Looter_GC/DerivedDataCache/DDC.ddp not found, will not use a pak cache.
[2021.10.13-13.18.39:325][  0]LogDerivedDataCache: Unable to find inner node Pak for hierarchical cache Hierarchy.
[2021.10.13-13.18.39:325][  0]LogDerivedDataCache: FDerivedDataBackendGraph:  CompressedPak pak cache file ../../../../../Projets Dev/Unreal Engine/GTech 4/Food_Looter_GC/Food_Looter_GC/DerivedDataCache/Compressed.ddp not found, will not use a pak cache.
[2021.10.13-13.18.39:326][  0]LogDerivedDataCache: Unable to find inner node CompressedPak for hierarchical cache Hierarchy.
[2021.10.13-13.18.39:343][  0]LogDerivedDataCache: Display: Pak cache opened for reading ../../../Engine/DerivedDataCache/Compressed.ddp.
[2021.10.13-13.18.39:343][  0]LogDerivedDataCache: FDerivedDataBackendGraph:  EnterprisePak pak cache file ../../../Enterprise/DerivedDataCache/Compressed.ddp not found, will not use a pak cache.
[2021.10.13-13.18.39:343][  0]LogDerivedDataCache: Unable to find inner node EnterprisePak for hierarchical cache Hierarchy.
[2021.10.13-13.18.39:368][  0]LogDerivedDataCache: Speed tests for C:/Users/33781/AppData/Local/UnrealEngine/Common/DerivedDataCache took 0.02 seconds
[2021.10.13-13.18.39:368][  0]LogDerivedDataCache: Display: Performance to C:/Users/33781/AppData/Local/UnrealEngine/Common/DerivedDataCache: Latency=0.04ms. RandomReadSpeed=197.23MBs, RandomWriteSpeed=48.55MBs. Assigned SpeedClass 'Local'
[2021.10.13-13.18.39:370][  0]LogDerivedDataCache: Using Local data cache path C:/Users/33781/AppData/Local/UnrealEngine/Common/DerivedDataCache: Writable
[2021.10.13-13.18.39:371][  0]LogDerivedDataCache: Shared data cache path not found in *engine.ini, will not use an Shared cache.
[2021.10.13-13.18.39:371][  0]LogDerivedDataCache: Unable to find inner node Shared for hierarchical cache Hierarchy.
[2021.10.13-13.18.39:767][  0]LogSlate: Using FreeType 2.10.0
[2021.10.13-13.18.39:768][  0]LogSlate: SlateFontServices - WITH_FREETYPE: 1, WITH_HARFBUZZ: 1
[2021.10.13-13.18.40:270][  0]LogHMD: Failed to get an OpenXR system, result is XR_ERROR_FORM_FACTOR_UNAVAILABLE. Please check that your runtime supports VR headsets.
[2021.10.13-13.18.40:308][  0]LogAssetRegistry: FAssetRegistry took 0.0063 seconds to start up
[2021.10.13-13.18.40:589][  0]LogInit: Selected Device Profile: [Windows]
[2021.10.13-13.18.40:589][  0]LogInit: Active device profile: [000001D7D063D300][000001D7C6D12380 49] Windows
[2021.10.13-13.18.40:589][  0]LogInit: Profiles: [000001D7D063D300][000001D7C6D12380 49] Windows, [000001D7D15EE800][000001D7C75DA500 49] WindowsNoEditor, [000001D7D063E500][000001D7C75DE680 49] WindowsServer, [000001D7D15EF600][000001D7CCFFC800 49] WindowsClient, [000001D7D063F200][000001D7C75D6940 49] IOS, [000001D7D15ED300][000001D7CD000A80 49] iPadAir, [000001D7D063E900][000001D7CD004BC0 49] iPadAir2, [000001D7D15A1C00][000001D7C051AE40 49] IPadPro, [000001D7D15A1D00][000001D7CD008E80 49] iPadAir3, [000001D7D15EFC00][000001D7C051F000 49] iPadAir4, [000001D7D15A2C00][000001D7C0523180 49] iPadMini2, [000001D7D15ED600][000001D7C0527300 49] iPadMini3, [000001D7D15A0B00][000001D7C052B480 49] iPadMini4, [000001D7D15EFD00][000001D7C052F600 49] iPadMini5, [000001D7D15B9300][000001D7C05378C0 49] iPhone6, [000001D7D15B9400][000001D7C0533900 49] iPodTouch6, [000001D7D063D600][000001D7C053FBC0 49] iPhone7, [000001D7D063EB00][000001D7C053BC00 49] iPodTouch7, [000001D7D15A3B00][000001D7D05C8200 49] iPhone5S, [000001D7D063D800][000001D7D05CC380 49] iPhone6Plus, [000001D7D15A3000][000001D7D05D0500 49] iPhone6S, [000001D7D063FB00][000001D7D05D4680 49] iPhone6SPlus, [000001D7D15A1500][000001D7D05D8800 49] iPhone7Plus, [000001D7D063C100][000001D7D05DC980 49] iPhoneSE, [000001D7D063CB00][000001D7D05E0B00 49] iPhone8, [000001D7D15B8800][000001D7C0516C40 49] iPhone8Plus, [000001D7D063D400][000001D7D05E4D80 49] iPhoneX, [000001D7D15B8F00][000001D7D05E8EC0 49] iPhoneXS, [000001D7D063F700][000001D7D05F1040 49] iPhoneXSMax, [000001D7D15BB100][000001D7D05F51C0 49] iPhoneXR, [000001D7D063F800][000001D7D05F9340 49] iPhone11, [000001D7D15BBD00][000001D7D05FD4C0 49] iPhone11Pro, [000001D7D15A2700][000001D7C6C19640 49] iPhone11ProMax, [000001D7D15B8600][000001D7C6C1D7C0 49] iPhoneSE2, [000001D7D15A2100][000001D7C6C21940 49] iPhone12Mini, [000001D7D15BB800][000001D7C6C25AC0 49] iPhone12, [000001D7D15A1A00][000001D7C6C280C0 49] iPhone12Pro, [000001D7D15B9E00][000001D7C6C2C240 49] iPhone12ProMax, [000001D7D15A3F00][000001D7C6C303C0 49] iPadPro105, [000001D7D15BB400][000001D7C6C34540 49] iPadPro129, [000001D7D15A3700][000001D7C6C386C0 49] iPadPro97, [000001D7D15BA200][000001D7C6C3C840 49] iPadPro2_129, [000001D7D15A1600][000001D7C6C409C0 49] iPad5, [000001D7D15B8C00][000001D7C6C44B40 49] iPad6, [000001D7D15A2500][000001D7C6C48CC0 49] iPad7, [000001D7D15BAB00][000001D7D05ECE00 49] iPad8, [000001D7D15A1300][000001D7C6C4CF40 49] iPadPro11, [000001D7D15BBE00][000001D7C6C51080 49] iPadPro2_11, [000001D7D15A2000][000001D7C6C551C0 49] iPadPro3_129, [000001D7D15B8100][000001D7C6C5D340 49] iPadPro4_129, [000001D7D15A0F00][000001D7C6C614C0 49] AppleTV, [000001D7D15BBB00][000001D7C6C65640 49] AppleTV4K, [000001D7D15A1800][000001D7C6C697C0 49] TVOS, [000001D7D15B8400][000001D7C6C6D940 49] Mac, [000001D7D15A3400][000001D7C6C71AC0 49] MacClient, [000001D7D15BA800][000001D7C6C740C0 49] MacNoEditor, [000001D7D15A2D00][000001D7C6C78240 49] MacServer, [000001D7D15B9900][000001D7C6C7C3C0 49] Linux, [000001D7D15A3200][000001D7C6C80540 49] LinuxAArch64, [000001D7D15BA000][000001D7C6C846C0 49] LinuxNoEditor, [000001D7D15A2800][000001D7C6C88840 49] LinuxAArch64NoEditor, [000001D7D15B8A00][000001D7C6C8C9C0 49] LinuxClient, [000001D7D15A0500][000001D7C6C90B40 49] LinuxAArch64Client, [000001D7D15BA100][000001D7BD300CC0 49] LinuxServer, [000001D7D15A3100][000001D7BD304E40 49] LinuxAArch64Server, [000001D7D15BAE00][000001D7C6C58F80 49] Android, [000001D7D15A3500][000001D7BD30D0C0 49] Android_Low, [000001D7D15B8900][000001D7BD31D200 49] Android_Mid, [000001D7D15A3A00][000001D7BD321340 49] Android_High, [000001D7D15B9700][000001D7CE19D4C0 49] Android_Default, [000001D7D15A0300][000001D7CE1B1640 49] Android_Adreno4xx, [000001D7D15B8E00][000001D7D19A17C0 49] Android_Adreno5xx_Low, [000001D7D15A0E00][000001D7D19DF940 49] Android_Adreno5xx, [000001D7D15BB300][000001D7D1A03AC0 49] Android_Adreno6xx, [000001D7D15A2600][000001D7D1A060C0 49] Android_Adreno6xx_Vulkan, [000001D7D15BA400][000001D7BD32C240 49] Android_Mali_T6xx, [000001D7D15A3E00][000001D7D1A0A3C0 49] Android_Mali_T7xx, [000001D7D15B8500][000001D7C7568540 49] Android_Mali_T8xx, [000001D7D15A3300][000001D7C756C6C0 49] Android_Mali_G71, [000001D7D15BB600][000001D7D1680840 49] Android_Mali_G72, [000001D7D15A1B00][000001D7D16889C0 49] Android_Mali_G72_Vulkan, [000001D7D15BAC00][000001D7D16BCB40 49] Android_Mali_G76, [000001D7D15A2F00][000001D7D16CCCC0 49] Android_Mali_G76_Vulkan, [000001D7D063C300][000001D7D16D0E40 49] Android_Mali_G77, [000001D7D15EEF00][000001D7D02CEFC0 49] Android_Mali_G77_Vulkan, [000001D7D063EA00][000001D7D02D3140 49] Android_Mali_G78, [000001D7D15EFB00][000001D7BD329280 49] Android_Mali_G78_Vulkan, [000001D7D063C900][000001D7D1DA93C0 49] Android_Mali_G710, [000001D7D15EE600][000001D7D1DAD500 49] Android_Mali_G710_Vulkan, [000001D7D063F300][000001D7D034B680 49] Android_Vulkan_SM5, [000001D7D15ED400][000001D7D034F800 49] Android_PowerVR_G6xxx, [000001D7D063C600][000001D7D035B980 49] Android_PowerVR_GT7xxx, [000001D7D15EF100][000001D7D035FB00 49] Android_PowerVR_GE8xxx, [000001D7D063E000][000001D7D1AD4100 49] Android_PowerVR_GM9xxx, [000001D7D15EE900][000001D7D1AD8280 49] Android_PowerVR_GM9xxx_Vulkan, [000001D7D063F600][000001D7D036A400 49] Android_TegraK1, [000001D7D15ED000][000001D7D036E580 49] Android_Unknown_Vulkan, [000001D7D063E100][000001D7D0372700 49] Lumin, [000001D7D15EFE00][000001D7D1DF8880 49] Lumin_Desktop, [000001D7D063DD00][000001D7D0366A00 49] HoloLens, 
[2021.10.13-13.18.40:800][  0]LogMeshReduction: Using QuadricMeshReduction for automatic static mesh reduction
[2021.10.13-13.18.40:800][  0]LogMeshReduction: Using SimplygonMeshReduction for automatic skeletal mesh reduction
[2021.10.13-13.18.40:800][  0]LogMeshReduction: Using ProxyLODMeshReduction for automatic mesh merging
[2021.10.13-13.18.40:800][  0]LogMeshReduction: No distributed automatic mesh merging module available
[2021.10.13-13.18.40:800][  0]LogMeshMerging: No distributed automatic mesh merging module available
[2021.10.13-13.18.40:831][  0]LogNetVersion: Food_Looter_GC 1.0.0, NetCL: 17155196, EngineNetVer: 17, GameNetVer: 0 (Checksum: 1521944047)
[2021.10.13-13.18.41:404][  0]LogTexture: Default maximum texture size for cubemaps generated from long-lat sources has been changed from 512 to unlimited. In order to preserve old behaiour for '/Engine/MapTemplates/Sky/DaylightAmbientCubemap.DaylightAmbientCubemap', its maximum texture size has been explicitly set to 512.
[2021.10.13-13.18.41:478][  0]LogHMD: PokeAHoleMaterial loaded successfully
[2021.10.13-13.18.41:484][  0]LogUObjectArray: 17075 objects as part of root set at end of initial load.
[2021.10.13-13.18.41:484][  0]LogUObjectAllocator: 4275600 out of 0 bytes used by permanent object pool.
[2021.10.13-13.18.41:485][  0]LogUObjectArray: CloseDisregardForGC: 0/0 objects in disregard for GC pool
[2021.10.13-13.18.42:100][  0]LogNiagaraDebuggerClient: Niagara Debugger Client Initialized | Session: 0B77E8B84846A746095560B318AD43BA | Instance: 57BA83A54E3806584F83E9AA37A9AD78 (LENOVO-ANTONIN-3584).
[2021.10.13-13.18.42:127][  0]LogStreaming: Warning: Failed to read file '../../../Engine/Content/Editor/Slate/Niagara/MenuSeparator.png' error.
[2021.10.13-13.18.42:127][  0]LogSlate: Could not find file for Slate resource: ../../../Engine/Content/Editor/Slate/Niagara/MenuSeparator.png
[2021.10.13-13.18.42:127][  0]LogStreaming: Warning: Failed to read file '../../../Engine/Content/Editor/Slate/Niagara/Common/Selector.png' error.
[2021.10.13-13.18.42:127][  0]LogSlate: Could not find file for Slate resource: ../../../Engine/Content/Editor/Slate/Niagara/Common/Selector.png
[2021.10.13-13.18.42:127][  0]LogStreaming: Warning: Failed to read file '../../../Engine/Content/Editor/Slate/Niagara/Common/Selection.png' error.
[2021.10.13-13.18.42:127][  0]LogSlate: Could not find file for Slate resource: ../../../Engine/Content/Editor/Slate/Niagara/Common/Selection.png
[2021.10.13-13.18.42:127][  0]LogStreaming: Warning: Failed to read file '../../../Engine/Content/Editor/Slate/Niagara/Common/DropZoneIndicator_Onto.png' error.
[2021.10.13-13.18.42:127][  0]LogSlate: Could not find file for Slate resource: ../../../Engine/Content/Editor/Slate/Niagara/Common/DropZoneIndicator_Onto.png
[2021.10.13-13.18.42:127][  0]LogStreaming: Warning: Failed to read file '../../../Engine/Content/Editor/Slate/Niagara/Common/DropZoneIndicator_Above.png' error.
[2021.10.13-13.18.42:127][  0]LogSlate: Could not find file for Slate resource: ../../../Engine/Content/Editor/Slate/Niagara/Common/DropZoneIndicator_Above.png
[2021.10.13-13.18.42:128][  0]LogStreaming: Warning: Failed to read file '../../../Engine/Content/Editor/Slate/Niagara/Common/DropZoneIndicator_Below.png' error.
[2021.10.13-13.18.42:128][  0]LogSlate: Could not find file for Slate resource: ../../../Engine/Content/Editor/Slate/Niagara/Common/DropZoneIndicator_Below.png
[2021.10.13-13.18.42:128][  0]LogStreaming: Warning: Failed to read file '../../../Engine/Content/Editor/Slate/Niagara/Common/RoundedSelection_16x.png' error.
[2021.10.13-13.18.42:128][  0]LogSlate: Could not find file for Slate resource: ../../../Engine/Content/Editor/Slate/Niagara/Common/RoundedSelection_16x.png
[2021.10.13-13.18.42:128][  0]LogStreaming: Warning: Failed to read file '../../../Engine/Content/Editor/Slate/Niagara/Common/FlatButton.png' error.
[2021.10.13-13.18.42:128][  0]LogSlate: Could not find file for Slate resource: ../../../Engine/Content/Editor/Slate/Niagara/Common/FlatButton.png
[2021.10.13-13.18.42:128][  0]LogImageWrapper: Warning: PNG Warning: Duplicate iCCP chunk
[2021.10.13-13.18.42:128][  0]LogImageWrapper: Warning: PNG Warning: Duplicate iCCP chunk
[2021.10.13-13.18.42:292][  0]LogTcpMessaging: Initializing TcpMessaging bridge
[2021.10.13-13.18.42:301][  0]LogUdpMessaging: Initializing bridge on interface 0.0.0.0:0 to multicast group 230.0.0.1:6666.
[2021.10.13-13.18.42:413][  0]LogPython: Using Python 3.7.7
[2021.10.13-13.18.43:085][  0]LogLinker: Warning: Failed to load '/Game/ThirdPersonBP/ThirdPersonOverview': Can't find file.
[2021.10.13-13.18.43:085][  0]LogLinker: Warning: Failed to load '/Game/ThirdPersonBP/ThirdPersonOverview': Can't find file.
[2021.10.13-13.18.43:085][  0]LogUObjectGlobals: Warning: Failed to find object 'Class /Game/ThirdPersonBP/ThirdPersonOverview.ThirdPersonOverview_C'
[2021.10.13-13.18.43:377][  0]SourceControl: Source control is disabled
[2021.10.13-13.18.43:378][  0]SourceControl: Source control is disabled
[2021.10.13-13.18.43:384][  0]SourceControl: Source control is disabled
[2021.10.13-13.18.43:424][  0]SourceControl: Source control is disabled
[2021.10.13-13.18.43:439][  0]LogUProjectInfo: Found projects:
[2021.10.13-13.18.43:454][  0]SourceControl: Source control is disabled
[2021.10.13-13.18.43:588][  0]LogAndroidPermission: UAndroidPermissionCallbackProxy::GetInstance
[2021.10.13-13.18.43:636][  0]LogAudioCaptureCore: Display: No Audio Capture implementations found. Audio input will be silent.
[2021.10.13-13.18.43:636][  0]LogAudioCaptureCore: Display: No Audio Capture implementations found. Audio input will be silent.
[2021.10.13-13.18.44:122][  0]LogOpenImageDenoise: OIDN starting up
[2021.10.13-13.18.44:140][  0]LogCollectionManager: Loaded 0 collections in 0.001863 seconds
[2021.10.13-13.18.44:189][  0]LogFileCache: Scanning file cache for directory 'D:/Projets Dev/Unreal Engine/GTech 4/Food_Looter_GC/Food_Looter_GC/Saved/Collections/' took 0.00s
[2021.10.13-13.18.44:189][  0]LogFileCache: Scanning file cache for directory 'D:/Projets Dev/Unreal Engine/GTech 4/Food_Looter_GC/Food_Looter_GC/Content/Developers/33781/Collections/' took 0.00s
[2021.10.13-13.18.44:189][  0]LogFileCache: Scanning file cache for directory 'D:/Projets Dev/Unreal Engine/GTech 4/Food_Looter_GC/Food_Looter_GC/Content/Collections/' took 0.00s
[2021.10.13-13.18.44:189][  0]LogOcInput: OculusInput pre-init called
[2021.10.13-13.18.44:450][  0]LogStreaming: Warning: Failed to read file '../../../Engine/Content/Editor/Slate/Niagara/MenuSeparator.png' error.
[2021.10.13-13.18.44:451][  0]LogSlate: Could not find file for Slate resource: ../../../Engine/Content/Editor/Slate/Niagara/MenuSeparator.png
[2021.10.13-13.18.44:451][  0]LogStreaming: Warning: Failed to read file '../../../Engine/Content/Editor/Slate/Niagara/Common/Selector.png' error.
[2021.10.13-13.18.44:451][  0]LogSlate: Could not find file for Slate resource: ../../../Engine/Content/Editor/Slate/Niagara/Common/Selector.png
[2021.10.13-13.18.44:451][  0]LogStreaming: Warning: Failed to read file '../../../Engine/Content/Editor/Slate/Niagara/Common/Selection.png' error.
[2021.10.13-13.18.44:451][  0]LogSlate: Could not find file for Slate resource: ../../../Engine/Content/Editor/Slate/Niagara/Common/Selection.png
[2021.10.13-13.18.44:451][  0]LogStreaming: Warning: Failed to read file '../../../Engine/Content/Editor/Slate/Niagara/Common/DropZoneIndicator_Above.png' error.
[2021.10.13-13.18.44:451][  0]LogSlate: Could not find file for Slate resource: ../../../Engine/Content/Editor/Slate/Niagara/Common/DropZoneIndicator_Above.png
[2021.10.13-13.18.44:451][  0]LogImageWrapper: Warning: PNG Warning: Duplicate iCCP chunk
[2021.10.13-13.18.44:451][  0]LogStreaming: Warning: Failed to read file '../../../Engine/Content/Editor/Slate/Niagara/Common/DropZoneIndicator_Onto.png' error.
[2021.10.13-13.18.44:452][  0]LogSlate: Could not find file for Slate resource: ../../../Engine/Content/Editor/Slate/Niagara/Common/DropZoneIndicator_Onto.png
[2021.10.13-13.18.44:452][  0]LogStreaming: Warning: Failed to read file '../../../Engine/Content/Editor/Slate/Niagara/Common/DropZoneIndicator_Below.png' error.
[2021.10.13-13.18.44:452][  0]LogSlate: Could not find file for Slate resource: ../../../Engine/Content/Editor/Slate/Niagara/Common/DropZoneIndicator_Below.png
[2021.10.13-13.18.44:452][  0]LogStreaming: Warning: Failed to read file '../../../Engine/Content/Editor/Slate/Niagara/Common/RoundedSelection_16x.png' error.
[2021.10.13-13.18.44:452][  0]LogSlate: Could not find file for Slate resource: ../../../Engine/Content/Editor/Slate/Niagara/Common/RoundedSelection_16x.png
[2021.10.13-13.18.44:452][  0]LogStreaming: Warning: Failed to read file '../../../Engine/Content/Editor/Slate/Niagara/Common/FlatButton.png' error.
[2021.10.13-13.18.44:452][  0]LogSlate: Could not find file for Slate resource: ../../../Engine/Content/Editor/Slate/Niagara/Common/FlatButton.png
[2021.10.13-13.18.44:452][  0]LogImageWrapper: Warning: PNG Warning: Duplicate iCCP chunk
[2021.10.13-13.18.44:562][  0]LogEngine: Initializing Engine...
[2021.10.13-13.18.45:063][  0]LogHMD: Failed to get an OpenXR system, result is XR_ERROR_FORM_FACTOR_UNAVAILABLE. Please check that your runtime supports VR headsets.
[2021.10.13-13.18.45:063][  0]LogMagicLeap: Warning: VR disabled because ZI is not enabled.  To enable, in the editor, Edit -> Project Settings -> Plugins -> Magic Leap Plugin -> Enable Zero Iteration
[2021.10.13-13.18.45:064][  0]LogStats: UGameplayTagsManager::InitializeManager -  0.000 s
[2021.10.13-13.18.45:226][  0]LogInit: Initializing FReadOnlyCVARCache
[2021.10.13-13.18.45:240][  0]LogAIModule: Creating AISystem for world Untitled
[2021.10.13-13.18.45:249][  0]LogAudio: Display: Initializing Audio Device Manager...
[2021.10.13-13.18.45:257][  0]LogAudio: Display: Loading Default Audio Settings Objects...
[2021.10.13-13.18.45:259][  0]LogAudio: Display: No default SoundConcurrencyObject specified (or failed to load).
[2021.10.13-13.18.45:260][  0]LogAudio: Display: Audio Device Manager Initialized
[2021.10.13-13.18.45:260][  0]LogAudio: Display: Creating Audio Device:                 Id: 1, Scope: Shared, Realtime: True
[2021.10.13-13.18.45:260][  0]LogAudioMixer: Display: Audio Mixer Platform Settings:
[2021.10.13-13.18.45:260][  0]LogAudioMixer: Display: 	Sample Rate:						  48000
[2021.10.13-13.18.45:260][  0]LogAudioMixer: Display: 	Callback Buffer Frame Size Requested: 1024
[2021.10.13-13.18.45:260][  0]LogAudioMixer: Display: 	Callback Buffer Frame Size To Use:	  1024
[2021.10.13-13.18.45:261][  0]LogAudioMixer: Display: 	Number of buffers to queue:			  2
[2021.10.13-13.18.45:261][  0]LogAudioMixer: Display: 	Max Channels (voices):				  32
[2021.10.13-13.18.45:261][  0]LogAudioMixer: Display: 	Number of Async Source Workers:		  0
[2021.10.13-13.18.45:261][  0]LogAudio: Display: AudioDevice MaxSources: 32
[2021.10.13-13.18.45:262][  0]LogAudio: Display: Audio Spatialization Plugin: None (built-in).
[2021.10.13-13.18.45:262][  0]LogAudio: Display: Audio Reverb Plugin: None (built-in).
[2021.10.13-13.18.45:262][  0]LogAudio: Display: Audio Occlusion Plugin: None (built-in).
[2021.10.13-13.18.45:262][  0]LogAudioMixer: Display: Initializing audio mixer.
[2021.10.13-13.18.45:295][  0]LogAudioMixer: Display: 0: FrontLeft
[2021.10.13-13.18.45:295][  0]LogAudioMixer: Display: 1: FrontRight
[2021.10.13-13.18.45:570][  0]LogAudioMixer: Display: Using Audio Device Haut-parleurs (Realtek(R) Audio)
[2021.10.13-13.18.45:573][  0]LogAudioMixer: Display: Initializing Sound Submixes...
[2021.10.13-13.18.45:580][  0]LogAudioMixer: Display: Creating Master Submix 'MasterSubmixDefault'
[2021.10.13-13.18.45:580][  0]LogAudioMixer: Display: Creating Master Submix 'MasterReverbSubmixDefault'
[2021.10.13-13.18.45:581][  0]LogAudioMixer: Display: Creating Master Submix 'MasterEQSubmixDefault'
[2021.10.13-13.18.45:581][  0]LogAudioMixer: FMixerPlatformXAudio2::StartAudioStream() called
[2021.10.13-13.18.45:581][  0]LogAudioMixer: Display: Output buffers initialized: Frames=1024, Channels=2, Samples=2048
[2021.10.13-13.18.45:584][  0]LogAudioMixer: Display: Starting AudioMixerPlatformInterface::RunInternal()
[2021.10.13-13.18.45:584][  0]LogAudioMixer: Display: FMixerPlatformXAudio2::SubmitBuffer() called for the first time
[2021.10.13-13.18.45:584][  0]LogInit: FAudioDevice initialized.
[2021.10.13-13.18.45:584][  0]LogAudio: Display: Audio Device (ID: 1) registered with world 'Untitled'.
[2021.10.13-13.18.45:584][  0]LogNetVersion: Set ProjectVersion to 1.0.0.0. Version Checksum will be recalculated on next use.
[2021.10.13-13.18.45:633][  0]LogDerivedDataCache: Saved boot cache 0.05s 95MB C:/Users/33781/AppData/Local/UnrealEngine/4.27/DerivedDataCache/Boot.ddc.
[2021.10.13-13.18.45:634][  0]LogInit: Texture streaming: Enabled
[2021.10.13-13.18.45:660][  0]LogAnalytics: Display: [UEEditor.Rocket.Release] APIServer = https://datarouter.ol.epicgames.com/. AppVersion = 4.27.0-17155196+++UE4+Release-4.27
[2021.10.13-13.18.45:675][  0]LogEngineSessionManager: EngineSessionManager initialized
[2021.10.13-13.18.45:675][  0]LogEngineSessionManager: EngineSessionManager sent abnormal shutdown report. Type=Crashed, SessionId={177A3C9B-4700-564F-4864-7D92D6A8FEC2}
[2021.10.13-13.18.45:676][  0]LogEditorSessionSummary: Verbose: Initializing EditorSessionSummaryWriter for editor session tracking
[2021.10.13-13.18.45:693][  0]LogEditorSessionSummary: EditorSessionSummaryWriter initialized
[2021.10.13-13.18.45:744][  0]LogInit: Transaction tracking system initialized
[2021.10.13-13.18.45:791][  0]BlueprintLog: New page: Editor Load
[2021.10.13-13.18.45:921][  0]LocalizationService: Localization service is disabled
[2021.10.13-13.18.45:970][  0]TimingProfiler: Initialize
[2021.10.13-13.18.45:970][  0]TimingProfiler: OnSessionChanged
[2021.10.13-13.18.45:970][  0]LoadingProfiler: Initialize
[2021.10.13-13.18.45:970][  0]LoadingProfiler: OnSessionChanged
[2021.10.13-13.18.45:971][  0]NetworkingProfiler: Initialize
[2021.10.13-13.18.45:971][  0]NetworkingProfiler: OnSessionChanged
[2021.10.13-13.18.45:971][  0]MemoryProfiler: Initialize
[2021.10.13-13.18.45:971][  0]MemoryProfiler: OnSessionChanged
[2021.10.13-13.18.46:219][  0]LogCook: Display: CookSettings for Memory: MemoryMaxUsedVirtual 0MiB, MemoryMaxUsedPhysical 16384MiB, MemoryMinFreeVirtual 0MiB, MemoryMinFreePhysical 1024MiB
[2021.10.13-13.18.46:220][  0]LogCook: Display: Mobile HDR setting 1
[2021.10.13-13.18.46:577][  0]LogFileCache: Scanning file cache for directory 'D:/Projets Dev/Unreal Engine/GTech 4/Food_Looter_GC/Food_Looter_GC/Content/' took 0.01s
[2021.10.13-13.18.46:577][  0]LogInit: Display: Engine is initialized. Leaving FEngineLoop::Init()
[2021.10.13-13.18.46:588][  0]SourceControl: Source control is disabled
[2021.10.13-13.18.46:588][  0]LogUnrealEdMisc: Loading editor; pre map load, took 14.747
[2021.10.13-13.18.46:589][  0]Cmd: MAP LOAD FILE="../../../Engine/Content/Maps/Templates/Template_Default.umap" TEMPLATE=1 SHOWPROGRESS=1 FEATURELEVEL=3
[2021.10.13-13.18.46:589][  0]LightingResults: New page: Lighting Build
[2021.10.13-13.18.46:591][  0]LogWorld: UWorld::CleanupWorld for Untitled, bSessionEnded=true, bCleanupResources=true
[2021.10.13-13.18.46:591][  0]LogSlate: InvalidateAllWidgets triggered.  All widgets were invalidated
[2021.10.13-13.18.46:591][  0]MapCheck: New page: Map Check
[2021.10.13-13.18.46:592][  0]LightingResults: New page: Lighting Build
[2021.10.13-13.18.46:597][  0]LogAudio: Display: Audio Device unregistered from world 'None'.
[2021.10.13-13.18.46:601][  0]LogUObjectHash: Compacting FUObjectHashTables data took   0.88ms
[2021.10.13-13.18.46:668][  0]LogTexture: Display: Building textures: DeprecatedTextureEB9CBE3C423008B5E8E130901E171C89 (BGRA8, 128X128)
[2021.10.13-13.18.46:677][  0]LogAudio: Display: Audio Device (ID: 1) registered with world 'Untitled_1'.
[2021.10.13-13.18.46:679][  0]LogAIModule: Creating AISystem for world Untitled_1
[2021.10.13-13.18.46:687][  0]LogEditorServer: Finished looking for orphan Actors (0.000 secs)
[2021.10.13-13.18.46:696][  0]LogUObjectHash: Compacting FUObjectHashTables data took   1.31ms
[2021.10.13-13.18.46:696][  0]Cmd: MAP CHECKDEP NOCLEARLOG
[2021.10.13-13.18.46:696][  0]MapCheck: Map check complete: 0 Error(s), 0 Warning(s), took 0,195ms to complete.
[2021.10.13-13.18.46:696][  0]LogFileHelpers: Loading map 'Template_Default' took 0.107
[2021.10.13-13.18.46:699][  0]LogUnrealEdMisc: Total Editor Startup Time, took 14.857
[2021.10.13-13.18.46:837][  0]LogSlate: Updating window title bar state: overlay mode, drag disabled, window buttons hidden, title bar hidden
[2021.10.13-13.18.46:847][  0]LogSlate: Updating window title bar state: overlay mode, drag disabled, window buttons hidden, title bar hidden
[2021.10.13-13.18.46:854][  0]LogSlate: Updating window title bar state: overlay mode, drag disabled, window buttons hidden, title bar hidden
[2021.10.13-13.18.46:862][  0]LogSlate: Updating window title bar state: overlay mode, drag disabled, window buttons hidden, title bar hidden
[2021.10.13-13.18.46:889][  0]LogNativeClassHierarchy: Verbose: Native class hierarchy populated in 0.0130 seconds. Added 3825 classes and 923 folders.
[2021.10.13-13.18.46:910][  0]LogNativeClassHierarchy: Verbose: Native class hierarchy updated for 'WidgetCarousel' in 0.0003 seconds. Added 0 classes and 0 folders.
[2021.10.13-13.18.46:913][  0]LogPakFile: PakFile PrimaryIndexSize=187
[2021.10.13-13.18.46:913][  0]LogPakFile: PakFile PathHashIndexSize=101
[2021.10.13-13.18.46:913][  0]LogPakFile: PakFile FullDirectoryIndexSize=148
[2021.10.13-13.18.46:913][  0]LogShaderLibrary: Display: ShaderCodeLibraryPakFileMountedCallback: PakFile 'D:/Epic Games/UE_4.27/FeaturePacks/FP_FirstPerson.upack' (chunk index -1, root 'root:/') mounted
[2021.10.13-13.18.46:913][  0]LogShaderLibrary: Display: ShaderCodeLibraryPakFileMountedCallback: pending pak file info (ChunkID:-1 Root:root:/ File:D:/Epic Games/UE_4.27/FeaturePacks/FP_FirstPerson.upack)
[2021.10.13-13.18.46:914][  0]LogPakFile: OnPakFileMounted2Time == 0.000224
[2021.10.13-13.18.46:915][  0]LogPakFile: PakFile PrimaryIndexSize=189
[2021.10.13-13.18.46:915][  0]LogPakFile: PakFile PathHashIndexSize=101
[2021.10.13-13.18.46:915][  0]LogPakFile: PakFile FullDirectoryIndexSize=152
[2021.10.13-13.18.46:915][  0]LogShaderLibrary: Display: ShaderCodeLibraryPakFileMountedCallback: PakFile 'D:/Epic Games/UE_4.27/FeaturePacks/FP_FirstPersonBP.upack' (chunk index -1, root 'root:/') mounted
[2021.10.13-13.18.46:916][  0]LogShaderLibrary: Display: ShaderCodeLibraryPakFileMountedCallback: pending pak file info (ChunkID:-1 Root:root:/ File:D:/Epic Games/UE_4.27/FeaturePacks/FP_FirstPersonBP.upack)
[2021.10.13-13.18.46:916][  0]LogPakFile: OnPakFileMounted2Time == 0.000179
[2021.10.13-13.18.46:918][  0]LogPakFile: PakFile PrimaryIndexSize=191
[2021.10.13-13.18.46:918][  0]LogPakFile: PakFile PathHashIndexSize=101
[2021.10.13-13.18.46:918][  0]LogPakFile: PakFile FullDirectoryIndexSize=160
[2021.10.13-13.18.46:918][  0]LogShaderLibrary: Display: ShaderCodeLibraryPakFileMountedCallback: PakFile 'D:/Epic Games/UE_4.27/FeaturePacks/MobileStarterContent.upack' (chunk index -1, root 'root:/') mounted
[2021.10.13-13.18.46:918][  0]LogShaderLibrary: Display: ShaderCodeLibraryPakFileMountedCallback: pending pak file info (ChunkID:-1 Root:root:/ File:D:/Epic Games/UE_4.27/FeaturePacks/MobileStarterContent.upack)
[2021.10.13-13.18.46:918][  0]LogPakFile: OnPakFileMounted2Time == 0.000240
[2021.10.13-13.18.46:920][  0]LogPakFile: PakFile PrimaryIndexSize=185
[2021.10.13-13.18.46:920][  0]LogPakFile: PakFile PathHashIndexSize=101
[2021.10.13-13.18.46:920][  0]LogPakFile: PakFile FullDirectoryIndexSize=148
[2021.10.13-13.18.46:920][  0]LogShaderLibrary: Display: ShaderCodeLibraryPakFileMountedCallback: PakFile 'D:/Epic Games/UE_4.27/FeaturePacks/StarterContent.upack' (chunk index -1, root 'root:/') mounted
[2021.10.13-13.18.46:920][  0]LogShaderLibrary: Display: ShaderCodeLibraryPakFileMountedCallback: pending pak file info (ChunkID:-1 Root:root:/ File:D:/Epic Games/UE_4.27/FeaturePacks/StarterContent.upack)
[2021.10.13-13.18.46:921][  0]LogPakFile: OnPakFileMounted2Time == 0.000174
[2021.10.13-13.18.46:922][  0]LogPakFile: PakFile PrimaryIndexSize=190
[2021.10.13-13.18.46:922][  0]LogPakFile: PakFile PathHashIndexSize=101
[2021.10.13-13.18.46:922][  0]LogPakFile: PakFile FullDirectoryIndexSize=154
[2021.10.13-13.18.46:923][  0]LogShaderLibrary: Display: ShaderCodeLibraryPakFileMountedCallback: PakFile 'D:/Epic Games/UE_4.27/FeaturePacks/TP_2DSideScroller.upack' (chunk index -1, root 'root:/') mounted
[2021.10.13-13.18.46:923][  0]LogShaderLibrary: Display: ShaderCodeLibraryPakFileMountedCallback: pending pak file info (ChunkID:-1 Root:root:/ File:D:/Epic Games/UE_4.27/FeaturePacks/TP_2DSideScroller.upack)
[2021.10.13-13.18.46:923][  0]LogPakFile: OnPakFileMounted2Time == 0.000264
[2021.10.13-13.18.46:925][  0]LogPakFile: PakFile PrimaryIndexSize=192
[2021.10.13-13.18.46:925][  0]LogPakFile: PakFile PathHashIndexSize=101
[2021.10.13-13.18.46:925][  0]LogPakFile: PakFile FullDirectoryIndexSize=158
[2021.10.13-13.18.46:925][  0]LogShaderLibrary: Display: ShaderCodeLibraryPakFileMountedCallback: PakFile 'D:/Epic Games/UE_4.27/FeaturePacks/TP_2DSideScrollerBP.upack' (chunk index -1, root 'root:/') mounted
[2021.10.13-13.18.46:925][  0]LogShaderLibrary: Display: ShaderCodeLibraryPakFileMountedCallback: pending pak file info (ChunkID:-1 Root:root:/ File:D:/Epic Games/UE_4.27/FeaturePacks/TP_2DSideScrollerBP.upack)
[2021.10.13-13.18.46:925][  0]LogPakFile: OnPakFileMounted2Time == 0.000198
[2021.10.13-13.18.46:927][  0]LogPakFile: PakFile PrimaryIndexSize=182
[2021.10.13-13.18.46:927][  0]LogPakFile: PakFile PathHashIndexSize=101
[2021.10.13-13.18.46:927][  0]LogPakFile: PakFile FullDirectoryIndexSize=138
[2021.10.13-13.18.46:927][  0]LogShaderLibrary: Display: ShaderCodeLibraryPakFileMountedCallback: PakFile 'D:/Epic Games/UE_4.27/FeaturePacks/TP_Flying.upack' (chunk index -1, root 'root:/') mounted
[2021.10.13-13.18.46:927][  0]LogShaderLibrary: Display: ShaderCodeLibraryPakFileMountedCallback: pending pak file info (ChunkID:-1 Root:root:/ File:D:/Epic Games/UE_4.27/FeaturePacks/TP_Flying.upack)
[2021.10.13-13.18.46:928][  0]LogPakFile: OnPakFileMounted2Time == 0.000185
[2021.10.13-13.18.46:929][  0]LogPakFile: PakFile PrimaryIndexSize=184
[2021.10.13-13.18.46:929][  0]LogPakFile: PakFile PathHashIndexSize=101
[2021.10.13-13.18.46:929][  0]LogPakFile: PakFile FullDirectoryIndexSize=142
[2021.10.13-13.18.46:930][  0]LogShaderLibrary: Display: ShaderCodeLibraryPakFileMountedCallback: PakFile 'D:/Epic Games/UE_4.27/FeaturePacks/TP_FlyingBP.upack' (chunk index -1, root 'root:/') mounted
[2021.10.13-13.18.46:930][  0]LogShaderLibrary: Display: ShaderCodeLibraryPakFileMountedCallback: pending pak file info (ChunkID:-1 Root:root:/ File:D:/Epic Games/UE_4.27/FeaturePacks/TP_FlyingBP.upack)
[2021.10.13-13.18.46:930][  0]LogPakFile: OnPakFileMounted2Time == 0.000174
[2021.10.13-13.18.46:932][  0]LogPakFile: PakFile PrimaryIndexSize=188
[2021.10.13-13.18.46:932][  0]LogPakFile: PakFile PathHashIndexSize=101
[2021.10.13-13.18.46:932][  0]LogPakFile: PakFile FullDirectoryIndexSize=150
[2021.10.13-13.18.46:932][  0]LogShaderLibrary: Display: ShaderCodeLibraryPakFileMountedCallback: PakFile 'D:/Epic Games/UE_4.27/FeaturePacks/TP_HandheldARBP.upack' (chunk index -1, root 'root:/') mounted
[2021.10.13-13.18.46:932][  0]LogShaderLibrary: Display: ShaderCodeLibraryPakFileMountedCallback: pending pak file info (ChunkID:-1 Root:root:/ File:D:/Epic Games/UE_4.27/FeaturePacks/TP_HandheldARBP.upack)
[2021.10.13-13.18.46:932][  0]LogPakFile: OnPakFileMounted2Time == 0.000170
[2021.10.13-13.18.46:934][  0]LogPakFile: PakFile PrimaryIndexSize=182
[2021.10.13-13.18.46:935][  0]LogPakFile: PakFile PathHashIndexSize=101
[2021.10.13-13.18.46:935][  0]LogPakFile: PakFile FullDirectoryIndexSize=138
[2021.10.13-13.18.46:935][  0]LogShaderLibrary: Display: ShaderCodeLibraryPakFileMountedCallback: PakFile 'D:/Epic Games/UE_4.27/FeaturePacks/TP_Puzzle.upack' (chunk index -1, root 'root:/') mounted
[2021.10.13-13.18.46:935][  0]LogShaderLibrary: Display: ShaderCodeLibraryPakFileMountedCallback: pending pak file info (ChunkID:-1 Root:root:/ File:D:/Epic Games/UE_4.27/FeaturePacks/TP_Puzzle.upack)
[2021.10.13-13.18.46:935][  0]LogPakFile: OnPakFileMounted2Time == 0.000181
[2021.10.13-13.18.46:937][  0]LogPakFile: PakFile PrimaryIndexSize=184
[2021.10.13-13.18.46:937][  0]LogPakFile: PakFile PathHashIndexSize=101
[2021.10.13-13.18.46:937][  0]LogPakFile: PakFile FullDirectoryIndexSize=142
[2021.10.13-13.18.46:937][  0]LogShaderLibrary: Display: ShaderCodeLibraryPakFileMountedCallback: PakFile 'D:/Epic Games/UE_4.27/FeaturePacks/TP_PuzzleBP.upack' (chunk index -1, root 'root:/') mounted
[2021.10.13-13.18.46:938][  0]LogShaderLibrary: Display: ShaderCodeLibraryPakFileMountedCallback: pending pak file info (ChunkID:-1 Root:root:/ File:D:/Epic Games/UE_4.27/FeaturePacks/TP_PuzzleBP.upack)
[2021.10.13-13.18.46:938][  0]LogPakFile: OnPakFileMounted2Time == 0.000344
[2021.10.13-13.18.46:940][  0]LogPakFile: PakFile PrimaryIndexSize=183
[2021.10.13-13.18.46:940][  0]LogPakFile: PakFile PathHashIndexSize=101
[2021.10.13-13.18.46:940][  0]LogPakFile: PakFile FullDirectoryIndexSize=140
[2021.10.13-13.18.46:940][  0]LogShaderLibrary: Display: ShaderCodeLibraryPakFileMountedCallback: PakFile 'D:/Epic Games/UE_4.27/FeaturePacks/TP_Rolling.upack' (chunk index -1, root 'root:/') mounted
[2021.10.13-13.18.46:940][  0]LogShaderLibrary: Display: ShaderCodeLibraryPakFileMountedCallback: pending pak file info (ChunkID:-1 Root:root:/ File:D:/Epic Games/UE_4.27/FeaturePacks/TP_Rolling.upack)
[2021.10.13-13.18.46:941][  0]LogPakFile: OnPakFileMounted2Time == 0.000201
[2021.10.13-13.18.46:942][  0]LogPakFile: PakFile PrimaryIndexSize=185
[2021.10.13-13.18.46:942][  0]LogPakFile: PakFile PathHashIndexSize=101
[2021.10.13-13.18.46:943][  0]LogPakFile: PakFile FullDirectoryIndexSize=144
[2021.10.13-13.18.46:943][  0]LogShaderLibrary: Display: ShaderCodeLibraryPakFileMountedCallback: PakFile 'D:/Epic Games/UE_4.27/FeaturePacks/TP_RollingBP.upack' (chunk index -1, root 'root:/') mounted
[2021.10.13-13.18.46:943][  0]LogShaderLibrary: Display: ShaderCodeLibraryPakFileMountedCallback: pending pak file info (ChunkID:-1 Root:root:/ File:D:/Epic Games/UE_4.27/FeaturePacks/TP_RollingBP.upack)
[2021.10.13-13.18.46:943][  0]LogPakFile: OnPakFileMounted2Time == 0.000266
[2021.10.13-13.18.46:944][  0]LogPakFile: PakFile PrimaryIndexSize=188
[2021.10.13-13.18.46:945][  0]LogPakFile: PakFile PathHashIndexSize=101
[2021.10.13-13.18.46:945][  0]LogPakFile: PakFile FullDirectoryIndexSize=150
[2021.10.13-13.18.46:945][  0]LogShaderLibrary: Display: ShaderCodeLibraryPakFileMountedCallback: PakFile 'D:/Epic Games/UE_4.27/FeaturePacks/TP_SideScroller.upack' (chunk index -1, root 'root:/') mounted
[2021.10.13-13.18.46:945][  0]LogShaderLibrary: Display: ShaderCodeLibraryPakFileMountedCallback: pending pak file info (ChunkID:-1 Root:root:/ File:D:/Epic Games/UE_4.27/FeaturePacks/TP_SideScroller.upack)
[2021.10.13-13.18.46:945][  0]LogPakFile: OnPakFileMounted2Time == 0.000162
[2021.10.13-13.18.46:947][  0]LogPakFile: PakFile PrimaryIndexSize=190
[2021.10.13-13.18.46:947][  0]LogPakFile: PakFile PathHashIndexSize=101
[2021.10.13-13.18.46:947][  0]LogPakFile: PakFile FullDirectoryIndexSize=154
[2021.10.13-13.18.46:947][  0]LogShaderLibrary: Display: ShaderCodeLibraryPakFileMountedCallback: PakFile 'D:/Epic Games/UE_4.27/FeaturePacks/TP_SideScrollerBP.upack' (chunk index -1, root 'root:/') mounted
[2021.10.13-13.18.46:947][  0]LogShaderLibrary: Display: ShaderCodeLibraryPakFileMountedCallback: pending pak file info (ChunkID:-1 Root:root:/ File:D:/Epic Games/UE_4.27/FeaturePacks/TP_SideScrollerBP.upack)
[2021.10.13-13.18.46:947][  0]LogPakFile: OnPakFileMounted2Time == 0.000179
[2021.10.13-13.18.46:949][  0]LogPakFile: PakFile PrimaryIndexSize=187
[2021.10.13-13.18.46:949][  0]LogPakFile: PakFile PathHashIndexSize=101
[2021.10.13-13.18.46:949][  0]LogPakFile: PakFile FullDirectoryIndexSize=148
[2021.10.13-13.18.46:949][  0]LogShaderLibrary: Display: ShaderCodeLibraryPakFileMountedCallback: PakFile 'D:/Epic Games/UE_4.27/FeaturePacks/TP_ThirdPerson.upack' (chunk index -1, root 'root:/') mounted
[2021.10.13-13.18.46:949][  0]LogShaderLibrary: Display: ShaderCodeLibraryPakFileMountedCallback: pending pak file info (ChunkID:-1 Root:root:/ File:D:/Epic Games/UE_4.27/FeaturePacks/TP_ThirdPerson.upack)
[2021.10.13-13.18.46:950][  0]LogPakFile: OnPakFileMounted2Time == 0.000231
[2021.10.13-13.18.46:952][  0]LogPakFile: PakFile PrimaryIndexSize=189
[2021.10.13-13.18.46:952][  0]LogPakFile: PakFile PathHashIndexSize=101
[2021.10.13-13.18.46:952][  0]LogPakFile: PakFile FullDirectoryIndexSize=152
[2021.10.13-13.18.46:952][  0]LogShaderLibrary: Display: ShaderCodeLibraryPakFileMountedCallback: PakFile 'D:/Epic Games/UE_4.27/FeaturePacks/TP_ThirdPersonBP.upack' (chunk index -1, root 'root:/') mounted
[2021.10.13-13.18.46:952][  0]LogShaderLibrary: Display: ShaderCodeLibraryPakFileMountedCallback: pending pak file info (ChunkID:-1 Root:root:/ File:D:/Epic Games/UE_4.27/FeaturePacks/TP_ThirdPersonBP.upack)
[2021.10.13-13.18.46:952][  0]LogPakFile: OnPakFileMounted2Time == 0.000187
[2021.10.13-13.18.46:954][  0]LogPakFile: PakFile PrimaryIndexSize=183
[2021.10.13-13.18.46:954][  0]LogPakFile: PakFile PathHashIndexSize=101
[2021.10.13-13.18.46:955][  0]LogPakFile: PakFile FullDirectoryIndexSize=140
[2021.10.13-13.18.46:955][  0]LogShaderLibrary: Display: ShaderCodeLibraryPakFileMountedCallback: PakFile 'D:/Epic Games/UE_4.27/FeaturePacks/TP_TopDown.upack' (chunk index -1, root 'root:/') mounted
[2021.10.13-13.18.46:955][  0]LogShaderLibrary: Display: ShaderCodeLibraryPakFileMountedCallback: pending pak file info (ChunkID:-1 Root:root:/ File:D:/Epic Games/UE_4.27/FeaturePacks/TP_TopDown.upack)
[2021.10.13-13.18.46:955][  0]LogPakFile: OnPakFileMounted2Time == 0.000180
[2021.10.13-13.18.46:957][  0]LogPakFile: PakFile PrimaryIndexSize=185
[2021.10.13-13.18.46:957][  0]LogPakFile: PakFile PathHashIndexSize=101
[2021.10.13-13.18.46:957][  0]LogPakFile: PakFile FullDirectoryIndexSize=144
[2021.10.13-13.18.46:957][  0]LogShaderLibrary: Display: ShaderCodeLibraryPakFileMountedCallback: PakFile 'D:/Epic Games/UE_4.27/FeaturePacks/TP_TopDownBP.upack' (chunk index -1, root 'root:/') mounted
[2021.10.13-13.18.46:957][  0]LogShaderLibrary: Display: ShaderCodeLibraryPakFileMountedCallback: pending pak file info (ChunkID:-1 Root:root:/ File:D:/Epic Games/UE_4.27/FeaturePacks/TP_TopDownBP.upack)
[2021.10.13-13.18.46:957][  0]LogPakFile: OnPakFileMounted2Time == 0.000170
[2021.10.13-13.18.46:959][  0]LogPakFile: PakFile PrimaryIndexSize=185
[2021.10.13-13.18.46:959][  0]LogPakFile: PakFile PathHashIndexSize=101
[2021.10.13-13.18.46:959][  0]LogPakFile: PakFile FullDirectoryIndexSize=144
[2021.10.13-13.18.46:959][  0]LogShaderLibrary: Display: ShaderCodeLibraryPakFileMountedCallback: PakFile 'D:/Epic Games/UE_4.27/FeaturePacks/TP_TwinStick.upack' (chunk index -1, root 'root:/') mounted
[2021.10.13-13.18.46:959][  0]LogShaderLibrary: Display: ShaderCodeLibraryPakFileMountedCallback: pending pak file info (ChunkID:-1 Root:root:/ File:D:/Epic Games/UE_4.27/FeaturePacks/TP_TwinStick.upack)
[2021.10.13-13.18.46:960][  0]LogPakFile: OnPakFileMounted2Time == 0.000433
[2021.10.13-13.18.46:962][  0]LogPakFile: PakFile PrimaryIndexSize=187
[2021.10.13-13.18.46:962][  0]LogPakFile: PakFile PathHashIndexSize=101
[2021.10.13-13.18.46:962][  0]LogPakFile: PakFile FullDirectoryIndexSize=148
[2021.10.13-13.18.46:962][  0]LogShaderLibrary: Display: ShaderCodeLibraryPakFileMountedCallback: PakFile 'D:/Epic Games/UE_4.27/FeaturePacks/TP_TwinStickBP.upack' (chunk index -1, root 'root:/') mounted
[2021.10.13-13.18.46:962][  0]LogShaderLibrary: Display: ShaderCodeLibraryPakFileMountedCallback: pending pak file info (ChunkID:-1 Root:root:/ File:D:/Epic Games/UE_4.27/FeaturePacks/TP_TwinStickBP.upack)
[2021.10.13-13.18.46:962][  0]LogPakFile: OnPakFileMounted2Time == 0.000229
[2021.10.13-13.18.46:964][  0]LogPakFile: PakFile PrimaryIndexSize=183
[2021.10.13-13.18.46:964][  0]LogPakFile: PakFile PathHashIndexSize=101
[2021.10.13-13.18.46:964][  0]LogPakFile: PakFile FullDirectoryIndexSize=140
[2021.10.13-13.18.46:964][  0]LogShaderLibrary: Display: ShaderCodeLibraryPakFileMountedCallback: PakFile 'D:/Epic Games/UE_4.27/FeaturePacks/TP_Vehicle.upack' (chunk index -1, root 'root:/') mounted
[2021.10.13-13.18.46:964][  0]LogShaderLibrary: Display: ShaderCodeLibraryPakFileMountedCallback: pending pak file info (ChunkID:-1 Root:root:/ File:D:/Epic Games/UE_4.27/FeaturePacks/TP_Vehicle.upack)
[2021.10.13-13.18.46:964][  0]LogPakFile: OnPakFileMounted2Time == 0.000203
[2021.10.13-13.18.46:966][  0]LogPakFile: PakFile PrimaryIndexSize=186
[2021.10.13-13.18.46:966][  0]LogPakFile: PakFile PathHashIndexSize=101
[2021.10.13-13.18.46:967][  0]LogPakFile: PakFile FullDirectoryIndexSize=146
[2021.10.13-13.18.46:967][  0]LogShaderLibrary: Display: ShaderCodeLibraryPakFileMountedCallback: PakFile 'D:/Epic Games/UE_4.27/FeaturePacks/TP_VehicleAdv.upack' (chunk index -1, root 'root:/') mounted
[2021.10.13-13.18.46:967][  0]LogShaderLibrary: Display: ShaderCodeLibraryPakFileMountedCallback: pending pak file info (ChunkID:-1 Root:root:/ File:D:/Epic Games/UE_4.27/FeaturePacks/TP_VehicleAdv.upack)
[2021.10.13-13.18.46:967][  0]LogPakFile: OnPakFileMounted2Time == 0.000174
[2021.10.13-13.18.46:969][  0]LogPakFile: PakFile PrimaryIndexSize=188
[2021.10.13-13.18.46:969][  0]LogPakFile: PakFile PathHashIndexSize=101
[2021.10.13-13.18.46:969][  0]LogPakFile: PakFile FullDirectoryIndexSize=150
[2021.10.13-13.18.46:969][  0]LogShaderLibrary: Display: ShaderCodeLibraryPakFileMountedCallback: PakFile 'D:/Epic Games/UE_4.27/FeaturePacks/TP_VehicleAdvBP.upack' (chunk index -1, root 'root:/') mounted
[2021.10.13-13.18.46:969][  0]LogShaderLibrary: Display: ShaderCodeLibraryPakFileMountedCallback: pending pak file info (ChunkID:-1 Root:root:/ File:D:/Epic Games/UE_4.27/FeaturePacks/TP_VehicleAdvBP.upack)
[2021.10.13-13.18.46:970][  0]LogPakFile: OnPakFileMounted2Time == 0.000191
[2021.10.13-13.18.46:971][  0]LogPakFile: PakFile PrimaryIndexSize=185
[2021.10.13-13.18.46:972][  0]LogPakFile: PakFile PathHashIndexSize=101
[2021.10.13-13.18.46:972][  0]LogPakFile: PakFile FullDirectoryIndexSize=144
[2021.10.13-13.18.46:972][  0]LogShaderLibrary: Display: ShaderCodeLibraryPakFileMountedCallback: PakFile 'D:/Epic Games/UE_4.27/FeaturePacks/TP_VehicleBP.upack' (chunk index -1, root 'root:/') mounted
[2021.10.13-13.18.46:972][  0]LogShaderLibrary: Display: ShaderCodeLibraryPakFileMountedCallback: pending pak file info (ChunkID:-1 Root:root:/ File:D:/Epic Games/UE_4.27/FeaturePacks/TP_VehicleBP.upack)
[2021.10.13-13.18.46:972][  0]LogPakFile: OnPakFileMounted2Time == 0.000183
[2021.10.13-13.18.46:974][  0]LogPakFile: PakFile PrimaryIndexSize=192
[2021.10.13-13.18.46:974][  0]LogPakFile: PakFile PathHashIndexSize=101
[2021.10.13-13.18.46:974][  0]LogPakFile: PakFile FullDirectoryIndexSize=158
[2021.10.13-13.18.46:974][  0]LogShaderLibrary: Display: ShaderCodeLibraryPakFileMountedCallback: PakFile 'D:/Epic Games/UE_4.27/FeaturePacks/TP_VirtualRealityBP.upack' (chunk index -1, root 'root:/') mounted
[2021.10.13-13.18.46:974][  0]LogShaderLibrary: Display: ShaderCodeLibraryPakFileMountedCallback: pending pak file info (ChunkID:-1 Root:root:/ File:D:/Epic Games/UE_4.27/FeaturePacks/TP_VirtualRealityBP.upack)
[2021.10.13-13.18.46:974][  0]LogPakFile: OnPakFileMounted2Time == 0.000162
[2021.10.13-13.18.47:059][  0]LogNativeClassHierarchy: Verbose: Native class hierarchy updated for 'AddContentDialog' in 0.0003 seconds. Added 0 classes and 0 folders.
[2021.10.13-13.18.47:061][  0]LogNativeClassHierarchy: Verbose: Native class hierarchy updated for 'SceneOutliner' in 0.0003 seconds. Added 2 classes and 0 folders.
[2021.10.13-13.18.47:184][  0]LogSlate: Took 0.000758 seconds to synchronously load lazily loaded font '../../../Engine/Content/Slate/Fonts/Roboto-Regular.ttf' (155K)
[2021.10.13-13.18.47:185][  0]LogSlate: Took 0.000484 seconds to synchronously load lazily loaded font '../../../Engine/Content/Editor/Slate/Fonts/FontAwesome.ttf' (139K)
[2021.10.13-13.18.47:187][  0]LogSlate: Took 0.000478 seconds to synchronously load lazily loaded font '../../../Engine/Content/Slate/Fonts/Roboto-Bold.ttf' (160K)
[2021.10.13-13.18.47:287][  0]LogRenderer: Reallocating scene render targets to support 988x584 Format 10 NumSamples 1 (Frame:1).
[2021.10.13-13.18.47:399][  0]LogNativeClassHierarchy: Verbose: Native class hierarchy updated for 'HierarchicalLODOutliner' in 0.0003 seconds. Added 0 classes and 0 folders.
[2021.10.13-13.18.47:400][  0]LogLoad: (Engine Initialization) Total time: 15.56 seconds
[2021.10.13-13.18.47:400][  0]LogLoad: (Engine Initialization) Total Blueprint compile time: 0.00 seconds
[2021.10.13-13.18.47:454][  0]LogAssetRegistry: Asset discovery search completed in 7.1500 seconds
[2021.10.13-13.18.47:464][  0]LogCollectionManager: Fixed up redirectors for 0 collections in 0.000004 seconds (updated 0 objects)
[2021.10.13-13.18.47:466][  0]LogContentStreaming: Texture pool size now 1000 MB
[2021.10.13-13.18.47:532][  3]LogSlate: Took 0.000589 seconds to synchronously load lazily loaded font '../../../Engine/Content/Slate/Fonts/Roboto-Light.ttf' (167K)
[2021.10.13-13.19.08:207][450]LogUObjectHash: Compacting FUObjectHashTables data took   0.60ms
[2021.10.13-13.19.08:215][450]LogSlate: Took 0.000476 seconds to synchronously load lazily loaded font '../../../Engine/Content/Slate/Fonts/Roboto-Light.ttf' (167K)
[2021.10.13-13.19.08:314][450]LogAssetEditorSubsystem: Opening Asset editor for World /Game/Maps/MatMap.MatMap
[2021.10.13-13.19.08:314][450]Cmd: MAP LOAD FILE="../../../../../Projets Dev/Unreal Engine/GTech 4/Food_Looter_GC/Food_Looter_GC/Content/Maps/MatMap.umap" TEMPLATE=0 SHOWPROGRESS=1 FEATURELEVEL=3
[2021.10.13-13.19.08:315][450]LightingResults: New page: Lighting Build
[2021.10.13-13.19.08:315][450]LoadErrors: New page: Loading map: MatMap.umap
[2021.10.13-13.19.08:316][450]LogWorld: UWorld::CleanupWorld for Untitled_1, bSessionEnded=true, bCleanupResources=true
[2021.10.13-13.19.08:316][450]LogSlate: InvalidateAllWidgets triggered.  All widgets were invalidated
[2021.10.13-13.19.08:316][450]MapCheck: New page: Map Check
[2021.10.13-13.19.08:316][450]LightingResults: New page: Lighting Build
[2021.10.13-13.19.08:322][450]LogAudio: Display: Audio Device unregistered from world 'None'.
[2021.10.13-13.19.08:324][450]LogUObjectHash: Compacting FUObjectHashTables data took   0.80ms
[2021.10.13-13.19.08:325][450]LogAudio: Display: Audio Device (ID: 1) registered with world 'MatMap'.
[2021.10.13-13.19.08:360][450]LogEditorServer: Finished looking for orphan Actors (0.000 secs)
[2021.10.13-13.19.08:361][450]LogAIModule: Creating AISystem for world MatMap
[2021.10.13-13.19.08:370][450]LogUObjectHash: Compacting FUObjectHashTables data took   0.95ms
[2021.10.13-13.19.08:382][450]Cmd: MAP CHECKDEP NOCLEARLOG
[2021.10.13-13.19.08:383][450]MapCheck: Map check complete: 0 Error(s), 0 Warning(s), took 0,106ms to complete.
[2021.10.13-13.19.08:383][450]LogFileHelpers: Loading map 'MatMap' took 0.068
