Log file open, 10/08/21 19:16:59
LogWindows: Failed to load 'aqProf.dll' (GetLastError=126)
LogWindows: File 'aqProf.dll' does not exist
LogWindows: Failed to load 'VtuneApi.dll' (GetLastError=126)
LogWindows: File 'VtuneApi.dll' does not exist
LogWindows: Failed to load 'VtuneApi32e.dll' (GetLastError=126)
LogWindows: File 'VtuneApi32e.dll' does not exist
LogConsoleResponse: Display: Failed to find resolution value strings in scalability ini. Falling back to default.
LogConsoleResponse: Display: Failed to find resolution value strings in scalability ini. Falling back to default.
LogInit: Display: Running engine for game: Food_Looter_GC
LogPlatformFile: Not using cached read wrapper
LogTaskGraph: Started task graph with 5 named threads and 23 total threads with 3 sets of task threads.
LogStats: Stats thread started at 0.472785
LogICUInternationalization: ICU TimeZone Detection - Raw Offset: +1:00, Platform Override: ''
LogInit: Display: Loading text-based GConfig....
LogPluginManager: Mounting plugin MeshPainting
LogPluginManager: Mounting plugin XGEController
LogPluginManager: Mounting plugin Paper2D
LogPluginManager: Mounting plugin AISupport
LogPluginManager: Mounting plugin LightPropagationVolume
LogPluginManager: Mounting plugin LiveLink
LogPluginManager: Mounting plugin EnvironmentQueryEditor
LogPluginManager: Mounting plugin CameraShakePreviewer
LogPluginManager: Mounting plugin GameplayCameras
LogPluginManager: Mounting plugin AnimationSharing
LogPluginManager: Mounting plugin OodleData
LogPluginManager: Mounting plugin CLionSourceCodeAccess
LogPluginManager: Mounting plugin CodeLiteSourceCodeAccess
LogPluginManager: Mounting plugin OodleNetwork
LogPluginManager: Mounting plugin GitSourceControl
LogPluginManager: Mounting plugin NullSourceCodeAccess
LogPluginManager: Mounting plugin KDevelopSourceCodeAccess
LogPluginManager: Mounting plugin PixWinPlugin
LogPluginManager: Mounting plugin PerforceSourceControl
LogPluginManager: Mounting plugin PlasticSourceControl
LogPluginManager: Mounting plugin PluginUtils
LogPluginManager: Mounting plugin PropertyAccessNode
LogPluginManager: Mounting plugin SubversionSourceControl
LogPluginManager: Mounting plugin RiderSourceCodeAccess
LogPluginManager: Mounting plugin TextureFormatOodle
LogPluginManager: Mounting plugin UObjectPlugin
LogPluginManager: Mounting plugin VisualStudioCodeSourceCodeAccess
LogPluginManager: Mounting plugin VisualStudioSourceCodeAccess
LogPluginManager: Mounting plugin AssetManagerEditor
LogPluginManager: Mounting plugin XCodeSourceCodeAccess
LogPluginManager: Mounting plugin CryptoKeys
LogPluginManager: Mounting plugin CurveEditorTools
LogPluginManager: Mounting plugin DataValidation
LogPluginManager: Mounting plugin FacialAnimation
LogPluginManager: Mounting plugin GeometryMode
LogPluginManager: Mounting plugin GameplayTagsEditor
LogPluginManager: Mounting plugin MaterialAnalyzer
LogPluginManager: Mounting plugin MacGraphicsSwitching
LogPluginManager: Mounting plugin MobileLauncherProfileWizard
LogPluginManager: Mounting plugin SpeedTreeImporter
LogPluginManager: Mounting plugin PluginBrowser
LogPluginManager: Mounting plugin Niagara
LogPluginManager: Mounting plugin DatasmithContent
LogPluginManager: Mounting plugin VariantManagerContent
LogPluginManager: Mounting plugin AlembicImporter
LogPluginManager: Mounting plugin AutomationUtils
LogPluginManager: Mounting plugin BackChannel
LogPluginManager: Mounting plugin ChaosCloth
LogPluginManager: Mounting plugin ChaosClothEditor
LogPluginManager: Mounting plugin ChaosEditor
LogPluginManager: Mounting plugin ChaosNiagara
LogPluginManager: Mounting plugin ChaosSolverPlugin
LogPluginManager: Mounting plugin CharacterAI
LogPluginManager: Mounting plugin GeometryCache
LogPluginManager: Mounting plugin GeometryCollectionPlugin
LogPluginManager: Mounting plugin GeometryProcessing
LogPluginManager: Mounting plugin MotoSynth
LogPluginManager: Mounting plugin OpenImageDenoise
LogPluginManager: Mounting plugin PlanarCut
LogPluginManager: Mounting plugin PlatformCrypto
LogPluginManager: Mounting plugin ProxyLODPlugin
LogPluginManager: Mounting plugin PythonScriptPlugin
LogPluginManager: Mounting plugin SkeletalReduction
LogPluginManager: Mounting plugin AndroidMedia
LogPluginManager: Mounting plugin AvfMedia
LogPluginManager: Mounting plugin ImgMedia
LogPluginManager: Mounting plugin MediaCompositing
LogPluginManager: Mounting plugin MediaPlayerEditor
LogPluginManager: Mounting plugin WebMMedia
LogPluginManager: Mounting plugin WmfMedia
LogPluginManager: Mounting plugin TcpMessaging
LogPluginManager: Mounting plugin UdpMessaging
LogPluginManager: Mounting plugin LuminPlatformFeatures
LogPluginManager: Mounting plugin MagicLeap
LogPluginManager: Mounting plugin MagicLeapLightEstimation
LogPluginManager: Mounting plugin MagicLeapMedia
LogPluginManager: Mounting plugin MagicLeapPassableWorld
LogPluginManager: Mounting plugin ActorSequence
LogPluginManager: Mounting plugin MLSDK
LogPluginManager: Mounting plugin LevelSequenceEditor
LogPluginManager: Mounting plugin MatineeToLevelSequence
LogPluginManager: Mounting plugin TemplateSequence
LogPluginManager: Mounting plugin OnlineSubsystem
LogPluginManager: Mounting plugin OnlineSubsystemNull
LogPluginManager: Mounting plugin OnlineSubsystemUtils
LogPluginManager: Mounting plugin LauncherChunkInstaller
LogPluginManager: Mounting plugin ActorLayerUtilities
LogPluginManager: Mounting plugin AndroidDeviceProfileSelector
LogPluginManager: Mounting plugin AndroidMoviePlayer
LogPluginManager: Mounting plugin AndroidPermission
LogPluginManager: Mounting plugin AppleMoviePlayer
LogPluginManager: Mounting plugin ArchVisCharacter
LogPluginManager: Mounting plugin AssetTags
LogPluginManager: Mounting plugin AudioCapture
LogPluginManager: Mounting plugin AudioSynesthesia
LogPluginManager: Mounting plugin ChunkDownloader
LogPluginManager: Mounting plugin CableComponent
LogPluginManager: Mounting plugin CustomMeshComponent
LogPluginManager: Mounting plugin AppleImageUtils
LogPluginManager: Mounting plugin ExampleDeviceProfileSelector
LogPluginManager: Mounting plugin EditableMesh
LogPluginManager: Mounting plugin GoogleCloudMessaging
LogPluginManager: Mounting plugin GooglePAD
LogPluginManager: Mounting plugin IOSDeviceProfileSelector
LogPluginManager: Mounting plugin LinuxDeviceProfileSelector
LogPluginManager: Mounting plugin LocationServicesBPLibrary
LogPluginManager: Mounting plugin MobilePatchingUtils
LogPluginManager: Mounting plugin OpenXR
LogPluginManager: Mounting plugin OpenXREyeTracker
LogPluginManager: Mounting plugin OpenXRHandTracking
LogPluginManager: Mounting plugin PhysXVehicles
LogPluginManager: Mounting plugin PostSplashScreen
LogPluginManager: Mounting plugin ProceduralMeshComponent
LogPluginManager: Mounting plugin PropertyAccessEditor
LogPluginManager: Mounting plugin RuntimePhysXCooking
LogPluginManager: Mounting plugin SignificanceManager
LogPluginManager: Mounting plugin SoundFields
LogPluginManager: Mounting plugin Synthesis
LogPluginManager: Mounting plugin WebMMoviePlayer
LogPluginManager: Mounting plugin WindowsMoviePlayer
LogPluginManager: Mounting plugin ScreenshotTools
LogPluginManager: Mounting plugin Takes
LogPluginManager: Mounting plugin ContentBrowserAssetDataSource
LogPluginManager: Mounting plugin ContentBrowserFileDataSource
LogPluginManager: Mounting plugin ContentBrowserClassDataSource
LogPluginManager: Mounting plugin OnlineSubsystemGooglePlay
LogPluginManager: Mounting plugin OnlineSubsystemIOS
LogPluginManager: Mounting plugin OculusVR
PixWinPlugin: PIX capture plugin failed to initialize! Check that the process is launched from PIX.
LogInit: Using libcurl 7.55.1-DEV
LogInit:  - built for x86_64-pc-win32
LogInit:  - supports SSL with OpenSSL/1.1.1
LogInit:  - supports HTTP deflate (compression) using libz 1.2.8
LogInit:  - other features:
LogInit:      CURL_VERSION_SSL
LogInit:      CURL_VERSION_LIBZ
LogInit:      CURL_VERSION_IPV6
LogInit:      CURL_VERSION_ASYNCHDNS
LogInit:      CURL_VERSION_LARGEFILE
LogInit:      CURL_VERSION_IDN
LogInit:  CurlRequestOptions (configurable via config and command line):
LogInit:  - bVerifyPeer = true  - Libcurl will verify peer certificate
LogInit:  - bUseHttpProxy = false  - Libcurl will NOT use HTTP proxy
LogInit:  - bDontReuseConnections = false  - Libcurl will reuse connections
LogInit:  - MaxHostConnections = 16  - Libcurl will limit the number of connections to a host
LogInit:  - LocalHostAddr = Default
LogInit:  - BufferSize = 65536
LogOnline: OSS: Creating online subsystem instance for: NULL
LogInit: WinSock: version 1.1 (2.2), MaxSocks=32767, MaxUdp=65467
LogOnline: OSS: TryLoadSubsystemAndSetDefault: Loaded subsystem for module [NULL]
LogOculusPluginWrapper: OculusPlugin initialized successfully
LogHMD: Failed initializing OVRPlugin 1.59.0
LogInit: Build: ++UE4+Release-4.27-CL-17155196
LogInit: Engine Version: 4.27.0-17155196+++UE4+Release-4.27
LogInit: Compatible Engine Version: 4.27.0-17155196+++UE4+Release-4.27
LogInit: Net CL: 17155196
LogInit: OS: Windows 10 (Release 2009) (), CPU: Intel(R) Core(TM) i5-9300H CPU @ 2.40GHz, GPU: NVIDIA GeForce GTX 1660 Ti
LogInit: Compiled (64-bit): Aug 13 2021 06:13:13
LogInit: Compiled with Visual C++: 19.24.28315.00
LogInit: Build Configuration: Development
LogInit: Branch Name: ++UE4+Release-4.27
LogInit: Command Line:  -skipcompile
LogInit: Base Directory: D:/Epic Games/UE_4.27/Engine/Binaries/Win64/
LogInit: Allocator: TBB
LogInit: Installed Engine Build: 1
LogDevObjectVersion: Number of dev versions registered: 29
LogDevObjectVersion:   Dev-Blueprints (B0D832E4-1F89-4F0D-ACCF-7EB736FD4AA2): 10
LogDevObjectVersion:   Dev-Build (E1C64328-A22C-4D53-A36C-8E866417BD8C): 0
LogDevObjectVersion:   Dev-Core (375EC13C-06E4-48FB-B500-84F0262A717E): 4
LogDevObjectVersion:   Dev-Editor (E4B068ED-F494-42E9-A231-DA0B2E46BB41): 40
LogDevObjectVersion:   Dev-Framework (CFFC743F-43B0-4480-9391-14DF171D2073): 37
LogDevObjectVersion:   Dev-Mobile (B02B49B5-BB20-44E9-A304-32B752E40360): 3
LogDevObjectVersion:   Dev-Networking (A4E4105C-59A1-49B5-A7C5-40C4547EDFEE): 0
LogDevObjectVersion:   Dev-Online (39C831C9-5AE6-47DC-9A44-9C173E1C8E7C): 0
LogDevObjectVersion:   Dev-Physics (78F01B33-EBEA-4F98-B9B4-84EACCB95AA2): 14
LogDevObjectVersion:   Dev-Platform (6631380F-2D4D-43E0-8009-CF276956A95A): 0
LogDevObjectVersion:   Dev-Rendering (12F88B9F-8875-4AFC-A67C-D90C383ABD29): 45
LogDevObjectVersion:   Dev-Sequencer (7B5AE74C-D270-4C10-A958-57980B212A5A): 13
LogDevObjectVersion:   Dev-VR (D7296918-1DD6-4BDD-9DE2-64A83CC13884): 3
LogDevObjectVersion:   Dev-LoadTimes (C2A15278-BFE7-4AFE-6C17-90FF531DF755): 1
LogDevObjectVersion:   Private-Geometry (6EACA3D4-40EC-4CC1-B786-8BED09428FC5): 3
LogDevObjectVersion:   Dev-AnimPhys (29E575DD-E0A3-4627-9D10-D276232CDCEA): 17
LogDevObjectVersion:   Dev-Anim (AF43A65D-7FD3-4947-9873-3E8ED9C1BB05): 15
LogDevObjectVersion:   Dev-ReflectionCapture (6B266CEC-1EC7-4B8F-A30B-E4D90942FC07): 1
LogDevObjectVersion:   Dev-Automation (0DF73D61-A23F-47EA-B727-89E90C41499A): 1
LogDevObjectVersion:   FortniteMain (601D1886-AC64-4F84-AA16-D3DE0DEAC7D6): 47
LogDevObjectVersion:   FortniteRelease (E7086368-6B23-4C58-8439-1B7016265E91): 1
LogDevObjectVersion:   Dev-Enterprise (9DFFBCD6-494F-0158-E221-12823C92A888): 10
LogDevObjectVersion:   Dev-Niagara (F2AED0AC-9AFE-416F-8664-AA7FFA26D6FC): 1
LogDevObjectVersion:   Dev-Destruction (174F1F0B-B4C6-45A5-B13F-2EE8D0FB917D): 10
LogDevObjectVersion:   Dev-Physics-Ext (35F94A83-E258-406C-A318-09F59610247C): 41
LogDevObjectVersion:   Dev-PhysicsMaterial-Chaos (B68FC16E-8B1B-42E2-B453-215C058844FE): 1
LogDevObjectVersion:   Dev-CineCamera (B2E18506-4273-CFC2-A54E-F4BB758BBA07): 1
LogDevObjectVersion:   Dev-VirtualProduction (64F58936-FD1B-42BA-BA96-7289D5D0FA4E): 1
LogDevObjectVersion:   Dev-MediaFramework (6F0ED827-A609-4895-9C91-998D90180EA4): 2
LogInit: Presizing for max 25165824 objects, including 0 objects not considered by GC, pre-allocating 0 bytes for permanent pool.
LogConfig: Applying CVar settings from Section [/Script/Engine.StreamingSettings] File [D:/Projets Dev/Unreal Engine/GTech 4/Food_Looter_GC/Food_Looter_GC/Saved/Config/Windows/Engine.ini]
LogConfig: Setting CVar [[s.MinBulkDataSizeForAsyncLoading:131072]]
LogConfig: Setting CVar [[s.AsyncLoadingThreadEnabled:0]]
LogConfig: Setting CVar [[s.EventDrivenLoaderEnabled:1]]
LogConfig: Setting CVar [[s.WarnIfTimeLimitExceeded:0]]
LogConfig: Setting CVar [[s.TimeLimitExceededMultiplier:1.5]]
LogConfig: Setting CVar [[s.TimeLimitExceededMinTime:0.005]]
LogConfig: Setting CVar [[s.UseBackgroundLevelStreaming:1]]
LogConfig: Setting CVar [[s.PriorityAsyncLoadingExtraTime:15.0]]
LogConfig: Setting CVar [[s.LevelStreamingActorsUpdateTimeLimit:5.0]]
LogConfig: Setting CVar [[s.PriorityLevelStreamingActorsUpdateExtraTime:5.0]]
LogConfig: Setting CVar [[s.LevelStreamingComponentsRegistrationGranularity:10]]
LogConfig: Setting CVar [[s.UnregisterComponentsTimeLimit:1.0]]
LogConfig: Setting CVar [[s.LevelStreamingComponentsUnregistrationGranularity:5]]
LogConfig: Setting CVar [[s.FlushStreamingOnExit:1]]
LogInit: Object subsystem initialized
LogConfig: Setting CVar [[con.DebugEarlyDefault:1]]
LogConfig: Setting CVar [[r.setres:1280x720]]
[2021.10.08-17.17.01:311][  0]LogConfig: Setting CVar [[r.VSync:0]]
[2021.10.08-17.17.01:311][  0]LogConfig: Setting CVar [[r.RHICmdBypass:0]]
[2021.10.08-17.17.01:311][  0]LogConfig: Applying CVar settings from Section [/Script/Engine.RendererSettings] File [D:/Projets Dev/Unreal Engine/GTech 4/Food_Looter_GC/Food_Looter_GC/Saved/Config/Windows/Engine.ini]
[2021.10.08-17.17.01:311][  0]LogConfig: Setting CVar [[r.GPUCrashDebugging:0]]
[2021.10.08-17.17.01:311][  0]LogConfig: Applying CVar settings from Section [/Script/Engine.RendererOverrideSettings] File [D:/Projets Dev/Unreal Engine/GTech 4/Food_Looter_GC/Food_Looter_GC/Saved/Config/Windows/Engine.ini]
[2021.10.08-17.17.01:311][  0]LogConfig: Applying CVar settings from Section [/Script/Engine.StreamingSettings] File [D:/Projets Dev/Unreal Engine/GTech 4/Food_Looter_GC/Food_Looter_GC/Saved/Config/Windows/Engine.ini]
[2021.10.08-17.17.01:311][  0]LogConfig: Setting CVar [[s.MinBulkDataSizeForAsyncLoading:131072]]
[2021.10.08-17.17.01:311][  0]LogConfig: Setting CVar [[s.AsyncLoadingThreadEnabled:0]]
[2021.10.08-17.17.01:312][  0]LogConfig: Setting CVar [[s.EventDrivenLoaderEnabled:1]]
[2021.10.08-17.17.01:312][  0]LogConfig: Setting CVar [[s.WarnIfTimeLimitExceeded:0]]
[2021.10.08-17.17.01:312][  0]LogConfig: Setting CVar [[s.TimeLimitExceededMultiplier:1.5]]
[2021.10.08-17.17.01:312][  0]LogConfig: Setting CVar [[s.TimeLimitExceededMinTime:0.005]]
[2021.10.08-17.17.01:312][  0]LogConfig: Setting CVar [[s.UseBackgroundLevelStreaming:1]]
[2021.10.08-17.17.01:312][  0]LogConfig: Setting CVar [[s.PriorityAsyncLoadingExtraTime:15.0]]
[2021.10.08-17.17.01:312][  0]LogConfig: Setting CVar [[s.LevelStreamingActorsUpdateTimeLimit:5.0]]
[2021.10.08-17.17.01:312][  0]LogConfig: Setting CVar [[s.PriorityLevelStreamingActorsUpdateExtraTime:5.0]]
[2021.10.08-17.17.01:312][  0]LogConfig: Setting CVar [[s.LevelStreamingComponentsRegistrationGranularity:10]]
[2021.10.08-17.17.01:312][  0]LogConfig: Setting CVar [[s.UnregisterComponentsTimeLimit:1.0]]
[2021.10.08-17.17.01:312][  0]LogConfig: Setting CVar [[s.LevelStreamingComponentsUnregistrationGranularity:5]]
[2021.10.08-17.17.01:312][  0]LogConfig: Setting CVar [[s.FlushStreamingOnExit:1]]
[2021.10.08-17.17.01:312][  0]LogConfig: Applying CVar settings from Section [/Script/Engine.GarbageCollectionSettings] File [D:/Projets Dev/Unreal Engine/GTech 4/Food_Looter_GC/Food_Looter_GC/Saved/Config/Windows/Engine.ini]
[2021.10.08-17.17.01:312][  0]LogConfig: Setting CVar [[gc.MaxObjectsNotConsideredByGC:1]]
[2021.10.08-17.17.01:313][  0]LogConfig: Setting CVar [[gc.SizeOfPermanentObjectPool:0]]
[2021.10.08-17.17.01:313][  0]LogConfig: Setting CVar [[gc.FlushStreamingOnGC:0]]
[2021.10.08-17.17.01:313][  0]LogConfig: Setting CVar [[gc.NumRetriesBeforeForcingGC:10]]
[2021.10.08-17.17.01:313][  0]LogConfig: Setting CVar [[gc.AllowParallelGC:1]]
[2021.10.08-17.17.01:313][  0]LogConfig: Setting CVar [[gc.TimeBetweenPurgingPendingKillObjects:61.1]]
[2021.10.08-17.17.01:313][  0]LogConfig: Setting CVar [[gc.MaxObjectsInEditor:25165824]]
[2021.10.08-17.17.01:313][  0]LogConfig: Setting CVar [[gc.IncrementalBeginDestroyEnabled:1]]
[2021.10.08-17.17.01:313][  0]LogConfig: Setting CVar [[gc.CreateGCClusters:1]]
[2021.10.08-17.17.01:313][  0]LogConfig: Setting CVar [[gc.MinGCClusterSize:5]]
[2021.10.08-17.17.01:313][  0]LogConfig: Setting CVar [[gc.ActorClusteringEnabled:0]]
[2021.10.08-17.17.01:313][  0]LogConfig: Setting CVar [[gc.BlueprintClusteringEnabled:0]]
[2021.10.08-17.17.01:314][  0]LogConfig: Setting CVar [[gc.UseDisregardForGCOnDedicatedServers:0]]
[2021.10.08-17.17.01:314][  0]LogConfig: Setting CVar [[gc.MultithreadedDestructionEnabled:1]]
[2021.10.08-17.17.01:314][  0]LogConfig: Applying CVar settings from Section [/Script/Engine.NetworkSettings] File [D:/Projets Dev/Unreal Engine/GTech 4/Food_Looter_GC/Food_Looter_GC/Saved/Config/Windows/Engine.ini]
[2021.10.08-17.17.01:314][  0]LogConfig: Applying CVar settings from Section [/Script/UnrealEd.CookerSettings] File [D:/Projets Dev/Unreal Engine/GTech 4/Food_Looter_GC/Food_Looter_GC/Saved/Config/Windows/Engine.ini]
[2021.10.08-17.17.01:334][  0]LogConfig: Applying CVar settings from Section [ViewDistanceQuality@3] File [D:/Projets Dev/Unreal Engine/GTech 4/Food_Looter_GC/Food_Looter_GC/Saved/Config/Windows/Scalability.ini]
[2021.10.08-17.17.01:334][  0]LogConfig: Setting CVar [[r.SkeletalMeshLODBias:0]]
[2021.10.08-17.17.01:334][  0]LogConfig: Setting CVar [[r.ViewDistanceScale:1.0]]
[2021.10.08-17.17.01:335][  0]LogConfig: Applying CVar settings from Section [AntiAliasingQuality@3] File [D:/Projets Dev/Unreal Engine/GTech 4/Food_Looter_GC/Food_Looter_GC/Saved/Config/Windows/Scalability.ini]
[2021.10.08-17.17.01:335][  0]LogConfig: Setting CVar [[r.PostProcessAAQuality:4]]
[2021.10.08-17.17.01:335][  0]LogConfig: Applying CVar settings from Section [ShadowQuality@3] File [D:/Projets Dev/Unreal Engine/GTech 4/Food_Looter_GC/Food_Looter_GC/Saved/Config/Windows/Scalability.ini]
[2021.10.08-17.17.01:335][  0]LogConfig: Setting CVar [[r.LightFunctionQuality:1]]
[2021.10.08-17.17.01:335][  0]LogConfig: Setting CVar [[r.ShadowQuality:5]]
[2021.10.08-17.17.01:335][  0]LogConfig: Setting CVar [[r.Shadow.CSM.MaxCascades:10]]
[2021.10.08-17.17.01:335][  0]LogConfig: Setting CVar [[r.Shadow.MaxResolution:2048]]
[2021.10.08-17.17.01:335][  0]LogConfig: Setting CVar [[r.Shadow.MaxCSMResolution:2048]]
[2021.10.08-17.17.01:335][  0]LogConfig: Setting CVar [[r.Shadow.RadiusThreshold:0.01]]
[2021.10.08-17.17.01:335][  0]LogConfig: Setting CVar [[r.Shadow.DistanceScale:1.0]]
[2021.10.08-17.17.01:335][  0]LogConfig: Setting CVar [[r.Shadow.CSM.TransitionScale:1.0]]
[2021.10.08-17.17.01:335][  0]LogConfig: Setting CVar [[r.Shadow.PreShadowResolutionFactor:1.0]]
[2021.10.08-17.17.01:335][  0]LogConfig: Setting CVar [[r.DistanceFieldShadowing:1]]
[2021.10.08-17.17.01:335][  0]LogConfig: Setting CVar [[r.DistanceFieldAO:1]]
[2021.10.08-17.17.01:335][  0]LogConfig: Setting CVar [[r.AOQuality:2]]
[2021.10.08-17.17.01:335][  0]LogConfig: Setting CVar [[r.VolumetricFog:1]]
[2021.10.08-17.17.01:336][  0]LogConfig: Setting CVar [[r.VolumetricFog.GridPixelSize:8]]
[2021.10.08-17.17.01:336][  0]LogConfig: Setting CVar [[r.VolumetricFog.GridSizeZ:128]]
[2021.10.08-17.17.01:336][  0]LogConfig: Setting CVar [[r.VolumetricFog.HistoryMissSupersampleCount:4]]
[2021.10.08-17.17.01:336][  0]LogConfig: Setting CVar [[r.LightMaxDrawDistanceScale:1]]
[2021.10.08-17.17.01:336][  0]LogConfig: Setting CVar [[r.CapsuleShadows:1]]
[2021.10.08-17.17.01:336][  0]LogConfig: Applying CVar settings from Section [PostProcessQuality@3] File [D:/Projets Dev/Unreal Engine/GTech 4/Food_Looter_GC/Food_Looter_GC/Saved/Config/Windows/Scalability.ini]
[2021.10.08-17.17.01:336][  0]LogConfig: Setting CVar [[r.MotionBlurQuality:4]]
[2021.10.08-17.17.01:336][  0]LogConfig: Setting CVar [[r.AmbientOcclusionMipLevelFactor:0.4]]
[2021.10.08-17.17.01:336][  0]LogConfig: Setting CVar [[r.AmbientOcclusionMaxQuality:100]]
[2021.10.08-17.17.01:336][  0]LogConfig: Setting CVar [[r.AmbientOcclusionLevels:-1]]
[2021.10.08-17.17.01:336][  0]LogConfig: Setting CVar [[r.AmbientOcclusionRadiusScale:1.0]]
[2021.10.08-17.17.01:336][  0]LogConfig: Setting CVar [[r.DepthOfFieldQuality:2]]
[2021.10.08-17.17.01:336][  0]LogConfig: Setting CVar [[r.RenderTargetPoolMin:400]]
[2021.10.08-17.17.01:336][  0]LogConfig: Setting CVar [[r.LensFlareQuality:2]]
[2021.10.08-17.17.01:336][  0]LogConfig: Setting CVar [[r.SceneColorFringeQuality:1]]
[2021.10.08-17.17.01:336][  0]LogConfig: Setting CVar [[r.EyeAdaptationQuality:2]]
[2021.10.08-17.17.01:336][  0]LogConfig: Setting CVar [[r.BloomQuality:5]]
[2021.10.08-17.17.01:337][  0]LogConfig: Setting CVar [[r.FastBlurThreshold:100]]
[2021.10.08-17.17.01:337][  0]LogConfig: Setting CVar [[r.Upscale.Quality:3]]
[2021.10.08-17.17.01:337][  0]LogConfig: Setting CVar [[r.Tonemapper.GrainQuantization:1]]
[2021.10.08-17.17.01:337][  0]LogConfig: Setting CVar [[r.LightShaftQuality:1]]
[2021.10.08-17.17.01:337][  0]LogConfig: Setting CVar [[r.Filter.SizeScale:1]]
[2021.10.08-17.17.01:337][  0]LogConfig: Setting CVar [[r.Tonemapper.Quality:5]]
[2021.10.08-17.17.01:337][  0]LogConfig: Setting CVar [[r.DOF.Gather.AccumulatorQuality:1        ; higher gathering accumulator quality]]
[2021.10.08-17.17.01:337][  0]LogConfig: Setting CVar [[r.DOF.Gather.PostfilterMethod:1          ; Median3x3 postfilering method]]
[2021.10.08-17.17.01:337][  0]LogConfig: Setting CVar [[r.DOF.Gather.EnableBokehSettings:0       ; no bokeh simulation when gathering]]
[2021.10.08-17.17.01:337][  0]LogConfig: Setting CVar [[r.DOF.Gather.RingCount:4                 ; medium number of samples when gathering]]
[2021.10.08-17.17.01:337][  0]LogConfig: Setting CVar [[r.DOF.Scatter.ForegroundCompositing:1    ; additive foreground scattering]]
[2021.10.08-17.17.01:337][  0]LogConfig: Setting CVar [[r.DOF.Scatter.BackgroundCompositing:2    ; additive background scattering]]
[2021.10.08-17.17.01:337][  0]LogConfig: Setting CVar [[r.DOF.Scatter.EnableBokehSettings:1      ; bokeh simulation when scattering]]
[2021.10.08-17.17.01:337][  0]LogConfig: Setting CVar [[r.DOF.Scatter.MaxSpriteRatio:0.1         ; only a maximum of 10% of scattered bokeh]]
[2021.10.08-17.17.01:337][  0]LogConfig: Setting CVar [[r.DOF.Recombine.Quality:1                ; cheap slight out of focus]]
[2021.10.08-17.17.01:337][  0]LogConfig: Setting CVar [[r.DOF.Recombine.EnableBokehSettings:0    ; no bokeh simulation on slight out of focus]]
[2021.10.08-17.17.01:337][  0]LogConfig: Setting CVar [[r.DOF.TemporalAAQuality:1                ; more stable temporal accumulation]]
[2021.10.08-17.17.01:338][  0]LogConfig: Setting CVar [[r.DOF.Kernel.MaxForegroundRadius:0.025]]
[2021.10.08-17.17.01:338][  0]LogConfig: Setting CVar [[r.DOF.Kernel.MaxBackgroundRadius:0.025]]
[2021.10.08-17.17.01:338][  0]LogConfig: Applying CVar settings from Section [TextureQuality@3] File [D:/Projets Dev/Unreal Engine/GTech 4/Food_Looter_GC/Food_Looter_GC/Saved/Config/Windows/Scalability.ini]
[2021.10.08-17.17.01:338][  0]LogConfig: Setting CVar [[r.Streaming.MipBias:0]]
[2021.10.08-17.17.01:338][  0]LogConfig: Setting CVar [[r.Streaming.AmortizeCPUToGPUCopy:0]]
[2021.10.08-17.17.01:338][  0]LogConfig: Setting CVar [[r.Streaming.MaxNumTexturesToStreamPerFrame:0]]
[2021.10.08-17.17.01:338][  0]LogConfig: Setting CVar [[r.Streaming.Boost:1]]
[2021.10.08-17.17.01:338][  0]LogConfig: Setting CVar [[r.MaxAnisotropy:8]]
[2021.10.08-17.17.01:338][  0]LogConfig: Setting CVar [[r.VT.MaxAnisotropy:8]]
[2021.10.08-17.17.01:338][  0]LogConfig: Setting CVar [[r.Streaming.LimitPoolSizeToVRAM:0]]
[2021.10.08-17.17.01:338][  0]LogConfig: Setting CVar [[r.Streaming.PoolSize:1000]]
[2021.10.08-17.17.01:338][  0]LogConfig: Setting CVar [[r.Streaming.MaxEffectiveScreenSize:0]]
[2021.10.08-17.17.01:338][  0]LogConfig: Applying CVar settings from Section [EffectsQuality@3] File [D:/Projets Dev/Unreal Engine/GTech 4/Food_Looter_GC/Food_Looter_GC/Saved/Config/Windows/Scalability.ini]
[2021.10.08-17.17.01:338][  0]LogConfig: Setting CVar [[r.TranslucencyLightingVolumeDim:64]]
[2021.10.08-17.17.01:338][  0]LogConfig: Setting CVar [[r.RefractionQuality:2]]
[2021.10.08-17.17.01:338][  0]LogConfig: Setting CVar [[r.SSR.Quality:3]]
[2021.10.08-17.17.01:338][  0]LogConfig: Setting CVar [[r.SSR.HalfResSceneColor:0]]
[2021.10.08-17.17.01:338][  0]LogConfig: Setting CVar [[r.SceneColorFormat:4]]
[2021.10.08-17.17.01:338][  0]LogConfig: Setting CVar [[r.DetailMode:2]]
[2021.10.08-17.17.01:339][  0]LogConfig: Setting CVar [[r.TranslucencyVolumeBlur:1]]
[2021.10.08-17.17.01:339][  0]LogConfig: Setting CVar [[r.MaterialQualityLevel:1 ; High quality]]
[2021.10.08-17.17.01:339][  0]LogConfig: Setting CVar [[r.AnisotropicMaterials:1]]
[2021.10.08-17.17.01:339][  0]LogConfig: Setting CVar [[r.SSS.Scale:1]]
[2021.10.08-17.17.01:339][  0]LogConfig: Setting CVar [[r.SSS.SampleSet:2]]
[2021.10.08-17.17.01:339][  0]LogConfig: Setting CVar [[r.SSS.Quality:1]]
[2021.10.08-17.17.01:339][  0]LogConfig: Setting CVar [[r.SSS.HalfRes:0]]
[2021.10.08-17.17.01:339][  0]LogConfig: Setting CVar [[r.SSGI.Quality:3]]
[2021.10.08-17.17.01:339][  0]LogConfig: Setting CVar [[r.EmitterSpawnRateScale:1.0]]
[2021.10.08-17.17.01:339][  0]LogConfig: Setting CVar [[r.ParticleLightQuality:2]]
[2021.10.08-17.17.01:339][  0]LogConfig: Setting CVar [[r.SkyAtmosphere.AerialPerspectiveLUT.FastApplyOnOpaque:1 ; Always have FastSkyLUT 1 in this case to avoid wrong sky]]
[2021.10.08-17.17.01:339][  0]LogConfig: Setting CVar [[r.SkyAtmosphere.AerialPerspectiveLUT.SampleCountMaxPerSlice:4]]
[2021.10.08-17.17.01:339][  0]LogConfig: Setting CVar [[r.SkyAtmosphere.AerialPerspectiveLUT.DepthResolution:16.0]]
[2021.10.08-17.17.01:339][  0]LogConfig: Setting CVar [[r.SkyAtmosphere.FastSkyLUT:1]]
[2021.10.08-17.17.01:339][  0]LogConfig: Setting CVar [[r.SkyAtmosphere.FastSkyLUT.SampleCountMin:4.0]]
[2021.10.08-17.17.01:339][  0]LogConfig: Setting CVar [[r.SkyAtmosphere.FastSkyLUT.SampleCountMax:128.0]]
[2021.10.08-17.17.01:340][  0]LogConfig: Setting CVar [[r.SkyAtmosphere.SampleCountMin:4.0]]
[2021.10.08-17.17.01:340][  0]LogConfig: Setting CVar [[r.SkyAtmosphere.SampleCountMax:128.0]]
[2021.10.08-17.17.01:340][  0]LogConfig: Setting CVar [[r.SkyAtmosphere.TransmittanceLUT.UseSmallFormat:0]]
[2021.10.08-17.17.01:340][  0]LogConfig: Setting CVar [[r.SkyAtmosphere.TransmittanceLUT.SampleCount:10.0]]
[2021.10.08-17.17.01:340][  0]LogConfig: Setting CVar [[r.SkyAtmosphere.MultiScatteringLUT.SampleCount:15.0]]
[2021.10.08-17.17.01:340][  0]LogConfig: Setting CVar [[r.SkyLight.RealTimeReflectionCapture:1]]
[2021.10.08-17.17.01:340][  0]LogConfig: Applying CVar settings from Section [FoliageQuality@3] File [D:/Projets Dev/Unreal Engine/GTech 4/Food_Looter_GC/Food_Looter_GC/Saved/Config/Windows/Scalability.ini]
[2021.10.08-17.17.01:340][  0]LogConfig: Setting CVar [[foliage.DensityScale:1.0]]
[2021.10.08-17.17.01:340][  0]LogConfig: Setting CVar [[grass.DensityScale:1.0]]
[2021.10.08-17.17.01:340][  0]LogConfig: Applying CVar settings from Section [ShadingQuality@3] File [D:/Projets Dev/Unreal Engine/GTech 4/Food_Looter_GC/Food_Looter_GC/Saved/Config/Windows/Scalability.ini]
[2021.10.08-17.17.01:340][  0]LogConfig: Setting CVar [[r.HairStrands.SkyLighting.IntegrationType:2]]
[2021.10.08-17.17.01:340][  0]LogConfig: Setting CVar [[r.HairStrands.SkyAO.SampleCount:4]]
[2021.10.08-17.17.01:340][  0]LogConfig: Setting CVar [[r.HairStrands.Visibility.MSAA.SamplePerPixel:4]]
[2021.10.08-17.17.01:340][  0]LogInit: Selected Device Profile: [Windows]
[2021.10.08-17.17.01:340][  0]LogInit: Applying CVar settings loaded from the selected device profile: [Windows]
[2021.10.08-17.17.01:341][  0]LogHAL: Display: Platform has ~ 16 GB [17096232960 / 17179869184 / 16], which maps to Larger [LargestMinGB=32, LargerMinGB=12, DefaultMinGB=8, SmallerMinGB=6, SmallestMinGB=0)
[2021.10.08-17.17.01:341][  0]LogInit: Going up to parent DeviceProfile []
[2021.10.08-17.17.01:341][  0]LogConfig: Applying CVar settings from Section [ViewDistanceQuality@3] File [D:/Projets Dev/Unreal Engine/GTech 4/Food_Looter_GC/Food_Looter_GC/Saved/Config/Windows/Scalability.ini]
[2021.10.08-17.17.01:341][  0]LogConfig: Setting CVar [[r.SkeletalMeshLODBias:0]]
[2021.10.08-17.17.01:341][  0]LogConfig: Setting CVar [[r.ViewDistanceScale:1.0]]
[2021.10.08-17.17.01:341][  0]LogConfig: Applying CVar settings from Section [AntiAliasingQuality@3] File [D:/Projets Dev/Unreal Engine/GTech 4/Food_Looter_GC/Food_Looter_GC/Saved/Config/Windows/Scalability.ini]
[2021.10.08-17.17.01:341][  0]LogConfig: Setting CVar [[r.PostProcessAAQuality:4]]
[2021.10.08-17.17.01:341][  0]LogConfig: Applying CVar settings from Section [ShadowQuality@3] File [D:/Projets Dev/Unreal Engine/GTech 4/Food_Looter_GC/Food_Looter_GC/Saved/Config/Windows/Scalability.ini]
[2021.10.08-17.17.01:341][  0]LogConfig: Setting CVar [[r.LightFunctionQuality:1]]
[2021.10.08-17.17.01:341][  0]LogConfig: Setting CVar [[r.ShadowQuality:5]]
[2021.10.08-17.17.01:341][  0]LogConfig: Setting CVar [[r.Shadow.CSM.MaxCascades:10]]
[2021.10.08-17.17.01:341][  0]LogConfig: Setting CVar [[r.Shadow.MaxResolution:2048]]
[2021.10.08-17.17.01:342][  0]LogConfig: Setting CVar [[r.Shadow.MaxCSMResolution:2048]]
[2021.10.08-17.17.01:342][  0]LogConfig: Setting CVar [[r.Shadow.RadiusThreshold:0.01]]
[2021.10.08-17.17.01:342][  0]LogConfig: Setting CVar [[r.Shadow.DistanceScale:1.0]]
[2021.10.08-17.17.01:342][  0]LogConfig: Setting CVar [[r.Shadow.CSM.TransitionScale:1.0]]
[2021.10.08-17.17.01:342][  0]LogConfig: Setting CVar [[r.Shadow.PreShadowResolutionFactor:1.0]]
[2021.10.08-17.17.01:342][  0]LogConfig: Setting CVar [[r.DistanceFieldShadowing:1]]
[2021.10.08-17.17.01:342][  0]LogConfig: Setting CVar [[r.DistanceFieldAO:1]]
[2021.10.08-17.17.01:342][  0]LogConfig: Setting CVar [[r.AOQuality:2]]
[2021.10.08-17.17.01:342][  0]LogConfig: Setting CVar [[r.VolumetricFog:1]]
[2021.10.08-17.17.01:342][  0]LogConfig: Setting CVar [[r.VolumetricFog.GridPixelSize:8]]
[2021.10.08-17.17.01:342][  0]LogConfig: Setting CVar [[r.VolumetricFog.GridSizeZ:128]]
[2021.10.08-17.17.01:342][  0]LogConfig: Setting CVar [[r.VolumetricFog.HistoryMissSupersampleCount:4]]
[2021.10.08-17.17.01:342][  0]LogConfig: Setting CVar [[r.LightMaxDrawDistanceScale:1]]
[2021.10.08-17.17.01:342][  0]LogConfig: Setting CVar [[r.CapsuleShadows:1]]
[2021.10.08-17.17.01:342][  0]LogConfig: Applying CVar settings from Section [PostProcessQuality@3] File [D:/Projets Dev/Unreal Engine/GTech 4/Food_Looter_GC/Food_Looter_GC/Saved/Config/Windows/Scalability.ini]
[2021.10.08-17.17.01:342][  0]LogConfig: Setting CVar [[r.MotionBlurQuality:4]]
[2021.10.08-17.17.01:343][  0]LogConfig: Setting CVar [[r.AmbientOcclusionMipLevelFactor:0.4]]
[2021.10.08-17.17.01:343][  0]LogConfig: Setting CVar [[r.AmbientOcclusionMaxQuality:100]]
[2021.10.08-17.17.01:343][  0]LogConfig: Setting CVar [[r.AmbientOcclusionLevels:-1]]
[2021.10.08-17.17.01:343][  0]LogConfig: Setting CVar [[r.AmbientOcclusionRadiusScale:1.0]]
[2021.10.08-17.17.01:343][  0]LogConfig: Setting CVar [[r.DepthOfFieldQuality:2]]
[2021.10.08-17.17.01:343][  0]LogConfig: Setting CVar [[r.RenderTargetPoolMin:400]]
[2021.10.08-17.17.01:343][  0]LogConfig: Setting CVar [[r.LensFlareQuality:2]]
[2021.10.08-17.17.01:343][  0]LogConfig: Setting CVar [[r.SceneColorFringeQuality:1]]
[2021.10.08-17.17.01:343][  0]LogConfig: Setting CVar [[r.EyeAdaptationQuality:2]]
[2021.10.08-17.17.01:343][  0]LogConfig: Setting CVar [[r.BloomQuality:5]]
[2021.10.08-17.17.01:343][  0]LogConfig: Setting CVar [[r.FastBlurThreshold:100]]
[2021.10.08-17.17.01:343][  0]LogConfig: Setting CVar [[r.Upscale.Quality:3]]
[2021.10.08-17.17.01:343][  0]LogConfig: Setting CVar [[r.Tonemapper.GrainQuantization:1]]
[2021.10.08-17.17.01:343][  0]LogConfig: Setting CVar [[r.LightShaftQuality:1]]
[2021.10.08-17.17.01:343][  0]LogConfig: Setting CVar [[r.Filter.SizeScale:1]]
[2021.10.08-17.17.01:343][  0]LogConfig: Setting CVar [[r.Tonemapper.Quality:5]]
[2021.10.08-17.17.01:344][  0]LogConfig: Setting CVar [[r.DOF.Gather.AccumulatorQuality:1        ; higher gathering accumulator quality]]
[2021.10.08-17.17.01:344][  0]LogConfig: Setting CVar [[r.DOF.Gather.PostfilterMethod:1          ; Median3x3 postfilering method]]
[2021.10.08-17.17.01:344][  0]LogConfig: Setting CVar [[r.DOF.Gather.EnableBokehSettings:0       ; no bokeh simulation when gathering]]
[2021.10.08-17.17.01:344][  0]LogConfig: Setting CVar [[r.DOF.Gather.RingCount:4                 ; medium number of samples when gathering]]
[2021.10.08-17.17.01:344][  0]LogConfig: Setting CVar [[r.DOF.Scatter.ForegroundCompositing:1    ; additive foreground scattering]]
[2021.10.08-17.17.01:344][  0]LogConfig: Setting CVar [[r.DOF.Scatter.BackgroundCompositing:2    ; additive background scattering]]
[2021.10.08-17.17.01:344][  0]LogConfig: Setting CVar [[r.DOF.Scatter.EnableBokehSettings:1      ; bokeh simulation when scattering]]
[2021.10.08-17.17.01:344][  0]LogConfig: Setting CVar [[r.DOF.Scatter.MaxSpriteRatio:0.1         ; only a maximum of 10% of scattered bokeh]]
[2021.10.08-17.17.01:344][  0]LogConfig: Setting CVar [[r.DOF.Recombine.Quality:1                ; cheap slight out of focus]]
[2021.10.08-17.17.01:344][  0]LogConfig: Setting CVar [[r.DOF.Recombine.EnableBokehSettings:0    ; no bokeh simulation on slight out of focus]]
[2021.10.08-17.17.01:344][  0]LogConfig: Setting CVar [[r.DOF.TemporalAAQuality:1                ; more stable temporal accumulation]]
[2021.10.08-17.17.01:344][  0]LogConfig: Setting CVar [[r.DOF.Kernel.MaxForegroundRadius:0.025]]
[2021.10.08-17.17.01:344][  0]LogConfig: Setting CVar [[r.DOF.Kernel.MaxBackgroundRadius:0.025]]
[2021.10.08-17.17.01:345][  0]LogConfig: Applying CVar settings from Section [TextureQuality@3] File [D:/Projets Dev/Unreal Engine/GTech 4/Food_Looter_GC/Food_Looter_GC/Saved/Config/Windows/Scalability.ini]
[2021.10.08-17.17.01:345][  0]LogConfig: Setting CVar [[r.Streaming.MipBias:0]]
[2021.10.08-17.17.01:345][  0]LogConfig: Setting CVar [[r.Streaming.AmortizeCPUToGPUCopy:0]]
[2021.10.08-17.17.01:345][  0]LogConfig: Setting CVar [[r.Streaming.MaxNumTexturesToStreamPerFrame:0]]
[2021.10.08-17.17.01:345][  0]LogConfig: Setting CVar [[r.Streaming.Boost:1]]
[2021.10.08-17.17.01:345][  0]LogConfig: Setting CVar [[r.MaxAnisotropy:8]]
[2021.10.08-17.17.01:345][  0]LogConfig: Setting CVar [[r.VT.MaxAnisotropy:8]]
[2021.10.08-17.17.01:345][  0]LogConfig: Setting CVar [[r.Streaming.LimitPoolSizeToVRAM:0]]
[2021.10.08-17.17.01:345][  0]LogConfig: Setting CVar [[r.Streaming.PoolSize:1000]]
[2021.10.08-17.17.01:345][  0]LogConfig: Setting CVar [[r.Streaming.MaxEffectiveScreenSize:0]]
[2021.10.08-17.17.01:345][  0]LogConfig: Applying CVar settings from Section [EffectsQuality@3] File [D:/Projets Dev/Unreal Engine/GTech 4/Food_Looter_GC/Food_Looter_GC/Saved/Config/Windows/Scalability.ini]
[2021.10.08-17.17.01:345][  0]LogConfig: Setting CVar [[r.TranslucencyLightingVolumeDim:64]]
[2021.10.08-17.17.01:345][  0]LogConfig: Setting CVar [[r.RefractionQuality:2]]
[2021.10.08-17.17.01:345][  0]LogConfig: Setting CVar [[r.SSR.Quality:3]]
[2021.10.08-17.17.01:346][  0]LogConfig: Setting CVar [[r.SSR.HalfResSceneColor:0]]
[2021.10.08-17.17.01:346][  0]LogConfig: Setting CVar [[r.SceneColorFormat:4]]
[2021.10.08-17.17.01:346][  0]LogConfig: Setting CVar [[r.DetailMode:2]]
[2021.10.08-17.17.01:346][  0]LogConfig: Setting CVar [[r.TranslucencyVolumeBlur:1]]
[2021.10.08-17.17.01:346][  0]LogConfig: Setting CVar [[r.MaterialQualityLevel:1 ; High quality]]
[2021.10.08-17.17.01:346][  0]LogConfig: Setting CVar [[r.AnisotropicMaterials:1]]
[2021.10.08-17.17.01:346][  0]LogConfig: Setting CVar [[r.SSS.Scale:1]]
[2021.10.08-17.17.01:346][  0]LogConfig: Setting CVar [[r.SSS.SampleSet:2]]
[2021.10.08-17.17.01:346][  0]LogConfig: Setting CVar [[r.SSS.Quality:1]]
[2021.10.08-17.17.01:346][  0]LogConfig: Setting CVar [[r.SSS.HalfRes:0]]
[2021.10.08-17.17.01:346][  0]LogConfig: Setting CVar [[r.SSGI.Quality:3]]
[2021.10.08-17.17.01:346][  0]LogConfig: Setting CVar [[r.EmitterSpawnRateScale:1.0]]
[2021.10.08-17.17.01:346][  0]LogConfig: Setting CVar [[r.ParticleLightQuality:2]]
[2021.10.08-17.17.01:347][  0]LogConfig: Setting CVar [[r.SkyAtmosphere.AerialPerspectiveLUT.FastApplyOnOpaque:1 ; Always have FastSkyLUT 1 in this case to avoid wrong sky]]
[2021.10.08-17.17.01:347][  0]LogConfig: Setting CVar [[r.SkyAtmosphere.AerialPerspectiveLUT.SampleCountMaxPerSlice:4]]
[2021.10.08-17.17.01:347][  0]LogConfig: Setting CVar [[r.SkyAtmosphere.AerialPerspectiveLUT.DepthResolution:16.0]]
[2021.10.08-17.17.01:347][  0]LogConfig: Setting CVar [[r.SkyAtmosphere.FastSkyLUT:1]]
[2021.10.08-17.17.01:347][  0]LogConfig: Setting CVar [[r.SkyAtmosphere.FastSkyLUT.SampleCountMin:4.0]]
[2021.10.08-17.17.01:347][  0]LogConfig: Setting CVar [[r.SkyAtmosphere.FastSkyLUT.SampleCountMax:128.0]]
[2021.10.08-17.17.01:347][  0]LogConfig: Setting CVar [[r.SkyAtmosphere.SampleCountMin:4.0]]
[2021.10.08-17.17.01:347][  0]LogConfig: Setting CVar [[r.SkyAtmosphere.SampleCountMax:128.0]]
[2021.10.08-17.17.01:347][  0]LogConfig: Setting CVar [[r.SkyAtmosphere.TransmittanceLUT.UseSmallFormat:0]]
[2021.10.08-17.17.01:347][  0]LogConfig: Setting CVar [[r.SkyAtmosphere.TransmittanceLUT.SampleCount:10.0]]
[2021.10.08-17.17.01:347][  0]LogConfig: Setting CVar [[r.SkyAtmosphere.MultiScatteringLUT.SampleCount:15.0]]
[2021.10.08-17.17.01:347][  0]LogConfig: Setting CVar [[r.SkyLight.RealTimeReflectionCapture:1]]
[2021.10.08-17.17.01:347][  0]LogConfig: Applying CVar settings from Section [FoliageQuality@3] File [D:/Projets Dev/Unreal Engine/GTech 4/Food_Looter_GC/Food_Looter_GC/Saved/Config/Windows/Scalability.ini]
[2021.10.08-17.17.01:348][  0]LogConfig: Setting CVar [[foliage.DensityScale:1.0]]
[2021.10.08-17.17.01:348][  0]LogConfig: Setting CVar [[grass.DensityScale:1.0]]
[2021.10.08-17.17.01:348][  0]LogConfig: Applying CVar settings from Section [ShadingQuality@3] File [D:/Projets Dev/Unreal Engine/GTech 4/Food_Looter_GC/Food_Looter_GC/Saved/Config/Windows/Scalability.ini]
[2021.10.08-17.17.01:348][  0]LogConfig: Setting CVar [[r.HairStrands.SkyLighting.IntegrationType:2]]
[2021.10.08-17.17.01:348][  0]LogConfig: Setting CVar [[r.HairStrands.SkyAO.SampleCount:4]]
[2021.10.08-17.17.01:348][  0]LogConfig: Setting CVar [[r.HairStrands.Visibility.MSAA.SamplePerPixel:4]]
[2021.10.08-17.17.01:348][  0]LogConfig: Applying CVar settings from Section [Startup] File [../../../Engine/Config/ConsoleVariables.ini]
[2021.10.08-17.17.01:349][  0]LogConfig: Setting CVar [[net.UseAdaptiveNetUpdateFrequency:0]]
[2021.10.08-17.17.01:349][  0]LogConfig: Setting CVar [[p.chaos.AllowCreatePhysxBodies:1]]
[2021.10.08-17.17.01:349][  0]LogConfig: Setting CVar [[fx.SkipVectorVMBackendOptimizations:1]]
[2021.10.08-17.17.01:349][  0]LogConfig: Applying CVar settings from Section [ConsoleVariables] File [D:/Projets Dev/Unreal Engine/GTech 4/Food_Looter_GC/Food_Looter_GC/Saved/Config/Windows/Engine.ini]
[2021.10.08-17.17.01:350][  0]LogConfig: Applying CVar settings from Section [ConsoleVariables] File [D:/Projets Dev/Unreal Engine/GTech 4/Food_Looter_GC/Food_Looter_GC/Saved/Config/Windows/Editor.ini]
[2021.10.08-17.17.01:350][  0]LogInit: Computer: LENOVO-ANTONIN
[2021.10.08-17.17.01:350][  0]LogInit: User: 33781
[2021.10.08-17.17.01:350][  0]LogInit: CPU Page size=4096, Cores=4
[2021.10.08-17.17.01:350][  0]LogInit: High frequency timer resolution =10.000000 MHz
[2021.10.08-17.17.01:350][  0]LogMemory: Memory total: Physical=15.9GB (16GB approx)
[2021.10.08-17.17.01:350][  0]LogMemory: Platform Memory Stats for Windows
[2021.10.08-17.17.01:350][  0]LogMemory: Process Physical Memory: 150.57 MB used, 150.57 MB peak
[2021.10.08-17.17.01:350][  0]LogMemory: Process Virtual Memory: 118.78 MB used, 118.78 MB peak
[2021.10.08-17.17.01:350][  0]LogMemory: Physical Memory: 8959.12 MB used,  7345.11 MB free, 16304.24 MB total
[2021.10.08-17.17.01:350][  0]LogMemory: Virtual Memory: 134209832.00 MB used,  7891.90 MB free, 134217728.00 MB total
[2021.10.08-17.17.01:371][  0]LogWindows: WindowsPlatformFeatures enabled
[2021.10.08-17.17.01:607][  0]LogInit: Physics initialised using underlying interface: PhysX
[2021.10.08-17.17.01:608][  0]LogInit: Using OS detected language (fr-FR).
[2021.10.08-17.17.01:608][  0]LogInit: Using OS detected locale (fr-FR).
[2021.10.08-17.17.01:611][  0]LogTextLocalizationManager: No specific localization for 'fr-FR' exists, so the 'fr' localization will be used.
[2021.10.08-17.17.01:612][  0]LogTextLocalizationResource: LocRes '../../../Engine/Content/Localization/Editor/fr/Editor.locres' could not be opened for reading!
[2021.10.08-17.17.01:612][  0]LogTextLocalizationResource: LocRes '../../../Engine/Content/Localization/EditorTutorials/fr/EditorTutorials.locres' could not be opened for reading!
[2021.10.08-17.17.01:612][  0]LogTextLocalizationResource: LocRes '../../../Engine/Content/Localization/Keywords/fr/Keywords.locres' could not be opened for reading!
[2021.10.08-17.17.01:612][  0]LogTextLocalizationResource: LocRes '../../../Engine/Content/Localization/Category/fr/Category.locres' could not be opened for reading!
[2021.10.08-17.17.01:613][  0]LogTextLocalizationResource: LocRes '../../../Engine/Content/Localization/ToolTips/fr/ToolTips.locres' could not be opened for reading!
[2021.10.08-17.17.01:613][  0]LogTextLocalizationResource: LocRes '../../../Engine/Content/Localization/PropertyNames/fr/PropertyNames.locres' could not be opened for reading!
[2021.10.08-17.17.01:613][  0]LogTextLocalizationResource: LocRes '../../../Engine/Content/Localization/Engine/fr/Engine.locres' could not be opened for reading!
[2021.10.08-17.17.01:615][  0]LogInit: Setting process to per monitor DPI aware
[2021.10.08-17.17.01:662][  0]LogWindowsTextInputMethodSystem: Display: IME system deactivated.
[2021.10.08-17.17.01:695][  0]LogSlate: New Slate User Created.  User Index 0, Is Virtual User: 0
[2021.10.08-17.17.01:695][  0]LogSlate: Slate User Registered.  User Index 0, Is Virtual User: 0
[2021.10.08-17.17.02:087][  0]LogD3D11RHI: Loaded GFSDK_Aftermath_Lib.x64.dll
[2021.10.08-17.17.02:144][  0]LogHMD: Optional extension XR_VARJO_quad_views is not available
[2021.10.08-17.17.02:144][  0]LogHMD: Warning: Required extension XR_EXT_eye_gaze_interaction is not available
[2021.10.08-17.17.02:144][  0]LogHMD: Could not enable all required OpenXR extensions for OpenXREyeTracker on current system. This plugin will be loaded but ignored, but will be enabled on a target platform that supports the required extension.
[2021.10.08-17.17.02:646][  0]LogHMD: Failed to get an OpenXR system, result is XR_ERROR_FORM_FACTOR_UNAVAILABLE. Please check that your runtime supports VR headsets.
[2021.10.08-17.17.02:646][  0]LogD3D11RHI: D3D11 min allowed feature level: 11_0
[2021.10.08-17.17.02:646][  0]LogD3D11RHI: D3D11 max allowed feature level: 11_0
[2021.10.08-17.17.02:646][  0]LogD3D11RHI: D3D11 adapters:
[2021.10.08-17.17.02:809][  0]LogD3D11RHI:    0. 'NVIDIA GeForce GTX 1660 Ti' (Feature Level 11_0)
[2021.10.08-17.17.02:809][  0]LogD3D11RHI:       5991/0/8152 MB DedicatedVideo/DedicatedSystem/SharedSystem, Outputs:2, VendorId:0x10de
[2021.10.08-17.17.02:818][  0]LogD3D11RHI:    1. 'Microsoft Basic Render Driver' (Feature Level 11_0)
[2021.10.08-17.17.02:819][  0]LogD3D11RHI:       0/0/8152 MB DedicatedVideo/DedicatedSystem/SharedSystem, Outputs:0, VendorId:0x1414
[2021.10.08-17.17.02:819][  0]LogD3D11RHI: Chosen D3D11 Adapter: 0
[2021.10.08-17.17.02:828][  0]LogD3D11RHI: Creating new Direct3DDevice
[2021.10.08-17.17.02:828][  0]LogD3D11RHI:     GPU DeviceId: 0x2191 (for the marketing name, search the web for "GPU Device Id")
[2021.10.08-17.17.02:828][  0]LogWindows: EnumDisplayDevices:
[2021.10.08-17.17.02:828][  0]LogWindows:    0. 'NVIDIA GeForce GTX 1660 Ti' (P:1 D:1)
[2021.10.08-17.17.02:829][  0]LogWindows:    1. 'NVIDIA GeForce GTX 1660 Ti' (P:0 D:1)
[2021.10.08-17.17.02:829][  0]LogWindows:    2. 'NVIDIA GeForce GTX 1660 Ti' (P:0 D:0)
[2021.10.08-17.17.02:829][  0]LogWindows:    3. 'NVIDIA GeForce GTX 1660 Ti' (P:0 D:0)
[2021.10.08-17.17.02:830][  0]LogWindows: DebugString: FoundDriverCount:4 
[2021.10.08-17.17.02:830][  0]LogD3D11RHI:     Adapter Name: NVIDIA GeForce GTX 1660 Ti
[2021.10.08-17.17.02:830][  0]LogD3D11RHI:   Driver Version: 472.12 (internal:30.0.14.7212, unified:472.12)
[2021.10.08-17.17.02:830][  0]LogD3D11RHI:      Driver Date: 9-13-2021
[2021.10.08-17.17.02:830][  0]LogRHI: Texture pool is 4193 MB (70% of 5991 MB)
[2021.10.08-17.17.02:952][  0]LogD3D11RHI: RHI has support for 64 bit atomics
[2021.10.08-17.17.02:952][  0]LogD3D11RHI: Async texture creation enabled
[2021.10.08-17.17.02:952][  0]LogD3D11RHI: Array index from any shader is supported
[2021.10.08-17.17.02:969][  0]LogD3D11RHI: GPU Timing Frequency: 1000.000000 (Debug: 2 1)
[2021.10.08-17.17.03:016][  0]LogRHI: GeForceNow SDK initialized: 1
[2021.10.08-17.17.03:440][  0]LogTargetPlatformManager: Display: Loaded TargetPlatform 'AllDesktop'
[2021.10.08-17.17.03:468][  0]LogTargetPlatformManager: Display: Loaded TargetPlatform 'Android'
[2021.10.08-17.17.03:468][  0]LogTargetPlatformManager: Display: Loaded TargetPlatform 'Android_ASTC'
[2021.10.08-17.17.03:468][  0]LogTargetPlatformManager: Display: Loaded TargetPlatform 'Android_DXT'
[2021.10.08-17.17.03:468][  0]LogTargetPlatformManager: Display: Loaded TargetPlatform 'Android_ETC2'
[2021.10.08-17.17.03:468][  0]LogTargetPlatformManager: Display: Loaded TargetPlatform 'AndroidClient'
[2021.10.08-17.17.03:468][  0]LogTargetPlatformManager: Display: Loaded TargetPlatform 'Android_ASTCClient'
[2021.10.08-17.17.03:469][  0]LogTargetPlatformManager: Display: Loaded TargetPlatform 'Android_DXTClient'
[2021.10.08-17.17.03:469][  0]LogTargetPlatformManager: Display: Loaded TargetPlatform 'Android_ETC2Client'
[2021.10.08-17.17.03:469][  0]LogTargetPlatformManager: Display: Loaded TargetPlatform 'Android_Multi'
[2021.10.08-17.17.03:469][  0]LogTargetPlatformManager: Display: Loaded TargetPlatform 'Android_MultiClient'
[2021.10.08-17.17.03:503][  0]LogTargetPlatformManager: Display: Loaded TargetPlatform 'IOSClient'
[2021.10.08-17.17.03:503][  0]LogTargetPlatformManager: Display: Loaded TargetPlatform 'IOS'
[2021.10.08-17.17.03:519][  0]LogTargetPlatformManager: Display: Loaded TargetPlatform 'Linux'
[2021.10.08-17.17.03:528][  0]LogTargetPlatformManager: Display: Loaded TargetPlatform 'LinuxNoEditor'
[2021.10.08-17.17.03:537][  0]LogTargetPlatformManager: Display: Loaded TargetPlatform 'LinuxClient'
[2021.10.08-17.17.03:546][  0]LogTargetPlatformManager: Display: Loaded TargetPlatform 'LinuxServer'
[2021.10.08-17.17.03:562][  0]LogTargetPlatformManager: Display: Loaded TargetPlatform 'LinuxAArch64NoEditor'
[2021.10.08-17.17.03:570][  0]LogTargetPlatformManager: Display: Loaded TargetPlatform 'LinuxAArch64Client'
[2021.10.08-17.17.03:578][  0]LogTargetPlatformManager: Display: Loaded TargetPlatform 'LinuxAArch64Server'
[2021.10.08-17.17.03:612][  0]LogTargetPlatformManager: Display: Loaded TargetPlatform 'Lumin'
[2021.10.08-17.17.03:612][  0]LogTargetPlatformManager: Display: Loaded TargetPlatform 'LuminClient'
[2021.10.08-17.17.03:627][  0]LogTargetPlatformManager: Display: Loaded TargetPlatform 'MacNoEditor'
[2021.10.08-17.17.03:635][  0]LogTargetPlatformManager: Display: Loaded TargetPlatform 'Mac'
[2021.10.08-17.17.03:644][  0]LogTargetPlatformManager: Display: Loaded TargetPlatform 'MacClient'
[2021.10.08-17.17.03:653][  0]LogTargetPlatformManager: Display: Loaded TargetPlatform 'MacServer'
[2021.10.08-17.17.03:671][  0]LogTargetPlatformManager: Display: Loaded TargetPlatform 'TVOSClient'
[2021.10.08-17.17.03:672][  0]LogTargetPlatformManager: Display: Loaded TargetPlatform 'TVOS'
[2021.10.08-17.17.03:687][  0]LogTargetPlatformManager: Display: Loaded TargetPlatform 'WindowsNoEditor'
[2021.10.08-17.17.03:696][  0]LogTargetPlatformManager: Display: Loaded TargetPlatform 'Windows'
[2021.10.08-17.17.03:706][  0]LogTargetPlatformManager: Display: Loaded TargetPlatform 'WindowsClient'
[2021.10.08-17.17.03:714][  0]LogTargetPlatformManager: Display: Loaded TargetPlatform 'WindowsServer'
[2021.10.08-17.17.03:715][  0]LogTargetPlatformManager: Display: Building Assets For Windows
[2021.10.08-17.17.03:741][  0]LogAudioDebug: Display: Lib vorbis DLL was dynamically loaded.
[2021.10.08-17.17.03:825][  0]LogTextureFormatOodle: Display: Oodle Texture 2.9.0 init RDO Off
[2021.10.08-17.17.03:922][  0]LogRendererCore: Ray tracing is disabled. Reason: r.RayTracing=0.
[2021.10.08-17.17.03:923][  0]LogShaderCompilers: Guid format shader working directory is -33 characters bigger than the processId version (../../../../../Projets Dev/Unreal Engine/GTech 4/Food_Looter_GC/Food_Looter_GC/Intermediate/Shaders/WorkingDirectory/25200/).
[2021.10.08-17.17.03:923][  0]LogShaderCompilers: Cleaned the shader compiler working directory 'C:/Users/33781/AppData/Local/Temp/UnrealShaderWorkingDir/8BEB566E467947ECB1DCE8B39F51B93C/'.
[2021.10.08-17.17.03:923][  0]LogXGEController: Cannot use XGE Controller as Incredibuild is not installed on this machine.
[2021.10.08-17.17.03:924][  0]LogShaderCompilers: Cannot use XGE Shader Compiler as Incredibuild is not installed on this machine.
[2021.10.08-17.17.03:924][  0]LogShaderCompilers: Display: Using Local Shader Compiler.
[2021.10.08-17.17.04:851][  0]LogDerivedDataCache: Display: Max Cache Size: 512 MB
[2021.10.08-17.17.04:908][  0]LogDerivedDataCache: Loaded boot cache 0.06s 95MB C:/Users/33781/AppData/Local/UnrealEngine/4.27/DerivedDataCache/Boot.ddc.
[2021.10.08-17.17.04:908][  0]LogDerivedDataCache: Display: Loaded Boot cache: C:/Users/33781/AppData/Local/UnrealEngine/4.27/DerivedDataCache/Boot.ddc
[2021.10.08-17.17.04:908][  0]LogDerivedDataCache: FDerivedDataBackendGraph:  Pak pak cache file ../../../../../Projets Dev/Unreal Engine/GTech 4/Food_Looter_GC/Food_Looter_GC/DerivedDataCache/DDC.ddp not found, will not use a pak cache.
[2021.10.08-17.17.04:908][  0]LogDerivedDataCache: Unable to find inner node Pak for hierarchical cache Hierarchy.
[2021.10.08-17.17.04:909][  0]LogDerivedDataCache: FDerivedDataBackendGraph:  CompressedPak pak cache file ../../../../../Projets Dev/Unreal Engine/GTech 4/Food_Looter_GC/Food_Looter_GC/DerivedDataCache/Compressed.ddp not found, will not use a pak cache.
[2021.10.08-17.17.04:909][  0]LogDerivedDataCache: Unable to find inner node CompressedPak for hierarchical cache Hierarchy.
[2021.10.08-17.17.04:927][  0]LogDerivedDataCache: Display: Pak cache opened for reading ../../../Engine/DerivedDataCache/Compressed.ddp.
[2021.10.08-17.17.04:927][  0]LogDerivedDataCache: FDerivedDataBackendGraph:  EnterprisePak pak cache file ../../../Enterprise/DerivedDataCache/Compressed.ddp not found, will not use a pak cache.
[2021.10.08-17.17.04:927][  0]LogDerivedDataCache: Unable to find inner node EnterprisePak for hierarchical cache Hierarchy.
[2021.10.08-17.17.04:949][  0]LogDerivedDataCache: Speed tests for C:/Users/33781/AppData/Local/UnrealEngine/Common/DerivedDataCache took 0.02 seconds
[2021.10.08-17.17.04:949][  0]LogDerivedDataCache: Display: Performance to C:/Users/33781/AppData/Local/UnrealEngine/Common/DerivedDataCache: Latency=0.03ms. RandomReadSpeed=195.38MBs, RandomWriteSpeed=58.25MBs. Assigned SpeedClass 'Local'
[2021.10.08-17.17.04:951][  0]LogDerivedDataCache: Using Local data cache path C:/Users/33781/AppData/Local/UnrealEngine/Common/DerivedDataCache: Writable
[2021.10.08-17.17.04:951][  0]LogDerivedDataCache: Shared data cache path not found in *engine.ini, will not use an Shared cache.
[2021.10.08-17.17.04:951][  0]LogDerivedDataCache: Unable to find inner node Shared for hierarchical cache Hierarchy.
[2021.10.08-17.17.05:000][  0]LogSlate: Using FreeType 2.10.0
[2021.10.08-17.17.05:002][  0]LogSlate: SlateFontServices - WITH_FREETYPE: 1, WITH_HARFBUZZ: 1
[2021.10.08-17.17.05:503][  0]LogHMD: Failed to get an OpenXR system, result is XR_ERROR_FORM_FACTOR_UNAVAILABLE. Please check that your runtime supports VR headsets.
[2021.10.08-17.17.05:546][  0]LogAssetRegistry: FAssetRegistry took 0.0077 seconds to start up
[2021.10.08-17.17.05:847][  0]LogInit: Selected Device Profile: [Windows]
[2021.10.08-17.17.05:847][  0]LogInit: Active device profile: [00000214F28F9300][00000214E888C700 49] Windows
[2021.10.08-17.17.05:847][  0]LogInit: Profiles: [00000214F28F9300][00000214E888C700 49] Windows, [00000214F28D2600][00000214E27D0880 49] WindowsNoEditor, [00000214F28FA500][00000214E27CC9C0 49] WindowsServer, [00000214F28D3400][00000214E27D4B00 49] WindowsClient, [00000214F28FB200][00000214EF23AC40 49] IOS, [00000214F28D3D00][00000214EF23ED80 49] iPadAir, [00000214F28FA900][00000214F285CF00 49] iPadAir2, [00000214F3869C00][00000214F28651C0 49] IPadPro, [00000214F3869D00][00000214F2861200 49] iPadAir3, [00000214F28D3A00][00000214F2869380 49] iPadAir4, [00000214F386AC00][00000214F286D500 49] iPadMini2, [00000214F28D1400][00000214F044B680 49] iPadMini3, [00000214F3868B00][00000214F044F800 49] iPadMini4, [00000214F28D3E00][00000214F0453980 49] iPadMini5, [00000214F3875300][00000214F045A0C0 49] iPhone6, [00000214F3875400][00000214F0456100 49] iPodTouch6, [00000214F28F9600][00000214E97123C0 49] iPhone7, [00000214F28FAB00][00000214E970E400 49] iPodTouch7, [00000214F386BB00][00000214E9716580 49] iPhone5S, [00000214F28F9800][00000214E971A700 49] iPhone6Plus, [00000214F386B000][00000214E971E880 49] iPhone6S, [00000214F28FBB00][00000214E9722A00 49] iPhone6SPlus, [00000214F3869500][00000214EF242B40 49] iPhone7Plus, [00000214F28F8100][00000214E9726C80 49] iPhoneSE, [00000214F28F8B00][00000214E972ADC0 49] iPhone8, [00000214F3874800][00000214E972EF00 49] iPhone8Plus, [00000214F28F9400][00000214E9737080 49] iPhoneX, [00000214F3874F00][00000214E973B200 49] iPhoneXS, [00000214F28FB700][00000214E973F380 49] iPhoneXSMax, [00000214F3877100][00000214E9743500 49] iPhoneXR, [00000214F28FB800][00000214E9747680 49] iPhone11, [00000214F3877D00][00000214E974B800 49] iPhone11Pro, [00000214F386A700][00000214E974F980 49] iPhone11ProMax, [00000214F3874600][00000214E9753B00 49] iPhoneSE2, [00000214F386A100][00000214E9756100 49] iPhone12Mini, [00000214F3877800][00000214E975A280 49] iPhone12, [00000214F3869A00][00000214E975E400 49] iPhone12Pro, [00000214F3875E00][00000214E9762580 49] iPhone12ProMax, [00000214F386BF00][00000214E9766700 49] iPadPro105, [00000214F3877400][00000214E976A880 49] iPadPro129, [00000214F386B700][00000214E976EA00 49] iPadPro97, [00000214F3876200][00000214E9772B80 49] iPadPro2_129, [00000214F3869600][00000214E9776D00 49] iPad5, [00000214F3874C00][00000214E9732E40 49] iPad6, [00000214F386A500][00000214E977AF80 49] iPad7, [00000214F3876B00][00000214E977F0C0 49] iPad8, [00000214F3869300][00000214E9787240 49] iPadPro11, [00000214F3877E00][00000214E978B3C0 49] iPadPro2_11, [00000214F386A000][00000214E978F540 49] iPadPro3_129, [00000214F3874100][00000214E97936C0 49] iPadPro4_129, [00000214F3868F00][00000214E9797840 49] AppleTV, [00000214F3877B00][00000214E979B9C0 49] AppleTV4K, [00000214F3869800][00000214E979FB40 49] TVOS, [00000214F3874400][00000214F0266140 49] Mac, [00000214F386B400][00000214F026A2C0 49] MacClient, [00000214F3876800][00000214F026E440 49] MacNoEditor, [00000214F386AD00][00000214F02725C0 49] MacServer, [00000214F3875900][00000214F0276740 49] Linux, [00000214F386B200][00000214DF5808C0 49] LinuxAArch64, [00000214F3876000][00000214DF588A40 49] LinuxNoEditor, [00000214F386A800][00000214DF594BC0 49] LinuxAArch64NoEditor, [00000214F3874A00][00000214F3C70D40 49] LinuxClient, [00000214F3868500][00000214F3C7CEC0 49] LinuxAArch64Client, [00000214F3876100][00000214E9783000 49] LinuxServer, [00000214F386B100][00000214E97F5140 49] LinuxAArch64Server, [00000214F3876E00][00000214E9819280 49] Android, [00000214F386B500][00000214F030D3C0 49] Android_Low, [00000214F3874900][00000214F0315540 49] Android_Mid, [00000214F386BA00][00000214F3C796C0 49] Android_High, [00000214F3875700][00000214F0319840 49] Android_Default, [00000214F3868300][00000214F031D9C0 49] Android_Adreno4xx, [00000214F3874E00][00000214F032DB40 49] Android_Adreno5xx_Low, [00000214F3868E00][00000214F0334140 49] Android_Adreno5xx, [00000214F3877300][00000214F03382C0 49] Android_Adreno6xx, [00000214F386A600][00000214F3982440 49] Android_Adreno6xx_Vulkan, [00000214F3876400][00000214F39865C0 49] Android_Mali_T6xx, [00000214F386BE00][00000214F398A740 49] Android_Mali_T7xx, [00000214F3874500][00000214F398E8C0 49] Android_Mali_T8xx, [00000214F386B300][00000214F3992A40 49] Android_Mali_G71, [00000214F3877600][00000214F3996BC0 49] Android_Mali_G72, [00000214F3869B00][00000214F399AD40 49] Android_Mali_G72_Vulkan, [00000214F3876C00][00000214F399EEC0 49] Android_Mali_G76, [00000214F386AF00][00000214F39A3040 49] Android_Mali_G76_Vulkan, [00000214F28F8300][00000214F0311180 49] Android_Mali_G77, [00000214F28D2D00][00000214F02F72C0 49] Android_Mali_G77_Vulkan, [00000214F28FAA00][00000214F0307400 49] Android_Mali_G78, [00000214F28D3900][00000214F257D540 49] Android_Mali_G78_Vulkan, [00000214F28F8900][00000214F25856C0 49] Android_Mali_G710, [00000214F28D2400][00000214F25C5840 49] Android_Mali_G710_Vulkan, [00000214F28FB300][00000214F25C99C0 49] Android_Vulkan_SM5, [00000214F28D3C00][00000214F25CDB40 49] Android_PowerVR_G6xxx, [00000214F28F8600][00000214F25D0140 49] Android_PowerVR_GT7xxx, [00000214F28D2F00][00000214F27882C0 49] Android_PowerVR_GE8xxx, [00000214F28FA000][00000214F2790440 49] Android_PowerVR_GM9xxx, [00000214F28D2700][00000214F27945C0 49] Android_PowerVR_GM9xxx_Vulkan, [00000214F28FB600][00000214F2798740 49] Android_TegraK1, [00000214F28D1000][00000214F279C8C0 49] Android_Unknown_Vulkan, [00000214F28FA100][00000214F278CA40 49] Lumin, [00000214F28D3F00][00000214F2742BC0 49] Lumin_Desktop, [00000214F28F9D00][00000214F3968D40 49] HoloLens, 
[2021.10.08-17.17.05:951][  0]LogMeshReduction: Using QuadricMeshReduction for automatic static mesh reduction
[2021.10.08-17.17.05:951][  0]LogMeshReduction: Using SimplygonMeshReduction for automatic skeletal mesh reduction
[2021.10.08-17.17.05:951][  0]LogMeshReduction: Using ProxyLODMeshReduction for automatic mesh merging
[2021.10.08-17.17.05:951][  0]LogMeshReduction: No distributed automatic mesh merging module available
[2021.10.08-17.17.05:951][  0]LogMeshMerging: No distributed automatic mesh merging module available
[2021.10.08-17.17.06:073][  0]LogNetVersion: Food_Looter_GC 1.0.0, NetCL: 17155196, EngineNetVer: 17, GameNetVer: 0 (Checksum: 1521944047)
[2021.10.08-17.17.06:653][  0]LogTexture: Default maximum texture size for cubemaps generated from long-lat sources has been changed from 512 to unlimited. In order to preserve old behaiour for '/Engine/MapTemplates/Sky/DaylightAmbientCubemap.DaylightAmbientCubemap', its maximum texture size has been explicitly set to 512.
[2021.10.08-17.17.06:739][  0]LogHMD: PokeAHoleMaterial loaded successfully
[2021.10.08-17.17.06:748][  0]LogUObjectArray: 17075 objects as part of root set at end of initial load.
[2021.10.08-17.17.06:748][  0]LogUObjectAllocator: 4275600 out of 0 bytes used by permanent object pool.
[2021.10.08-17.17.06:748][  0]LogUObjectArray: CloseDisregardForGC: 0/0 objects in disregard for GC pool
[2021.10.08-17.17.07:501][  0]LogNiagaraDebuggerClient: Niagara Debugger Client Initialized | Session: 8671F15348DEF21BB7E52692DB30182D | Instance: 4675908F435533F1724FC2BBA628BF89 (LENOVO-ANTONIN-25200).
[2021.10.08-17.17.07:564][  0]LogStreaming: Warning: Failed to read file '../../../Engine/Content/Editor/Slate/Niagara/MenuSeparator.png' error.
[2021.10.08-17.17.07:564][  0]LogSlate: Could not find file for Slate resource: ../../../Engine/Content/Editor/Slate/Niagara/MenuSeparator.png
[2021.10.08-17.17.07:564][  0]LogStreaming: Warning: Failed to read file '../../../Engine/Content/Editor/Slate/Niagara/Common/Selector.png' error.
[2021.10.08-17.17.07:564][  0]LogSlate: Could not find file for Slate resource: ../../../Engine/Content/Editor/Slate/Niagara/Common/Selector.png
[2021.10.08-17.17.07:564][  0]LogStreaming: Warning: Failed to read file '../../../Engine/Content/Editor/Slate/Niagara/Common/DropZoneIndicator_Above.png' error.
[2021.10.08-17.17.07:564][  0]LogSlate: Could not find file for Slate resource: ../../../Engine/Content/Editor/Slate/Niagara/Common/DropZoneIndicator_Above.png
[2021.10.08-17.17.07:564][  0]LogStreaming: Warning: Failed to read file '../../../Engine/Content/Editor/Slate/Niagara/Common/Selection.png' error.
[2021.10.08-17.17.07:564][  0]LogSlate: Could not find file for Slate resource: ../../../Engine/Content/Editor/Slate/Niagara/Common/Selection.png
[2021.10.08-17.17.07:564][  0]LogStreaming: Warning: Failed to read file '../../../Engine/Content/Editor/Slate/Niagara/Common/DropZoneIndicator_Onto.png' error.
[2021.10.08-17.17.07:564][  0]LogSlate: Could not find file for Slate resource: ../../../Engine/Content/Editor/Slate/Niagara/Common/DropZoneIndicator_Onto.png
[2021.10.08-17.17.07:564][  0]LogStreaming: Warning: Failed to read file '../../../Engine/Content/Editor/Slate/Niagara/Common/DropZoneIndicator_Below.png' error.
[2021.10.08-17.17.07:564][  0]LogStreaming: Warning: Failed to read file '../../../Engine/Content/Editor/Slate/Niagara/Common/RoundedSelection_16x.png' error.
[2021.10.08-17.17.07:564][  0]LogSlate: Could not find file for Slate resource: ../../../Engine/Content/Editor/Slate/Niagara/Common/DropZoneIndicator_Below.png
[2021.10.08-17.17.07:564][  0]LogSlate: Could not find file for Slate resource: ../../../Engine/Content/Editor/Slate/Niagara/Common/RoundedSelection_16x.png
[2021.10.08-17.17.07:565][  0]LogStreaming: Warning: Failed to read file '../../../Engine/Content/Editor/Slate/Niagara/Common/FlatButton.png' error.
[2021.10.08-17.17.07:565][  0]LogSlate: Could not find file for Slate resource: ../../../Engine/Content/Editor/Slate/Niagara/Common/FlatButton.png
[2021.10.08-17.17.07:565][  0]LogImageWrapper: Warning: PNG Warning: Duplicate iCCP chunk
[2021.10.08-17.17.07:565][  0]LogImageWrapper: Warning: PNG Warning: Duplicate iCCP chunk
[2021.10.08-17.17.07:565][  0]LogPython: Using Python 3.7.7
[2021.10.08-17.17.08:220][  0]LogTcpMessaging: Initializing TcpMessaging bridge
[2021.10.08-17.17.08:233][  0]LogUdpMessaging: Initializing bridge on interface 0.0.0.0:0 to multicast group 230.0.0.1:6666.
[2021.10.08-17.17.08:719][  0]LogLinker: Warning: Failed to load '/Game/ThirdPersonBP/ThirdPersonOverview': Can't find file.
[2021.10.08-17.17.08:719][  0]LogLinker: Warning: Failed to load '/Game/ThirdPersonBP/ThirdPersonOverview': Can't find file.
[2021.10.08-17.17.08:720][  0]LogUObjectGlobals: Warning: Failed to find object 'Class /Game/ThirdPersonBP/ThirdPersonOverview.ThirdPersonOverview_C'
[2021.10.08-17.17.08:906][  0]SourceControl: Source control is disabled
[2021.10.08-17.17.08:908][  0]SourceControl: Source control is disabled
[2021.10.08-17.17.08:919][  0]SourceControl: Source control is disabled
[2021.10.08-17.17.08:927][  0]SourceControl: Source control is disabled
[2021.10.08-17.17.08:945][  0]SourceControl: Source control is disabled
[2021.10.08-17.17.08:975][  0]LogUProjectInfo: Found projects:
[2021.10.08-17.17.09:387][  0]LogOpenImageDenoise: OIDN starting up
[2021.10.08-17.17.09:477][  0]LogAndroidPermission: UAndroidPermissionCallbackProxy::GetInstance
[2021.10.08-17.17.09:510][  0]LogAudioCaptureCore: Display: No Audio Capture implementations found. Audio input will be silent.
[2021.10.08-17.17.09:510][  0]LogAudioCaptureCore: Display: No Audio Capture implementations found. Audio input will be silent.
[2021.10.08-17.17.09:771][  0]LogCollectionManager: Loaded 0 collections in 0.002637 seconds
[2021.10.08-17.17.09:822][  0]LogFileCache: Scanning file cache for directory 'D:/Projets Dev/Unreal Engine/GTech 4/Food_Looter_GC/Food_Looter_GC/Saved/Collections/' took 0.00s
[2021.10.08-17.17.09:822][  0]LogFileCache: Scanning file cache for directory 'D:/Projets Dev/Unreal Engine/GTech 4/Food_Looter_GC/Food_Looter_GC/Content/Developers/33781/Collections/' took 0.00s
[2021.10.08-17.17.09:822][  0]LogFileCache: Scanning file cache for directory 'D:/Projets Dev/Unreal Engine/GTech 4/Food_Looter_GC/Food_Looter_GC/Content/Collections/' took 0.00s
[2021.10.08-17.17.09:822][  0]LogOcInput: OculusInput pre-init called
[2021.10.08-17.17.10:229][  0]LogStreaming: Warning: Failed to read file '../../../Engine/Content/Editor/Slate/Niagara/MenuSeparator.png' error.
[2021.10.08-17.17.10:229][  0]LogSlate: Could not find file for Slate resource: ../../../Engine/Content/Editor/Slate/Niagara/MenuSeparator.png
[2021.10.08-17.17.10:229][  0]LogStreaming: Warning: Failed to read file '../../../Engine/Content/Editor/Slate/Niagara/Common/Selector.png' error.
[2021.10.08-17.17.10:229][  0]LogSlate: Could not find file for Slate resource: ../../../Engine/Content/Editor/Slate/Niagara/Common/Selector.png
[2021.10.08-17.17.10:230][  0]LogStreaming: Warning: Failed to read file '../../../Engine/Content/Editor/Slate/Niagara/Common/Selection.png' error.
[2021.10.08-17.17.10:230][  0]LogSlate: Could not find file for Slate resource: ../../../Engine/Content/Editor/Slate/Niagara/Common/Selection.png
[2021.10.08-17.17.10:230][  0]LogStreaming: Warning: Failed to read file '../../../Engine/Content/Editor/Slate/Niagara/Common/DropZoneIndicator_Above.png' error.
[2021.10.08-17.17.10:230][  0]LogSlate: Could not find file for Slate resource: ../../../Engine/Content/Editor/Slate/Niagara/Common/DropZoneIndicator_Above.png
[2021.10.08-17.17.10:230][  0]LogStreaming: Warning: Failed to read file '../../../Engine/Content/Editor/Slate/Niagara/Common/DropZoneIndicator_Onto.png' error.
[2021.10.08-17.17.10:230][  0]LogSlate: Could not find file for Slate resource: ../../../Engine/Content/Editor/Slate/Niagara/Common/DropZoneIndicator_Onto.png
[2021.10.08-17.17.10:230][  0]LogStreaming: Warning: Failed to read file '../../../Engine/Content/Editor/Slate/Niagara/Common/DropZoneIndicator_Below.png' error.
[2021.10.08-17.17.10:230][  0]LogSlate: Could not find file for Slate resource: ../../../Engine/Content/Editor/Slate/Niagara/Common/DropZoneIndicator_Below.png
[2021.10.08-17.17.10:230][  0]LogStreaming: Warning: Failed to read file '../../../Engine/Content/Editor/Slate/Niagara/Common/RoundedSelection_16x.png' error.
[2021.10.08-17.17.10:230][  0]LogSlate: Could not find file for Slate resource: ../../../Engine/Content/Editor/Slate/Niagara/Common/RoundedSelection_16x.png
[2021.10.08-17.17.10:230][  0]LogStreaming: Warning: Failed to read file '../../../Engine/Content/Editor/Slate/Niagara/Common/FlatButton.png' error.
[2021.10.08-17.17.10:230][  0]LogSlate: Could not find file for Slate resource: ../../../Engine/Content/Editor/Slate/Niagara/Common/FlatButton.png
[2021.10.08-17.17.10:230][  0]LogImageWrapper: Warning: PNG Warning: Duplicate iCCP chunk
[2021.10.08-17.17.10:230][  0]LogImageWrapper: Warning: PNG Warning: Duplicate iCCP chunk
[2021.10.08-17.17.10:231][  0]LogEngine: Initializing Engine...
[2021.10.08-17.17.10:732][  0]LogHMD: Failed to get an OpenXR system, result is XR_ERROR_FORM_FACTOR_UNAVAILABLE. Please check that your runtime supports VR headsets.
[2021.10.08-17.17.10:732][  0]LogMagicLeap: Warning: VR disabled because ZI is not enabled.  To enable, in the editor, Edit -> Project Settings -> Plugins -> Magic Leap Plugin -> Enable Zero Iteration
[2021.10.08-17.17.10:733][  0]LogStats: UGameplayTagsManager::InitializeManager -  0.000 s
[2021.10.08-17.17.10:894][  0]LogInit: Initializing FReadOnlyCVARCache
[2021.10.08-17.17.10:907][  0]LogAIModule: Creating AISystem for world Untitled
[2021.10.08-17.17.10:910][  0]LogAudio: Display: Initializing Audio Device Manager...
[2021.10.08-17.17.10:917][  0]LogAudio: Display: Loading Default Audio Settings Objects...
[2021.10.08-17.17.10:919][  0]LogAudio: Display: No default SoundConcurrencyObject specified (or failed to load).
[2021.10.08-17.17.10:919][  0]LogAudio: Display: Audio Device Manager Initialized
[2021.10.08-17.17.10:920][  0]LogAudio: Display: Creating Audio Device:                 Id: 1, Scope: Shared, Realtime: True
[2021.10.08-17.17.10:920][  0]LogAudioMixer: Display: Audio Mixer Platform Settings:
[2021.10.08-17.17.10:920][  0]LogAudioMixer: Display: 	Sample Rate:						  48000
[2021.10.08-17.17.10:920][  0]LogAudioMixer: Display: 	Callback Buffer Frame Size Requested: 1024
[2021.10.08-17.17.10:920][  0]LogAudioMixer: Display: 	Callback Buffer Frame Size To Use:	  1024
[2021.10.08-17.17.10:920][  0]LogAudioMixer: Display: 	Number of buffers to queue:			  2
[2021.10.08-17.17.10:920][  0]LogAudioMixer: Display: 	Max Channels (voices):				  32
[2021.10.08-17.17.10:920][  0]LogAudioMixer: Display: 	Number of Async Source Workers:		  0
[2021.10.08-17.17.10:920][  0]LogAudio: Display: AudioDevice MaxSources: 32
[2021.10.08-17.17.10:921][  0]LogAudio: Display: Audio Spatialization Plugin: None (built-in).
[2021.10.08-17.17.10:921][  0]LogAudio: Display: Audio Reverb Plugin: None (built-in).
[2021.10.08-17.17.10:921][  0]LogAudio: Display: Audio Occlusion Plugin: None (built-in).
[2021.10.08-17.17.10:921][  0]LogAudioMixer: Display: Initializing audio mixer.
[2021.10.08-17.17.10:951][  0]LogAudioMixer: Display: 0: FrontLeft
[2021.10.08-17.17.10:952][  0]LogAudioMixer: Display: 1: FrontRight
[2021.10.08-17.17.11:157][  0]LogAudioMixer: Display: Using Audio Device Haut-parleurs (Realtek(R) Audio)
[2021.10.08-17.17.11:160][  0]LogAudioMixer: Display: Initializing Sound Submixes...
[2021.10.08-17.17.11:168][  0]LogAudioMixer: Display: Creating Master Submix 'MasterSubmixDefault'
[2021.10.08-17.17.11:168][  0]LogAudioMixer: Display: Creating Master Submix 'MasterReverbSubmixDefault'
[2021.10.08-17.17.11:169][  0]LogAudioMixer: Display: Creating Master Submix 'MasterEQSubmixDefault'
[2021.10.08-17.17.11:169][  0]LogAudioMixer: FMixerPlatformXAudio2::StartAudioStream() called
[2021.10.08-17.17.11:169][  0]LogAudioMixer: Display: Output buffers initialized: Frames=1024, Channels=2, Samples=2048
[2021.10.08-17.17.11:172][  0]LogAudioMixer: Display: Starting AudioMixerPlatformInterface::RunInternal()
[2021.10.08-17.17.11:172][  0]LogAudioMixer: Display: FMixerPlatformXAudio2::SubmitBuffer() called for the first time
[2021.10.08-17.17.11:172][  0]LogInit: FAudioDevice initialized.
[2021.10.08-17.17.11:173][  0]LogAudio: Display: Audio Device (ID: 1) registered with world 'Untitled'.
[2021.10.08-17.17.11:173][  0]LogNetVersion: Set ProjectVersion to 1.0.0.0. Version Checksum will be recalculated on next use.
[2021.10.08-17.17.11:229][  0]LogDerivedDataCache: Saved boot cache 0.06s 95MB C:/Users/33781/AppData/Local/UnrealEngine/4.27/DerivedDataCache/Boot.ddc.
[2021.10.08-17.17.11:230][  0]LogInit: Texture streaming: Enabled
[2021.10.08-17.17.11:256][  0]LogAnalytics: Display: [UEEditor.Rocket.Release] APIServer = https://datarouter.ol.epicgames.com/. AppVersion = 4.27.0-17155196+++UE4+Release-4.27
[2021.10.08-17.17.11:272][  0]LogEngineSessionManager: EngineSessionManager initialized
[2021.10.08-17.17.11:272][  0]LogEngineSessionManager: EngineSessionManager sent abnormal shutdown report. Type=Debugger, SessionId={BDD3B0DA-4275-64E4-DCC6-B5A062916125}
[2021.10.08-17.17.11:273][  0]LogEditorSessionSummary: Verbose: Initializing EditorSessionSummaryWriter for editor session tracking
[2021.10.08-17.17.11:289][  0]LogEditorSessionSummary: EditorSessionSummaryWriter initialized
[2021.10.08-17.17.11:337][  0]LogInit: Transaction tracking system initialized
[2021.10.08-17.17.11:382][  0]BlueprintLog: New page: Editor Load
[2021.10.08-17.17.11:504][  0]LocalizationService: Localization service is disabled
[2021.10.08-17.17.11:558][  0]TimingProfiler: Initialize
[2021.10.08-17.17.11:559][  0]TimingProfiler: OnSessionChanged
[2021.10.08-17.17.11:559][  0]LoadingProfiler: Initialize
[2021.10.08-17.17.11:559][  0]LoadingProfiler: OnSessionChanged
[2021.10.08-17.17.11:559][  0]NetworkingProfiler: Initialize
[2021.10.08-17.17.11:559][  0]NetworkingProfiler: OnSessionChanged
[2021.10.08-17.17.11:559][  0]MemoryProfiler: Initialize
[2021.10.08-17.17.11:560][  0]MemoryProfiler: OnSessionChanged
[2021.10.08-17.17.11:822][  0]LogCook: Display: CookSettings for Memory: MemoryMaxUsedVirtual 0MiB, MemoryMaxUsedPhysical 16384MiB, MemoryMinFreeVirtual 0MiB, MemoryMinFreePhysical 1024MiB
[2021.10.08-17.17.11:822][  0]LogCook: Display: Mobile HDR setting 1
[2021.10.08-17.17.11:830][  0]LogFileCache: Scanning file cache for directory 'D:/Projets Dev/Unreal Engine/GTech 4/Food_Looter_GC/Food_Looter_GC/Content/' took 0.01s
[2021.10.08-17.17.12:166][  0]LogInit: Display: Engine is initialized. Leaving FEngineLoop::Init()
[2021.10.08-17.17.12:177][  0]SourceControl: Source control is disabled
[2021.10.08-17.17.12:177][  0]LogUnrealEdMisc: Loading editor; pre map load, took 14.017
[2021.10.08-17.17.12:177][  0]Cmd: MAP LOAD FILE="../../../Engine/Content/Maps/Templates/Template_Default.umap" TEMPLATE=1 SHOWPROGRESS=1 FEATURELEVEL=3
[2021.10.08-17.17.12:178][  0]LightingResults: New page: Lighting Build
[2021.10.08-17.17.12:180][  0]LogWorld: UWorld::CleanupWorld for Untitled, bSessionEnded=true, bCleanupResources=true
[2021.10.08-17.17.12:180][  0]LogSlate: InvalidateAllWidgets triggered.  All widgets were invalidated
[2021.10.08-17.17.12:180][  0]MapCheck: New page: Map Check
[2021.10.08-17.17.12:180][  0]LightingResults: New page: Lighting Build
[2021.10.08-17.17.12:187][  0]LogAudio: Display: Audio Device unregistered from world 'None'.
[2021.10.08-17.17.12:191][  0]LogUObjectHash: Compacting FUObjectHashTables data took   0.79ms
[2021.10.08-17.17.12:257][  0]LogTexture: Display: Building textures: DeprecatedTextureEB9CBE3C423008B5E8E130901E171C89 (BGRA8, 128X128)
[2021.10.08-17.17.12:271][  0]LogAudio: Display: Audio Device (ID: 1) registered with world 'Untitled_1'.
[2021.10.08-17.17.12:272][  0]LogAIModule: Creating AISystem for world Untitled_1
[2021.10.08-17.17.12:282][  0]LogEditorServer: Finished looking for orphan Actors (0.000 secs)
[2021.10.08-17.17.12:289][  0]LogUObjectHash: Compacting FUObjectHashTables data took   0.83ms
[2021.10.08-17.17.12:289][  0]Cmd: MAP CHECKDEP NOCLEARLOG
[2021.10.08-17.17.12:289][  0]MapCheck: Map check complete: 0 Error(s), 0 Warning(s), took 0,155ms to complete.
[2021.10.08-17.17.12:290][  0]LogFileHelpers: Loading map 'Template_Default' took 0.112
[2021.10.08-17.17.12:293][  0]LogUnrealEdMisc: Total Editor Startup Time, took 14.132
[2021.10.08-17.17.12:471][  0]LogSlate: Updating window title bar state: overlay mode, drag disabled, window buttons hidden, title bar hidden
[2021.10.08-17.17.12:480][  0]LogSlate: Updating window title bar state: overlay mode, drag disabled, window buttons hidden, title bar hidden
[2021.10.08-17.17.12:489][  0]LogSlate: Updating window title bar state: overlay mode, drag disabled, window buttons hidden, title bar hidden
[2021.10.08-17.17.12:497][  0]LogSlate: Updating window title bar state: overlay mode, drag disabled, window buttons hidden, title bar hidden
[2021.10.08-17.17.12:519][  0]LogNativeClassHierarchy: Verbose: Native class hierarchy populated in 0.0095 seconds. Added 3822 classes and 923 folders.
[2021.10.08-17.17.12:538][  0]LogNativeClassHierarchy: Verbose: Native class hierarchy updated for 'WidgetCarousel' in 0.0003 seconds. Added 0 classes and 0 folders.
[2021.10.08-17.17.12:542][  0]LogPakFile: PakFile PrimaryIndexSize=187
[2021.10.08-17.17.12:542][  0]LogPakFile: PakFile PathHashIndexSize=101
[2021.10.08-17.17.12:542][  0]LogPakFile: PakFile FullDirectoryIndexSize=148
[2021.10.08-17.17.12:542][  0]LogShaderLibrary: Display: ShaderCodeLibraryPakFileMountedCallback: PakFile 'D:/Epic Games/UE_4.27/FeaturePacks/FP_FirstPerson.upack' (chunk index -1, root 'root:/') mounted
[2021.10.08-17.17.12:542][  0]LogShaderLibrary: Display: ShaderCodeLibraryPakFileMountedCallback: pending pak file info (ChunkID:-1 Root:root:/ File:D:/Epic Games/UE_4.27/FeaturePacks/FP_FirstPerson.upack)
[2021.10.08-17.17.12:542][  0]LogPakFile: OnPakFileMounted2Time == 0.000207
[2021.10.08-17.17.12:544][  0]LogPakFile: PakFile PrimaryIndexSize=189
[2021.10.08-17.17.12:545][  0]LogPakFile: PakFile PathHashIndexSize=101
[2021.10.08-17.17.12:545][  0]LogPakFile: PakFile FullDirectoryIndexSize=152
[2021.10.08-17.17.12:545][  0]LogShaderLibrary: Display: ShaderCodeLibraryPakFileMountedCallback: PakFile 'D:/Epic Games/UE_4.27/FeaturePacks/FP_FirstPersonBP.upack' (chunk index -1, root 'root:/') mounted
[2021.10.08-17.17.12:545][  0]LogShaderLibrary: Display: ShaderCodeLibraryPakFileMountedCallback: pending pak file info (ChunkID:-1 Root:root:/ File:D:/Epic Games/UE_4.27/FeaturePacks/FP_FirstPersonBP.upack)
[2021.10.08-17.17.12:545][  0]LogPakFile: OnPakFileMounted2Time == 0.000179
[2021.10.08-17.17.12:547][  0]LogPakFile: PakFile PrimaryIndexSize=191
[2021.10.08-17.17.12:547][  0]LogPakFile: PakFile PathHashIndexSize=101
[2021.10.08-17.17.12:547][  0]LogPakFile: PakFile FullDirectoryIndexSize=160
[2021.10.08-17.17.12:547][  0]LogShaderLibrary: Display: ShaderCodeLibraryPakFileMountedCallback: PakFile 'D:/Epic Games/UE_4.27/FeaturePacks/MobileStarterContent.upack' (chunk index -1, root 'root:/') mounted
[2021.10.08-17.17.12:547][  0]LogShaderLibrary: Display: ShaderCodeLibraryPakFileMountedCallback: pending pak file info (ChunkID:-1 Root:root:/ File:D:/Epic Games/UE_4.27/FeaturePacks/MobileStarterContent.upack)
[2021.10.08-17.17.12:547][  0]LogPakFile: OnPakFileMounted2Time == 0.000145
[2021.10.08-17.17.12:549][  0]LogPakFile: PakFile PrimaryIndexSize=185
[2021.10.08-17.17.12:549][  0]LogPakFile: PakFile PathHashIndexSize=101
[2021.10.08-17.17.12:549][  0]LogPakFile: PakFile FullDirectoryIndexSize=148
[2021.10.08-17.17.12:549][  0]LogShaderLibrary: Display: ShaderCodeLibraryPakFileMountedCallback: PakFile 'D:/Epic Games/UE_4.27/FeaturePacks/StarterContent.upack' (chunk index -1, root 'root:/') mounted
[2021.10.08-17.17.12:550][  0]LogShaderLibrary: Display: ShaderCodeLibraryPakFileMountedCallback: pending pak file info (ChunkID:-1 Root:root:/ File:D:/Epic Games/UE_4.27/FeaturePacks/StarterContent.upack)
[2021.10.08-17.17.12:550][  0]LogPakFile: OnPakFileMounted2Time == 0.000154
[2021.10.08-17.17.12:551][  0]LogPakFile: PakFile PrimaryIndexSize=190
[2021.10.08-17.17.12:551][  0]LogPakFile: PakFile PathHashIndexSize=101
[2021.10.08-17.17.12:551][  0]LogPakFile: PakFile FullDirectoryIndexSize=154
[2021.10.08-17.17.12:551][  0]LogShaderLibrary: Display: ShaderCodeLibraryPakFileMountedCallback: PakFile 'D:/Epic Games/UE_4.27/FeaturePacks/TP_2DSideScroller.upack' (chunk index -1, root 'root:/') mounted
[2021.10.08-17.17.12:551][  0]LogShaderLibrary: Display: ShaderCodeLibraryPakFileMountedCallback: pending pak file info (ChunkID:-1 Root:root:/ File:D:/Epic Games/UE_4.27/FeaturePacks/TP_2DSideScroller.upack)
[2021.10.08-17.17.12:551][  0]LogPakFile: OnPakFileMounted2Time == 0.000172
[2021.10.08-17.17.12:553][  0]LogPakFile: PakFile PrimaryIndexSize=192
[2021.10.08-17.17.12:553][  0]LogPakFile: PakFile PathHashIndexSize=101
[2021.10.08-17.17.12:553][  0]LogPakFile: PakFile FullDirectoryIndexSize=158
[2021.10.08-17.17.12:553][  0]LogShaderLibrary: Display: ShaderCodeLibraryPakFileMountedCallback: PakFile 'D:/Epic Games/UE_4.27/FeaturePacks/TP_2DSideScrollerBP.upack' (chunk index -1, root 'root:/') mounted
[2021.10.08-17.17.12:553][  0]LogShaderLibrary: Display: ShaderCodeLibraryPakFileMountedCallback: pending pak file info (ChunkID:-1 Root:root:/ File:D:/Epic Games/UE_4.27/FeaturePacks/TP_2DSideScrollerBP.upack)
[2021.10.08-17.17.12:553][  0]LogPakFile: OnPakFileMounted2Time == 0.000154
[2021.10.08-17.17.12:555][  0]LogPakFile: PakFile PrimaryIndexSize=182
[2021.10.08-17.17.12:555][  0]LogPakFile: PakFile PathHashIndexSize=101
[2021.10.08-17.17.12:555][  0]LogPakFile: PakFile FullDirectoryIndexSize=138
[2021.10.08-17.17.12:555][  0]LogShaderLibrary: Display: ShaderCodeLibraryPakFileMountedCallback: PakFile 'D:/Epic Games/UE_4.27/FeaturePacks/TP_Flying.upack' (chunk index -1, root 'root:/') mounted
[2021.10.08-17.17.12:555][  0]LogShaderLibrary: Display: ShaderCodeLibraryPakFileMountedCallback: pending pak file info (ChunkID:-1 Root:root:/ File:D:/Epic Games/UE_4.27/FeaturePacks/TP_Flying.upack)
[2021.10.08-17.17.12:555][  0]LogPakFile: OnPakFileMounted2Time == 0.000143
[2021.10.08-17.17.12:557][  0]LogPakFile: PakFile PrimaryIndexSize=184
[2021.10.08-17.17.12:557][  0]LogPakFile: PakFile PathHashIndexSize=101
[2021.10.08-17.17.12:558][  0]LogPakFile: PakFile FullDirectoryIndexSize=142
[2021.10.08-17.17.12:558][  0]LogShaderLibrary: Display: ShaderCodeLibraryPakFileMountedCallback: PakFile 'D:/Epic Games/UE_4.27/FeaturePacks/TP_FlyingBP.upack' (chunk index -1, root 'root:/') mounted
[2021.10.08-17.17.12:558][  0]LogShaderLibrary: Display: ShaderCodeLibraryPakFileMountedCallback: pending pak file info (ChunkID:-1 Root:root:/ File:D:/Epic Games/UE_4.27/FeaturePacks/TP_FlyingBP.upack)
[2021.10.08-17.17.12:558][  0]LogPakFile: OnPakFileMounted2Time == 0.000182
[2021.10.08-17.17.12:560][  0]LogPakFile: PakFile PrimaryIndexSize=188
[2021.10.08-17.17.12:560][  0]LogPakFile: PakFile PathHashIndexSize=101
[2021.10.08-17.17.12:560][  0]LogPakFile: PakFile FullDirectoryIndexSize=150
[2021.10.08-17.17.12:560][  0]LogShaderLibrary: Display: ShaderCodeLibraryPakFileMountedCallback: PakFile 'D:/Epic Games/UE_4.27/FeaturePacks/TP_HandheldARBP.upack' (chunk index -1, root 'root:/') mounted
[2021.10.08-17.17.12:560][  0]LogShaderLibrary: Display: ShaderCodeLibraryPakFileMountedCallback: pending pak file info (ChunkID:-1 Root:root:/ File:D:/Epic Games/UE_4.27/FeaturePacks/TP_HandheldARBP.upack)
[2021.10.08-17.17.12:560][  0]LogPakFile: OnPakFileMounted2Time == 0.000150
[2021.10.08-17.17.12:562][  0]LogPakFile: PakFile PrimaryIndexSize=182
[2021.10.08-17.17.12:562][  0]LogPakFile: PakFile PathHashIndexSize=101
[2021.10.08-17.17.12:563][  0]LogPakFile: PakFile FullDirectoryIndexSize=138
[2021.10.08-17.17.12:563][  0]LogShaderLibrary: Display: ShaderCodeLibraryPakFileMountedCallback: PakFile 'D:/Epic Games/UE_4.27/FeaturePacks/TP_Puzzle.upack' (chunk index -1, root 'root:/') mounted
[2021.10.08-17.17.12:563][  0]LogShaderLibrary: Display: ShaderCodeLibraryPakFileMountedCallback: pending pak file info (ChunkID:-1 Root:root:/ File:D:/Epic Games/UE_4.27/FeaturePacks/TP_Puzzle.upack)
[2021.10.08-17.17.12:563][  0]LogPakFile: OnPakFileMounted2Time == 0.000169
[2021.10.08-17.17.12:565][  0]LogPakFile: PakFile PrimaryIndexSize=184
[2021.10.08-17.17.12:565][  0]LogPakFile: PakFile PathHashIndexSize=101
[2021.10.08-17.17.12:565][  0]LogPakFile: PakFile FullDirectoryIndexSize=142
[2021.10.08-17.17.12:565][  0]LogShaderLibrary: Display: ShaderCodeLibraryPakFileMountedCallback: PakFile 'D:/Epic Games/UE_4.27/FeaturePacks/TP_PuzzleBP.upack' (chunk index -1, root 'root:/') mounted
[2021.10.08-17.17.12:565][  0]LogShaderLibrary: Display: ShaderCodeLibraryPakFileMountedCallback: pending pak file info (ChunkID:-1 Root:root:/ File:D:/Epic Games/UE_4.27/FeaturePacks/TP_PuzzleBP.upack)
[2021.10.08-17.17.12:565][  0]LogPakFile: OnPakFileMounted2Time == 0.000181
[2021.10.08-17.17.12:567][  0]LogPakFile: PakFile PrimaryIndexSize=183
[2021.10.08-17.17.12:567][  0]LogPakFile: PakFile PathHashIndexSize=101
[2021.10.08-17.17.12:568][  0]LogPakFile: PakFile FullDirectoryIndexSize=140
[2021.10.08-17.17.12:568][  0]LogShaderLibrary: Display: ShaderCodeLibraryPakFileMountedCallback: PakFile 'D:/Epic Games/UE_4.27/FeaturePacks/TP_Rolling.upack' (chunk index -1, root 'root:/') mounted
[2021.10.08-17.17.12:568][  0]LogShaderLibrary: Display: ShaderCodeLibraryPakFileMountedCallback: pending pak file info (ChunkID:-1 Root:root:/ File:D:/Epic Games/UE_4.27/FeaturePacks/TP_Rolling.upack)
[2021.10.08-17.17.12:568][  0]LogPakFile: OnPakFileMounted2Time == 0.000217
[2021.10.08-17.17.12:570][  0]LogPakFile: PakFile PrimaryIndexSize=185
[2021.10.08-17.17.12:570][  0]LogPakFile: PakFile PathHashIndexSize=101
[2021.10.08-17.17.12:570][  0]LogPakFile: PakFile FullDirectoryIndexSize=144
[2021.10.08-17.17.12:570][  0]LogShaderLibrary: Display: ShaderCodeLibraryPakFileMountedCallback: PakFile 'D:/Epic Games/UE_4.27/FeaturePacks/TP_RollingBP.upack' (chunk index -1, root 'root:/') mounted
[2021.10.08-17.17.12:570][  0]LogShaderLibrary: Display: ShaderCodeLibraryPakFileMountedCallback: pending pak file info (ChunkID:-1 Root:root:/ File:D:/Epic Games/UE_4.27/FeaturePacks/TP_RollingBP.upack)
[2021.10.08-17.17.12:570][  0]LogPakFile: OnPakFileMounted2Time == 0.000170
[2021.10.08-17.17.12:572][  0]LogPakFile: PakFile PrimaryIndexSize=188
[2021.10.08-17.17.12:572][  0]LogPakFile: PakFile PathHashIndexSize=101
[2021.10.08-17.17.12:572][  0]LogPakFile: PakFile FullDirectoryIndexSize=150
[2021.10.08-17.17.12:572][  0]LogShaderLibrary: Display: ShaderCodeLibraryPakFileMountedCallback: PakFile 'D:/Epic Games/UE_4.27/FeaturePacks/TP_SideScroller.upack' (chunk index -1, root 'root:/') mounted
[2021.10.08-17.17.12:572][  0]LogShaderLibrary: Display: ShaderCodeLibraryPakFileMountedCallback: pending pak file info (ChunkID:-1 Root:root:/ File:D:/Epic Games/UE_4.27/FeaturePacks/TP_SideScroller.upack)
[2021.10.08-17.17.12:572][  0]LogPakFile: OnPakFileMounted2Time == 0.000187
[2021.10.08-17.17.12:574][  0]LogPakFile: PakFile PrimaryIndexSize=190
[2021.10.08-17.17.12:574][  0]LogPakFile: PakFile PathHashIndexSize=101
[2021.10.08-17.17.12:574][  0]LogPakFile: PakFile FullDirectoryIndexSize=154
[2021.10.08-17.17.12:575][  0]LogShaderLibrary: Display: ShaderCodeLibraryPakFileMountedCallback: PakFile 'D:/Epic Games/UE_4.27/FeaturePacks/TP_SideScrollerBP.upack' (chunk index -1, root 'root:/') mounted
[2021.10.08-17.17.12:575][  0]LogShaderLibrary: Display: ShaderCodeLibraryPakFileMountedCallback: pending pak file info (ChunkID:-1 Root:root:/ File:D:/Epic Games/UE_4.27/FeaturePacks/TP_SideScrollerBP.upack)
[2021.10.08-17.17.12:575][  0]LogPakFile: OnPakFileMounted2Time == 0.000189
[2021.10.08-17.17.12:577][  0]LogPakFile: PakFile PrimaryIndexSize=187
[2021.10.08-17.17.12:577][  0]LogPakFile: PakFile PathHashIndexSize=101
[2021.10.08-17.17.12:577][  0]LogPakFile: PakFile FullDirectoryIndexSize=148
[2021.10.08-17.17.12:577][  0]LogShaderLibrary: Display: ShaderCodeLibraryPakFileMountedCallback: PakFile 'D:/Epic Games/UE_4.27/FeaturePacks/TP_ThirdPerson.upack' (chunk index -1, root 'root:/') mounted
[2021.10.08-17.17.12:577][  0]LogShaderLibrary: Display: ShaderCodeLibraryPakFileMountedCallback: pending pak file info (ChunkID:-1 Root:root:/ File:D:/Epic Games/UE_4.27/FeaturePacks/TP_ThirdPerson.upack)
[2021.10.08-17.17.12:577][  0]LogPakFile: OnPakFileMounted2Time == 0.000153
[2021.10.08-17.17.12:578][  0]LogPakFile: PakFile PrimaryIndexSize=189
[2021.10.08-17.17.12:579][  0]LogPakFile: PakFile PathHashIndexSize=101
[2021.10.08-17.17.12:579][  0]LogPakFile: PakFile FullDirectoryIndexSize=152
[2021.10.08-17.17.12:579][  0]LogShaderLibrary: Display: ShaderCodeLibraryPakFileMountedCallback: PakFile 'D:/Epic Games/UE_4.27/FeaturePacks/TP_ThirdPersonBP.upack' (chunk index -1, root 'root:/') mounted
[2021.10.08-17.17.12:579][  0]LogShaderLibrary: Display: ShaderCodeLibraryPakFileMountedCallback: pending pak file info (ChunkID:-1 Root:root:/ File:D:/Epic Games/UE_4.27/FeaturePacks/TP_ThirdPersonBP.upack)
[2021.10.08-17.17.12:579][  0]LogPakFile: OnPakFileMounted2Time == 0.000165
[2021.10.08-17.17.12:581][  0]LogPakFile: PakFile PrimaryIndexSize=183
[2021.10.08-17.17.12:581][  0]LogPakFile: PakFile PathHashIndexSize=101
[2021.10.08-17.17.12:581][  0]LogPakFile: PakFile FullDirectoryIndexSize=140
[2021.10.08-17.17.12:581][  0]LogShaderLibrary: Display: ShaderCodeLibraryPakFileMountedCallback: PakFile 'D:/Epic Games/UE_4.27/FeaturePacks/TP_TopDown.upack' (chunk index -1, root 'root:/') mounted
[2021.10.08-17.17.12:581][  0]LogShaderLibrary: Display: ShaderCodeLibraryPakFileMountedCallback: pending pak file info (ChunkID:-1 Root:root:/ File:D:/Epic Games/UE_4.27/FeaturePacks/TP_TopDown.upack)
[2021.10.08-17.17.12:581][  0]LogPakFile: OnPakFileMounted2Time == 0.000199
[2021.10.08-17.17.12:584][  0]LogPakFile: PakFile PrimaryIndexSize=185
[2021.10.08-17.17.12:584][  0]LogPakFile: PakFile PathHashIndexSize=101
[2021.10.08-17.17.12:584][  0]LogPakFile: PakFile FullDirectoryIndexSize=144
[2021.10.08-17.17.12:584][  0]LogShaderLibrary: Display: ShaderCodeLibraryPakFileMountedCallback: PakFile 'D:/Epic Games/UE_4.27/FeaturePacks/TP_TopDownBP.upack' (chunk index -1, root 'root:/') mounted
[2021.10.08-17.17.12:584][  0]LogShaderLibrary: Display: ShaderCodeLibraryPakFileMountedCallback: pending pak file info (ChunkID:-1 Root:root:/ File:D:/Epic Games/UE_4.27/FeaturePacks/TP_TopDownBP.upack)
[2021.10.08-17.17.12:584][  0]LogPakFile: OnPakFileMounted2Time == 0.000189
[2021.10.08-17.17.12:586][  0]LogPakFile: PakFile PrimaryIndexSize=185
[2021.10.08-17.17.12:586][  0]LogPakFile: PakFile PathHashIndexSize=101
[2021.10.08-17.17.12:586][  0]LogPakFile: PakFile FullDirectoryIndexSize=144
[2021.10.08-17.17.12:587][  0]LogShaderLibrary: Display: ShaderCodeLibraryPakFileMountedCallback: PakFile 'D:/Epic Games/UE_4.27/FeaturePacks/TP_TwinStick.upack' (chunk index -1, root 'root:/') mounted
[2021.10.08-17.17.12:587][  0]LogShaderLibrary: Display: ShaderCodeLibraryPakFileMountedCallback: pending pak file info (ChunkID:-1 Root:root:/ File:D:/Epic Games/UE_4.27/FeaturePacks/TP_TwinStick.upack)
[2021.10.08-17.17.12:587][  0]LogPakFile: OnPakFileMounted2Time == 0.000154
[2021.10.08-17.17.12:589][  0]LogPakFile: PakFile PrimaryIndexSize=187
[2021.10.08-17.17.12:589][  0]LogPakFile: PakFile PathHashIndexSize=101
[2021.10.08-17.17.12:589][  0]LogPakFile: PakFile FullDirectoryIndexSize=148
[2021.10.08-17.17.12:589][  0]LogShaderLibrary: Display: ShaderCodeLibraryPakFileMountedCallback: PakFile 'D:/Epic Games/UE_4.27/FeaturePacks/TP_TwinStickBP.upack' (chunk index -1, root 'root:/') mounted
[2021.10.08-17.17.12:589][  0]LogShaderLibrary: Display: ShaderCodeLibraryPakFileMountedCallback: pending pak file info (ChunkID:-1 Root:root:/ File:D:/Epic Games/UE_4.27/FeaturePacks/TP_TwinStickBP.upack)
[2021.10.08-17.17.12:589][  0]LogPakFile: OnPakFileMounted2Time == 0.000160
[2021.10.08-17.17.12:591][  0]LogPakFile: PakFile PrimaryIndexSize=183
[2021.10.08-17.17.12:591][  0]LogPakFile: PakFile PathHashIndexSize=101
[2021.10.08-17.17.12:591][  0]LogPakFile: PakFile FullDirectoryIndexSize=140
[2021.10.08-17.17.12:591][  0]LogShaderLibrary: Display: ShaderCodeLibraryPakFileMountedCallback: PakFile 'D:/Epic Games/UE_4.27/FeaturePacks/TP_Vehicle.upack' (chunk index -1, root 'root:/') mounted
[2021.10.08-17.17.12:591][  0]LogShaderLibrary: Display: ShaderCodeLibraryPakFileMountedCallback: pending pak file info (ChunkID:-1 Root:root:/ File:D:/Epic Games/UE_4.27/FeaturePacks/TP_Vehicle.upack)
[2021.10.08-17.17.12:592][  0]LogPakFile: OnPakFileMounted2Time == 0.000178
[2021.10.08-17.17.12:593][  0]LogPakFile: PakFile PrimaryIndexSize=186
[2021.10.08-17.17.12:593][  0]LogPakFile: PakFile PathHashIndexSize=101
[2021.10.08-17.17.12:593][  0]LogPakFile: PakFile FullDirectoryIndexSize=146
[2021.10.08-17.17.12:594][  0]LogShaderLibrary: Display: ShaderCodeLibraryPakFileMountedCallback: PakFile 'D:/Epic Games/UE_4.27/FeaturePacks/TP_VehicleAdv.upack' (chunk index -1, root 'root:/') mounted
[2021.10.08-17.17.12:594][  0]LogShaderLibrary: Display: ShaderCodeLibraryPakFileMountedCallback: pending pak file info (ChunkID:-1 Root:root:/ File:D:/Epic Games/UE_4.27/FeaturePacks/TP_VehicleAdv.upack)
[2021.10.08-17.17.12:594][  0]LogPakFile: OnPakFileMounted2Time == 0.000170
[2021.10.08-17.17.12:595][  0]LogPakFile: PakFile PrimaryIndexSize=188
[2021.10.08-17.17.12:595][  0]LogPakFile: PakFile PathHashIndexSize=101
[2021.10.08-17.17.12:596][  0]LogPakFile: PakFile FullDirectoryIndexSize=150
[2021.10.08-17.17.12:596][  0]LogShaderLibrary: Display: ShaderCodeLibraryPakFileMountedCallback: PakFile 'D:/Epic Games/UE_4.27/FeaturePacks/TP_VehicleAdvBP.upack' (chunk index -1, root 'root:/') mounted
[2021.10.08-17.17.12:596][  0]LogShaderLibrary: Display: ShaderCodeLibraryPakFileMountedCallback: pending pak file info (ChunkID:-1 Root:root:/ File:D:/Epic Games/UE_4.27/FeaturePacks/TP_VehicleAdvBP.upack)
[2021.10.08-17.17.12:596][  0]LogPakFile: OnPakFileMounted2Time == 0.000180
[2021.10.08-17.17.12:598][  0]LogPakFile: PakFile PrimaryIndexSize=185
[2021.10.08-17.17.12:598][  0]LogPakFile: PakFile PathHashIndexSize=101
[2021.10.08-17.17.12:598][  0]LogPakFile: PakFile FullDirectoryIndexSize=144
[2021.10.08-17.17.12:598][  0]LogShaderLibrary: Display: ShaderCodeLibraryPakFileMountedCallback: PakFile 'D:/Epic Games/UE_4.27/FeaturePacks/TP_VehicleBP.upack' (chunk index -1, root 'root:/') mounted
[2021.10.08-17.17.12:598][  0]LogShaderLibrary: Display: ShaderCodeLibraryPakFileMountedCallback: pending pak file info (ChunkID:-1 Root:root:/ File:D:/Epic Games/UE_4.27/FeaturePacks/TP_VehicleBP.upack)
[2021.10.08-17.17.12:598][  0]LogPakFile: OnPakFileMounted2Time == 0.000158
[2021.10.08-17.17.12:600][  0]LogPakFile: PakFile PrimaryIndexSize=192
[2021.10.08-17.17.12:600][  0]LogPakFile: PakFile PathHashIndexSize=101
[2021.10.08-17.17.12:600][  0]LogPakFile: PakFile FullDirectoryIndexSize=158
[2021.10.08-17.17.12:600][  0]LogShaderLibrary: Display: ShaderCodeLibraryPakFileMountedCallback: PakFile 'D:/Epic Games/UE_4.27/FeaturePacks/TP_VirtualRealityBP.upack' (chunk index -1, root 'root:/') mounted
[2021.10.08-17.17.12:600][  0]LogShaderLibrary: Display: ShaderCodeLibraryPakFileMountedCallback: pending pak file info (ChunkID:-1 Root:root:/ File:D:/Epic Games/UE_4.27/FeaturePacks/TP_VirtualRealityBP.upack)
[2021.10.08-17.17.12:601][  0]LogPakFile: OnPakFileMounted2Time == 0.000167
[2021.10.08-17.17.12:689][  0]LogNativeClassHierarchy: Verbose: Native class hierarchy updated for 'AddContentDialog' in 0.0003 seconds. Added 0 classes and 0 folders.
[2021.10.08-17.17.12:690][  0]LogNativeClassHierarchy: Verbose: Native class hierarchy updated for 'SceneOutliner' in 0.0003 seconds. Added 2 classes and 0 folders.
[2021.10.08-17.17.12:831][  0]LogSlate: Took 0.000502 seconds to synchronously load lazily loaded font '../../../Engine/Content/Slate/Fonts/Roboto-Regular.ttf' (155K)
[2021.10.08-17.17.12:832][  0]LogSlate: Took 0.000469 seconds to synchronously load lazily loaded font '../../../Engine/Content/Editor/Slate/Fonts/FontAwesome.ttf' (139K)
[2021.10.08-17.17.12:833][  0]LogSlate: Took 0.000428 seconds to synchronously load lazily loaded font '../../../Engine/Content/Slate/Fonts/Roboto-Bold.ttf' (160K)
[2021.10.08-17.17.12:942][  0]LogRenderer: Reallocating scene render targets to support 1224x648 Format 10 NumSamples 1 (Frame:1).
[2021.10.08-17.17.13:043][  0]LogNativeClassHierarchy: Verbose: Native class hierarchy updated for 'HierarchicalLODOutliner' in 0.0003 seconds. Added 0 classes and 0 folders.
[2021.10.08-17.17.13:044][  0]LogLoad: (Engine Initialization) Total time: 14.88 seconds
[2021.10.08-17.17.13:044][  0]LogLoad: (Engine Initialization) Total Blueprint compile time: 0.00 seconds
[2021.10.08-17.17.13:100][  0]LogAssetRegistry: Asset discovery search completed in 7.5588 seconds
[2021.10.08-17.17.13:111][  0]LogCollectionManager: Fixed up redirectors for 0 collections in 0.000004 seconds (updated 0 objects)
[2021.10.08-17.17.13:113][  0]LogContentStreaming: Texture pool size now 1000 MB
[2021.10.08-17.19.37:531][890]LogSlate: Took 0.000503 seconds to synchronously load lazily loaded font '../../../Engine/Content/Slate/Fonts/Roboto-Light.ttf' (167K)
[2021.10.08-17.19.40:290][ 42]LogUObjectHash: Compacting FUObjectHashTables data took   1.01ms
[2021.10.08-17.19.40:295][ 42]LogSlate: Took 0.000516 seconds to synchronously load lazily loaded font '../../../Engine/Content/Slate/Fonts/Roboto-Light.ttf' (167K)
[2021.10.08-17.19.40:664][ 42]LogAssetEditorSubsystem: Opening Asset editor for World /Game/Maps/MapAntonin.MapAntonin
[2021.10.08-17.19.40:664][ 42]Cmd: MAP LOAD FILE="../../../../../Projets Dev/Unreal Engine/GTech 4/Food_Looter_GC/Food_Looter_GC/Content/Maps/MapAntonin.umap" TEMPLATE=0 SHOWPROGRESS=1 FEATURELEVEL=3
[2021.10.08-17.19.40:664][ 42]LightingResults: New page: Lighting Build
[2021.10.08-17.19.40:665][ 42]LoadErrors: New page: Loading map: MapAntonin.umap
[2021.10.08-17.19.40:666][ 42]LogWorld: UWorld::CleanupWorld for Untitled_1, bSessionEnded=true, bCleanupResources=true
[2021.10.08-17.19.40:666][ 42]LogSlate: InvalidateAllWidgets triggered.  All widgets were invalidated
[2021.10.08-17.19.40:666][ 42]MapCheck: New page: Map Check
[2021.10.08-17.19.40:666][ 42]LightingResults: New page: Lighting Build
[2021.10.08-17.19.40:673][ 42]LogAudio: Display: Audio Device unregistered from world 'None'.
[2021.10.08-17.19.40:676][ 42]LogUObjectHash: Compacting FUObjectHashTables data took   0.96ms
[2021.10.08-17.19.40:676][ 42]LogAudio: Display: Audio Device (ID: 1) registered with world 'MapAntonin'.
[2021.10.08-17.19.40:761][ 42]LogEditorServer: Finished looking for orphan Actors (0.000 secs)
[2021.10.08-17.19.40:761][ 42]LogAIModule: Creating AISystem for world MapAntonin
[2021.10.08-17.19.40:771][ 42]LogUObjectHash: Compacting FUObjectHashTables data took   0.69ms
[2021.10.08-17.19.40:780][ 42]Cmd: MAP CHECKDEP NOCLEARLOG
[2021.10.08-17.19.40:780][ 42]MapCheck: Map check complete: 0 Error(s), 0 Warning(s), took 0,117ms to complete.
[2021.10.08-17.19.40:781][ 42]LogFileHelpers: Loading map 'MapAntonin' took 0.117
[2021.10.08-17.19.44:442][243]LogAssetEditorSubsystem: Opening Asset editor for Blueprint /Game/Blueprints/Player_BP.Player_BP
[2021.10.08-17.19.44:669][243]LogNativeClassHierarchy: Verbose: Native class hierarchy updated for 'BlueprintGraph' in 0.0006 seconds. Added 126 classes and 0 folders.
[2021.10.08-17.19.47:449][326]LogWorld: UWorld::CleanupWorld for World_1, bSessionEnded=true, bCleanupResources=true
[2021.10.08-17.19.47:449][326]LogSlate: InvalidateAllWidgets triggered.  All widgets were invalidated
[2021.10.08-17.19.47:496][326]LogAssetEditorSubsystem: Opening Asset editor for Blueprint /Game/Blueprints/Player_BP.Player_BP
[2021.10.08-17.19.48:808][326]LogBlueprintEditor: Perf: 1.3 total seconds to load all 5 blueprint libraries in project. Avoid references to content in blueprint libraries to shorten this time.
[2021.10.08-17.19.48:808][326]LogBlueprintEditor: Perf: 1.2 seconds loading: /Engine/ArtTools/RenderToTexture/Macros/RenderToTextureFunctionLibrary
[2021.10.08-17.19.49:214][326]LogSlate: Took 0.000529 seconds to synchronously load lazily loaded font '../../../Engine/Content/Slate/Fonts/Roboto-BoldCondensed.ttf' (158K)
[2021.10.08-17.19.49:889][362]LogSlate: Took 0.000531 seconds to synchronously load lazily loaded font '../../../Engine/Content/Slate/Fonts/Roboto-Italic.ttf' (157K)
