Log file open, 10/11/21 12:05:54
LogWindows: Failed to load 'aqProf.dll' (GetLastError=126)
LogWindows: File 'aqProf.dll' does not exist
LogWindows: Failed to load 'VtuneApi.dll' (GetLastError=126)
LogWindows: File 'VtuneApi.dll' does not exist
LogWindows: Failed to load 'VtuneApi32e.dll' (GetLastError=126)
LogWindows: File 'VtuneApi32e.dll' does not exist
LogConsoleResponse: Display: Failed to find resolution value strings in scalability ini. Falling back to default.
LogConsoleResponse: Display: Failed to find resolution value strings in scalability ini. Falling back to default.
LogInit: Display: Running engine for game: Food_Looter_GC
LogPlatformFile: Not using cached read wrapper
LogTaskGraph: Started task graph with 5 named threads and 23 total threads with 3 sets of task threads.
LogStats: Stats thread started at 0.299278
LogICUInternationalization: ICU TimeZone Detection - Raw Offset: +1:00, Platform Override: ''
LogInit: Display: Loading text-based GConfig....
LogPluginManager: Mounting plugin MeshPainting
LogPluginManager: Mounting plugin XGEController
LogPluginManager: Mounting plugin Paper2D
LogPluginManager: Mounting plugin LiveLink
LogPluginManager: Mounting plugin EnvironmentQueryEditor
LogPluginManager: Mounting plugin AISupport
LogPluginManager: Mounting plugin LightPropagationVolume
LogPluginManager: Mounting plugin CameraShakePreviewer
LogPluginManager: Mounting plugin GameplayCameras
LogPluginManager: Mounting plugin OodleNetwork
LogPluginManager: Mounting plugin OodleData
LogPluginManager: Mounting plugin DatasmithContent
LogPluginManager: Mounting plugin AnimationSharing
LogPluginManager: Mounting plugin CLionSourceCodeAccess
LogPluginManager: Mounting plugin CodeLiteSourceCodeAccess
LogPluginManager: Mounting plugin GitSourceControl
LogPluginManager: Mounting plugin NullSourceCodeAccess
LogPluginManager: Mounting plugin KDevelopSourceCodeAccess
LogPluginManager: Mounting plugin PixWinPlugin
LogPluginManager: Mounting plugin PerforceSourceControl
LogPluginManager: Mounting plugin PluginUtils
LogPluginManager: Mounting plugin PlasticSourceControl
LogPluginManager: Mounting plugin PropertyAccessNode
LogPluginManager: Mounting plugin RiderSourceCodeAccess
LogPluginManager: Mounting plugin SubversionSourceControl
LogPluginManager: Mounting plugin VariantManagerContent
LogPluginManager: Mounting plugin AssetManagerEditor
LogPluginManager: Mounting plugin UObjectPlugin
LogPluginManager: Mounting plugin VisualStudioCodeSourceCodeAccess
LogPluginManager: Mounting plugin VisualStudioSourceCodeAccess
LogPluginManager: Mounting plugin XCodeSourceCodeAccess
LogPluginManager: Mounting plugin CryptoKeys
LogPluginManager: Mounting plugin DataValidation
LogPluginManager: Mounting plugin FacialAnimation
LogPluginManager: Mounting plugin GameplayTagsEditor
LogPluginManager: Mounting plugin CurveEditorTools
LogPluginManager: Mounting plugin GeometryMode
LogPluginManager: Mounting plugin MacGraphicsSwitching
LogPluginManager: Mounting plugin MaterialAnalyzer
LogPluginManager: Mounting plugin MobileLauncherProfileWizard
LogPluginManager: Mounting plugin PluginBrowser
LogPluginManager: Mounting plugin TextureFormatOodle
LogPluginManager: Mounting plugin SpeedTreeImporter
LogPluginManager: Mounting plugin Niagara
LogPluginManager: Mounting plugin LuminPlatformFeatures
LogPluginManager: Mounting plugin MagicLeap
LogPluginManager: Mounting plugin MagicLeapLightEstimation
LogPluginManager: Mounting plugin MagicLeapMedia
LogPluginManager: Mounting plugin AlembicImporter
LogPluginManager: Mounting plugin AutomationUtils
LogPluginManager: Mounting plugin BackChannel
LogPluginManager: Mounting plugin MagicLeapPassableWorld
LogPluginManager: Mounting plugin ChaosCloth
LogPluginManager: Mounting plugin ChaosClothEditor
LogPluginManager: Mounting plugin MLSDK
LogPluginManager: Mounting plugin ChaosEditor
LogPluginManager: Mounting plugin ChaosNiagara
LogPluginManager: Mounting plugin ChaosSolverPlugin
LogPluginManager: Mounting plugin CharacterAI
LogPluginManager: Mounting plugin GeometryCache
LogPluginManager: Mounting plugin GeometryCollectionPlugin
LogPluginManager: Mounting plugin AndroidMedia
LogPluginManager: Mounting plugin AvfMedia
LogPluginManager: Mounting plugin ImgMedia
LogPluginManager: Mounting plugin MediaCompositing
LogPluginManager: Mounting plugin MediaPlayerEditor
LogPluginManager: Mounting plugin TcpMessaging
LogPluginManager: Mounting plugin UdpMessaging
LogPluginManager: Mounting plugin GeometryProcessing
LogPluginManager: Mounting plugin WmfMedia
LogPluginManager: Mounting plugin WebMMedia
LogPluginManager: Mounting plugin MotoSynth
LogPluginManager: Mounting plugin OpenImageDenoise
LogPluginManager: Mounting plugin PlanarCut
LogPluginManager: Mounting plugin PlatformCrypto
LogPluginManager: Mounting plugin ProxyLODPlugin
LogPluginManager: Mounting plugin PythonScriptPlugin
LogPluginManager: Mounting plugin SkeletalReduction
LogPluginManager: Mounting plugin ActorSequence
LogPluginManager: Mounting plugin MatineeToLevelSequence
LogPluginManager: Mounting plugin LevelSequenceEditor
LogPluginManager: Mounting plugin TemplateSequence
LogPluginManager: Mounting plugin OnlineSubsystem
LogPluginManager: Mounting plugin OnlineSubsystemNull
LogPluginManager: Mounting plugin OnlineSubsystemUtils
LogPluginManager: Mounting plugin LauncherChunkInstaller
LogPluginManager: Mounting plugin ScreenshotTools
LogPluginManager: Mounting plugin ActorLayerUtilities
LogPluginManager: Mounting plugin AndroidDeviceProfileSelector
LogPluginManager: Mounting plugin AndroidMoviePlayer
LogPluginManager: Mounting plugin AndroidPermission
LogPluginManager: Mounting plugin AppleMoviePlayer
LogPluginManager: Mounting plugin AppleImageUtils
LogPluginManager: Mounting plugin ArchVisCharacter
LogPluginManager: Mounting plugin AssetTags
LogPluginManager: Mounting plugin AudioCapture
LogPluginManager: Mounting plugin AudioSynesthesia
LogPluginManager: Mounting plugin CableComponent
LogPluginManager: Mounting plugin ChunkDownloader
LogPluginManager: Mounting plugin CustomMeshComponent
LogPluginManager: Mounting plugin EditableMesh
LogPluginManager: Mounting plugin ExampleDeviceProfileSelector
LogPluginManager: Mounting plugin GoogleCloudMessaging
LogPluginManager: Mounting plugin GooglePAD
LogPluginManager: Mounting plugin IOSDeviceProfileSelector
LogPluginManager: Mounting plugin LinuxDeviceProfileSelector
LogPluginManager: Mounting plugin LocationServicesBPLibrary
LogPluginManager: Mounting plugin MobilePatchingUtils
LogPluginManager: Mounting plugin Takes
LogPluginManager: Mounting plugin OpenXR
LogPluginManager: Mounting plugin OpenXREyeTracker
LogPluginManager: Mounting plugin OpenXRHandTracking
LogPluginManager: Mounting plugin PhysXVehicles
LogPluginManager: Mounting plugin PostSplashScreen
LogPluginManager: Mounting plugin ProceduralMeshComponent
LogPluginManager: Mounting plugin PropertyAccessEditor
LogPluginManager: Mounting plugin SignificanceManager
LogPluginManager: Mounting plugin SoundFields
LogPluginManager: Mounting plugin RuntimePhysXCooking
LogPluginManager: Mounting plugin Synthesis
LogPluginManager: Mounting plugin WebMMoviePlayer
LogPluginManager: Mounting plugin WindowsMoviePlayer
LogPluginManager: Mounting plugin ContentBrowserAssetDataSource
LogPluginManager: Mounting plugin ContentBrowserClassDataSource
LogPluginManager: Mounting plugin ContentBrowserFileDataSource
LogPluginManager: Mounting plugin OnlineSubsystemGooglePlay
LogPluginManager: Mounting plugin OnlineSubsystemIOS
LogPluginManager: Mounting plugin OculusVR
LogPluginManager: Mounting plugin SteamVR
PixWinPlugin: PIX capture plugin failed to initialize! Check that the process is launched from PIX.
LogInit: Using libcurl 7.55.1-DEV
LogInit:  - built for x86_64-pc-win32
LogInit:  - supports SSL with OpenSSL/1.1.1
LogInit:  - supports HTTP deflate (compression) using libz 1.2.8
LogInit:  - other features:
LogInit:      CURL_VERSION_SSL
LogInit:      CURL_VERSION_LIBZ
LogInit:      CURL_VERSION_IPV6
LogInit:      CURL_VERSION_ASYNCHDNS
LogInit:      CURL_VERSION_LARGEFILE
LogInit:      CURL_VERSION_IDN
LogInit:  CurlRequestOptions (configurable via config and command line):
LogInit:  - bVerifyPeer = true  - Libcurl will verify peer certificate
LogInit:  - bUseHttpProxy = false  - Libcurl will NOT use HTTP proxy
LogInit:  - bDontReuseConnections = false  - Libcurl will reuse connections
LogInit:  - MaxHostConnections = 16  - Libcurl will limit the number of connections to a host
LogInit:  - LocalHostAddr = Default
LogInit:  - BufferSize = 65536
LogOnline: OSS: Creating online subsystem instance for: NULL
LogInit: WinSock: version 1.1 (2.2), MaxSocks=32767, MaxUdp=65467
LogOnline: OSS: TryLoadSubsystemAndSetDefault: Loaded subsystem for module [NULL]
LogOculusPluginWrapper: OculusPlugin initialized successfully
LogHMD: Failed initializing OVRPlugin 1.59.0
LogInit: Build: ++UE4+Release-4.27-CL-17155196
LogInit: Engine Version: 4.27.0-17155196+++UE4+Release-4.27
LogInit: Compatible Engine Version: 4.27.0-17155196+++UE4+Release-4.27
LogInit: Net CL: 17155196
LogInit: OS: Windows 10 (Release 2009) (), CPU: Intel(R) Core(TM) i7-7700HQ CPU @ 2.80GHz, GPU: Intel(R) HD Graphics 630
LogInit: Compiled (64-bit): Aug 13 2021 06:13:13
LogInit: Compiled with Visual C++: 19.24.28315.00
LogInit: Build Configuration: Development
LogInit: Branch Name: ++UE4+Release-4.27
LogInit: Command Line: 
LogInit: Base Directory: D:/Logiciels/Unreal/UE_4.27/Engine/Binaries/Win64/
LogInit: Allocator: TBB
LogInit: Installed Engine Build: 1
LogDevObjectVersion: Number of dev versions registered: 29
LogDevObjectVersion:   Dev-Blueprints (B0D832E4-1F89-4F0D-ACCF-7EB736FD4AA2): 10
LogDevObjectVersion:   Dev-Build (E1C64328-A22C-4D53-A36C-8E866417BD8C): 0
LogDevObjectVersion:   Dev-Core (375EC13C-06E4-48FB-B500-84F0262A717E): 4
LogDevObjectVersion:   Dev-Editor (E4B068ED-F494-42E9-A231-DA0B2E46BB41): 40
LogDevObjectVersion:   Dev-Framework (CFFC743F-43B0-4480-9391-14DF171D2073): 37
LogDevObjectVersion:   Dev-Mobile (B02B49B5-BB20-44E9-A304-32B752E40360): 3
LogDevObjectVersion:   Dev-Networking (A4E4105C-59A1-49B5-A7C5-40C4547EDFEE): 0
LogDevObjectVersion:   Dev-Online (39C831C9-5AE6-47DC-9A44-9C173E1C8E7C): 0
LogDevObjectVersion:   Dev-Physics (78F01B33-EBEA-4F98-B9B4-84EACCB95AA2): 14
LogDevObjectVersion:   Dev-Platform (6631380F-2D4D-43E0-8009-CF276956A95A): 0
LogDevObjectVersion:   Dev-Rendering (12F88B9F-8875-4AFC-A67C-D90C383ABD29): 45
LogDevObjectVersion:   Dev-Sequencer (7B5AE74C-D270-4C10-A958-57980B212A5A): 13
LogDevObjectVersion:   Dev-VR (D7296918-1DD6-4BDD-9DE2-64A83CC13884): 3
LogDevObjectVersion:   Dev-LoadTimes (C2A15278-BFE7-4AFE-6C17-90FF531DF755): 1
LogDevObjectVersion:   Private-Geometry (6EACA3D4-40EC-4CC1-B786-8BED09428FC5): 3
LogDevObjectVersion:   Dev-AnimPhys (29E575DD-E0A3-4627-9D10-D276232CDCEA): 17
LogDevObjectVersion:   Dev-Anim (AF43A65D-7FD3-4947-9873-3E8ED9C1BB05): 15
LogDevObjectVersion:   Dev-ReflectionCapture (6B266CEC-1EC7-4B8F-A30B-E4D90942FC07): 1
LogDevObjectVersion:   Dev-Automation (0DF73D61-A23F-47EA-B727-89E90C41499A): 1
LogDevObjectVersion:   FortniteMain (601D1886-AC64-4F84-AA16-D3DE0DEAC7D6): 47
LogDevObjectVersion:   FortniteRelease (E7086368-6B23-4C58-8439-1B7016265E91): 1
LogDevObjectVersion:   Dev-Enterprise (9DFFBCD6-494F-0158-E221-12823C92A888): 10
LogDevObjectVersion:   Dev-Niagara (F2AED0AC-9AFE-416F-8664-AA7FFA26D6FC): 1
LogDevObjectVersion:   Dev-Destruction (174F1F0B-B4C6-45A5-B13F-2EE8D0FB917D): 10
LogDevObjectVersion:   Dev-Physics-Ext (35F94A83-E258-406C-A318-09F59610247C): 41
LogDevObjectVersion:   Dev-PhysicsMaterial-Chaos (B68FC16E-8B1B-42E2-B453-215C058844FE): 1
LogDevObjectVersion:   Dev-CineCamera (B2E18506-4273-CFC2-A54E-F4BB758BBA07): 1
LogDevObjectVersion:   Dev-VirtualProduction (64F58936-FD1B-42BA-BA96-7289D5D0FA4E): 1
LogDevObjectVersion:   Dev-MediaFramework (6F0ED827-A609-4895-9C91-998D90180EA4): 2
LogInit: Presizing for max 25165824 objects, including 0 objects not considered by GC, pre-allocating 0 bytes for permanent pool.
LogConfig: Applying CVar settings from Section [/Script/Engine.StreamingSettings] File [D:/Documents/GitHub/Food_Looter_GC/Food_Looter_GC/Saved/Config/Windows/Engine.ini]
LogConfig: Setting CVar [[s.MinBulkDataSizeForAsyncLoading:131072]]
LogConfig: Setting CVar [[s.AsyncLoadingThreadEnabled:0]]
LogConfig: Setting CVar [[s.EventDrivenLoaderEnabled:1]]
LogConfig: Setting CVar [[s.WarnIfTimeLimitExceeded:0]]
LogConfig: Setting CVar [[s.TimeLimitExceededMultiplier:1.5]]
LogConfig: Setting CVar [[s.TimeLimitExceededMinTime:0.005]]
LogConfig: Setting CVar [[s.UseBackgroundLevelStreaming:1]]
LogConfig: Setting CVar [[s.PriorityAsyncLoadingExtraTime:15.0]]
LogConfig: Setting CVar [[s.LevelStreamingActorsUpdateTimeLimit:5.0]]
LogConfig: Setting CVar [[s.PriorityLevelStreamingActorsUpdateExtraTime:5.0]]
LogConfig: Setting CVar [[s.LevelStreamingComponentsRegistrationGranularity:10]]
LogConfig: Setting CVar [[s.UnregisterComponentsTimeLimit:1.0]]
LogConfig: Setting CVar [[s.LevelStreamingComponentsUnregistrationGranularity:5]]
LogConfig: Setting CVar [[s.FlushStreamingOnExit:1]]
LogInit: Object subsystem initialized
LogConfig: Setting CVar [[con.DebugEarlyDefault:1]]
LogConfig: Setting CVar [[r.setres:1280x720]]
[2021.10.11-10.05.55:104][  0]LogConfig: Setting CVar [[r.VSync:0]]
[2021.10.11-10.05.55:104][  0]LogConfig: Setting CVar [[r.RHICmdBypass:0]]
[2021.10.11-10.05.55:104][  0]LogConfig: Applying CVar settings from Section [/Script/Engine.RendererSettings] File [D:/Documents/GitHub/Food_Looter_GC/Food_Looter_GC/Saved/Config/Windows/Engine.ini]
[2021.10.11-10.05.55:104][  0]LogConfig: Setting CVar [[r.GPUCrashDebugging:0]]
[2021.10.11-10.05.55:104][  0]LogConfig: Applying CVar settings from Section [/Script/Engine.RendererOverrideSettings] File [D:/Documents/GitHub/Food_Looter_GC/Food_Looter_GC/Saved/Config/Windows/Engine.ini]
[2021.10.11-10.05.55:104][  0]LogConfig: Applying CVar settings from Section [/Script/Engine.StreamingSettings] File [D:/Documents/GitHub/Food_Looter_GC/Food_Looter_GC/Saved/Config/Windows/Engine.ini]
[2021.10.11-10.05.55:104][  0]LogConfig: Setting CVar [[s.MinBulkDataSizeForAsyncLoading:131072]]
[2021.10.11-10.05.55:104][  0]LogConfig: Setting CVar [[s.AsyncLoadingThreadEnabled:0]]
[2021.10.11-10.05.55:104][  0]LogConfig: Setting CVar [[s.EventDrivenLoaderEnabled:1]]
[2021.10.11-10.05.55:104][  0]LogConfig: Setting CVar [[s.WarnIfTimeLimitExceeded:0]]
[2021.10.11-10.05.55:104][  0]LogConfig: Setting CVar [[s.TimeLimitExceededMultiplier:1.5]]
[2021.10.11-10.05.55:104][  0]LogConfig: Setting CVar [[s.TimeLimitExceededMinTime:0.005]]
[2021.10.11-10.05.55:104][  0]LogConfig: Setting CVar [[s.UseBackgroundLevelStreaming:1]]
[2021.10.11-10.05.55:104][  0]LogConfig: Setting CVar [[s.PriorityAsyncLoadingExtraTime:15.0]]
[2021.10.11-10.05.55:104][  0]LogConfig: Setting CVar [[s.LevelStreamingActorsUpdateTimeLimit:5.0]]
[2021.10.11-10.05.55:104][  0]LogConfig: Setting CVar [[s.PriorityLevelStreamingActorsUpdateExtraTime:5.0]]
[2021.10.11-10.05.55:104][  0]LogConfig: Setting CVar [[s.LevelStreamingComponentsRegistrationGranularity:10]]
[2021.10.11-10.05.55:104][  0]LogConfig: Setting CVar [[s.UnregisterComponentsTimeLimit:1.0]]
[2021.10.11-10.05.55:104][  0]LogConfig: Setting CVar [[s.LevelStreamingComponentsUnregistrationGranularity:5]]
[2021.10.11-10.05.55:104][  0]LogConfig: Setting CVar [[s.FlushStreamingOnExit:1]]
[2021.10.11-10.05.55:104][  0]LogConfig: Applying CVar settings from Section [/Script/Engine.GarbageCollectionSettings] File [D:/Documents/GitHub/Food_Looter_GC/Food_Looter_GC/Saved/Config/Windows/Engine.ini]
[2021.10.11-10.05.55:104][  0]LogConfig: Setting CVar [[gc.MaxObjectsNotConsideredByGC:1]]
[2021.10.11-10.05.55:104][  0]LogConfig: Setting CVar [[gc.SizeOfPermanentObjectPool:0]]
[2021.10.11-10.05.55:104][  0]LogConfig: Setting CVar [[gc.FlushStreamingOnGC:0]]
[2021.10.11-10.05.55:104][  0]LogConfig: Setting CVar [[gc.NumRetriesBeforeForcingGC:10]]
[2021.10.11-10.05.55:104][  0]LogConfig: Setting CVar [[gc.AllowParallelGC:1]]
[2021.10.11-10.05.55:104][  0]LogConfig: Setting CVar [[gc.TimeBetweenPurgingPendingKillObjects:61.1]]
[2021.10.11-10.05.55:104][  0]LogConfig: Setting CVar [[gc.MaxObjectsInEditor:25165824]]
[2021.10.11-10.05.55:104][  0]LogConfig: Setting CVar [[gc.IncrementalBeginDestroyEnabled:1]]
[2021.10.11-10.05.55:104][  0]LogConfig: Setting CVar [[gc.CreateGCClusters:1]]
[2021.10.11-10.05.55:104][  0]LogConfig: Setting CVar [[gc.MinGCClusterSize:5]]
[2021.10.11-10.05.55:104][  0]LogConfig: Setting CVar [[gc.ActorClusteringEnabled:0]]
[2021.10.11-10.05.55:104][  0]LogConfig: Setting CVar [[gc.BlueprintClusteringEnabled:0]]
[2021.10.11-10.05.55:104][  0]LogConfig: Setting CVar [[gc.UseDisregardForGCOnDedicatedServers:0]]
[2021.10.11-10.05.55:104][  0]LogConfig: Setting CVar [[gc.MultithreadedDestructionEnabled:1]]
[2021.10.11-10.05.55:104][  0]LogConfig: Applying CVar settings from Section [/Script/Engine.NetworkSettings] File [D:/Documents/GitHub/Food_Looter_GC/Food_Looter_GC/Saved/Config/Windows/Engine.ini]
[2021.10.11-10.05.55:104][  0]LogConfig: Applying CVar settings from Section [/Script/UnrealEd.CookerSettings] File [D:/Documents/GitHub/Food_Looter_GC/Food_Looter_GC/Saved/Config/Windows/Engine.ini]
[2021.10.11-10.05.55:123][  0]LogConfig: Applying CVar settings from Section [ViewDistanceQuality@3] File [D:/Documents/GitHub/Food_Looter_GC/Food_Looter_GC/Saved/Config/Windows/Scalability.ini]
[2021.10.11-10.05.55:123][  0]LogConfig: Setting CVar [[r.SkeletalMeshLODBias:0]]
[2021.10.11-10.05.55:123][  0]LogConfig: Setting CVar [[r.ViewDistanceScale:1.0]]
[2021.10.11-10.05.55:123][  0]LogConfig: Applying CVar settings from Section [AntiAliasingQuality@3] File [D:/Documents/GitHub/Food_Looter_GC/Food_Looter_GC/Saved/Config/Windows/Scalability.ini]
[2021.10.11-10.05.55:123][  0]LogConfig: Setting CVar [[r.PostProcessAAQuality:4]]
[2021.10.11-10.05.55:123][  0]LogConfig: Applying CVar settings from Section [ShadowQuality@3] File [D:/Documents/GitHub/Food_Looter_GC/Food_Looter_GC/Saved/Config/Windows/Scalability.ini]
[2021.10.11-10.05.55:123][  0]LogConfig: Setting CVar [[r.LightFunctionQuality:1]]
[2021.10.11-10.05.55:123][  0]LogConfig: Setting CVar [[r.ShadowQuality:5]]
[2021.10.11-10.05.55:123][  0]LogConfig: Setting CVar [[r.Shadow.CSM.MaxCascades:10]]
[2021.10.11-10.05.55:123][  0]LogConfig: Setting CVar [[r.Shadow.MaxResolution:2048]]
[2021.10.11-10.05.55:123][  0]LogConfig: Setting CVar [[r.Shadow.MaxCSMResolution:2048]]
[2021.10.11-10.05.55:123][  0]LogConfig: Setting CVar [[r.Shadow.RadiusThreshold:0.01]]
[2021.10.11-10.05.55:123][  0]LogConfig: Setting CVar [[r.Shadow.DistanceScale:1.0]]
[2021.10.11-10.05.55:123][  0]LogConfig: Setting CVar [[r.Shadow.CSM.TransitionScale:1.0]]
[2021.10.11-10.05.55:123][  0]LogConfig: Setting CVar [[r.Shadow.PreShadowResolutionFactor:1.0]]
[2021.10.11-10.05.55:124][  0]LogConfig: Setting CVar [[r.DistanceFieldShadowing:1]]
[2021.10.11-10.05.55:124][  0]LogConfig: Setting CVar [[r.DistanceFieldAO:1]]
[2021.10.11-10.05.55:124][  0]LogConfig: Setting CVar [[r.AOQuality:2]]
[2021.10.11-10.05.55:124][  0]LogConfig: Setting CVar [[r.VolumetricFog:1]]
[2021.10.11-10.05.55:124][  0]LogConfig: Setting CVar [[r.VolumetricFog.GridPixelSize:8]]
[2021.10.11-10.05.55:124][  0]LogConfig: Setting CVar [[r.VolumetricFog.GridSizeZ:128]]
[2021.10.11-10.05.55:124][  0]LogConfig: Setting CVar [[r.VolumetricFog.HistoryMissSupersampleCount:4]]
[2021.10.11-10.05.55:124][  0]LogConfig: Setting CVar [[r.LightMaxDrawDistanceScale:1]]
[2021.10.11-10.05.55:124][  0]LogConfig: Setting CVar [[r.CapsuleShadows:1]]
[2021.10.11-10.05.55:124][  0]LogConfig: Applying CVar settings from Section [PostProcessQuality@3] File [D:/Documents/GitHub/Food_Looter_GC/Food_Looter_GC/Saved/Config/Windows/Scalability.ini]
[2021.10.11-10.05.55:124][  0]LogConfig: Setting CVar [[r.MotionBlurQuality:4]]
[2021.10.11-10.05.55:124][  0]LogConfig: Setting CVar [[r.AmbientOcclusionMipLevelFactor:0.4]]
[2021.10.11-10.05.55:124][  0]LogConfig: Setting CVar [[r.AmbientOcclusionMaxQuality:100]]
[2021.10.11-10.05.55:124][  0]LogConfig: Setting CVar [[r.AmbientOcclusionLevels:-1]]
[2021.10.11-10.05.55:124][  0]LogConfig: Setting CVar [[r.AmbientOcclusionRadiusScale:1.0]]
[2021.10.11-10.05.55:124][  0]LogConfig: Setting CVar [[r.DepthOfFieldQuality:2]]
[2021.10.11-10.05.55:124][  0]LogConfig: Setting CVar [[r.RenderTargetPoolMin:400]]
[2021.10.11-10.05.55:124][  0]LogConfig: Setting CVar [[r.LensFlareQuality:2]]
[2021.10.11-10.05.55:124][  0]LogConfig: Setting CVar [[r.SceneColorFringeQuality:1]]
[2021.10.11-10.05.55:124][  0]LogConfig: Setting CVar [[r.EyeAdaptationQuality:2]]
[2021.10.11-10.05.55:124][  0]LogConfig: Setting CVar [[r.BloomQuality:5]]
[2021.10.11-10.05.55:124][  0]LogConfig: Setting CVar [[r.FastBlurThreshold:100]]
[2021.10.11-10.05.55:124][  0]LogConfig: Setting CVar [[r.Upscale.Quality:3]]
[2021.10.11-10.05.55:124][  0]LogConfig: Setting CVar [[r.Tonemapper.GrainQuantization:1]]
[2021.10.11-10.05.55:124][  0]LogConfig: Setting CVar [[r.LightShaftQuality:1]]
[2021.10.11-10.05.55:124][  0]LogConfig: Setting CVar [[r.Filter.SizeScale:1]]
[2021.10.11-10.05.55:124][  0]LogConfig: Setting CVar [[r.Tonemapper.Quality:5]]
[2021.10.11-10.05.55:124][  0]LogConfig: Setting CVar [[r.DOF.Gather.AccumulatorQuality:1        ; higher gathering accumulator quality]]
[2021.10.11-10.05.55:124][  0]LogConfig: Setting CVar [[r.DOF.Gather.PostfilterMethod:1          ; Median3x3 postfilering method]]
[2021.10.11-10.05.55:124][  0]LogConfig: Setting CVar [[r.DOF.Gather.EnableBokehSettings:0       ; no bokeh simulation when gathering]]
[2021.10.11-10.05.55:124][  0]LogConfig: Setting CVar [[r.DOF.Gather.RingCount:4                 ; medium number of samples when gathering]]
[2021.10.11-10.05.55:124][  0]LogConfig: Setting CVar [[r.DOF.Scatter.ForegroundCompositing:1    ; additive foreground scattering]]
[2021.10.11-10.05.55:124][  0]LogConfig: Setting CVar [[r.DOF.Scatter.BackgroundCompositing:2    ; additive background scattering]]
[2021.10.11-10.05.55:124][  0]LogConfig: Setting CVar [[r.DOF.Scatter.EnableBokehSettings:1      ; bokeh simulation when scattering]]
[2021.10.11-10.05.55:124][  0]LogConfig: Setting CVar [[r.DOF.Scatter.MaxSpriteRatio:0.1         ; only a maximum of 10% of scattered bokeh]]
[2021.10.11-10.05.55:124][  0]LogConfig: Setting CVar [[r.DOF.Recombine.Quality:1                ; cheap slight out of focus]]
[2021.10.11-10.05.55:124][  0]LogConfig: Setting CVar [[r.DOF.Recombine.EnableBokehSettings:0    ; no bokeh simulation on slight out of focus]]
[2021.10.11-10.05.55:124][  0]LogConfig: Setting CVar [[r.DOF.TemporalAAQuality:1                ; more stable temporal accumulation]]
[2021.10.11-10.05.55:124][  0]LogConfig: Setting CVar [[r.DOF.Kernel.MaxForegroundRadius:0.025]]
[2021.10.11-10.05.55:124][  0]LogConfig: Setting CVar [[r.DOF.Kernel.MaxBackgroundRadius:0.025]]
[2021.10.11-10.05.55:124][  0]LogConfig: Applying CVar settings from Section [TextureQuality@3] File [D:/Documents/GitHub/Food_Looter_GC/Food_Looter_GC/Saved/Config/Windows/Scalability.ini]
[2021.10.11-10.05.55:124][  0]LogConfig: Setting CVar [[r.Streaming.MipBias:0]]
[2021.10.11-10.05.55:124][  0]LogConfig: Setting CVar [[r.Streaming.AmortizeCPUToGPUCopy:0]]
[2021.10.11-10.05.55:124][  0]LogConfig: Setting CVar [[r.Streaming.MaxNumTexturesToStreamPerFrame:0]]
[2021.10.11-10.05.55:124][  0]LogConfig: Setting CVar [[r.Streaming.Boost:1]]
[2021.10.11-10.05.55:124][  0]LogConfig: Setting CVar [[r.MaxAnisotropy:8]]
[2021.10.11-10.05.55:124][  0]LogConfig: Setting CVar [[r.VT.MaxAnisotropy:8]]
[2021.10.11-10.05.55:124][  0]LogConfig: Setting CVar [[r.Streaming.LimitPoolSizeToVRAM:0]]
[2021.10.11-10.05.55:124][  0]LogConfig: Setting CVar [[r.Streaming.PoolSize:1000]]
[2021.10.11-10.05.55:124][  0]LogConfig: Setting CVar [[r.Streaming.MaxEffectiveScreenSize:0]]
[2021.10.11-10.05.55:124][  0]LogConfig: Applying CVar settings from Section [EffectsQuality@3] File [D:/Documents/GitHub/Food_Looter_GC/Food_Looter_GC/Saved/Config/Windows/Scalability.ini]
[2021.10.11-10.05.55:124][  0]LogConfig: Setting CVar [[r.TranslucencyLightingVolumeDim:64]]
[2021.10.11-10.05.55:124][  0]LogConfig: Setting CVar [[r.RefractionQuality:2]]
[2021.10.11-10.05.55:124][  0]LogConfig: Setting CVar [[r.SSR.Quality:3]]
[2021.10.11-10.05.55:124][  0]LogConfig: Setting CVar [[r.SSR.HalfResSceneColor:0]]
[2021.10.11-10.05.55:124][  0]LogConfig: Setting CVar [[r.SceneColorFormat:4]]
[2021.10.11-10.05.55:124][  0]LogConfig: Setting CVar [[r.DetailMode:2]]
[2021.10.11-10.05.55:124][  0]LogConfig: Setting CVar [[r.TranslucencyVolumeBlur:1]]
[2021.10.11-10.05.55:124][  0]LogConfig: Setting CVar [[r.MaterialQualityLevel:1 ; High quality]]
[2021.10.11-10.05.55:124][  0]LogConfig: Setting CVar [[r.AnisotropicMaterials:1]]
[2021.10.11-10.05.55:124][  0]LogConfig: Setting CVar [[r.SSS.Scale:1]]
[2021.10.11-10.05.55:124][  0]LogConfig: Setting CVar [[r.SSS.SampleSet:2]]
[2021.10.11-10.05.55:124][  0]LogConfig: Setting CVar [[r.SSS.Quality:1]]
[2021.10.11-10.05.55:124][  0]LogConfig: Setting CVar [[r.SSS.HalfRes:0]]
[2021.10.11-10.05.55:124][  0]LogConfig: Setting CVar [[r.SSGI.Quality:3]]
[2021.10.11-10.05.55:124][  0]LogConfig: Setting CVar [[r.EmitterSpawnRateScale:1.0]]
[2021.10.11-10.05.55:124][  0]LogConfig: Setting CVar [[r.ParticleLightQuality:2]]
[2021.10.11-10.05.55:124][  0]LogConfig: Setting CVar [[r.SkyAtmosphere.AerialPerspectiveLUT.FastApplyOnOpaque:1 ; Always have FastSkyLUT 1 in this case to avoid wrong sky]]
[2021.10.11-10.05.55:124][  0]LogConfig: Setting CVar [[r.SkyAtmosphere.AerialPerspectiveLUT.SampleCountMaxPerSlice:4]]
[2021.10.11-10.05.55:124][  0]LogConfig: Setting CVar [[r.SkyAtmosphere.AerialPerspectiveLUT.DepthResolution:16.0]]
[2021.10.11-10.05.55:124][  0]LogConfig: Setting CVar [[r.SkyAtmosphere.FastSkyLUT:1]]
[2021.10.11-10.05.55:124][  0]LogConfig: Setting CVar [[r.SkyAtmosphere.FastSkyLUT.SampleCountMin:4.0]]
[2021.10.11-10.05.55:125][  0]LogConfig: Setting CVar [[r.SkyAtmosphere.FastSkyLUT.SampleCountMax:128.0]]
[2021.10.11-10.05.55:125][  0]LogConfig: Setting CVar [[r.SkyAtmosphere.SampleCountMin:4.0]]
[2021.10.11-10.05.55:125][  0]LogConfig: Setting CVar [[r.SkyAtmosphere.SampleCountMax:128.0]]
[2021.10.11-10.05.55:125][  0]LogConfig: Setting CVar [[r.SkyAtmosphere.TransmittanceLUT.UseSmallFormat:0]]
[2021.10.11-10.05.55:125][  0]LogConfig: Setting CVar [[r.SkyAtmosphere.TransmittanceLUT.SampleCount:10.0]]
[2021.10.11-10.05.55:125][  0]LogConfig: Setting CVar [[r.SkyAtmosphere.MultiScatteringLUT.SampleCount:15.0]]
[2021.10.11-10.05.55:125][  0]LogConfig: Setting CVar [[r.SkyLight.RealTimeReflectionCapture:1]]
[2021.10.11-10.05.55:125][  0]LogConfig: Applying CVar settings from Section [FoliageQuality@3] File [D:/Documents/GitHub/Food_Looter_GC/Food_Looter_GC/Saved/Config/Windows/Scalability.ini]
[2021.10.11-10.05.55:125][  0]LogConfig: Setting CVar [[foliage.DensityScale:1.0]]
[2021.10.11-10.05.55:125][  0]LogConfig: Setting CVar [[grass.DensityScale:1.0]]
[2021.10.11-10.05.55:125][  0]LogConfig: Applying CVar settings from Section [ShadingQuality@3] File [D:/Documents/GitHub/Food_Looter_GC/Food_Looter_GC/Saved/Config/Windows/Scalability.ini]
[2021.10.11-10.05.55:125][  0]LogConfig: Setting CVar [[r.HairStrands.SkyLighting.IntegrationType:2]]
[2021.10.11-10.05.55:125][  0]LogConfig: Setting CVar [[r.HairStrands.SkyAO.SampleCount:4]]
[2021.10.11-10.05.55:125][  0]LogConfig: Setting CVar [[r.HairStrands.Visibility.MSAA.SamplePerPixel:4]]
[2021.10.11-10.05.55:125][  0]LogInit: Selected Device Profile: [Windows]
[2021.10.11-10.05.55:125][  0]LogInit: Applying CVar settings loaded from the selected device profile: [Windows]
[2021.10.11-10.05.55:125][  0]LogHAL: Display: Platform has ~ 16 GB [17052889088 / 17179869184 / 16], which maps to Larger [LargestMinGB=32, LargerMinGB=12, DefaultMinGB=8, SmallerMinGB=6, SmallestMinGB=0)
[2021.10.11-10.05.55:125][  0]LogInit: Going up to parent DeviceProfile []
[2021.10.11-10.05.55:125][  0]LogConfig: Applying CVar settings from Section [ViewDistanceQuality@3] File [D:/Documents/GitHub/Food_Looter_GC/Food_Looter_GC/Saved/Config/Windows/Scalability.ini]
[2021.10.11-10.05.55:125][  0]LogConfig: Setting CVar [[r.SkeletalMeshLODBias:0]]
[2021.10.11-10.05.55:125][  0]LogConfig: Setting CVar [[r.ViewDistanceScale:1.0]]
[2021.10.11-10.05.55:125][  0]LogConfig: Applying CVar settings from Section [AntiAliasingQuality@3] File [D:/Documents/GitHub/Food_Looter_GC/Food_Looter_GC/Saved/Config/Windows/Scalability.ini]
[2021.10.11-10.05.55:125][  0]LogConfig: Setting CVar [[r.PostProcessAAQuality:4]]
[2021.10.11-10.05.55:125][  0]LogConfig: Applying CVar settings from Section [ShadowQuality@3] File [D:/Documents/GitHub/Food_Looter_GC/Food_Looter_GC/Saved/Config/Windows/Scalability.ini]
[2021.10.11-10.05.55:125][  0]LogConfig: Setting CVar [[r.LightFunctionQuality:1]]
[2021.10.11-10.05.55:125][  0]LogConfig: Setting CVar [[r.ShadowQuality:5]]
[2021.10.11-10.05.55:125][  0]LogConfig: Setting CVar [[r.Shadow.CSM.MaxCascades:10]]
[2021.10.11-10.05.55:125][  0]LogConfig: Setting CVar [[r.Shadow.MaxResolution:2048]]
[2021.10.11-10.05.55:125][  0]LogConfig: Setting CVar [[r.Shadow.MaxCSMResolution:2048]]
[2021.10.11-10.05.55:125][  0]LogConfig: Setting CVar [[r.Shadow.RadiusThreshold:0.01]]
[2021.10.11-10.05.55:125][  0]LogConfig: Setting CVar [[r.Shadow.DistanceScale:1.0]]
[2021.10.11-10.05.55:125][  0]LogConfig: Setting CVar [[r.Shadow.CSM.TransitionScale:1.0]]
[2021.10.11-10.05.55:125][  0]LogConfig: Setting CVar [[r.Shadow.PreShadowResolutionFactor:1.0]]
[2021.10.11-10.05.55:125][  0]LogConfig: Setting CVar [[r.DistanceFieldShadowing:1]]
[2021.10.11-10.05.55:125][  0]LogConfig: Setting CVar [[r.DistanceFieldAO:1]]
[2021.10.11-10.05.55:125][  0]LogConfig: Setting CVar [[r.AOQuality:2]]
[2021.10.11-10.05.55:125][  0]LogConfig: Setting CVar [[r.VolumetricFog:1]]
[2021.10.11-10.05.55:125][  0]LogConfig: Setting CVar [[r.VolumetricFog.GridPixelSize:8]]
[2021.10.11-10.05.55:125][  0]LogConfig: Setting CVar [[r.VolumetricFog.GridSizeZ:128]]
[2021.10.11-10.05.55:125][  0]LogConfig: Setting CVar [[r.VolumetricFog.HistoryMissSupersampleCount:4]]
[2021.10.11-10.05.55:125][  0]LogConfig: Setting CVar [[r.LightMaxDrawDistanceScale:1]]
[2021.10.11-10.05.55:125][  0]LogConfig: Setting CVar [[r.CapsuleShadows:1]]
[2021.10.11-10.05.55:125][  0]LogConfig: Applying CVar settings from Section [PostProcessQuality@3] File [D:/Documents/GitHub/Food_Looter_GC/Food_Looter_GC/Saved/Config/Windows/Scalability.ini]
[2021.10.11-10.05.55:125][  0]LogConfig: Setting CVar [[r.MotionBlurQuality:4]]
[2021.10.11-10.05.55:125][  0]LogConfig: Setting CVar [[r.AmbientOcclusionMipLevelFactor:0.4]]
[2021.10.11-10.05.55:125][  0]LogConfig: Setting CVar [[r.AmbientOcclusionMaxQuality:100]]
[2021.10.11-10.05.55:125][  0]LogConfig: Setting CVar [[r.AmbientOcclusionLevels:-1]]
[2021.10.11-10.05.55:125][  0]LogConfig: Setting CVar [[r.AmbientOcclusionRadiusScale:1.0]]
[2021.10.11-10.05.55:125][  0]LogConfig: Setting CVar [[r.DepthOfFieldQuality:2]]
[2021.10.11-10.05.55:125][  0]LogConfig: Setting CVar [[r.RenderTargetPoolMin:400]]
[2021.10.11-10.05.55:125][  0]LogConfig: Setting CVar [[r.LensFlareQuality:2]]
[2021.10.11-10.05.55:125][  0]LogConfig: Setting CVar [[r.SceneColorFringeQuality:1]]
[2021.10.11-10.05.55:125][  0]LogConfig: Setting CVar [[r.EyeAdaptationQuality:2]]
[2021.10.11-10.05.55:125][  0]LogConfig: Setting CVar [[r.BloomQuality:5]]
[2021.10.11-10.05.55:125][  0]LogConfig: Setting CVar [[r.FastBlurThreshold:100]]
[2021.10.11-10.05.55:125][  0]LogConfig: Setting CVar [[r.Upscale.Quality:3]]
[2021.10.11-10.05.55:125][  0]LogConfig: Setting CVar [[r.Tonemapper.GrainQuantization:1]]
[2021.10.11-10.05.55:125][  0]LogConfig: Setting CVar [[r.LightShaftQuality:1]]
[2021.10.11-10.05.55:125][  0]LogConfig: Setting CVar [[r.Filter.SizeScale:1]]
[2021.10.11-10.05.55:125][  0]LogConfig: Setting CVar [[r.Tonemapper.Quality:5]]
[2021.10.11-10.05.55:125][  0]LogConfig: Setting CVar [[r.DOF.Gather.AccumulatorQuality:1        ; higher gathering accumulator quality]]
[2021.10.11-10.05.55:125][  0]LogConfig: Setting CVar [[r.DOF.Gather.PostfilterMethod:1          ; Median3x3 postfilering method]]
[2021.10.11-10.05.55:125][  0]LogConfig: Setting CVar [[r.DOF.Gather.EnableBokehSettings:0       ; no bokeh simulation when gathering]]
[2021.10.11-10.05.55:125][  0]LogConfig: Setting CVar [[r.DOF.Gather.RingCount:4                 ; medium number of samples when gathering]]
[2021.10.11-10.05.55:125][  0]LogConfig: Setting CVar [[r.DOF.Scatter.ForegroundCompositing:1    ; additive foreground scattering]]
[2021.10.11-10.05.55:126][  0]LogConfig: Setting CVar [[r.DOF.Scatter.BackgroundCompositing:2    ; additive background scattering]]
[2021.10.11-10.05.55:126][  0]LogConfig: Setting CVar [[r.DOF.Scatter.EnableBokehSettings:1      ; bokeh simulation when scattering]]
[2021.10.11-10.05.55:126][  0]LogConfig: Setting CVar [[r.DOF.Scatter.MaxSpriteRatio:0.1         ; only a maximum of 10% of scattered bokeh]]
[2021.10.11-10.05.55:126][  0]LogConfig: Setting CVar [[r.DOF.Recombine.Quality:1                ; cheap slight out of focus]]
[2021.10.11-10.05.55:126][  0]LogConfig: Setting CVar [[r.DOF.Recombine.EnableBokehSettings:0    ; no bokeh simulation on slight out of focus]]
[2021.10.11-10.05.55:126][  0]LogConfig: Setting CVar [[r.DOF.TemporalAAQuality:1                ; more stable temporal accumulation]]
[2021.10.11-10.05.55:126][  0]LogConfig: Setting CVar [[r.DOF.Kernel.MaxForegroundRadius:0.025]]
[2021.10.11-10.05.55:126][  0]LogConfig: Setting CVar [[r.DOF.Kernel.MaxBackgroundRadius:0.025]]
[2021.10.11-10.05.55:126][  0]LogConfig: Applying CVar settings from Section [TextureQuality@3] File [D:/Documents/GitHub/Food_Looter_GC/Food_Looter_GC/Saved/Config/Windows/Scalability.ini]
[2021.10.11-10.05.55:126][  0]LogConfig: Setting CVar [[r.Streaming.MipBias:0]]
[2021.10.11-10.05.55:126][  0]LogConfig: Setting CVar [[r.Streaming.AmortizeCPUToGPUCopy:0]]
[2021.10.11-10.05.55:126][  0]LogConfig: Setting CVar [[r.Streaming.MaxNumTexturesToStreamPerFrame:0]]
[2021.10.11-10.05.55:126][  0]LogConfig: Setting CVar [[r.Streaming.Boost:1]]
[2021.10.11-10.05.55:126][  0]LogConfig: Setting CVar [[r.MaxAnisotropy:8]]
[2021.10.11-10.05.55:126][  0]LogConfig: Setting CVar [[r.VT.MaxAnisotropy:8]]
[2021.10.11-10.05.55:126][  0]LogConfig: Setting CVar [[r.Streaming.LimitPoolSizeToVRAM:0]]
[2021.10.11-10.05.55:126][  0]LogConfig: Setting CVar [[r.Streaming.PoolSize:1000]]
[2021.10.11-10.05.55:126][  0]LogConfig: Setting CVar [[r.Streaming.MaxEffectiveScreenSize:0]]
[2021.10.11-10.05.55:126][  0]LogConfig: Applying CVar settings from Section [EffectsQuality@3] File [D:/Documents/GitHub/Food_Looter_GC/Food_Looter_GC/Saved/Config/Windows/Scalability.ini]
[2021.10.11-10.05.55:126][  0]LogConfig: Setting CVar [[r.TranslucencyLightingVolumeDim:64]]
[2021.10.11-10.05.55:126][  0]LogConfig: Setting CVar [[r.RefractionQuality:2]]
[2021.10.11-10.05.55:126][  0]LogConfig: Setting CVar [[r.SSR.Quality:3]]
[2021.10.11-10.05.55:126][  0]LogConfig: Setting CVar [[r.SSR.HalfResSceneColor:0]]
[2021.10.11-10.05.55:126][  0]LogConfig: Setting CVar [[r.SceneColorFormat:4]]
[2021.10.11-10.05.55:126][  0]LogConfig: Setting CVar [[r.DetailMode:2]]
[2021.10.11-10.05.55:126][  0]LogConfig: Setting CVar [[r.TranslucencyVolumeBlur:1]]
[2021.10.11-10.05.55:126][  0]LogConfig: Setting CVar [[r.MaterialQualityLevel:1 ; High quality]]
[2021.10.11-10.05.55:126][  0]LogConfig: Setting CVar [[r.AnisotropicMaterials:1]]
[2021.10.11-10.05.55:126][  0]LogConfig: Setting CVar [[r.SSS.Scale:1]]
[2021.10.11-10.05.55:126][  0]LogConfig: Setting CVar [[r.SSS.SampleSet:2]]
[2021.10.11-10.05.55:126][  0]LogConfig: Setting CVar [[r.SSS.Quality:1]]
[2021.10.11-10.05.55:126][  0]LogConfig: Setting CVar [[r.SSS.HalfRes:0]]
[2021.10.11-10.05.55:126][  0]LogConfig: Setting CVar [[r.SSGI.Quality:3]]
[2021.10.11-10.05.55:126][  0]LogConfig: Setting CVar [[r.EmitterSpawnRateScale:1.0]]
[2021.10.11-10.05.55:126][  0]LogConfig: Setting CVar [[r.ParticleLightQuality:2]]
[2021.10.11-10.05.55:126][  0]LogConfig: Setting CVar [[r.SkyAtmosphere.AerialPerspectiveLUT.FastApplyOnOpaque:1 ; Always have FastSkyLUT 1 in this case to avoid wrong sky]]
[2021.10.11-10.05.55:126][  0]LogConfig: Setting CVar [[r.SkyAtmosphere.AerialPerspectiveLUT.SampleCountMaxPerSlice:4]]
[2021.10.11-10.05.55:126][  0]LogConfig: Setting CVar [[r.SkyAtmosphere.AerialPerspectiveLUT.DepthResolution:16.0]]
[2021.10.11-10.05.55:126][  0]LogConfig: Setting CVar [[r.SkyAtmosphere.FastSkyLUT:1]]
[2021.10.11-10.05.55:126][  0]LogConfig: Setting CVar [[r.SkyAtmosphere.FastSkyLUT.SampleCountMin:4.0]]
[2021.10.11-10.05.55:126][  0]LogConfig: Setting CVar [[r.SkyAtmosphere.FastSkyLUT.SampleCountMax:128.0]]
[2021.10.11-10.05.55:126][  0]LogConfig: Setting CVar [[r.SkyAtmosphere.SampleCountMin:4.0]]
[2021.10.11-10.05.55:126][  0]LogConfig: Setting CVar [[r.SkyAtmosphere.SampleCountMax:128.0]]
[2021.10.11-10.05.55:126][  0]LogConfig: Setting CVar [[r.SkyAtmosphere.TransmittanceLUT.UseSmallFormat:0]]
[2021.10.11-10.05.55:126][  0]LogConfig: Setting CVar [[r.SkyAtmosphere.TransmittanceLUT.SampleCount:10.0]]
[2021.10.11-10.05.55:126][  0]LogConfig: Setting CVar [[r.SkyAtmosphere.MultiScatteringLUT.SampleCount:15.0]]
[2021.10.11-10.05.55:126][  0]LogConfig: Setting CVar [[r.SkyLight.RealTimeReflectionCapture:1]]
[2021.10.11-10.05.55:126][  0]LogConfig: Applying CVar settings from Section [FoliageQuality@3] File [D:/Documents/GitHub/Food_Looter_GC/Food_Looter_GC/Saved/Config/Windows/Scalability.ini]
[2021.10.11-10.05.55:126][  0]LogConfig: Setting CVar [[foliage.DensityScale:1.0]]
[2021.10.11-10.05.55:126][  0]LogConfig: Setting CVar [[grass.DensityScale:1.0]]
[2021.10.11-10.05.55:126][  0]LogConfig: Applying CVar settings from Section [ShadingQuality@3] File [D:/Documents/GitHub/Food_Looter_GC/Food_Looter_GC/Saved/Config/Windows/Scalability.ini]
[2021.10.11-10.05.55:126][  0]LogConfig: Setting CVar [[r.HairStrands.SkyLighting.IntegrationType:2]]
[2021.10.11-10.05.55:126][  0]LogConfig: Setting CVar [[r.HairStrands.SkyAO.SampleCount:4]]
[2021.10.11-10.05.55:126][  0]LogConfig: Setting CVar [[r.HairStrands.Visibility.MSAA.SamplePerPixel:4]]
[2021.10.11-10.05.55:126][  0]LogConfig: Applying CVar settings from Section [Startup] File [../../../Engine/Config/ConsoleVariables.ini]
[2021.10.11-10.05.55:127][  0]LogConfig: Setting CVar [[net.UseAdaptiveNetUpdateFrequency:0]]
[2021.10.11-10.05.55:127][  0]LogConfig: Setting CVar [[p.chaos.AllowCreatePhysxBodies:1]]
[2021.10.11-10.05.55:127][  0]LogConfig: Setting CVar [[fx.SkipVectorVMBackendOptimizations:1]]
[2021.10.11-10.05.55:127][  0]LogConfig: Applying CVar settings from Section [ConsoleVariables] File [D:/Documents/GitHub/Food_Looter_GC/Food_Looter_GC/Saved/Config/Windows/Engine.ini]
[2021.10.11-10.05.55:127][  0]LogConfig: Applying CVar settings from Section [ConsoleVariables] File [D:/Documents/GitHub/Food_Looter_GC/Food_Looter_GC/Saved/Config/Windows/Editor.ini]
[2021.10.11-10.05.55:127][  0]LogInit: Computer: LAPTOP-KMG4B65T
[2021.10.11-10.05.55:127][  0]LogInit: User: Loïc
[2021.10.11-10.05.55:127][  0]LogInit: CPU Page size=4096, Cores=4
[2021.10.11-10.05.55:127][  0]LogInit: High frequency timer resolution =10.000000 MHz
[2021.10.11-10.05.55:127][  0]LogMemory: Memory total: Physical=15.9GB (16GB approx)
[2021.10.11-10.05.55:127][  0]LogMemory: Platform Memory Stats for Windows
[2021.10.11-10.05.55:127][  0]LogMemory: Process Physical Memory: 144.68 MB used, 144.68 MB peak
[2021.10.11-10.05.55:127][  0]LogMemory: Process Virtual Memory: 116.75 MB used, 116.75 MB peak
[2021.10.11-10.05.55:127][  0]LogMemory: Physical Memory: 6253.37 MB used,  10009.54 MB free, 16262.90 MB total
[2021.10.11-10.05.55:127][  0]LogMemory: Virtual Memory: 134206128.00 MB used,  11600.87 MB free, 134217728.00 MB total
[2021.10.11-10.05.55:137][  0]LogWindows: WindowsPlatformFeatures enabled
[2021.10.11-10.05.55:172][  0]LogInit: Physics initialised using underlying interface: PhysX
[2021.10.11-10.05.55:172][  0]LogInit: Using OS detected language (fr-FR).
[2021.10.11-10.05.55:172][  0]LogInit: Using OS detected locale (fr-FR).
[2021.10.11-10.05.55:175][  0]LogTextLocalizationManager: No specific localization for 'fr-FR' exists, so the 'fr' localization will be used.
[2021.10.11-10.05.55:175][  0]LogTextLocalizationResource: LocRes '../../../Engine/Content/Localization/Editor/fr/Editor.locres' could not be opened for reading!
[2021.10.11-10.05.55:175][  0]LogTextLocalizationResource: LocRes '../../../Engine/Content/Localization/EditorTutorials/fr/EditorTutorials.locres' could not be opened for reading!
[2021.10.11-10.05.55:175][  0]LogTextLocalizationResource: LocRes '../../../Engine/Content/Localization/Keywords/fr/Keywords.locres' could not be opened for reading!
[2021.10.11-10.05.55:175][  0]LogTextLocalizationResource: LocRes '../../../Engine/Content/Localization/Category/fr/Category.locres' could not be opened for reading!
[2021.10.11-10.05.55:176][  0]LogTextLocalizationResource: LocRes '../../../Engine/Content/Localization/ToolTips/fr/ToolTips.locres' could not be opened for reading!
[2021.10.11-10.05.55:176][  0]LogTextLocalizationResource: LocRes '../../../Engine/Content/Localization/PropertyNames/fr/PropertyNames.locres' could not be opened for reading!
[2021.10.11-10.05.55:176][  0]LogTextLocalizationResource: LocRes '../../../Engine/Content/Localization/Engine/fr/Engine.locres' could not be opened for reading!
[2021.10.11-10.05.55:177][  0]LogInit: Setting process to per monitor DPI aware
[2021.10.11-10.05.55:196][  0]LogWindowsTextInputMethodSystem: Display: IME system deactivated.
[2021.10.11-10.05.55:222][  0]LogSlate: New Slate User Created.  User Index 0, Is Virtual User: 0
[2021.10.11-10.05.55:222][  0]LogSlate: Slate User Registered.  User Index 0, Is Virtual User: 0
[2021.10.11-10.05.55:387][  0]LogD3D11RHI: Loaded GFSDK_Aftermath_Lib.x64.dll
[2021.10.11-10.05.55:437][  0]LogHMD: Failed to initialize OpenVR with code 110
[2021.10.11-10.05.55:438][  0]LogD3D11RHI: D3D11 min allowed feature level: 11_0
[2021.10.11-10.05.55:438][  0]LogD3D11RHI: D3D11 max allowed feature level: 11_0
[2021.10.11-10.05.55:438][  0]LogD3D11RHI: D3D11 adapters:
[2021.10.11-10.05.55:531][  0]LogD3D11RHI:    0. 'NVIDIA GeForce GTX 1050' (Feature Level 11_0)
[2021.10.11-10.05.55:531][  0]LogD3D11RHI:       4019/0/8131 MB DedicatedVideo/DedicatedSystem/SharedSystem, Outputs:2, VendorId:0x10de
[2021.10.11-10.05.55:545][  0]LogD3D11RHI:    1. 'Intel(R) HD Graphics 630' (Feature Level 11_0)
[2021.10.11-10.05.55:545][  0]LogD3D11RHI:       128/0/8131 MB DedicatedVideo/DedicatedSystem/SharedSystem, Outputs:0, VendorId:0x8086
[2021.10.11-10.05.55:547][  0]LogD3D11RHI:    2. 'Microsoft Basic Render Driver' (Feature Level 11_0)
[2021.10.11-10.05.55:547][  0]LogD3D11RHI:       0/0/8131 MB DedicatedVideo/DedicatedSystem/SharedSystem, Outputs:0, VendorId:0x1414
[2021.10.11-10.05.55:547][  0]LogD3D11RHI: Chosen D3D11 Adapter: 0
[2021.10.11-10.05.55:602][  0]LogD3D11RHI: Creating new Direct3DDevice
[2021.10.11-10.05.55:602][  0]LogD3D11RHI:     GPU DeviceId: 0x1c8d (for the marketing name, search the web for "GPU Device Id")
[2021.10.11-10.05.55:602][  0]LogWindows: EnumDisplayDevices:
[2021.10.11-10.05.55:602][  0]LogWindows:    0. 'Intel(R) HD Graphics 630' (P:1 D:1)
[2021.10.11-10.05.55:603][  0]LogWindows:    1. 'Intel(R) HD Graphics 630' (P:0 D:0)
[2021.10.11-10.05.55:603][  0]LogWindows:    2. 'Intel(R) HD Graphics 630' (P:0 D:0)
[2021.10.11-10.05.55:603][  0]LogWindows:    3. 'NVIDIA GeForce GTX 1050' (P:0 D:1)
[2021.10.11-10.05.55:604][  0]LogWindows:    4. 'NVIDIA GeForce GTX 1050' (P:0 D:0)
[2021.10.11-10.05.55:604][  0]LogWindows:    5. 'NVIDIA GeForce GTX 1050' (P:0 D:0)
[2021.10.11-10.05.55:604][  0]LogWindows:    6. 'NVIDIA GeForce GTX 1050' (P:0 D:0)
[2021.10.11-10.05.55:605][  0]LogWindows: DebugString: PrimaryIsNotTheChoosenAdapter PrimaryIsNotTheChoosenAdapter PrimaryIsNotTheChoosenAdapter FoundDriverCount:4 
[2021.10.11-10.05.55:605][  0]LogD3D11RHI:     Adapter Name: NVIDIA GeForce GTX 1050
[2021.10.11-10.05.55:605][  0]LogD3D11RHI:   Driver Version: 452.06 (internal:27.21.14.5206, unified:452.06)
[2021.10.11-10.05.55:605][  0]LogD3D11RHI:      Driver Date: 8-12-2020
[2021.10.11-10.05.55:605][  0]LogRHI: Texture pool is 2813 MB (70% of 4019 MB)
[2021.10.11-10.05.55:673][  0]LogD3D11RHI: RHI has support for 64 bit atomics
[2021.10.11-10.05.55:673][  0]LogD3D11RHI: Async texture creation enabled
[2021.10.11-10.05.55:674][  0]LogD3D11RHI: Array index from any shader is supported
[2021.10.11-10.05.55:697][  0]LogD3D11RHI: GPU Timing Frequency: 1000.000000 (Debug: 2 1)
[2021.10.11-10.05.55:764][  0]LogRHI: GeForceNow SDK initialized: 1
[2021.10.11-10.05.56:188][  0]LogTargetPlatformManager: Display: Loaded TargetPlatform 'AllDesktop'
[2021.10.11-10.05.56:210][  0]LogTargetPlatformManager: Display: Loaded TargetPlatform 'Android'
[2021.10.11-10.05.56:210][  0]LogTargetPlatformManager: Display: Loaded TargetPlatform 'Android_ASTC'
[2021.10.11-10.05.56:210][  0]LogTargetPlatformManager: Display: Loaded TargetPlatform 'Android_DXT'
[2021.10.11-10.05.56:210][  0]LogTargetPlatformManager: Display: Loaded TargetPlatform 'Android_ETC2'
[2021.10.11-10.05.56:210][  0]LogTargetPlatformManager: Display: Loaded TargetPlatform 'AndroidClient'
[2021.10.11-10.05.56:210][  0]LogTargetPlatformManager: Display: Loaded TargetPlatform 'Android_ASTCClient'
[2021.10.11-10.05.56:210][  0]LogTargetPlatformManager: Display: Loaded TargetPlatform 'Android_DXTClient'
[2021.10.11-10.05.56:210][  0]LogTargetPlatformManager: Display: Loaded TargetPlatform 'Android_ETC2Client'
[2021.10.11-10.05.56:210][  0]LogTargetPlatformManager: Display: Loaded TargetPlatform 'Android_Multi'
[2021.10.11-10.05.56:210][  0]LogTargetPlatformManager: Display: Loaded TargetPlatform 'Android_MultiClient'
[2021.10.11-10.05.56:230][  0]LogTargetPlatformManager: Display: Loaded TargetPlatform 'IOSClient'
[2021.10.11-10.05.56:231][  0]LogTargetPlatformManager: Display: Loaded TargetPlatform 'IOS'
[2021.10.11-10.05.56:240][  0]LogTargetPlatformManager: Display: Loaded TargetPlatform 'Linux'
[2021.10.11-10.05.56:245][  0]LogTargetPlatformManager: Display: Loaded TargetPlatform 'LinuxNoEditor'
[2021.10.11-10.05.56:250][  0]LogTargetPlatformManager: Display: Loaded TargetPlatform 'LinuxClient'
[2021.10.11-10.05.56:255][  0]LogTargetPlatformManager: Display: Loaded TargetPlatform 'LinuxServer'
[2021.10.11-10.05.56:265][  0]LogTargetPlatformManager: Display: Loaded TargetPlatform 'LinuxAArch64NoEditor'
[2021.10.11-10.05.56:270][  0]LogTargetPlatformManager: Display: Loaded TargetPlatform 'LinuxAArch64Client'
[2021.10.11-10.05.56:275][  0]LogTargetPlatformManager: Display: Loaded TargetPlatform 'LinuxAArch64Server'
[2021.10.11-10.05.56:296][  0]LogTargetPlatformManager: Display: Loaded TargetPlatform 'Lumin'
[2021.10.11-10.05.56:296][  0]LogTargetPlatformManager: Display: Loaded TargetPlatform 'LuminClient'
[2021.10.11-10.05.56:305][  0]LogTargetPlatformManager: Display: Loaded TargetPlatform 'MacNoEditor'
[2021.10.11-10.05.56:310][  0]LogTargetPlatformManager: Display: Loaded TargetPlatform 'Mac'
[2021.10.11-10.05.56:316][  0]LogTargetPlatformManager: Display: Loaded TargetPlatform 'MacClient'
[2021.10.11-10.05.56:321][  0]LogTargetPlatformManager: Display: Loaded TargetPlatform 'MacServer'
[2021.10.11-10.05.56:331][  0]LogTargetPlatformManager: Display: Loaded TargetPlatform 'TVOSClient'
[2021.10.11-10.05.56:331][  0]LogTargetPlatformManager: Display: Loaded TargetPlatform 'TVOS'
[2021.10.11-10.05.56:341][  0]LogTargetPlatformManager: Display: Loaded TargetPlatform 'WindowsNoEditor'
[2021.10.11-10.05.56:346][  0]LogTargetPlatformManager: Display: Loaded TargetPlatform 'Windows'
[2021.10.11-10.05.56:351][  0]LogTargetPlatformManager: Display: Loaded TargetPlatform 'WindowsClient'
[2021.10.11-10.05.56:356][  0]LogTargetPlatformManager: Display: Loaded TargetPlatform 'WindowsServer'
[2021.10.11-10.05.56:356][  0]LogTargetPlatformManager: Display: Building Assets For Windows
[2021.10.11-10.05.56:365][  0]LogAudioDebug: Display: Lib vorbis DLL was dynamically loaded.
[2021.10.11-10.05.56:399][  0]LogTextureFormatOodle: Display: Oodle Texture 2.9.0 init RDO Off
[2021.10.11-10.05.56:438][  0]LogRendererCore: Ray tracing is disabled. Reason: r.RayTracing=0.
[2021.10.11-10.05.56:438][  0]LogShaderCompilers: Guid format shader working directory is -18 characters bigger than the processId version (../../../../../../Documents/GitHub/Food_Looter_GC/Food_Looter_GC/Intermediate/Shaders/WorkingDirectory/9316/).
[2021.10.11-10.05.56:438][  0]LogShaderCompilers: Cleaned the shader compiler working directory 'C:/Users/heart/AppData/Local/Temp/UnrealShaderWorkingDir/912018EE4D03778DB2FA25919D573011/'.
[2021.10.11-10.05.56:438][  0]LogXGEController: Cannot use XGE Controller as Incredibuild is not installed on this machine.
[2021.10.11-10.05.56:438][  0]LogShaderCompilers: Cannot use XGE Shader Compiler as Incredibuild is not installed on this machine.
[2021.10.11-10.05.56:439][  0]LogShaderCompilers: Display: Using Local Shader Compiler.
[2021.10.11-10.05.57:224][  0]LogDerivedDataCache: Display: Max Cache Size: 512 MB
[2021.10.11-10.05.57:285][  0]LogDerivedDataCache: Loaded boot cache 0.06s 95MB C:/Users/heart/AppData/Local/UnrealEngine/4.27/DerivedDataCache/Boot.ddc.
[2021.10.11-10.05.57:285][  0]LogDerivedDataCache: Display: Loaded Boot cache: C:/Users/heart/AppData/Local/UnrealEngine/4.27/DerivedDataCache/Boot.ddc
[2021.10.11-10.05.57:285][  0]LogDerivedDataCache: FDerivedDataBackendGraph:  Pak pak cache file ../../../../../../Documents/GitHub/Food_Looter_GC/Food_Looter_GC/DerivedDataCache/DDC.ddp not found, will not use a pak cache.
[2021.10.11-10.05.57:285][  0]LogDerivedDataCache: Unable to find inner node Pak for hierarchical cache Hierarchy.
[2021.10.11-10.05.57:285][  0]LogDerivedDataCache: FDerivedDataBackendGraph:  CompressedPak pak cache file ../../../../../../Documents/GitHub/Food_Looter_GC/Food_Looter_GC/DerivedDataCache/Compressed.ddp not found, will not use a pak cache.
[2021.10.11-10.05.57:285][  0]LogDerivedDataCache: Unable to find inner node CompressedPak for hierarchical cache Hierarchy.
[2021.10.11-10.05.57:302][  0]LogDerivedDataCache: Display: Pak cache opened for reading ../../../Engine/DerivedDataCache/Compressed.ddp.
[2021.10.11-10.05.57:302][  0]LogDerivedDataCache: FDerivedDataBackendGraph:  EnterprisePak pak cache file ../../../Enterprise/DerivedDataCache/Compressed.ddp not found, will not use a pak cache.
[2021.10.11-10.05.57:302][  0]LogDerivedDataCache: Unable to find inner node EnterprisePak for hierarchical cache Hierarchy.
[2021.10.11-10.05.57:327][  0]LogDerivedDataCache: Speed tests for C:/Users/heart/AppData/Local/UnrealEngine/Common/DerivedDataCache took 0.02 seconds
[2021.10.11-10.05.57:327][  0]LogDerivedDataCache: Display: Performance to C:/Users/heart/AppData/Local/UnrealEngine/Common/DerivedDataCache: Latency=0.05ms. RandomReadSpeed=517.99MBs, RandomWriteSpeed=41.57MBs. Assigned SpeedClass 'Local'
[2021.10.11-10.05.57:328][  0]LogDerivedDataCache: Using Local data cache path C:/Users/heart/AppData/Local/UnrealEngine/Common/DerivedDataCache: Writable
[2021.10.11-10.05.57:328][  0]LogDerivedDataCache: Shared data cache path not found in *engine.ini, will not use an Shared cache.
[2021.10.11-10.05.57:328][  0]LogDerivedDataCache: Unable to find inner node Shared for hierarchical cache Hierarchy.
[2021.10.11-10.05.57:378][  0]LogSlate: Using FreeType 2.10.0
[2021.10.11-10.05.57:379][  0]LogSlate: SlateFontServices - WITH_FREETYPE: 1, WITH_HARFBUZZ: 1
[2021.10.11-10.05.57:410][  0]LogAssetRegistry: FAssetRegistry took 0.0031 seconds to start up
[2021.10.11-10.05.57:667][  0]LogInit: Selected Device Profile: [Windows]
[2021.10.11-10.05.57:667][  0]LogInit: Active device profile: [000002764F34A600][000002764A8B8100 49] Windows
[2021.10.11-10.05.57:667][  0]LogInit: Profiles: [000002764F34A600][000002764A8B8100 49] Windows, [000002764F30A600][000002764A944280 49] WindowsNoEditor, [000002764F34AC00][000002764A948400 49] WindowsServer, [000002764F30AC00][000002764A94C580 49] WindowsClient, [000002764F34B600][000002764A950700 49] IOS, [000002764F30AB00][000002764BC38840 49] iPadAir, [000002764F34B300][000002764BC92980 49] iPadAir2, [000002764F2ADD00][000002764BC9ABC0 49] IPadPro, [000002764F2ADE00][000002764BC96C00 49] iPadAir3, [000002764F34B400][000002764BCA2D80 49] iPadAir4, [000002764F2AE000][000002764BB44F00 49] iPadMini2, [000002764F349F00][000002764BB49080 49] iPadMini3, [000002764F2AFF00][000002764BB4D200 49] iPadMini4, [000002764F349E00][000002764BB51380 49] iPadMini5, [000002764F2C9300][000002764BB59640 49] iPhone6, [000002764F2C9400][000002764BB55680 49] iPodTouch6, [000002764F2AC300][000002764BB61940 49] iPhone7, [000002764F2AC200][000002764BB5D980 49] iPodTouch7, [000002764F2C9500][000002764BB65B00 49] iPhone5S, [000002764F2ADB00][000002764BB68100 49] iPhone6Plus, [000002764F2CB400][000002764BB6C280 49] iPhone6S, [000002764F2AEB00][000002764BB70400 49] iPhone6SPlus, [000002764F2CB800][000002764BB74580 49] iPhone7Plus, [000002764F2ADF00][000002764BB78700 49] iPhoneSE, [000002764F2CB700][000002763F510880 49] iPhone8, [000002764F2AE500][000002764BC9E9C0 49] iPhone8Plus, [000002764F2C8300][000002764A980B00 49] iPhoneX, [000002764F2AD100][000002763F500C40 49] iPhoneXS, [000002764F2C9100][000002763F504D80 49] iPhoneXSMax, [000002764F2AC600][000002764BB80F00 49] iPhoneXR, [000002764F2CA100][000002764BB85080 49] iPhone11, [000002764F2AC800][000002764BB89200 49] iPhone11Pro, [000002764F2C8200][000002764BB8D380 49] iPhone11ProMax, [000002764F2AE800][000002764BB91500 49] iPhoneSE2, [000002764F2CBE00][000002764BB95680 49] iPhone12Mini, [000002764F2AF000][000002764BB99800 49] iPhone12, [000002764F2C9E00][000002764BB9D980 49] iPhone12Pro, [000002764F2AD300][000002764BBA1B00 49] iPhone12ProMax, [000002764F2CAC00][000002764DE62100 49] iPadPro105, [000002764F2AEF00][000002764DE66280 49] iPadPro129, [000002764F2CA300][000002764DE6A400 49] iPadPro97, [000002764F2AE400][000002764DE6E580 49] iPadPro2_129, [000002764F2CB100][000002764DE72700 49] iPad5, [000002764F2AFB00][000002764DE76880 49] iPad6, [000002764F30B600][000002764DE7AA00 49] iPad7, [000002764F391700][000002764BB7CB40 49] iPad8, [000002764F309000][000002764DE7EC80 49] iPadPro11, [000002764F390A00][000002764DE82DC0 49] iPadPro2_11, [000002764F30AE00][000002764DE86F00 49] iPadPro3_129, [000002764F390F00][000002764DE8F080 49] iPadPro4_129, [000002764F30B900][000002764DE93200 49] AppleTV, [000002764F391B00][000002764DE97380 49] AppleTV4K, [000002764F308A00][000002764DE9B500 49] TVOS, [000002764F390600][000002764DE9F680 49] Mac, [000002764F2AC100][000002764DEA3800 49] MacClient, [000002764F2CBB00][000002764DEA7980 49] MacNoEditor, [000002764F2AE100][000002764DEABB00 49] MacServer, [000002764F2CBF00][000002764DEAE100 49] Linux, [000002764F2AD000][000002764DEB2280 49] LinuxAArch64, [000002764F2CB600][000002764DEB6400 49] LinuxNoEditor, [000002764F2AD700][000002764DEBA580 49] LinuxAArch64NoEditor, [000002764F2C8F00][000002764DEBE700 49] LinuxClient, [000002764F2AD500][000002764DEC2880 49] LinuxAArch64Client, [000002764F2CAD00][000002764DEC6A00 49] LinuxServer, [000002764F2AC900][000002764DECAB80 49] LinuxAArch64Server, [000002764F2C9A00][000002764DECED00 49] Android, [000002764F2AF400][000002764DE8AE40 49] Android_Low, [000002764F2CAF00][000002764E2CAF80 49] Android_Mid, [000002764F2ADC00][000002764E2CF0C0 49] Android_High, [000002764F2CBD00][000002764ADD1240 49] Android_Default, [000002764F2AD900][000002764ADD53C0 49] Android_Adreno4xx, [000002764F2C8B00][000002764ADD9540 49] Android_Adreno5xx_Low, [000002764F2AF700][000002764ADDD6C0 49] Android_Adreno5xx, [000002764F391000][000002764ADE1840 49] Android_Adreno6xx, [000002764F2AE300][000002764ADE59C0 49] Android_Adreno6xx_Vulkan, [000002764F391900][000002764ADE9B40 49] Android_Mali_T6xx, [000002764F2AC700][000002764ADEC140 49] Android_Mali_T7xx, [000002764F2CB900][000002764ADF02C0 49] Android_Mali_T8xx, [000002764F2AFC00][000002764ADF4440 49] Android_Mali_G71, [000002764F2CB500][000002764ADF85C0 49] Android_Mali_G72, [000002764F2AC400][000002764ADFC740 49] Android_Mali_G72_Vulkan, [000002764F2C9700][000002764AE008C0 49] Android_Mali_G76, [000002764F2ACF00][000002764AE04A40 49] Android_Mali_G76_Vulkan, [000002764F2C8E00][000002764E06ABC0 49] Android_Mali_G77, [000002764F2AD600][000002764E06ED40 49] Android_Mali_G77_Vulkan, [000002764F2C9F00][000002764E072EC0 49] Android_Mali_G78, [000002764F2ACE00][000002764E2D3000 49] Android_Mali_G78_Vulkan, [000002764F2CBC00][000002764E077140 49] Android_Mali_G710, [000002764F2AF500][000002764E07B280 49] Android_Mali_G710_Vulkan, [000002764F2C9D00][000002764E07F3C0 49] Android_Vulkan_SM5, [000002764F2AD400][000002764E087540 49] Android_PowerVR_G6xxx, [000002764F2C9C00][000002764E08B6C0 49] Android_PowerVR_GT7xxx, [000002764F2AC500][000002764E08F840 49] Android_PowerVR_GE8xxx, [000002764F2C8600][000002764E0939C0 49] Android_PowerVR_GM9xxx, [000002764F2ACD00][000002764E097B40 49] Android_PowerVR_GM9xxx_Vulkan, [000002764F2C9200][000002764E09A140 49] Android_TegraK1, [000002764F30A400][000002764E09E2C0 49] Android_Unknown_Vulkan, [000002764F2C8100][000002764E0A2440 49] Lumin, [000002764F34B100][000002764E2D65C0 49] Lumin_Desktop, [000002764F2AE200][000002764E2DA740 49] HoloLens, 
[2021.10.11-10.05.57:809][  0]LogMeshReduction: Using QuadricMeshReduction for automatic static mesh reduction
[2021.10.11-10.05.57:809][  0]LogMeshReduction: Using SimplygonMeshReduction for automatic skeletal mesh reduction
[2021.10.11-10.05.57:809][  0]LogMeshReduction: Using ProxyLODMeshReduction for automatic mesh merging
[2021.10.11-10.05.57:809][  0]LogMeshReduction: No distributed automatic mesh merging module available
[2021.10.11-10.05.57:809][  0]LogMeshMerging: No distributed automatic mesh merging module available
[2021.10.11-10.05.57:829][  0]LogNetVersion: Food_Looter_GC 1.0.0, NetCL: 17155196, EngineNetVer: 17, GameNetVer: 0 (Checksum: 1521944047)
[2021.10.11-10.05.58:288][  0]LogTexture: Default maximum texture size for cubemaps generated from long-lat sources has been changed from 512 to unlimited. In order to preserve old behaiour for '/Engine/MapTemplates/Sky/DaylightAmbientCubemap.DaylightAmbientCubemap', its maximum texture size has been explicitly set to 512.
[2021.10.11-10.05.58:348][  0]LogHMD: PokeAHoleMaterial loaded successfully
[2021.10.11-10.05.58:353][  0]LogUObjectArray: 17178 objects as part of root set at end of initial load.
[2021.10.11-10.05.58:354][  0]LogUObjectAllocator: 4301856 out of 0 bytes used by permanent object pool.
[2021.10.11-10.05.58:354][  0]LogUObjectArray: CloseDisregardForGC: 0/0 objects in disregard for GC pool
[2021.10.11-10.05.58:634][  0]LogNiagaraDebuggerClient: Niagara Debugger Client Initialized | Session: FFD064E34D490126B903CBA056C45817 | Instance: 1612EF7C4E9FC2E6E30DA69BFF916F84 (LAPTOP-KMG4B65T-9316).
[2021.10.11-10.05.58:762][  0]LogStreaming: Warning: Failed to read file '../../../Engine/Content/Editor/Slate/Niagara/MenuSeparator.png' error.
[2021.10.11-10.05.58:762][  0]LogSlate: Could not find file for Slate resource: ../../../Engine/Content/Editor/Slate/Niagara/MenuSeparator.png
[2021.10.11-10.05.58:762][  0]LogImageWrapper: Warning: PNG Warning: Duplicate iCCP chunk
[2021.10.11-10.05.58:762][  0]LogImageWrapper: Warning: PNG Warning: Duplicate iCCP chunk
[2021.10.11-10.05.58:762][  0]LogStreaming: Warning: Failed to read file '../../../Engine/Content/Editor/Slate/Niagara/Common/Selector.png' error.
[2021.10.11-10.05.58:762][  0]LogSlate: Could not find file for Slate resource: ../../../Engine/Content/Editor/Slate/Niagara/Common/Selector.png
[2021.10.11-10.05.58:762][  0]LogStreaming: Warning: Failed to read file '../../../Engine/Content/Editor/Slate/Niagara/Common/Selection.png' error.
[2021.10.11-10.05.58:762][  0]LogSlate: Could not find file for Slate resource: ../../../Engine/Content/Editor/Slate/Niagara/Common/Selection.png
[2021.10.11-10.05.58:762][  0]LogStreaming: Warning: Failed to read file '../../../Engine/Content/Editor/Slate/Niagara/Common/DropZoneIndicator_Above.png' error.
[2021.10.11-10.05.58:762][  0]LogSlate: Could not find file for Slate resource: ../../../Engine/Content/Editor/Slate/Niagara/Common/DropZoneIndicator_Above.png
[2021.10.11-10.05.58:762][  0]LogStreaming: Warning: Failed to read file '../../../Engine/Content/Editor/Slate/Niagara/Common/DropZoneIndicator_Onto.png' error.
[2021.10.11-10.05.58:762][  0]LogSlate: Could not find file for Slate resource: ../../../Engine/Content/Editor/Slate/Niagara/Common/DropZoneIndicator_Onto.png
[2021.10.11-10.05.58:762][  0]LogStreaming: Warning: Failed to read file '../../../Engine/Content/Editor/Slate/Niagara/Common/DropZoneIndicator_Below.png' error.
[2021.10.11-10.05.58:762][  0]LogSlate: Could not find file for Slate resource: ../../../Engine/Content/Editor/Slate/Niagara/Common/DropZoneIndicator_Below.png
[2021.10.11-10.05.58:762][  0]LogStreaming: Warning: Failed to read file '../../../Engine/Content/Editor/Slate/Niagara/Common/RoundedSelection_16x.png' error.
[2021.10.11-10.05.58:762][  0]LogSlate: Could not find file for Slate resource: ../../../Engine/Content/Editor/Slate/Niagara/Common/RoundedSelection_16x.png
[2021.10.11-10.05.58:762][  0]LogStreaming: Warning: Failed to read file '../../../Engine/Content/Editor/Slate/Niagara/Common/FlatButton.png' error.
[2021.10.11-10.05.58:762][  0]LogSlate: Could not find file for Slate resource: ../../../Engine/Content/Editor/Slate/Niagara/Common/FlatButton.png
[2021.10.11-10.05.58:762][  0]LogTcpMessaging: Initializing TcpMessaging bridge
[2021.10.11-10.05.58:767][  0]LogUdpMessaging: Initializing bridge on interface 0.0.0.0:0 to multicast group 230.0.0.1:6666.
[2021.10.11-10.05.58:781][  0]LogPython: Using Python 3.7.7
[2021.10.11-10.05.59:531][  0]SourceControl: Source control is disabled
[2021.10.11-10.05.59:531][  0]SourceControl: Source control is disabled
[2021.10.11-10.05.59:535][  0]SourceControl: Source control is disabled
[2021.10.11-10.05.59:542][  0]SourceControl: Source control is disabled
[2021.10.11-10.05.59:551][  0]SourceControl: Source control is disabled
[2021.10.11-10.05.59:563][  0]LogUProjectInfo: Found projects:
[2021.10.11-10.05.59:813][  0]LogOpenImageDenoise: OIDN starting up
[2021.10.11-10.05.59:834][  0]LogAndroidPermission: UAndroidPermissionCallbackProxy::GetInstance
[2021.10.11-10.05.59:861][  0]LogAudioCaptureCore: Display: No Audio Capture implementations found. Audio input will be silent.
[2021.10.11-10.05.59:862][  0]LogAudioCaptureCore: Display: No Audio Capture implementations found. Audio input will be silent.
[2021.10.11-10.05.59:997][  0]LogCollectionManager: Loaded 0 collections in 0.002010 seconds
[2021.10.11-10.06.00:028][  0]LogFileCache: Scanning file cache for directory 'D:/Documents/GitHub/Food_Looter_GC/Food_Looter_GC/Saved/Collections/' took 0.00s
[2021.10.11-10.06.00:029][  0]LogFileCache: Scanning file cache for directory 'D:/Documents/GitHub/Food_Looter_GC/Food_Looter_GC/Content/Developers/Loïc/Collections/' took 0.00s
[2021.10.11-10.06.00:029][  0]LogFileCache: Scanning file cache for directory 'D:/Documents/GitHub/Food_Looter_GC/Food_Looter_GC/Content/Collections/' took 0.00s
[2021.10.11-10.06.00:029][  0]LogOcInput: OculusInput pre-init called
[2021.10.11-10.06.00:214][  0]LogStreaming: Warning: Failed to read file '../../../Engine/Content/Editor/Slate/Niagara/MenuSeparator.png' error.
[2021.10.11-10.06.00:214][  0]LogSlate: Could not find file for Slate resource: ../../../Engine/Content/Editor/Slate/Niagara/MenuSeparator.png
[2021.10.11-10.06.00:214][  0]LogStreaming: Warning: Failed to read file '../../../Engine/Content/Editor/Slate/Niagara/Common/Selector.png' error.
[2021.10.11-10.06.00:214][  0]LogSlate: Could not find file for Slate resource: ../../../Engine/Content/Editor/Slate/Niagara/Common/Selector.png
[2021.10.11-10.06.00:214][  0]LogStreaming: Warning: Failed to read file '../../../Engine/Content/Editor/Slate/Niagara/Common/Selection.png' error.
[2021.10.11-10.06.00:214][  0]LogSlate: Could not find file for Slate resource: ../../../Engine/Content/Editor/Slate/Niagara/Common/Selection.png
[2021.10.11-10.06.00:214][  0]LogStreaming: Warning: Failed to read file '../../../Engine/Content/Editor/Slate/Niagara/Common/DropZoneIndicator_Above.png' error.
[2021.10.11-10.06.00:214][  0]LogStreaming: Warning: Failed to read file '../../../Engine/Content/Editor/Slate/Niagara/Common/DropZoneIndicator_Onto.png' error.
[2021.10.11-10.06.00:214][  0]LogSlate: Could not find file for Slate resource: ../../../Engine/Content/Editor/Slate/Niagara/Common/DropZoneIndicator_Onto.png
[2021.10.11-10.06.00:214][  0]LogStreaming: Warning: Failed to read file '../../../Engine/Content/Editor/Slate/Niagara/Common/DropZoneIndicator_Below.png' error.
[2021.10.11-10.06.00:214][  0]LogSlate: Could not find file for Slate resource: ../../../Engine/Content/Editor/Slate/Niagara/Common/DropZoneIndicator_Below.png
[2021.10.11-10.06.00:214][  0]LogStreaming: Warning: Failed to read file '../../../Engine/Content/Editor/Slate/Niagara/Common/FlatButton.png' error.
[2021.10.11-10.06.00:214][  0]LogStreaming: Warning: Failed to read file '../../../Engine/Content/Editor/Slate/Niagara/Common/RoundedSelection_16x.png' error.
[2021.10.11-10.06.00:214][  0]LogSlate: Could not find file for Slate resource: ../../../Engine/Content/Editor/Slate/Niagara/Common/FlatButton.png
[2021.10.11-10.06.00:214][  0]LogSlate: Could not find file for Slate resource: ../../../Engine/Content/Editor/Slate/Niagara/Common/RoundedSelection_16x.png
[2021.10.11-10.06.00:214][  0]LogSlate: Could not find file for Slate resource: ../../../Engine/Content/Editor/Slate/Niagara/Common/DropZoneIndicator_Above.png
[2021.10.11-10.06.00:296][  0]LogImageWrapper: Warning: PNG Warning: Duplicate iCCP chunk
[2021.10.11-10.06.00:296][  0]LogImageWrapper: Warning: PNG Warning: Duplicate iCCP chunk
[2021.10.11-10.06.00:296][  0]LogEngine: Initializing Engine...
[2021.10.11-10.06.00:298][  0]LogHMD: Failed to enumerate extensions. Please check that you have a valid OpenXR runtime installed.
[2021.10.11-10.06.00:299][  0]LogHMD: Failed to initialize OpenVR with code 110
[2021.10.11-10.06.00:299][  0]LogMagicLeap: Warning: VR disabled because ZI is not enabled.  To enable, in the editor, Edit -> Project Settings -> Plugins -> Magic Leap Plugin -> Enable Zero Iteration
[2021.10.11-10.06.00:300][  0]LogStats: UGameplayTagsManager::InitializeManager -  0.000 s
[2021.10.11-10.06.00:434][  0]LogInit: Initializing FReadOnlyCVARCache
[2021.10.11-10.06.00:448][  0]LogAIModule: Creating AISystem for world Untitled
[2021.10.11-10.06.00:464][  0]LogAudio: Display: Initializing Audio Device Manager...
[2021.10.11-10.06.00:468][  0]LogAudio: Display: Loading Default Audio Settings Objects...
[2021.10.11-10.06.00:468][  0]LogAudio: Display: No default SoundConcurrencyObject specified (or failed to load).
[2021.10.11-10.06.00:469][  0]LogAudio: Display: Audio Device Manager Initialized
[2021.10.11-10.06.00:469][  0]LogAudio: Display: Creating Audio Device:                 Id: 1, Scope: Shared, Realtime: True
[2021.10.11-10.06.00:469][  0]LogAudioMixer: Display: Audio Mixer Platform Settings:
[2021.10.11-10.06.00:469][  0]LogAudioMixer: Display: 	Sample Rate:						  48000
[2021.10.11-10.06.00:469][  0]LogAudioMixer: Display: 	Callback Buffer Frame Size Requested: 1024
[2021.10.11-10.06.00:469][  0]LogAudioMixer: Display: 	Callback Buffer Frame Size To Use:	  1024
[2021.10.11-10.06.00:469][  0]LogAudioMixer: Display: 	Number of buffers to queue:			  2
[2021.10.11-10.06.00:469][  0]LogAudioMixer: Display: 	Max Channels (voices):				  32
[2021.10.11-10.06.00:469][  0]LogAudioMixer: Display: 	Number of Async Source Workers:		  0
[2021.10.11-10.06.00:469][  0]LogAudio: Display: AudioDevice MaxSources: 32
[2021.10.11-10.06.00:469][  0]LogAudio: Display: Audio Spatialization Plugin: None (built-in).
[2021.10.11-10.06.00:469][  0]LogAudio: Display: Audio Reverb Plugin: None (built-in).
[2021.10.11-10.06.00:469][  0]LogAudio: Display: Audio Occlusion Plugin: None (built-in).
[2021.10.11-10.06.00:469][  0]LogAudioMixer: Display: Initializing audio mixer.
[2021.10.11-10.06.00:488][  0]LogAudioMixer: Display: 0: FrontLeft
[2021.10.11-10.06.00:488][  0]LogAudioMixer: Display: 1: FrontRight
[2021.10.11-10.06.00:730][  0]LogAudioMixer: Display: Using Audio Device Haut-parleur/Ecouteurs (Realtek High Definition Audio)
[2021.10.11-10.06.00:733][  0]LogAudioMixer: Display: Initializing Sound Submixes...
[2021.10.11-10.06.00:736][  0]LogAudioMixer: Display: Creating Master Submix 'MasterSubmixDefault'
[2021.10.11-10.06.00:736][  0]LogAudioMixer: Display: Creating Master Submix 'MasterReverbSubmixDefault'
[2021.10.11-10.06.00:738][  0]LogAudioMixer: Display: Creating Master Submix 'MasterEQSubmixDefault'
[2021.10.11-10.06.00:738][  0]LogAudioMixer: FMixerPlatformXAudio2::StartAudioStream() called
[2021.10.11-10.06.00:738][  0]LogAudioMixer: Display: Output buffers initialized: Frames=1024, Channels=2, Samples=2048
[2021.10.11-10.06.00:739][  0]LogAudioMixer: Display: Starting AudioMixerPlatformInterface::RunInternal()
[2021.10.11-10.06.00:739][  0]LogAudioMixer: Display: FMixerPlatformXAudio2::SubmitBuffer() called for the first time
[2021.10.11-10.06.00:739][  0]LogInit: FAudioDevice initialized.
[2021.10.11-10.06.00:740][  0]LogAudio: Display: Audio Device (ID: 1) registered with world 'Untitled'.
[2021.10.11-10.06.00:740][  0]LogNetVersion: Set ProjectVersion to 1.0.0.0. Version Checksum will be recalculated on next use.
[2021.10.11-10.06.00:814][  0]LogDerivedDataCache: Saved boot cache 0.07s 95MB C:/Users/heart/AppData/Local/UnrealEngine/4.27/DerivedDataCache/Boot.ddc.
[2021.10.11-10.06.00:818][  0]LogInit: Texture streaming: Enabled
[2021.10.11-10.06.00:841][  0]LogAnalytics: Display: [UEEditor.Rocket.Release] APIServer = https://datarouter.ol.epicgames.com/. AppVersion = 4.27.0-17155196+++UE4+Release-4.27
[2021.10.11-10.06.00:846][  0]LogEngineSessionManager: EngineSessionManager initialized
[2021.10.11-10.06.00:846][  0]LogEditorSessionSummary: Verbose: Initializing EditorSessionSummaryWriter for editor session tracking
[2021.10.11-10.06.00:851][  0]LogEditorSessionSummary: EditorSessionSummaryWriter initialized
[2021.10.11-10.06.00:892][  0]LogInit: Transaction tracking system initialized
[2021.10.11-10.06.00:916][  0]BlueprintLog: New page: Editor Load
[2021.10.11-10.06.00:983][  0]LocalizationService: Localization service is disabled
[2021.10.11-10.06.01:010][  0]TimingProfiler: Initialize
[2021.10.11-10.06.01:010][  0]TimingProfiler: OnSessionChanged
[2021.10.11-10.06.01:010][  0]LoadingProfiler: Initialize
[2021.10.11-10.06.01:010][  0]LoadingProfiler: OnSessionChanged
[2021.10.11-10.06.01:010][  0]NetworkingProfiler: Initialize
[2021.10.11-10.06.01:010][  0]NetworkingProfiler: OnSessionChanged
[2021.10.11-10.06.01:010][  0]MemoryProfiler: Initialize
[2021.10.11-10.06.01:010][  0]MemoryProfiler: OnSessionChanged
[2021.10.11-10.06.01:162][  0]LogCook: Display: CookSettings for Memory: MemoryMaxUsedVirtual 0MiB, MemoryMaxUsedPhysical 16384MiB, MemoryMinFreeVirtual 0MiB, MemoryMinFreePhysical 1024MiB
[2021.10.11-10.06.01:162][  0]LogCook: Display: Mobile HDR setting 1
[2021.10.11-10.06.01:361][  0]LogFileCache: Scanning file cache for directory 'D:/Documents/GitHub/Food_Looter_GC/Food_Looter_GC/Content/' took 0.00s
[2021.10.11-10.06.01:565][  0]LogStreaming: Warning: Failed to read file '../../../Engine/Content/Editor/Slate/Niagara/MenuSeparator.png' error.
[2021.10.11-10.06.01:565][  0]LogSlate: Could not find file for Slate resource: ../../../Engine/Content/Editor/Slate/Niagara/MenuSeparator.png
[2021.10.11-10.06.01:565][  0]LogImageWrapper: Warning: PNG Warning: Duplicate iCCP chunk
[2021.10.11-10.06.01:565][  0]LogImageWrapper: Warning: PNG Warning: Duplicate iCCP chunk
[2021.10.11-10.06.01:565][  0]LogStreaming: Warning: Failed to read file '../../../Engine/Content/Editor/Slate/Niagara/Common/Selector.png' error.
[2021.10.11-10.06.01:565][  0]LogSlate: Could not find file for Slate resource: ../../../Engine/Content/Editor/Slate/Niagara/Common/Selector.png
[2021.10.11-10.06.01:565][  0]LogStreaming: Warning: Failed to read file '../../../Engine/Content/Editor/Slate/Niagara/Common/Selection.png' error.
[2021.10.11-10.06.01:565][  0]LogSlate: Could not find file for Slate resource: ../../../Engine/Content/Editor/Slate/Niagara/Common/Selection.png
[2021.10.11-10.06.01:565][  0]LogStreaming: Warning: Failed to read file '../../../Engine/Content/Editor/Slate/Niagara/Common/DropZoneIndicator_Above.png' error.
[2021.10.11-10.06.01:565][  0]LogSlate: Could not find file for Slate resource: ../../../Engine/Content/Editor/Slate/Niagara/Common/DropZoneIndicator_Above.png
[2021.10.11-10.06.01:565][  0]LogStreaming: Warning: Failed to read file '../../../Engine/Content/Editor/Slate/Niagara/Common/DropZoneIndicator_Onto.png' error.
[2021.10.11-10.06.01:565][  0]LogSlate: Could not find file for Slate resource: ../../../Engine/Content/Editor/Slate/Niagara/Common/DropZoneIndicator_Onto.png
[2021.10.11-10.06.01:565][  0]LogStreaming: Warning: Failed to read file '../../../Engine/Content/Editor/Slate/Niagara/Common/DropZoneIndicator_Below.png' error.
[2021.10.11-10.06.01:565][  0]LogSlate: Could not find file for Slate resource: ../../../Engine/Content/Editor/Slate/Niagara/Common/DropZoneIndicator_Below.png
[2021.10.11-10.06.01:565][  0]LogStreaming: Warning: Failed to read file '../../../Engine/Content/Editor/Slate/Niagara/Common/RoundedSelection_16x.png' error.
[2021.10.11-10.06.01:565][  0]LogStreaming: Warning: Failed to read file '../../../Engine/Content/Editor/Slate/Niagara/Common/FlatButton.png' error.
[2021.10.11-10.06.01:565][  0]LogSlate: Could not find file for Slate resource: ../../../Engine/Content/Editor/Slate/Niagara/Common/RoundedSelection_16x.png
[2021.10.11-10.06.01:565][  0]LogSlate: Could not find file for Slate resource: ../../../Engine/Content/Editor/Slate/Niagara/Common/FlatButton.png
[2021.10.11-10.06.01:573][  0]LogInit: Display: Engine is initialized. Leaving FEngineLoop::Init()
[2021.10.11-10.06.01:577][  0]SourceControl: Source control is disabled
[2021.10.11-10.06.01:578][  0]LogUnrealEdMisc: Loading editor; pre map load, took 7.765
[2021.10.11-10.06.01:578][  0]Cmd: MAP LOAD FILE="../../../Engine/Content/Maps/Templates/Template_Default.umap" TEMPLATE=1 SHOWPROGRESS=1 FEATURELEVEL=3
[2021.10.11-10.06.01:578][  0]LightingResults: New page: Lighting Build
[2021.10.11-10.06.01:579][  0]LogWorld: UWorld::CleanupWorld for Untitled, bSessionEnded=true, bCleanupResources=true
[2021.10.11-10.06.01:579][  0]LogSlate: InvalidateAllWidgets triggered.  All widgets were invalidated
[2021.10.11-10.06.01:579][  0]MapCheck: New page: Map Check
[2021.10.11-10.06.01:579][  0]LightingResults: New page: Lighting Build
[2021.10.11-10.06.01:586][  0]LogAudio: Display: Audio Device unregistered from world 'None'.
[2021.10.11-10.06.01:589][  0]LogUObjectHash: Compacting FUObjectHashTables data took   0.80ms
[2021.10.11-10.06.01:649][  0]LogTexture: Display: Building textures: DeprecatedTextureEB9CBE3C423008B5E8E130901E171C89 (BGRA8, 128X128)
[2021.10.11-10.06.01:655][  0]LogAudio: Display: Audio Device (ID: 1) registered with world 'Untitled_1'.
[2021.10.11-10.06.01:656][  0]LogAIModule: Creating AISystem for world Untitled_1
[2021.10.11-10.06.01:660][  0]LogEditorServer: Finished looking for orphan Actors (0.000 secs)
[2021.10.11-10.06.01:667][  0]LogUObjectHash: Compacting FUObjectHashTables data took   1.28ms
[2021.10.11-10.06.01:668][  0]Cmd: MAP CHECKDEP NOCLEARLOG
[2021.10.11-10.06.01:668][  0]MapCheck: Map check complete: 0 Error(s), 0 Warning(s), took 0,137ms to complete.
[2021.10.11-10.06.01:668][  0]LogFileHelpers: Loading map 'Template_Default' took 0.090
[2021.10.11-10.06.01:671][  0]LogUnrealEdMisc: Total Editor Startup Time, took 7.858
[2021.10.11-10.06.01:820][  0]LogSlate: Updating window title bar state: overlay mode, drag disabled, window buttons hidden, title bar hidden
[2021.10.11-10.06.01:827][  0]LogSlate: Updating window title bar state: overlay mode, drag disabled, window buttons hidden, title bar hidden
[2021.10.11-10.06.01:834][  0]LogSlate: Updating window title bar state: overlay mode, drag disabled, window buttons hidden, title bar hidden
[2021.10.11-10.06.01:841][  0]LogSlate: Updating window title bar state: overlay mode, drag disabled, window buttons hidden, title bar hidden
[2021.10.11-10.06.01:858][  0]LogNativeClassHierarchy: Verbose: Native class hierarchy populated in 0.0107 seconds. Added 3831 classes and 930 folders.
[2021.10.11-10.06.01:860][  0]LogNativeClassHierarchy: Verbose: Native class hierarchy updated for 'WidgetCarousel' in 0.0002 seconds. Added 0 classes and 0 folders.
[2021.10.11-10.06.01:862][  0]LogPakFile: PakFile PrimaryIndexSize=187
[2021.10.11-10.06.01:862][  0]LogPakFile: PakFile PathHashIndexSize=101
[2021.10.11-10.06.01:862][  0]LogPakFile: PakFile FullDirectoryIndexSize=148
[2021.10.11-10.06.01:862][  0]LogShaderLibrary: Display: ShaderCodeLibraryPakFileMountedCallback: PakFile 'D:/Logiciels/Unreal/UE_4.27/FeaturePacks/FP_FirstPerson.upack' (chunk index -1, root 'root:/') mounted
[2021.10.11-10.06.01:862][  0]LogShaderLibrary: Display: ShaderCodeLibraryPakFileMountedCallback: pending pak file info (ChunkID:-1 Root:root:/ File:D:/Logiciels/Unreal/UE_4.27/FeaturePacks/FP_FirstPerson.upack)
[2021.10.11-10.06.01:862][  0]LogPakFile: OnPakFileMounted2Time == 0.000058
[2021.10.11-10.06.01:863][  0]LogPakFile: PakFile PrimaryIndexSize=189
[2021.10.11-10.06.01:863][  0]LogPakFile: PakFile PathHashIndexSize=101
[2021.10.11-10.06.01:863][  0]LogPakFile: PakFile FullDirectoryIndexSize=152
[2021.10.11-10.06.01:863][  0]LogShaderLibrary: Display: ShaderCodeLibraryPakFileMountedCallback: PakFile 'D:/Logiciels/Unreal/UE_4.27/FeaturePacks/FP_FirstPersonBP.upack' (chunk index -1, root 'root:/') mounted
[2021.10.11-10.06.01:863][  0]LogShaderLibrary: Display: ShaderCodeLibraryPakFileMountedCallback: pending pak file info (ChunkID:-1 Root:root:/ File:D:/Logiciels/Unreal/UE_4.27/FeaturePacks/FP_FirstPersonBP.upack)
[2021.10.11-10.06.01:863][  0]LogPakFile: OnPakFileMounted2Time == 0.000043
[2021.10.11-10.06.01:864][  0]LogPakFile: PakFile PrimaryIndexSize=191
[2021.10.11-10.06.01:864][  0]LogPakFile: PakFile PathHashIndexSize=101
[2021.10.11-10.06.01:864][  0]LogPakFile: PakFile FullDirectoryIndexSize=160
[2021.10.11-10.06.01:864][  0]LogShaderLibrary: Display: ShaderCodeLibraryPakFileMountedCallback: PakFile 'D:/Logiciels/Unreal/UE_4.27/FeaturePacks/MobileStarterContent.upack' (chunk index -1, root 'root:/') mounted
[2021.10.11-10.06.01:864][  0]LogShaderLibrary: Display: ShaderCodeLibraryPakFileMountedCallback: pending pak file info (ChunkID:-1 Root:root:/ File:D:/Logiciels/Unreal/UE_4.27/FeaturePacks/MobileStarterContent.upack)
[2021.10.11-10.06.01:864][  0]LogPakFile: OnPakFileMounted2Time == 0.000036
[2021.10.11-10.06.01:864][  0]LogPakFile: PakFile PrimaryIndexSize=185
[2021.10.11-10.06.01:864][  0]LogPakFile: PakFile PathHashIndexSize=101
[2021.10.11-10.06.01:864][  0]LogPakFile: PakFile FullDirectoryIndexSize=148
[2021.10.11-10.06.01:864][  0]LogShaderLibrary: Display: ShaderCodeLibraryPakFileMountedCallback: PakFile 'D:/Logiciels/Unreal/UE_4.27/FeaturePacks/StarterContent.upack' (chunk index -1, root 'root:/') mounted
[2021.10.11-10.06.01:864][  0]LogShaderLibrary: Display: ShaderCodeLibraryPakFileMountedCallback: pending pak file info (ChunkID:-1 Root:root:/ File:D:/Logiciels/Unreal/UE_4.27/FeaturePacks/StarterContent.upack)
[2021.10.11-10.06.01:864][  0]LogPakFile: OnPakFileMounted2Time == 0.000041
[2021.10.11-10.06.01:865][  0]LogPakFile: PakFile PrimaryIndexSize=190
[2021.10.11-10.06.01:865][  0]LogPakFile: PakFile PathHashIndexSize=101
[2021.10.11-10.06.01:865][  0]LogPakFile: PakFile FullDirectoryIndexSize=154
[2021.10.11-10.06.01:865][  0]LogShaderLibrary: Display: ShaderCodeLibraryPakFileMountedCallback: PakFile 'D:/Logiciels/Unreal/UE_4.27/FeaturePacks/TP_2DSideScroller.upack' (chunk index -1, root 'root:/') mounted
[2021.10.11-10.06.01:865][  0]LogShaderLibrary: Display: ShaderCodeLibraryPakFileMountedCallback: pending pak file info (ChunkID:-1 Root:root:/ File:D:/Logiciels/Unreal/UE_4.27/FeaturePacks/TP_2DSideScroller.upack)
[2021.10.11-10.06.01:865][  0]LogPakFile: OnPakFileMounted2Time == 0.000036
[2021.10.11-10.06.01:866][  0]LogPakFile: PakFile PrimaryIndexSize=192
[2021.10.11-10.06.01:866][  0]LogPakFile: PakFile PathHashIndexSize=101
[2021.10.11-10.06.01:866][  0]LogPakFile: PakFile FullDirectoryIndexSize=158
[2021.10.11-10.06.01:866][  0]LogShaderLibrary: Display: ShaderCodeLibraryPakFileMountedCallback: PakFile 'D:/Logiciels/Unreal/UE_4.27/FeaturePacks/TP_2DSideScrollerBP.upack' (chunk index -1, root 'root:/') mounted
[2021.10.11-10.06.01:866][  0]LogShaderLibrary: Display: ShaderCodeLibraryPakFileMountedCallback: pending pak file info (ChunkID:-1 Root:root:/ File:D:/Logiciels/Unreal/UE_4.27/FeaturePacks/TP_2DSideScrollerBP.upack)
[2021.10.11-10.06.01:866][  0]LogPakFile: OnPakFileMounted2Time == 0.000039
[2021.10.11-10.06.01:867][  0]LogPakFile: PakFile PrimaryIndexSize=182
[2021.10.11-10.06.01:867][  0]LogPakFile: PakFile PathHashIndexSize=101
[2021.10.11-10.06.01:867][  0]LogPakFile: PakFile FullDirectoryIndexSize=138
[2021.10.11-10.06.01:867][  0]LogShaderLibrary: Display: ShaderCodeLibraryPakFileMountedCallback: PakFile 'D:/Logiciels/Unreal/UE_4.27/FeaturePacks/TP_Flying.upack' (chunk index -1, root 'root:/') mounted
[2021.10.11-10.06.01:867][  0]LogShaderLibrary: Display: ShaderCodeLibraryPakFileMountedCallback: pending pak file info (ChunkID:-1 Root:root:/ File:D:/Logiciels/Unreal/UE_4.27/FeaturePacks/TP_Flying.upack)
[2021.10.11-10.06.01:867][  0]LogPakFile: OnPakFileMounted2Time == 0.000039
[2021.10.11-10.06.01:867][  0]LogPakFile: PakFile PrimaryIndexSize=184
[2021.10.11-10.06.01:867][  0]LogPakFile: PakFile PathHashIndexSize=101
[2021.10.11-10.06.01:867][  0]LogPakFile: PakFile FullDirectoryIndexSize=142
[2021.10.11-10.06.01:868][  0]LogShaderLibrary: Display: ShaderCodeLibraryPakFileMountedCallback: PakFile 'D:/Logiciels/Unreal/UE_4.27/FeaturePacks/TP_FlyingBP.upack' (chunk index -1, root 'root:/') mounted
[2021.10.11-10.06.01:868][  0]LogShaderLibrary: Display: ShaderCodeLibraryPakFileMountedCallback: pending pak file info (ChunkID:-1 Root:root:/ File:D:/Logiciels/Unreal/UE_4.27/FeaturePacks/TP_FlyingBP.upack)
[2021.10.11-10.06.01:868][  0]LogPakFile: OnPakFileMounted2Time == 0.000051
[2021.10.11-10.06.01:868][  0]LogPakFile: PakFile PrimaryIndexSize=188
[2021.10.11-10.06.01:868][  0]LogPakFile: PakFile PathHashIndexSize=101
[2021.10.11-10.06.01:868][  0]LogPakFile: PakFile FullDirectoryIndexSize=150
[2021.10.11-10.06.01:868][  0]LogShaderLibrary: Display: ShaderCodeLibraryPakFileMountedCallback: PakFile 'D:/Logiciels/Unreal/UE_4.27/FeaturePacks/TP_HandheldARBP.upack' (chunk index -1, root 'root:/') mounted
[2021.10.11-10.06.01:868][  0]LogShaderLibrary: Display: ShaderCodeLibraryPakFileMountedCallback: pending pak file info (ChunkID:-1 Root:root:/ File:D:/Logiciels/Unreal/UE_4.27/FeaturePacks/TP_HandheldARBP.upack)
[2021.10.11-10.06.01:869][  0]LogPakFile: OnPakFileMounted2Time == 0.000099
[2021.10.11-10.06.01:869][  0]LogPakFile: PakFile PrimaryIndexSize=182
[2021.10.11-10.06.01:870][  0]LogPakFile: PakFile PathHashIndexSize=101
[2021.10.11-10.06.01:870][  0]LogPakFile: PakFile FullDirectoryIndexSize=138
[2021.10.11-10.06.01:870][  0]LogShaderLibrary: Display: ShaderCodeLibraryPakFileMountedCallback: PakFile 'D:/Logiciels/Unreal/UE_4.27/FeaturePacks/TP_Puzzle.upack' (chunk index -1, root 'root:/') mounted
[2021.10.11-10.06.01:870][  0]LogShaderLibrary: Display: ShaderCodeLibraryPakFileMountedCallback: pending pak file info (ChunkID:-1 Root:root:/ File:D:/Logiciels/Unreal/UE_4.27/FeaturePacks/TP_Puzzle.upack)
[2021.10.11-10.06.01:870][  0]LogPakFile: OnPakFileMounted2Time == 0.000039
[2021.10.11-10.06.01:870][  0]LogPakFile: PakFile PrimaryIndexSize=184
[2021.10.11-10.06.01:870][  0]LogPakFile: PakFile PathHashIndexSize=101
[2021.10.11-10.06.01:870][  0]LogPakFile: PakFile FullDirectoryIndexSize=142
[2021.10.11-10.06.01:870][  0]LogShaderLibrary: Display: ShaderCodeLibraryPakFileMountedCallback: PakFile 'D:/Logiciels/Unreal/UE_4.27/FeaturePacks/TP_PuzzleBP.upack' (chunk index -1, root 'root:/') mounted
[2021.10.11-10.06.01:870][  0]LogShaderLibrary: Display: ShaderCodeLibraryPakFileMountedCallback: pending pak file info (ChunkID:-1 Root:root:/ File:D:/Logiciels/Unreal/UE_4.27/FeaturePacks/TP_PuzzleBP.upack)
[2021.10.11-10.06.01:870][  0]LogPakFile: OnPakFileMounted2Time == 0.000037
[2021.10.11-10.06.01:871][  0]LogPakFile: PakFile PrimaryIndexSize=183
[2021.10.11-10.06.01:871][  0]LogPakFile: PakFile PathHashIndexSize=101
[2021.10.11-10.06.01:871][  0]LogPakFile: PakFile FullDirectoryIndexSize=140
[2021.10.11-10.06.01:871][  0]LogShaderLibrary: Display: ShaderCodeLibraryPakFileMountedCallback: PakFile 'D:/Logiciels/Unreal/UE_4.27/FeaturePacks/TP_Rolling.upack' (chunk index -1, root 'root:/') mounted
[2021.10.11-10.06.01:871][  0]LogShaderLibrary: Display: ShaderCodeLibraryPakFileMountedCallback: pending pak file info (ChunkID:-1 Root:root:/ File:D:/Logiciels/Unreal/UE_4.27/FeaturePacks/TP_Rolling.upack)
[2021.10.11-10.06.01:871][  0]LogPakFile: OnPakFileMounted2Time == 0.000037
[2021.10.11-10.06.01:871][  0]LogPakFile: PakFile PrimaryIndexSize=185
[2021.10.11-10.06.01:871][  0]LogPakFile: PakFile PathHashIndexSize=101
[2021.10.11-10.06.01:871][  0]LogPakFile: PakFile FullDirectoryIndexSize=144
[2021.10.11-10.06.01:871][  0]LogShaderLibrary: Display: ShaderCodeLibraryPakFileMountedCallback: PakFile 'D:/Logiciels/Unreal/UE_4.27/FeaturePacks/TP_RollingBP.upack' (chunk index -1, root 'root:/') mounted
[2021.10.11-10.06.01:871][  0]LogShaderLibrary: Display: ShaderCodeLibraryPakFileMountedCallback: pending pak file info (ChunkID:-1 Root:root:/ File:D:/Logiciels/Unreal/UE_4.27/FeaturePacks/TP_RollingBP.upack)
[2021.10.11-10.06.01:871][  0]LogPakFile: OnPakFileMounted2Time == 0.000037
[2021.10.11-10.06.01:872][  0]LogPakFile: PakFile PrimaryIndexSize=188
[2021.10.11-10.06.01:872][  0]LogPakFile: PakFile PathHashIndexSize=101
[2021.10.11-10.06.01:872][  0]LogPakFile: PakFile FullDirectoryIndexSize=150
[2021.10.11-10.06.01:872][  0]LogShaderLibrary: Display: ShaderCodeLibraryPakFileMountedCallback: PakFile 'D:/Logiciels/Unreal/UE_4.27/FeaturePacks/TP_SideScroller.upack' (chunk index -1, root 'root:/') mounted
[2021.10.11-10.06.01:872][  0]LogShaderLibrary: Display: ShaderCodeLibraryPakFileMountedCallback: pending pak file info (ChunkID:-1 Root:root:/ File:D:/Logiciels/Unreal/UE_4.27/FeaturePacks/TP_SideScroller.upack)
[2021.10.11-10.06.01:872][  0]LogPakFile: OnPakFileMounted2Time == 0.000037
[2021.10.11-10.06.01:873][  0]LogPakFile: PakFile PrimaryIndexSize=190
[2021.10.11-10.06.01:873][  0]LogPakFile: PakFile PathHashIndexSize=101
[2021.10.11-10.06.01:873][  0]LogPakFile: PakFile FullDirectoryIndexSize=154
[2021.10.11-10.06.01:873][  0]LogShaderLibrary: Display: ShaderCodeLibraryPakFileMountedCallback: PakFile 'D:/Logiciels/Unreal/UE_4.27/FeaturePacks/TP_SideScrollerBP.upack' (chunk index -1, root 'root:/') mounted
[2021.10.11-10.06.01:873][  0]LogShaderLibrary: Display: ShaderCodeLibraryPakFileMountedCallback: pending pak file info (ChunkID:-1 Root:root:/ File:D:/Logiciels/Unreal/UE_4.27/FeaturePacks/TP_SideScrollerBP.upack)
[2021.10.11-10.06.01:873][  0]LogPakFile: OnPakFileMounted2Time == 0.000037
[2021.10.11-10.06.01:873][  0]LogPakFile: PakFile PrimaryIndexSize=187
[2021.10.11-10.06.01:873][  0]LogPakFile: PakFile PathHashIndexSize=101
[2021.10.11-10.06.01:873][  0]LogPakFile: PakFile FullDirectoryIndexSize=148
[2021.10.11-10.06.01:873][  0]LogShaderLibrary: Display: ShaderCodeLibraryPakFileMountedCallback: PakFile 'D:/Logiciels/Unreal/UE_4.27/FeaturePacks/TP_ThirdPerson.upack' (chunk index -1, root 'root:/') mounted
[2021.10.11-10.06.01:873][  0]LogShaderLibrary: Display: ShaderCodeLibraryPakFileMountedCallback: pending pak file info (ChunkID:-1 Root:root:/ File:D:/Logiciels/Unreal/UE_4.27/FeaturePacks/TP_ThirdPerson.upack)
[2021.10.11-10.06.01:873][  0]LogPakFile: OnPakFileMounted2Time == 0.000037
[2021.10.11-10.06.01:874][  0]LogPakFile: PakFile PrimaryIndexSize=189
[2021.10.11-10.06.01:874][  0]LogPakFile: PakFile PathHashIndexSize=101
[2021.10.11-10.06.01:874][  0]LogPakFile: PakFile FullDirectoryIndexSize=152
[2021.10.11-10.06.01:874][  0]LogShaderLibrary: Display: ShaderCodeLibraryPakFileMountedCallback: PakFile 'D:/Logiciels/Unreal/UE_4.27/FeaturePacks/TP_ThirdPersonBP.upack' (chunk index -1, root 'root:/') mounted
[2021.10.11-10.06.01:874][  0]LogShaderLibrary: Display: ShaderCodeLibraryPakFileMountedCallback: pending pak file info (ChunkID:-1 Root:root:/ File:D:/Logiciels/Unreal/UE_4.27/FeaturePacks/TP_ThirdPersonBP.upack)
[2021.10.11-10.06.01:874][  0]LogPakFile: OnPakFileMounted2Time == 0.000037
[2021.10.11-10.06.01:875][  0]LogPakFile: PakFile PrimaryIndexSize=183
[2021.10.11-10.06.01:875][  0]LogPakFile: PakFile PathHashIndexSize=101
[2021.10.11-10.06.01:875][  0]LogPakFile: PakFile FullDirectoryIndexSize=140
[2021.10.11-10.06.01:875][  0]LogShaderLibrary: Display: ShaderCodeLibraryPakFileMountedCallback: PakFile 'D:/Logiciels/Unreal/UE_4.27/FeaturePacks/TP_TopDown.upack' (chunk index -1, root 'root:/') mounted
[2021.10.11-10.06.01:875][  0]LogShaderLibrary: Display: ShaderCodeLibraryPakFileMountedCallback: pending pak file info (ChunkID:-1 Root:root:/ File:D:/Logiciels/Unreal/UE_4.27/FeaturePacks/TP_TopDown.upack)
[2021.10.11-10.06.01:875][  0]LogPakFile: OnPakFileMounted2Time == 0.000044
[2021.10.11-10.06.01:875][  0]LogPakFile: PakFile PrimaryIndexSize=185
[2021.10.11-10.06.01:875][  0]LogPakFile: PakFile PathHashIndexSize=101
[2021.10.11-10.06.01:875][  0]LogPakFile: PakFile FullDirectoryIndexSize=144
[2021.10.11-10.06.01:875][  0]LogShaderLibrary: Display: ShaderCodeLibraryPakFileMountedCallback: PakFile 'D:/Logiciels/Unreal/UE_4.27/FeaturePacks/TP_TopDownBP.upack' (chunk index -1, root 'root:/') mounted
[2021.10.11-10.06.01:875][  0]LogShaderLibrary: Display: ShaderCodeLibraryPakFileMountedCallback: pending pak file info (ChunkID:-1 Root:root:/ File:D:/Logiciels/Unreal/UE_4.27/FeaturePacks/TP_TopDownBP.upack)
[2021.10.11-10.06.01:875][  0]LogPakFile: OnPakFileMounted2Time == 0.000037
[2021.10.11-10.06.01:876][  0]LogPakFile: PakFile PrimaryIndexSize=185
[2021.10.11-10.06.01:876][  0]LogPakFile: PakFile PathHashIndexSize=101
[2021.10.11-10.06.01:876][  0]LogPakFile: PakFile FullDirectoryIndexSize=144
[2021.10.11-10.06.01:876][  0]LogShaderLibrary: Display: ShaderCodeLibraryPakFileMountedCallback: PakFile 'D:/Logiciels/Unreal/UE_4.27/FeaturePacks/TP_TwinStick.upack' (chunk index -1, root 'root:/') mounted
[2021.10.11-10.06.01:876][  0]LogShaderLibrary: Display: ShaderCodeLibraryPakFileMountedCallback: pending pak file info (ChunkID:-1 Root:root:/ File:D:/Logiciels/Unreal/UE_4.27/FeaturePacks/TP_TwinStick.upack)
[2021.10.11-10.06.01:876][  0]LogPakFile: OnPakFileMounted2Time == 0.000041
[2021.10.11-10.06.01:876][  0]LogPakFile: PakFile PrimaryIndexSize=187
[2021.10.11-10.06.01:876][  0]LogPakFile: PakFile PathHashIndexSize=101
[2021.10.11-10.06.01:876][  0]LogPakFile: PakFile FullDirectoryIndexSize=148
[2021.10.11-10.06.01:876][  0]LogShaderLibrary: Display: ShaderCodeLibraryPakFileMountedCallback: PakFile 'D:/Logiciels/Unreal/UE_4.27/FeaturePacks/TP_TwinStickBP.upack' (chunk index -1, root 'root:/') mounted
[2021.10.11-10.06.01:876][  0]LogShaderLibrary: Display: ShaderCodeLibraryPakFileMountedCallback: pending pak file info (ChunkID:-1 Root:root:/ File:D:/Logiciels/Unreal/UE_4.27/FeaturePacks/TP_TwinStickBP.upack)
[2021.10.11-10.06.01:876][  0]LogPakFile: OnPakFileMounted2Time == 0.000037
[2021.10.11-10.06.01:877][  0]LogPakFile: PakFile PrimaryIndexSize=183
[2021.10.11-10.06.01:877][  0]LogPakFile: PakFile PathHashIndexSize=101
[2021.10.11-10.06.01:877][  0]LogPakFile: PakFile FullDirectoryIndexSize=140
[2021.10.11-10.06.01:877][  0]LogShaderLibrary: Display: ShaderCodeLibraryPakFileMountedCallback: PakFile 'D:/Logiciels/Unreal/UE_4.27/FeaturePacks/TP_Vehicle.upack' (chunk index -1, root 'root:/') mounted
[2021.10.11-10.06.01:877][  0]LogShaderLibrary: Display: ShaderCodeLibraryPakFileMountedCallback: pending pak file info (ChunkID:-1 Root:root:/ File:D:/Logiciels/Unreal/UE_4.27/FeaturePacks/TP_Vehicle.upack)
[2021.10.11-10.06.01:877][  0]LogPakFile: OnPakFileMounted2Time == 0.000037
[2021.10.11-10.06.01:878][  0]LogPakFile: PakFile PrimaryIndexSize=186
[2021.10.11-10.06.01:878][  0]LogPakFile: PakFile PathHashIndexSize=101
[2021.10.11-10.06.01:878][  0]LogPakFile: PakFile FullDirectoryIndexSize=146
[2021.10.11-10.06.01:878][  0]LogShaderLibrary: Display: ShaderCodeLibraryPakFileMountedCallback: PakFile 'D:/Logiciels/Unreal/UE_4.27/FeaturePacks/TP_VehicleAdv.upack' (chunk index -1, root 'root:/') mounted
[2021.10.11-10.06.01:878][  0]LogShaderLibrary: Display: ShaderCodeLibraryPakFileMountedCallback: pending pak file info (ChunkID:-1 Root:root:/ File:D:/Logiciels/Unreal/UE_4.27/FeaturePacks/TP_VehicleAdv.upack)
[2021.10.11-10.06.01:878][  0]LogPakFile: OnPakFileMounted2Time == 0.000038
[2021.10.11-10.06.01:878][  0]LogPakFile: PakFile PrimaryIndexSize=188
[2021.10.11-10.06.01:878][  0]LogPakFile: PakFile PathHashIndexSize=101
[2021.10.11-10.06.01:878][  0]LogPakFile: PakFile FullDirectoryIndexSize=150
[2021.10.11-10.06.01:878][  0]LogShaderLibrary: Display: ShaderCodeLibraryPakFileMountedCallback: PakFile 'D:/Logiciels/Unreal/UE_4.27/FeaturePacks/TP_VehicleAdvBP.upack' (chunk index -1, root 'root:/') mounted
[2021.10.11-10.06.01:878][  0]LogShaderLibrary: Display: ShaderCodeLibraryPakFileMountedCallback: pending pak file info (ChunkID:-1 Root:root:/ File:D:/Logiciels/Unreal/UE_4.27/FeaturePacks/TP_VehicleAdvBP.upack)
[2021.10.11-10.06.01:878][  0]LogPakFile: OnPakFileMounted2Time == 0.000044
[2021.10.11-10.06.01:879][  0]LogPakFile: PakFile PrimaryIndexSize=185
[2021.10.11-10.06.01:879][  0]LogPakFile: PakFile PathHashIndexSize=101
[2021.10.11-10.06.01:879][  0]LogPakFile: PakFile FullDirectoryIndexSize=144
[2021.10.11-10.06.01:879][  0]LogShaderLibrary: Display: ShaderCodeLibraryPakFileMountedCallback: PakFile 'D:/Logiciels/Unreal/UE_4.27/FeaturePacks/TP_VehicleBP.upack' (chunk index -1, root 'root:/') mounted
[2021.10.11-10.06.01:879][  0]LogShaderLibrary: Display: ShaderCodeLibraryPakFileMountedCallback: pending pak file info (ChunkID:-1 Root:root:/ File:D:/Logiciels/Unreal/UE_4.27/FeaturePacks/TP_VehicleBP.upack)
[2021.10.11-10.06.01:879][  0]LogPakFile: OnPakFileMounted2Time == 0.000037
[2021.10.11-10.06.01:880][  0]LogPakFile: PakFile PrimaryIndexSize=192
[2021.10.11-10.06.01:880][  0]LogPakFile: PakFile PathHashIndexSize=101
[2021.10.11-10.06.01:880][  0]LogPakFile: PakFile FullDirectoryIndexSize=158
[2021.10.11-10.06.01:880][  0]LogShaderLibrary: Display: ShaderCodeLibraryPakFileMountedCallback: PakFile 'D:/Logiciels/Unreal/UE_4.27/FeaturePacks/TP_VirtualRealityBP.upack' (chunk index -1, root 'root:/') mounted
[2021.10.11-10.06.01:880][  0]LogShaderLibrary: Display: ShaderCodeLibraryPakFileMountedCallback: pending pak file info (ChunkID:-1 Root:root:/ File:D:/Logiciels/Unreal/UE_4.27/FeaturePacks/TP_VirtualRealityBP.upack)
[2021.10.11-10.06.01:880][  0]LogPakFile: OnPakFileMounted2Time == 0.000038
[2021.10.11-10.06.01:933][  0]LogNativeClassHierarchy: Verbose: Native class hierarchy updated for 'AddContentDialog' in 0.0003 seconds. Added 0 classes and 0 folders.
[2021.10.11-10.06.01:934][  0]LogNativeClassHierarchy: Verbose: Native class hierarchy updated for 'SceneOutliner' in 0.0002 seconds. Added 2 classes and 0 folders.
[2021.10.11-10.06.02:002][  0]LogSlate: Took 0.000270 seconds to synchronously load lazily loaded font '../../../Engine/Content/Slate/Fonts/Roboto-Regular.ttf' (155K)
[2021.10.11-10.06.02:004][  0]LogSlate: Took 0.000461 seconds to synchronously load lazily loaded font '../../../Engine/Content/Editor/Slate/Fonts/FontAwesome.ttf' (139K)
[2021.10.11-10.06.02:005][  0]LogSlate: Took 0.000233 seconds to synchronously load lazily loaded font '../../../Engine/Content/Slate/Fonts/Roboto-Bold.ttf' (160K)
[2021.10.11-10.06.02:141][  0]LogRenderer: Reallocating scene render targets to support 1208x572 Format 10 NumSamples 1 (Frame:1).
[2021.10.11-10.06.02:195][  0]LogSlate: Took 0.000180 seconds to synchronously load lazily loaded font '../../../Engine/Content/Slate/Fonts/Roboto-Light.ttf' (167K)
[2021.10.11-10.06.02:256][  0]LogNativeClassHierarchy: Verbose: Native class hierarchy updated for 'HierarchicalLODOutliner' in 0.0003 seconds. Added 0 classes and 0 folders.
[2021.10.11-10.06.02:256][  0]LogLoad: (Engine Initialization) Total time: 8.44 seconds
[2021.10.11-10.06.02:256][  0]LogLoad: (Engine Initialization) Total Blueprint compile time: 0.00 seconds
[2021.10.11-10.06.02:316][  0]LogAssetRegistry: Asset discovery search completed in 4.9070 seconds
[2021.10.11-10.06.02:322][  0]LogCollectionManager: Fixed up redirectors for 0 collections in 0.000003 seconds (updated 0 objects)
[2021.10.11-10.06.02:323][  0]LogContentStreaming: Texture pool size now 1000 MB
[2021.10.11-10.06.46:095][541]LogSlate: Took 0.000177 seconds to synchronously load lazily loaded font '../../../Engine/Content/Slate/Fonts/Roboto-Italic.ttf' (157K)
