Log file open, 10/14/21 17:06:27
LogWindows: Failed to load 'aqProf.dll' (GetLastError=126)
LogWindows: File 'aqProf.dll' does not exist
LogWindows: Failed to load 'VtuneApi.dll' (GetLastError=126)
LogWindows: File 'VtuneApi.dll' does not exist
LogWindows: Failed to load 'VtuneApi32e.dll' (GetLastError=126)
LogWindows: File 'VtuneApi32e.dll' does not exist
LogConsoleResponse: Display: Failed to find resolution value strings in scalability ini. Falling back to default.
LogConsoleResponse: Display: Failed to find resolution value strings in scalability ini. Falling back to default.
LogInit: Display: Running engine for game: Food_Looter_GC
LogPlatformFile: Not using cached read wrapper
LogTaskGraph: Started task graph with 5 named threads and 23 total threads with 3 sets of task threads.
LogStats: Stats thread started at 0.505583
LogICUInternationalization: ICU TimeZone Detection - Raw Offset: +1:00, Platform Override: ''
LogInit: Display: Loading text-based GConfig....
LogPluginManager: Mounting plugin MeshPainting
LogPluginManager: Mounting plugin XGEController
LogPluginManager: Mounting plugin Paper2D
LogPluginManager: Mounting plugin AISupport
LogPluginManager: Mounting plugin EnvironmentQueryEditor
LogPluginManager: Mounting plugin LightPropagationVolume
LogPluginManager: Mounting plugin AnimationSharing
LogPluginManager: Mounting plugin GameplayCameras
LogPluginManager: Mounting plugin CameraShakePreviewer
LogPluginManager: Mounting plugin CLionSourceCodeAccess
LogPluginManager: Mounting plugin OodleData
LogPluginManager: Mounting plugin OodleNetwork
LogPluginManager: Mounting plugin NullSourceCodeAccess
LogPluginManager: Mounting plugin KDevelopSourceCodeAccess
LogPluginManager: Mounting plugin CodeLiteSourceCodeAccess
LogPluginManager: Mounting plugin GitSourceControl
LogPluginManager: Mounting plugin PerforceSourceControl
LogPluginManager: Mounting plugin PlasticSourceControl
LogPluginManager: Mounting plugin PluginUtils
LogPluginManager: Mounting plugin PropertyAccessNode
LogPluginManager: Mounting plugin PixWinPlugin
LogPluginManager: Mounting plugin SubversionSourceControl
LogPluginManager: Mounting plugin TextureFormatOodle
LogPluginManager: Mounting plugin UObjectPlugin
LogPluginManager: Mounting plugin VisualStudioCodeSourceCodeAccess
LogPluginManager: Mounting plugin VisualStudioSourceCodeAccess
LogPluginManager: Mounting plugin XCodeSourceCodeAccess
LogPluginManager: Mounting plugin LiveLink
LogPluginManager: Mounting plugin RiderSourceCodeAccess
LogPluginManager: Mounting plugin DatasmithContent
LogPluginManager: Mounting plugin Niagara
LogPluginManager: Mounting plugin AssetManagerEditor
LogPluginManager: Mounting plugin VariantManagerContent
LogPluginManager: Mounting plugin CryptoKeys
LogPluginManager: Mounting plugin DataValidation
LogPluginManager: Mounting plugin FacialAnimation
LogPluginManager: Mounting plugin GameplayTagsEditor
LogPluginManager: Mounting plugin GeometryMode
LogPluginManager: Mounting plugin CurveEditorTools
LogPluginManager: Mounting plugin MacGraphicsSwitching
LogPluginManager: Mounting plugin MaterialAnalyzer
LogPluginManager: Mounting plugin MobileLauncherProfileWizard
LogPluginManager: Mounting plugin PluginBrowser
LogPluginManager: Mounting plugin MagicLeap
LogPluginManager: Mounting plugin SpeedTreeImporter
LogPluginManager: Mounting plugin LuminPlatformFeatures
LogPluginManager: Mounting plugin MagicLeapLightEstimation
LogPluginManager: Mounting plugin MagicLeapMedia
LogPluginManager: Mounting plugin AlembicImporter
LogPluginManager: Mounting plugin MagicLeapPassableWorld
LogPluginManager: Mounting plugin AutomationUtils
LogPluginManager: Mounting plugin MLSDK
LogPluginManager: Mounting plugin BackChannel
LogPluginManager: Mounting plugin ChaosCloth
LogPluginManager: Mounting plugin ChaosEditor
LogPluginManager: Mounting plugin ChaosClothEditor
LogPluginManager: Mounting plugin ChaosNiagara
LogPluginManager: Mounting plugin ChaosSolverPlugin
LogPluginManager: Mounting plugin CharacterAI
LogPluginManager: Mounting plugin GeometryCache
LogPluginManager: Mounting plugin GeometryCollectionPlugin
LogPluginManager: Mounting plugin GeometryProcessing
LogPluginManager: Mounting plugin OpenImageDenoise
LogPluginManager: Mounting plugin MotoSynth
LogPluginManager: Mounting plugin PlanarCut
LogPluginManager: Mounting plugin PlatformCrypto
LogPluginManager: Mounting plugin ProxyLODPlugin
LogPluginManager: Mounting plugin PythonScriptPlugin
LogPluginManager: Mounting plugin SkeletalReduction
LogPluginManager: Mounting plugin AndroidMedia
LogPluginManager: Mounting plugin AvfMedia
LogPluginManager: Mounting plugin ImgMedia
LogPluginManager: Mounting plugin MediaCompositing
LogPluginManager: Mounting plugin WebMMedia
LogPluginManager: Mounting plugin MediaPlayerEditor
LogPluginManager: Mounting plugin TcpMessaging
LogPluginManager: Mounting plugin UdpMessaging
LogPluginManager: Mounting plugin ActorLayerUtilities
LogPluginManager: Mounting plugin AndroidDeviceProfileSelector
LogPluginManager: Mounting plugin AndroidPermission
LogPluginManager: Mounting plugin WmfMedia
LogPluginManager: Mounting plugin AndroidMoviePlayer
LogPluginManager: Mounting plugin AppleMoviePlayer
LogPluginManager: Mounting plugin ArchVisCharacter
LogPluginManager: Mounting plugin AssetTags
LogPluginManager: Mounting plugin AudioCapture
LogPluginManager: Mounting plugin AppleImageUtils
LogPluginManager: Mounting plugin CableComponent
LogPluginManager: Mounting plugin ChunkDownloader
LogPluginManager: Mounting plugin AudioSynesthesia
LogPluginManager: Mounting plugin EditableMesh
LogPluginManager: Mounting plugin CustomMeshComponent
LogPluginManager: Mounting plugin ExampleDeviceProfileSelector
LogPluginManager: Mounting plugin GooglePAD
LogPluginManager: Mounting plugin LauncherChunkInstaller
LogPluginManager: Mounting plugin OnlineSubsystem
LogPluginManager: Mounting plugin OnlineSubsystemNull
LogPluginManager: Mounting plugin OnlineSubsystemUtils
LogPluginManager: Mounting plugin GoogleCloudMessaging
LogPluginManager: Mounting plugin IOSDeviceProfileSelector
LogPluginManager: Mounting plugin LinuxDeviceProfileSelector
LogPluginManager: Mounting plugin LocationServicesBPLibrary
LogPluginManager: Mounting plugin MobilePatchingUtils
LogPluginManager: Mounting plugin OpenXR
LogPluginManager: Mounting plugin OpenXREyeTracker
LogPluginManager: Mounting plugin OpenXRHandTracking
LogPluginManager: Mounting plugin PhysXVehicles
LogPluginManager: Mounting plugin PostSplashScreen
LogPluginManager: Mounting plugin PropertyAccessEditor
LogPluginManager: Mounting plugin ProceduralMeshComponent
LogPluginManager: Mounting plugin SignificanceManager
LogPluginManager: Mounting plugin RuntimePhysXCooking
LogPluginManager: Mounting plugin SoundFields
LogPluginManager: Mounting plugin Synthesis
LogPluginManager: Mounting plugin WebMMoviePlayer
LogPluginManager: Mounting plugin WindowsMoviePlayer
LogPluginManager: Mounting plugin ScreenshotTools
LogPluginManager: Mounting plugin Takes
LogPluginManager: Mounting plugin LevelSequenceEditor
LogPluginManager: Mounting plugin ActorSequence
LogPluginManager: Mounting plugin MatineeToLevelSequence
LogPluginManager: Mounting plugin TemplateSequence
LogPluginManager: Mounting plugin ContentBrowserAssetDataSource
LogPluginManager: Mounting plugin ContentBrowserClassDataSource
LogPluginManager: Mounting plugin ContentBrowserFileDataSource
LogPluginManager: Mounting plugin OnlineSubsystemGooglePlay
LogPluginManager: Mounting plugin OnlineSubsystemIOS
LogPluginManager: Mounting plugin OculusVR
PixWinPlugin: PIX capture plugin failed to initialize! Check that the process is launched from PIX.
LogInit: Using libcurl 7.55.1-DEV
LogInit:  - built for x86_64-pc-win32
LogInit:  - supports SSL with OpenSSL/1.1.1
LogInit:  - supports HTTP deflate (compression) using libz 1.2.8
LogInit:  - other features:
LogInit:      CURL_VERSION_SSL
LogInit:      CURL_VERSION_LIBZ
LogInit:      CURL_VERSION_IPV6
LogInit:      CURL_VERSION_ASYNCHDNS
LogInit:      CURL_VERSION_LARGEFILE
LogInit:      CURL_VERSION_IDN
LogInit:  CurlRequestOptions (configurable via config and command line):
LogInit:  - bVerifyPeer = true  - Libcurl will verify peer certificate
LogInit:  - bUseHttpProxy = false  - Libcurl will NOT use HTTP proxy
LogInit:  - bDontReuseConnections = false  - Libcurl will reuse connections
LogInit:  - MaxHostConnections = 16  - Libcurl will limit the number of connections to a host
LogInit:  - LocalHostAddr = Default
LogInit:  - BufferSize = 65536
LogOnline: OSS: Creating online subsystem instance for: NULL
LogInit: WinSock: version 1.1 (2.2), MaxSocks=32767, MaxUdp=65467
LogOnline: OSS: TryLoadSubsystemAndSetDefault: Loaded subsystem for module [NULL]
LogOculusPluginWrapper: OculusPlugin initialized successfully
LogHMD: Failed initializing OVRPlugin 1.59.0
LogInit: Build: ++UE4+Release-4.27-CL-17155196
LogInit: Engine Version: 4.27.0-17155196+++UE4+Release-4.27
LogInit: Compatible Engine Version: 4.27.0-17155196+++UE4+Release-4.27
LogInit: Net CL: 17155196
LogInit: OS: Windows 10 (Release 2009) (), CPU: Intel(R) Core(TM) i5-9300H CPU @ 2.40GHz, GPU: NVIDIA GeForce GTX 1660 Ti
LogInit: Compiled (64-bit): Aug 13 2021 06:13:13
LogInit: Compiled with Visual C++: 19.24.28315.00
LogInit: Build Configuration: Development
LogInit: Branch Name: ++UE4+Release-4.27
LogInit: Command Line:  -skipcompile
LogInit: Base Directory: D:/Epic Games/UE_4.27/Engine/Binaries/Win64/
LogInit: Allocator: TBB
LogInit: Installed Engine Build: 1
LogDevObjectVersion: Number of dev versions registered: 29
LogDevObjectVersion:   Dev-Blueprints (B0D832E4-1F89-4F0D-ACCF-7EB736FD4AA2): 10
LogDevObjectVersion:   Dev-Build (E1C64328-A22C-4D53-A36C-8E866417BD8C): 0
LogDevObjectVersion:   Dev-Core (375EC13C-06E4-48FB-B500-84F0262A717E): 4
LogDevObjectVersion:   Dev-Editor (E4B068ED-F494-42E9-A231-DA0B2E46BB41): 40
LogDevObjectVersion:   Dev-Framework (CFFC743F-43B0-4480-9391-14DF171D2073): 37
LogDevObjectVersion:   Dev-Mobile (B02B49B5-BB20-44E9-A304-32B752E40360): 3
LogDevObjectVersion:   Dev-Networking (A4E4105C-59A1-49B5-A7C5-40C4547EDFEE): 0
LogDevObjectVersion:   Dev-Online (39C831C9-5AE6-47DC-9A44-9C173E1C8E7C): 0
LogDevObjectVersion:   Dev-Physics (78F01B33-EBEA-4F98-B9B4-84EACCB95AA2): 14
LogDevObjectVersion:   Dev-Platform (6631380F-2D4D-43E0-8009-CF276956A95A): 0
LogDevObjectVersion:   Dev-Rendering (12F88B9F-8875-4AFC-A67C-D90C383ABD29): 45
LogDevObjectVersion:   Dev-Sequencer (7B5AE74C-D270-4C10-A958-57980B212A5A): 13
LogDevObjectVersion:   Dev-VR (D7296918-1DD6-4BDD-9DE2-64A83CC13884): 3
LogDevObjectVersion:   Dev-LoadTimes (C2A15278-BFE7-4AFE-6C17-90FF531DF755): 1
LogDevObjectVersion:   Private-Geometry (6EACA3D4-40EC-4CC1-B786-8BED09428FC5): 3
LogDevObjectVersion:   Dev-AnimPhys (29E575DD-E0A3-4627-9D10-D276232CDCEA): 17
LogDevObjectVersion:   Dev-Anim (AF43A65D-7FD3-4947-9873-3E8ED9C1BB05): 15
LogDevObjectVersion:   Dev-ReflectionCapture (6B266CEC-1EC7-4B8F-A30B-E4D90942FC07): 1
LogDevObjectVersion:   Dev-Automation (0DF73D61-A23F-47EA-B727-89E90C41499A): 1
LogDevObjectVersion:   FortniteMain (601D1886-AC64-4F84-AA16-D3DE0DEAC7D6): 47
LogDevObjectVersion:   FortniteRelease (E7086368-6B23-4C58-8439-1B7016265E91): 1
LogDevObjectVersion:   Dev-Enterprise (9DFFBCD6-494F-0158-E221-12823C92A888): 10
LogDevObjectVersion:   Dev-Niagara (F2AED0AC-9AFE-416F-8664-AA7FFA26D6FC): 1
LogDevObjectVersion:   Dev-Destruction (174F1F0B-B4C6-45A5-B13F-2EE8D0FB917D): 10
LogDevObjectVersion:   Dev-Physics-Ext (35F94A83-E258-406C-A318-09F59610247C): 41
LogDevObjectVersion:   Dev-PhysicsMaterial-Chaos (B68FC16E-8B1B-42E2-B453-215C058844FE): 1
LogDevObjectVersion:   Dev-CineCamera (B2E18506-4273-CFC2-A54E-F4BB758BBA07): 1
LogDevObjectVersion:   Dev-VirtualProduction (64F58936-FD1B-42BA-BA96-7289D5D0FA4E): 1
LogDevObjectVersion:   Dev-MediaFramework (6F0ED827-A609-4895-9C91-998D90180EA4): 2
LogInit: Presizing for max 25165824 objects, including 0 objects not considered by GC, pre-allocating 0 bytes for permanent pool.
LogConfig: Applying CVar settings from Section [/Script/Engine.StreamingSettings] File [D:/Projets Dev/Unreal Engine/GTech 4/Food_Looter_GC/Food_Looter_GC/Saved/Config/Windows/Engine.ini]
LogConfig: Setting CVar [[s.MinBulkDataSizeForAsyncLoading:131072]]
LogConfig: Setting CVar [[s.AsyncLoadingThreadEnabled:0]]
LogConfig: Setting CVar [[s.EventDrivenLoaderEnabled:1]]
LogConfig: Setting CVar [[s.WarnIfTimeLimitExceeded:0]]
LogConfig: Setting CVar [[s.TimeLimitExceededMultiplier:1.5]]
LogConfig: Setting CVar [[s.TimeLimitExceededMinTime:0.005]]
LogConfig: Setting CVar [[s.UseBackgroundLevelStreaming:1]]
LogConfig: Setting CVar [[s.PriorityAsyncLoadingExtraTime:15.0]]
LogConfig: Setting CVar [[s.LevelStreamingActorsUpdateTimeLimit:5.0]]
LogConfig: Setting CVar [[s.PriorityLevelStreamingActorsUpdateExtraTime:5.0]]
LogConfig: Setting CVar [[s.LevelStreamingComponentsRegistrationGranularity:10]]
LogConfig: Setting CVar [[s.UnregisterComponentsTimeLimit:1.0]]
LogConfig: Setting CVar [[s.LevelStreamingComponentsUnregistrationGranularity:5]]
LogConfig: Setting CVar [[s.FlushStreamingOnExit:1]]
LogInit: Object subsystem initialized
LogConfig: Setting CVar [[con.DebugEarlyDefault:1]]
LogConfig: Setting CVar [[r.setres:1280x720]]
[2021.10.14-15.06.29:310][  0]LogConfig: Setting CVar [[r.VSync:0]]
[2021.10.14-15.06.29:310][  0]LogConfig: Setting CVar [[r.RHICmdBypass:0]]
[2021.10.14-15.06.29:310][  0]LogConfig: Applying CVar settings from Section [/Script/Engine.RendererSettings] File [D:/Projets Dev/Unreal Engine/GTech 4/Food_Looter_GC/Food_Looter_GC/Saved/Config/Windows/Engine.ini]
[2021.10.14-15.06.29:310][  0]LogConfig: Setting CVar [[r.GPUCrashDebugging:0]]
[2021.10.14-15.06.29:310][  0]LogConfig: Applying CVar settings from Section [/Script/Engine.RendererOverrideSettings] File [D:/Projets Dev/Unreal Engine/GTech 4/Food_Looter_GC/Food_Looter_GC/Saved/Config/Windows/Engine.ini]
[2021.10.14-15.06.29:310][  0]LogConfig: Applying CVar settings from Section [/Script/Engine.StreamingSettings] File [D:/Projets Dev/Unreal Engine/GTech 4/Food_Looter_GC/Food_Looter_GC/Saved/Config/Windows/Engine.ini]
[2021.10.14-15.06.29:310][  0]LogConfig: Setting CVar [[s.MinBulkDataSizeForAsyncLoading:131072]]
[2021.10.14-15.06.29:310][  0]LogConfig: Setting CVar [[s.AsyncLoadingThreadEnabled:0]]
[2021.10.14-15.06.29:311][  0]LogConfig: Setting CVar [[s.EventDrivenLoaderEnabled:1]]
[2021.10.14-15.06.29:311][  0]LogConfig: Setting CVar [[s.WarnIfTimeLimitExceeded:0]]
[2021.10.14-15.06.29:311][  0]LogConfig: Setting CVar [[s.TimeLimitExceededMultiplier:1.5]]
[2021.10.14-15.06.29:311][  0]LogConfig: Setting CVar [[s.TimeLimitExceededMinTime:0.005]]
[2021.10.14-15.06.29:311][  0]LogConfig: Setting CVar [[s.UseBackgroundLevelStreaming:1]]
[2021.10.14-15.06.29:311][  0]LogConfig: Setting CVar [[s.PriorityAsyncLoadingExtraTime:15.0]]
[2021.10.14-15.06.29:311][  0]LogConfig: Setting CVar [[s.LevelStreamingActorsUpdateTimeLimit:5.0]]
[2021.10.14-15.06.29:311][  0]LogConfig: Setting CVar [[s.PriorityLevelStreamingActorsUpdateExtraTime:5.0]]
[2021.10.14-15.06.29:311][  0]LogConfig: Setting CVar [[s.LevelStreamingComponentsRegistrationGranularity:10]]
[2021.10.14-15.06.29:311][  0]LogConfig: Setting CVar [[s.UnregisterComponentsTimeLimit:1.0]]
[2021.10.14-15.06.29:311][  0]LogConfig: Setting CVar [[s.LevelStreamingComponentsUnregistrationGranularity:5]]
[2021.10.14-15.06.29:311][  0]LogConfig: Setting CVar [[s.FlushStreamingOnExit:1]]
[2021.10.14-15.06.29:311][  0]LogConfig: Applying CVar settings from Section [/Script/Engine.GarbageCollectionSettings] File [D:/Projets Dev/Unreal Engine/GTech 4/Food_Looter_GC/Food_Looter_GC/Saved/Config/Windows/Engine.ini]
[2021.10.14-15.06.29:311][  0]LogConfig: Setting CVar [[gc.MaxObjectsNotConsideredByGC:1]]
[2021.10.14-15.06.29:311][  0]LogConfig: Setting CVar [[gc.SizeOfPermanentObjectPool:0]]
[2021.10.14-15.06.29:311][  0]LogConfig: Setting CVar [[gc.FlushStreamingOnGC:0]]
[2021.10.14-15.06.29:312][  0]LogConfig: Setting CVar [[gc.NumRetriesBeforeForcingGC:10]]
[2021.10.14-15.06.29:312][  0]LogConfig: Setting CVar [[gc.AllowParallelGC:1]]
[2021.10.14-15.06.29:312][  0]LogConfig: Setting CVar [[gc.TimeBetweenPurgingPendingKillObjects:61.1]]
[2021.10.14-15.06.29:312][  0]LogConfig: Setting CVar [[gc.MaxObjectsInEditor:25165824]]
[2021.10.14-15.06.29:312][  0]LogConfig: Setting CVar [[gc.IncrementalBeginDestroyEnabled:1]]
[2021.10.14-15.06.29:312][  0]LogConfig: Setting CVar [[gc.CreateGCClusters:1]]
[2021.10.14-15.06.29:312][  0]LogConfig: Setting CVar [[gc.MinGCClusterSize:5]]
[2021.10.14-15.06.29:312][  0]LogConfig: Setting CVar [[gc.ActorClusteringEnabled:0]]
[2021.10.14-15.06.29:312][  0]LogConfig: Setting CVar [[gc.BlueprintClusteringEnabled:0]]
[2021.10.14-15.06.29:312][  0]LogConfig: Setting CVar [[gc.UseDisregardForGCOnDedicatedServers:0]]
[2021.10.14-15.06.29:312][  0]LogConfig: Setting CVar [[gc.MultithreadedDestructionEnabled:1]]
[2021.10.14-15.06.29:312][  0]LogConfig: Applying CVar settings from Section [/Script/Engine.NetworkSettings] File [D:/Projets Dev/Unreal Engine/GTech 4/Food_Looter_GC/Food_Looter_GC/Saved/Config/Windows/Engine.ini]
[2021.10.14-15.06.29:312][  0]LogConfig: Applying CVar settings from Section [/Script/UnrealEd.CookerSettings] File [D:/Projets Dev/Unreal Engine/GTech 4/Food_Looter_GC/Food_Looter_GC/Saved/Config/Windows/Engine.ini]
[2021.10.14-15.06.29:320][  0]LogConfig: Applying CVar settings from Section [ViewDistanceQuality@3] File [D:/Projets Dev/Unreal Engine/GTech 4/Food_Looter_GC/Food_Looter_GC/Saved/Config/Windows/Scalability.ini]
[2021.10.14-15.06.29:320][  0]LogConfig: Setting CVar [[r.SkeletalMeshLODBias:0]]
[2021.10.14-15.06.29:320][  0]LogConfig: Setting CVar [[r.ViewDistanceScale:1.0]]
[2021.10.14-15.06.29:320][  0]LogConfig: Applying CVar settings from Section [AntiAliasingQuality@3] File [D:/Projets Dev/Unreal Engine/GTech 4/Food_Looter_GC/Food_Looter_GC/Saved/Config/Windows/Scalability.ini]
[2021.10.14-15.06.29:320][  0]LogConfig: Setting CVar [[r.PostProcessAAQuality:4]]
[2021.10.14-15.06.29:321][  0]LogConfig: Applying CVar settings from Section [ShadowQuality@3] File [D:/Projets Dev/Unreal Engine/GTech 4/Food_Looter_GC/Food_Looter_GC/Saved/Config/Windows/Scalability.ini]
[2021.10.14-15.06.29:321][  0]LogConfig: Setting CVar [[r.LightFunctionQuality:1]]
[2021.10.14-15.06.29:321][  0]LogConfig: Setting CVar [[r.ShadowQuality:5]]
[2021.10.14-15.06.29:321][  0]LogConfig: Setting CVar [[r.Shadow.CSM.MaxCascades:10]]
[2021.10.14-15.06.29:321][  0]LogConfig: Setting CVar [[r.Shadow.MaxResolution:2048]]
[2021.10.14-15.06.29:321][  0]LogConfig: Setting CVar [[r.Shadow.MaxCSMResolution:2048]]
[2021.10.14-15.06.29:321][  0]LogConfig: Setting CVar [[r.Shadow.RadiusThreshold:0.01]]
[2021.10.14-15.06.29:321][  0]LogConfig: Setting CVar [[r.Shadow.DistanceScale:1.0]]
[2021.10.14-15.06.29:321][  0]LogConfig: Setting CVar [[r.Shadow.CSM.TransitionScale:1.0]]
[2021.10.14-15.06.29:321][  0]LogConfig: Setting CVar [[r.Shadow.PreShadowResolutionFactor:1.0]]
[2021.10.14-15.06.29:321][  0]LogConfig: Setting CVar [[r.DistanceFieldShadowing:1]]
[2021.10.14-15.06.29:321][  0]LogConfig: Setting CVar [[r.DistanceFieldAO:1]]
[2021.10.14-15.06.29:321][  0]LogConfig: Setting CVar [[r.AOQuality:2]]
[2021.10.14-15.06.29:321][  0]LogConfig: Setting CVar [[r.VolumetricFog:1]]
[2021.10.14-15.06.29:321][  0]LogConfig: Setting CVar [[r.VolumetricFog.GridPixelSize:8]]
[2021.10.14-15.06.29:322][  0]LogConfig: Setting CVar [[r.VolumetricFog.GridSizeZ:128]]
[2021.10.14-15.06.29:322][  0]LogConfig: Setting CVar [[r.VolumetricFog.HistoryMissSupersampleCount:4]]
[2021.10.14-15.06.29:322][  0]LogConfig: Setting CVar [[r.LightMaxDrawDistanceScale:1]]
[2021.10.14-15.06.29:322][  0]LogConfig: Setting CVar [[r.CapsuleShadows:1]]
[2021.10.14-15.06.29:322][  0]LogConfig: Applying CVar settings from Section [PostProcessQuality@3] File [D:/Projets Dev/Unreal Engine/GTech 4/Food_Looter_GC/Food_Looter_GC/Saved/Config/Windows/Scalability.ini]
[2021.10.14-15.06.29:322][  0]LogConfig: Setting CVar [[r.MotionBlurQuality:4]]
[2021.10.14-15.06.29:322][  0]LogConfig: Setting CVar [[r.AmbientOcclusionMipLevelFactor:0.4]]
[2021.10.14-15.06.29:322][  0]LogConfig: Setting CVar [[r.AmbientOcclusionMaxQuality:100]]
[2021.10.14-15.06.29:322][  0]LogConfig: Setting CVar [[r.AmbientOcclusionLevels:-1]]
[2021.10.14-15.06.29:322][  0]LogConfig: Setting CVar [[r.AmbientOcclusionRadiusScale:1.0]]
[2021.10.14-15.06.29:322][  0]LogConfig: Setting CVar [[r.DepthOfFieldQuality:2]]
[2021.10.14-15.06.29:322][  0]LogConfig: Setting CVar [[r.RenderTargetPoolMin:400]]
[2021.10.14-15.06.29:322][  0]LogConfig: Setting CVar [[r.LensFlareQuality:2]]
[2021.10.14-15.06.29:322][  0]LogConfig: Setting CVar [[r.SceneColorFringeQuality:1]]
[2021.10.14-15.06.29:322][  0]LogConfig: Setting CVar [[r.EyeAdaptationQuality:2]]
[2021.10.14-15.06.29:322][  0]LogConfig: Setting CVar [[r.BloomQuality:5]]
[2021.10.14-15.06.29:322][  0]LogConfig: Setting CVar [[r.FastBlurThreshold:100]]
[2021.10.14-15.06.29:322][  0]LogConfig: Setting CVar [[r.Upscale.Quality:3]]
[2021.10.14-15.06.29:323][  0]LogConfig: Setting CVar [[r.Tonemapper.GrainQuantization:1]]
[2021.10.14-15.06.29:323][  0]LogConfig: Setting CVar [[r.LightShaftQuality:1]]
[2021.10.14-15.06.29:323][  0]LogConfig: Setting CVar [[r.Filter.SizeScale:1]]
[2021.10.14-15.06.29:323][  0]LogConfig: Setting CVar [[r.Tonemapper.Quality:5]]
[2021.10.14-15.06.29:323][  0]LogConfig: Setting CVar [[r.DOF.Gather.AccumulatorQuality:1        ; higher gathering accumulator quality]]
[2021.10.14-15.06.29:323][  0]LogConfig: Setting CVar [[r.DOF.Gather.PostfilterMethod:1          ; Median3x3 postfilering method]]
[2021.10.14-15.06.29:323][  0]LogConfig: Setting CVar [[r.DOF.Gather.EnableBokehSettings:0       ; no bokeh simulation when gathering]]
[2021.10.14-15.06.29:323][  0]LogConfig: Setting CVar [[r.DOF.Gather.RingCount:4                 ; medium number of samples when gathering]]
[2021.10.14-15.06.29:323][  0]LogConfig: Setting CVar [[r.DOF.Scatter.ForegroundCompositing:1    ; additive foreground scattering]]
[2021.10.14-15.06.29:323][  0]LogConfig: Setting CVar [[r.DOF.Scatter.BackgroundCompositing:2    ; additive background scattering]]
[2021.10.14-15.06.29:323][  0]LogConfig: Setting CVar [[r.DOF.Scatter.EnableBokehSettings:1      ; bokeh simulation when scattering]]
[2021.10.14-15.06.29:323][  0]LogConfig: Setting CVar [[r.DOF.Scatter.MaxSpriteRatio:0.1         ; only a maximum of 10% of scattered bokeh]]
[2021.10.14-15.06.29:323][  0]LogConfig: Setting CVar [[r.DOF.Recombine.Quality:1                ; cheap slight out of focus]]
[2021.10.14-15.06.29:323][  0]LogConfig: Setting CVar [[r.DOF.Recombine.EnableBokehSettings:0    ; no bokeh simulation on slight out of focus]]
[2021.10.14-15.06.29:323][  0]LogConfig: Setting CVar [[r.DOF.TemporalAAQuality:1                ; more stable temporal accumulation]]
[2021.10.14-15.06.29:323][  0]LogConfig: Setting CVar [[r.DOF.Kernel.MaxForegroundRadius:0.025]]
[2021.10.14-15.06.29:323][  0]LogConfig: Setting CVar [[r.DOF.Kernel.MaxBackgroundRadius:0.025]]
[2021.10.14-15.06.29:323][  0]LogConfig: Applying CVar settings from Section [TextureQuality@3] File [D:/Projets Dev/Unreal Engine/GTech 4/Food_Looter_GC/Food_Looter_GC/Saved/Config/Windows/Scalability.ini]
[2021.10.14-15.06.29:324][  0]LogConfig: Setting CVar [[r.Streaming.MipBias:0]]
[2021.10.14-15.06.29:324][  0]LogConfig: Setting CVar [[r.Streaming.AmortizeCPUToGPUCopy:0]]
[2021.10.14-15.06.29:324][  0]LogConfig: Setting CVar [[r.Streaming.MaxNumTexturesToStreamPerFrame:0]]
[2021.10.14-15.06.29:324][  0]LogConfig: Setting CVar [[r.Streaming.Boost:1]]
[2021.10.14-15.06.29:324][  0]LogConfig: Setting CVar [[r.MaxAnisotropy:8]]
[2021.10.14-15.06.29:324][  0]LogConfig: Setting CVar [[r.VT.MaxAnisotropy:8]]
[2021.10.14-15.06.29:324][  0]LogConfig: Setting CVar [[r.Streaming.LimitPoolSizeToVRAM:0]]
[2021.10.14-15.06.29:324][  0]LogConfig: Setting CVar [[r.Streaming.PoolSize:1000]]
[2021.10.14-15.06.29:324][  0]LogConfig: Setting CVar [[r.Streaming.MaxEffectiveScreenSize:0]]
[2021.10.14-15.06.29:324][  0]LogConfig: Applying CVar settings from Section [EffectsQuality@3] File [D:/Projets Dev/Unreal Engine/GTech 4/Food_Looter_GC/Food_Looter_GC/Saved/Config/Windows/Scalability.ini]
[2021.10.14-15.06.29:324][  0]LogConfig: Setting CVar [[r.TranslucencyLightingVolumeDim:64]]
[2021.10.14-15.06.29:324][  0]LogConfig: Setting CVar [[r.RefractionQuality:2]]
[2021.10.14-15.06.29:324][  0]LogConfig: Setting CVar [[r.SSR.Quality:3]]
[2021.10.14-15.06.29:324][  0]LogConfig: Setting CVar [[r.SSR.HalfResSceneColor:0]]
[2021.10.14-15.06.29:324][  0]LogConfig: Setting CVar [[r.SceneColorFormat:4]]
[2021.10.14-15.06.29:324][  0]LogConfig: Setting CVar [[r.DetailMode:2]]
[2021.10.14-15.06.29:324][  0]LogConfig: Setting CVar [[r.TranslucencyVolumeBlur:1]]
[2021.10.14-15.06.29:324][  0]LogConfig: Setting CVar [[r.MaterialQualityLevel:1 ; High quality]]
[2021.10.14-15.06.29:325][  0]LogConfig: Setting CVar [[r.AnisotropicMaterials:1]]
[2021.10.14-15.06.29:325][  0]LogConfig: Setting CVar [[r.SSS.Scale:1]]
[2021.10.14-15.06.29:325][  0]LogConfig: Setting CVar [[r.SSS.SampleSet:2]]
[2021.10.14-15.06.29:325][  0]LogConfig: Setting CVar [[r.SSS.Quality:1]]
[2021.10.14-15.06.29:325][  0]LogConfig: Setting CVar [[r.SSS.HalfRes:0]]
[2021.10.14-15.06.29:325][  0]LogConfig: Setting CVar [[r.SSGI.Quality:3]]
[2021.10.14-15.06.29:325][  0]LogConfig: Setting CVar [[r.EmitterSpawnRateScale:1.0]]
[2021.10.14-15.06.29:325][  0]LogConfig: Setting CVar [[r.ParticleLightQuality:2]]
[2021.10.14-15.06.29:325][  0]LogConfig: Setting CVar [[r.SkyAtmosphere.AerialPerspectiveLUT.FastApplyOnOpaque:1 ; Always have FastSkyLUT 1 in this case to avoid wrong sky]]
[2021.10.14-15.06.29:325][  0]LogConfig: Setting CVar [[r.SkyAtmosphere.AerialPerspectiveLUT.SampleCountMaxPerSlice:4]]
[2021.10.14-15.06.29:325][  0]LogConfig: Setting CVar [[r.SkyAtmosphere.AerialPerspectiveLUT.DepthResolution:16.0]]
[2021.10.14-15.06.29:325][  0]LogConfig: Setting CVar [[r.SkyAtmosphere.FastSkyLUT:1]]
[2021.10.14-15.06.29:325][  0]LogConfig: Setting CVar [[r.SkyAtmosphere.FastSkyLUT.SampleCountMin:4.0]]
[2021.10.14-15.06.29:325][  0]LogConfig: Setting CVar [[r.SkyAtmosphere.FastSkyLUT.SampleCountMax:128.0]]
[2021.10.14-15.06.29:325][  0]LogConfig: Setting CVar [[r.SkyAtmosphere.SampleCountMin:4.0]]
[2021.10.14-15.06.29:325][  0]LogConfig: Setting CVar [[r.SkyAtmosphere.SampleCountMax:128.0]]
[2021.10.14-15.06.29:325][  0]LogConfig: Setting CVar [[r.SkyAtmosphere.TransmittanceLUT.UseSmallFormat:0]]
[2021.10.14-15.06.29:325][  0]LogConfig: Setting CVar [[r.SkyAtmosphere.TransmittanceLUT.SampleCount:10.0]]
[2021.10.14-15.06.29:326][  0]LogConfig: Setting CVar [[r.SkyAtmosphere.MultiScatteringLUT.SampleCount:15.0]]
[2021.10.14-15.06.29:326][  0]LogConfig: Setting CVar [[r.SkyLight.RealTimeReflectionCapture:1]]
[2021.10.14-15.06.29:326][  0]LogConfig: Applying CVar settings from Section [FoliageQuality@3] File [D:/Projets Dev/Unreal Engine/GTech 4/Food_Looter_GC/Food_Looter_GC/Saved/Config/Windows/Scalability.ini]
[2021.10.14-15.06.29:326][  0]LogConfig: Setting CVar [[foliage.DensityScale:1.0]]
[2021.10.14-15.06.29:326][  0]LogConfig: Setting CVar [[grass.DensityScale:1.0]]
[2021.10.14-15.06.29:326][  0]LogConfig: Applying CVar settings from Section [ShadingQuality@3] File [D:/Projets Dev/Unreal Engine/GTech 4/Food_Looter_GC/Food_Looter_GC/Saved/Config/Windows/Scalability.ini]
[2021.10.14-15.06.29:326][  0]LogConfig: Setting CVar [[r.HairStrands.SkyLighting.IntegrationType:2]]
[2021.10.14-15.06.29:326][  0]LogConfig: Setting CVar [[r.HairStrands.SkyAO.SampleCount:4]]
[2021.10.14-15.06.29:326][  0]LogConfig: Setting CVar [[r.HairStrands.Visibility.MSAA.SamplePerPixel:4]]
[2021.10.14-15.06.29:326][  0]LogInit: Selected Device Profile: [Windows]
[2021.10.14-15.06.29:326][  0]LogInit: Applying CVar settings loaded from the selected device profile: [Windows]
[2021.10.14-15.06.29:326][  0]LogHAL: Display: Platform has ~ 16 GB [17096232960 / 17179869184 / 16], which maps to Larger [LargestMinGB=32, LargerMinGB=12, DefaultMinGB=8, SmallerMinGB=6, SmallestMinGB=0)
[2021.10.14-15.06.29:326][  0]LogInit: Going up to parent DeviceProfile []
[2021.10.14-15.06.29:326][  0]LogConfig: Applying CVar settings from Section [ViewDistanceQuality@3] File [D:/Projets Dev/Unreal Engine/GTech 4/Food_Looter_GC/Food_Looter_GC/Saved/Config/Windows/Scalability.ini]
[2021.10.14-15.06.29:326][  0]LogConfig: Setting CVar [[r.SkeletalMeshLODBias:0]]
[2021.10.14-15.06.29:326][  0]LogConfig: Setting CVar [[r.ViewDistanceScale:1.0]]
[2021.10.14-15.06.29:327][  0]LogConfig: Applying CVar settings from Section [AntiAliasingQuality@3] File [D:/Projets Dev/Unreal Engine/GTech 4/Food_Looter_GC/Food_Looter_GC/Saved/Config/Windows/Scalability.ini]
[2021.10.14-15.06.29:327][  0]LogConfig: Setting CVar [[r.PostProcessAAQuality:4]]
[2021.10.14-15.06.29:327][  0]LogConfig: Applying CVar settings from Section [ShadowQuality@3] File [D:/Projets Dev/Unreal Engine/GTech 4/Food_Looter_GC/Food_Looter_GC/Saved/Config/Windows/Scalability.ini]
[2021.10.14-15.06.29:327][  0]LogConfig: Setting CVar [[r.LightFunctionQuality:1]]
[2021.10.14-15.06.29:327][  0]LogConfig: Setting CVar [[r.ShadowQuality:5]]
[2021.10.14-15.06.29:327][  0]LogConfig: Setting CVar [[r.Shadow.CSM.MaxCascades:10]]
[2021.10.14-15.06.29:327][  0]LogConfig: Setting CVar [[r.Shadow.MaxResolution:2048]]
[2021.10.14-15.06.29:327][  0]LogConfig: Setting CVar [[r.Shadow.MaxCSMResolution:2048]]
[2021.10.14-15.06.29:327][  0]LogConfig: Setting CVar [[r.Shadow.RadiusThreshold:0.01]]
[2021.10.14-15.06.29:327][  0]LogConfig: Setting CVar [[r.Shadow.DistanceScale:1.0]]
[2021.10.14-15.06.29:327][  0]LogConfig: Setting CVar [[r.Shadow.CSM.TransitionScale:1.0]]
[2021.10.14-15.06.29:327][  0]LogConfig: Setting CVar [[r.Shadow.PreShadowResolutionFactor:1.0]]
[2021.10.14-15.06.29:327][  0]LogConfig: Setting CVar [[r.DistanceFieldShadowing:1]]
[2021.10.14-15.06.29:327][  0]LogConfig: Setting CVar [[r.DistanceFieldAO:1]]
[2021.10.14-15.06.29:327][  0]LogConfig: Setting CVar [[r.AOQuality:2]]
[2021.10.14-15.06.29:327][  0]LogConfig: Setting CVar [[r.VolumetricFog:1]]
[2021.10.14-15.06.29:328][  0]LogConfig: Setting CVar [[r.VolumetricFog.GridPixelSize:8]]
[2021.10.14-15.06.29:328][  0]LogConfig: Setting CVar [[r.VolumetricFog.GridSizeZ:128]]
[2021.10.14-15.06.29:328][  0]LogConfig: Setting CVar [[r.VolumetricFog.HistoryMissSupersampleCount:4]]
[2021.10.14-15.06.29:328][  0]LogConfig: Setting CVar [[r.LightMaxDrawDistanceScale:1]]
[2021.10.14-15.06.29:328][  0]LogConfig: Setting CVar [[r.CapsuleShadows:1]]
[2021.10.14-15.06.29:328][  0]LogConfig: Applying CVar settings from Section [PostProcessQuality@3] File [D:/Projets Dev/Unreal Engine/GTech 4/Food_Looter_GC/Food_Looter_GC/Saved/Config/Windows/Scalability.ini]
[2021.10.14-15.06.29:328][  0]LogConfig: Setting CVar [[r.MotionBlurQuality:4]]
[2021.10.14-15.06.29:328][  0]LogConfig: Setting CVar [[r.AmbientOcclusionMipLevelFactor:0.4]]
[2021.10.14-15.06.29:328][  0]LogConfig: Setting CVar [[r.AmbientOcclusionMaxQuality:100]]
[2021.10.14-15.06.29:328][  0]LogConfig: Setting CVar [[r.AmbientOcclusionLevels:-1]]
[2021.10.14-15.06.29:328][  0]LogConfig: Setting CVar [[r.AmbientOcclusionRadiusScale:1.0]]
[2021.10.14-15.06.29:328][  0]LogConfig: Setting CVar [[r.DepthOfFieldQuality:2]]
[2021.10.14-15.06.29:328][  0]LogConfig: Setting CVar [[r.RenderTargetPoolMin:400]]
[2021.10.14-15.06.29:328][  0]LogConfig: Setting CVar [[r.LensFlareQuality:2]]
[2021.10.14-15.06.29:328][  0]LogConfig: Setting CVar [[r.SceneColorFringeQuality:1]]
[2021.10.14-15.06.29:328][  0]LogConfig: Setting CVar [[r.EyeAdaptationQuality:2]]
[2021.10.14-15.06.29:328][  0]LogConfig: Setting CVar [[r.BloomQuality:5]]
[2021.10.14-15.06.29:328][  0]LogConfig: Setting CVar [[r.FastBlurThreshold:100]]
[2021.10.14-15.06.29:328][  0]LogConfig: Setting CVar [[r.Upscale.Quality:3]]
[2021.10.14-15.06.29:329][  0]LogConfig: Setting CVar [[r.Tonemapper.GrainQuantization:1]]
[2021.10.14-15.06.29:329][  0]LogConfig: Setting CVar [[r.LightShaftQuality:1]]
[2021.10.14-15.06.29:329][  0]LogConfig: Setting CVar [[r.Filter.SizeScale:1]]
[2021.10.14-15.06.29:329][  0]LogConfig: Setting CVar [[r.Tonemapper.Quality:5]]
[2021.10.14-15.06.29:329][  0]LogConfig: Setting CVar [[r.DOF.Gather.AccumulatorQuality:1        ; higher gathering accumulator quality]]
[2021.10.14-15.06.29:329][  0]LogConfig: Setting CVar [[r.DOF.Gather.PostfilterMethod:1          ; Median3x3 postfilering method]]
[2021.10.14-15.06.29:329][  0]LogConfig: Setting CVar [[r.DOF.Gather.EnableBokehSettings:0       ; no bokeh simulation when gathering]]
[2021.10.14-15.06.29:329][  0]LogConfig: Setting CVar [[r.DOF.Gather.RingCount:4                 ; medium number of samples when gathering]]
[2021.10.14-15.06.29:329][  0]LogConfig: Setting CVar [[r.DOF.Scatter.ForegroundCompositing:1    ; additive foreground scattering]]
[2021.10.14-15.06.29:329][  0]LogConfig: Setting CVar [[r.DOF.Scatter.BackgroundCompositing:2    ; additive background scattering]]
[2021.10.14-15.06.29:329][  0]LogConfig: Setting CVar [[r.DOF.Scatter.EnableBokehSettings:1      ; bokeh simulation when scattering]]
[2021.10.14-15.06.29:329][  0]LogConfig: Setting CVar [[r.DOF.Scatter.MaxSpriteRatio:0.1         ; only a maximum of 10% of scattered bokeh]]
[2021.10.14-15.06.29:329][  0]LogConfig: Setting CVar [[r.DOF.Recombine.Quality:1                ; cheap slight out of focus]]
[2021.10.14-15.06.29:329][  0]LogConfig: Setting CVar [[r.DOF.Recombine.EnableBokehSettings:0    ; no bokeh simulation on slight out of focus]]
[2021.10.14-15.06.29:329][  0]LogConfig: Setting CVar [[r.DOF.TemporalAAQuality:1                ; more stable temporal accumulation]]
[2021.10.14-15.06.29:329][  0]LogConfig: Setting CVar [[r.DOF.Kernel.MaxForegroundRadius:0.025]]
[2021.10.14-15.06.29:329][  0]LogConfig: Setting CVar [[r.DOF.Kernel.MaxBackgroundRadius:0.025]]
[2021.10.14-15.06.29:329][  0]LogConfig: Applying CVar settings from Section [TextureQuality@3] File [D:/Projets Dev/Unreal Engine/GTech 4/Food_Looter_GC/Food_Looter_GC/Saved/Config/Windows/Scalability.ini]
[2021.10.14-15.06.29:330][  0]LogConfig: Setting CVar [[r.Streaming.MipBias:0]]
[2021.10.14-15.06.29:330][  0]LogConfig: Setting CVar [[r.Streaming.AmortizeCPUToGPUCopy:0]]
[2021.10.14-15.06.29:330][  0]LogConfig: Setting CVar [[r.Streaming.MaxNumTexturesToStreamPerFrame:0]]
[2021.10.14-15.06.29:330][  0]LogConfig: Setting CVar [[r.Streaming.Boost:1]]
[2021.10.14-15.06.29:330][  0]LogConfig: Setting CVar [[r.MaxAnisotropy:8]]
[2021.10.14-15.06.29:330][  0]LogConfig: Setting CVar [[r.VT.MaxAnisotropy:8]]
[2021.10.14-15.06.29:330][  0]LogConfig: Setting CVar [[r.Streaming.LimitPoolSizeToVRAM:0]]
[2021.10.14-15.06.29:330][  0]LogConfig: Setting CVar [[r.Streaming.PoolSize:1000]]
[2021.10.14-15.06.29:330][  0]LogConfig: Setting CVar [[r.Streaming.MaxEffectiveScreenSize:0]]
[2021.10.14-15.06.29:330][  0]LogConfig: Applying CVar settings from Section [EffectsQuality@3] File [D:/Projets Dev/Unreal Engine/GTech 4/Food_Looter_GC/Food_Looter_GC/Saved/Config/Windows/Scalability.ini]
[2021.10.14-15.06.29:330][  0]LogConfig: Setting CVar [[r.TranslucencyLightingVolumeDim:64]]
[2021.10.14-15.06.29:330][  0]LogConfig: Setting CVar [[r.RefractionQuality:2]]
[2021.10.14-15.06.29:330][  0]LogConfig: Setting CVar [[r.SSR.Quality:3]]
[2021.10.14-15.06.29:330][  0]LogConfig: Setting CVar [[r.SSR.HalfResSceneColor:0]]
[2021.10.14-15.06.29:330][  0]LogConfig: Setting CVar [[r.SceneColorFormat:4]]
[2021.10.14-15.06.29:330][  0]LogConfig: Setting CVar [[r.DetailMode:2]]
[2021.10.14-15.06.29:330][  0]LogConfig: Setting CVar [[r.TranslucencyVolumeBlur:1]]
[2021.10.14-15.06.29:330][  0]LogConfig: Setting CVar [[r.MaterialQualityLevel:1 ; High quality]]
[2021.10.14-15.06.29:331][  0]LogConfig: Setting CVar [[r.AnisotropicMaterials:1]]
[2021.10.14-15.06.29:331][  0]LogConfig: Setting CVar [[r.SSS.Scale:1]]
[2021.10.14-15.06.29:331][  0]LogConfig: Setting CVar [[r.SSS.SampleSet:2]]
[2021.10.14-15.06.29:331][  0]LogConfig: Setting CVar [[r.SSS.Quality:1]]
[2021.10.14-15.06.29:331][  0]LogConfig: Setting CVar [[r.SSS.HalfRes:0]]
[2021.10.14-15.06.29:331][  0]LogConfig: Setting CVar [[r.SSGI.Quality:3]]
[2021.10.14-15.06.29:331][  0]LogConfig: Setting CVar [[r.EmitterSpawnRateScale:1.0]]
[2021.10.14-15.06.29:331][  0]LogConfig: Setting CVar [[r.ParticleLightQuality:2]]
[2021.10.14-15.06.29:331][  0]LogConfig: Setting CVar [[r.SkyAtmosphere.AerialPerspectiveLUT.FastApplyOnOpaque:1 ; Always have FastSkyLUT 1 in this case to avoid wrong sky]]
[2021.10.14-15.06.29:331][  0]LogConfig: Setting CVar [[r.SkyAtmosphere.AerialPerspectiveLUT.SampleCountMaxPerSlice:4]]
[2021.10.14-15.06.29:331][  0]LogConfig: Setting CVar [[r.SkyAtmosphere.AerialPerspectiveLUT.DepthResolution:16.0]]
[2021.10.14-15.06.29:331][  0]LogConfig: Setting CVar [[r.SkyAtmosphere.FastSkyLUT:1]]
[2021.10.14-15.06.29:331][  0]LogConfig: Setting CVar [[r.SkyAtmosphere.FastSkyLUT.SampleCountMin:4.0]]
[2021.10.14-15.06.29:331][  0]LogConfig: Setting CVar [[r.SkyAtmosphere.FastSkyLUT.SampleCountMax:128.0]]
[2021.10.14-15.06.29:331][  0]LogConfig: Setting CVar [[r.SkyAtmosphere.SampleCountMin:4.0]]
[2021.10.14-15.06.29:331][  0]LogConfig: Setting CVar [[r.SkyAtmosphere.SampleCountMax:128.0]]
[2021.10.14-15.06.29:331][  0]LogConfig: Setting CVar [[r.SkyAtmosphere.TransmittanceLUT.UseSmallFormat:0]]
[2021.10.14-15.06.29:331][  0]LogConfig: Setting CVar [[r.SkyAtmosphere.TransmittanceLUT.SampleCount:10.0]]
[2021.10.14-15.06.29:332][  0]LogConfig: Setting CVar [[r.SkyAtmosphere.MultiScatteringLUT.SampleCount:15.0]]
[2021.10.14-15.06.29:332][  0]LogConfig: Setting CVar [[r.SkyLight.RealTimeReflectionCapture:1]]
[2021.10.14-15.06.29:332][  0]LogConfig: Applying CVar settings from Section [FoliageQuality@3] File [D:/Projets Dev/Unreal Engine/GTech 4/Food_Looter_GC/Food_Looter_GC/Saved/Config/Windows/Scalability.ini]
[2021.10.14-15.06.29:332][  0]LogConfig: Setting CVar [[foliage.DensityScale:1.0]]
[2021.10.14-15.06.29:332][  0]LogConfig: Setting CVar [[grass.DensityScale:1.0]]
[2021.10.14-15.06.29:332][  0]LogConfig: Applying CVar settings from Section [ShadingQuality@3] File [D:/Projets Dev/Unreal Engine/GTech 4/Food_Looter_GC/Food_Looter_GC/Saved/Config/Windows/Scalability.ini]
[2021.10.14-15.06.29:332][  0]LogConfig: Setting CVar [[r.HairStrands.SkyLighting.IntegrationType:2]]
[2021.10.14-15.06.29:332][  0]LogConfig: Setting CVar [[r.HairStrands.SkyAO.SampleCount:4]]
[2021.10.14-15.06.29:332][  0]LogConfig: Setting CVar [[r.HairStrands.Visibility.MSAA.SamplePerPixel:4]]
[2021.10.14-15.06.29:332][  0]LogConfig: Applying CVar settings from Section [Startup] File [../../../Engine/Config/ConsoleVariables.ini]
[2021.10.14-15.06.29:333][  0]LogConfig: Setting CVar [[net.UseAdaptiveNetUpdateFrequency:0]]
[2021.10.14-15.06.29:333][  0]LogConfig: Setting CVar [[p.chaos.AllowCreatePhysxBodies:1]]
[2021.10.14-15.06.29:333][  0]LogConfig: Setting CVar [[fx.SkipVectorVMBackendOptimizations:1]]
[2021.10.14-15.06.29:333][  0]LogConfig: Applying CVar settings from Section [ConsoleVariables] File [D:/Projets Dev/Unreal Engine/GTech 4/Food_Looter_GC/Food_Looter_GC/Saved/Config/Windows/Engine.ini]
[2021.10.14-15.06.29:333][  0]LogConfig: Applying CVar settings from Section [ConsoleVariables] File [D:/Projets Dev/Unreal Engine/GTech 4/Food_Looter_GC/Food_Looter_GC/Saved/Config/Windows/Editor.ini]
[2021.10.14-15.06.29:333][  0]LogInit: Computer: LENOVO-ANTONIN
[2021.10.14-15.06.29:333][  0]LogInit: User: 33781
[2021.10.14-15.06.29:333][  0]LogInit: CPU Page size=4096, Cores=4
[2021.10.14-15.06.29:333][  0]LogInit: High frequency timer resolution =10.000000 MHz
[2021.10.14-15.06.29:333][  0]LogMemory: Memory total: Physical=15.9GB (16GB approx)
[2021.10.14-15.06.29:333][  0]LogMemory: Platform Memory Stats for Windows
[2021.10.14-15.06.29:333][  0]LogMemory: Process Physical Memory: 149.35 MB used, 149.35 MB peak
[2021.10.14-15.06.29:333][  0]LogMemory: Process Virtual Memory: 128.76 MB used, 128.76 MB peak
[2021.10.14-15.06.29:333][  0]LogMemory: Physical Memory: 8304.93 MB used,  7999.31 MB free, 16304.24 MB total
[2021.10.14-15.06.29:333][  0]LogMemory: Virtual Memory: 134208976.00 MB used,  8752.71 MB free, 134217728.00 MB total
[2021.10.14-15.06.29:348][  0]LogWindows: WindowsPlatformFeatures enabled
[2021.10.14-15.06.29:571][  0]LogInit: Physics initialised using underlying interface: PhysX
[2021.10.14-15.06.29:573][  0]LogInit: Using OS detected language (fr-FR).
[2021.10.14-15.06.29:573][  0]LogInit: Using OS detected locale (fr-FR).
[2021.10.14-15.06.29:576][  0]LogTextLocalizationManager: No specific localization for 'fr-FR' exists, so the 'fr' localization will be used.
[2021.10.14-15.06.29:576][  0]LogTextLocalizationResource: LocRes '../../../Engine/Content/Localization/Editor/fr/Editor.locres' could not be opened for reading!
[2021.10.14-15.06.29:576][  0]LogTextLocalizationResource: LocRes '../../../Engine/Content/Localization/EditorTutorials/fr/EditorTutorials.locres' could not be opened for reading!
[2021.10.14-15.06.29:576][  0]LogTextLocalizationResource: LocRes '../../../Engine/Content/Localization/Keywords/fr/Keywords.locres' could not be opened for reading!
[2021.10.14-15.06.29:577][  0]LogTextLocalizationResource: LocRes '../../../Engine/Content/Localization/Category/fr/Category.locres' could not be opened for reading!
[2021.10.14-15.06.29:577][  0]LogTextLocalizationResource: LocRes '../../../Engine/Content/Localization/ToolTips/fr/ToolTips.locres' could not be opened for reading!
[2021.10.14-15.06.29:577][  0]LogTextLocalizationResource: LocRes '../../../Engine/Content/Localization/PropertyNames/fr/PropertyNames.locres' could not be opened for reading!
[2021.10.14-15.06.29:577][  0]LogTextLocalizationResource: LocRes '../../../Engine/Content/Localization/Engine/fr/Engine.locres' could not be opened for reading!
[2021.10.14-15.06.29:579][  0]LogInit: Setting process to per monitor DPI aware
[2021.10.14-15.06.29:631][  0]LogWindowsTextInputMethodSystem: Display: IME system deactivated.
[2021.10.14-15.06.29:660][  0]LogSlate: New Slate User Created.  User Index 0, Is Virtual User: 0
[2021.10.14-15.06.29:661][  0]LogSlate: Slate User Registered.  User Index 0, Is Virtual User: 0
[2021.10.14-15.06.30:053][  0]LogD3D11RHI: Loaded GFSDK_Aftermath_Lib.x64.dll
[2021.10.14-15.06.30:114][  0]LogHMD: Optional extension XR_VARJO_quad_views is not available
[2021.10.14-15.06.30:114][  0]LogHMD: Warning: Required extension XR_EXT_eye_gaze_interaction is not available
[2021.10.14-15.06.30:114][  0]LogHMD: Could not enable all required OpenXR extensions for OpenXREyeTracker on current system. This plugin will be loaded but ignored, but will be enabled on a target platform that supports the required extension.
[2021.10.14-15.06.30:617][  0]LogHMD: Failed to get an OpenXR system, result is XR_ERROR_FORM_FACTOR_UNAVAILABLE. Please check that your runtime supports VR headsets.
[2021.10.14-15.06.30:617][  0]LogD3D11RHI: D3D11 min allowed feature level: 11_0
[2021.10.14-15.06.30:617][  0]LogD3D11RHI: D3D11 max allowed feature level: 11_0
[2021.10.14-15.06.30:617][  0]LogD3D11RHI: D3D11 adapters:
[2021.10.14-15.06.30:778][  0]LogD3D11RHI:    0. 'NVIDIA GeForce GTX 1660 Ti' (Feature Level 11_0)
[2021.10.14-15.06.30:778][  0]LogD3D11RHI:       5991/0/8152 MB DedicatedVideo/DedicatedSystem/SharedSystem, Outputs:1, VendorId:0x10de
[2021.10.14-15.06.30:788][  0]LogD3D11RHI:    1. 'Microsoft Basic Render Driver' (Feature Level 11_0)
[2021.10.14-15.06.30:788][  0]LogD3D11RHI:       0/0/8152 MB DedicatedVideo/DedicatedSystem/SharedSystem, Outputs:0, VendorId:0x1414
[2021.10.14-15.06.30:788][  0]LogD3D11RHI: Chosen D3D11 Adapter: 0
[2021.10.14-15.06.30:796][  0]LogD3D11RHI: Creating new Direct3DDevice
[2021.10.14-15.06.30:796][  0]LogD3D11RHI:     GPU DeviceId: 0x2191 (for the marketing name, search the web for "GPU Device Id")
[2021.10.14-15.06.30:796][  0]LogWindows: EnumDisplayDevices:
[2021.10.14-15.06.30:797][  0]LogWindows:    0. 'NVIDIA GeForce GTX 1660 Ti' (P:1 D:1)
[2021.10.14-15.06.30:797][  0]LogWindows:    1. 'NVIDIA GeForce GTX 1660 Ti' (P:0 D:0)
[2021.10.14-15.06.30:797][  0]LogWindows:    2. 'NVIDIA GeForce GTX 1660 Ti' (P:0 D:0)
[2021.10.14-15.06.30:798][  0]LogWindows:    3. 'NVIDIA GeForce GTX 1660 Ti' (P:0 D:0)
[2021.10.14-15.06.30:798][  0]LogWindows: DebugString: FoundDriverCount:4 
[2021.10.14-15.06.30:798][  0]LogD3D11RHI:     Adapter Name: NVIDIA GeForce GTX 1660 Ti
[2021.10.14-15.06.30:798][  0]LogD3D11RHI:   Driver Version: 496.13 (internal:30.0.14.9613, unified:496.13)
[2021.10.14-15.06.30:798][  0]LogD3D11RHI:      Driver Date: 10-6-2021
[2021.10.14-15.06.30:798][  0]LogRHI: Texture pool is 4193 MB (70% of 5991 MB)
[2021.10.14-15.06.30:901][  0]LogD3D11RHI: RHI has support for 64 bit atomics
[2021.10.14-15.06.30:901][  0]LogD3D11RHI: Async texture creation enabled
[2021.10.14-15.06.30:901][  0]LogD3D11RHI: Array index from any shader is supported
[2021.10.14-15.06.30:923][  0]LogD3D11RHI: GPU Timing Frequency: 1000.000000 (Debug: 2 1)
[2021.10.14-15.06.30:974][  0]LogRHI: GeForceNow SDK initialized: 1
[2021.10.14-15.06.31:408][  0]LogTargetPlatformManager: Display: Loaded TargetPlatform 'AllDesktop'
[2021.10.14-15.06.31:437][  0]LogTargetPlatformManager: Display: Loaded TargetPlatform 'Android'
[2021.10.14-15.06.31:437][  0]LogTargetPlatformManager: Display: Loaded TargetPlatform 'Android_ASTC'
[2021.10.14-15.06.31:437][  0]LogTargetPlatformManager: Display: Loaded TargetPlatform 'Android_DXT'
[2021.10.14-15.06.31:437][  0]LogTargetPlatformManager: Display: Loaded TargetPlatform 'Android_ETC2'
[2021.10.14-15.06.31:437][  0]LogTargetPlatformManager: Display: Loaded TargetPlatform 'AndroidClient'
[2021.10.14-15.06.31:437][  0]LogTargetPlatformManager: Display: Loaded TargetPlatform 'Android_ASTCClient'
[2021.10.14-15.06.31:437][  0]LogTargetPlatformManager: Display: Loaded TargetPlatform 'Android_DXTClient'
[2021.10.14-15.06.31:437][  0]LogTargetPlatformManager: Display: Loaded TargetPlatform 'Android_ETC2Client'
[2021.10.14-15.06.31:437][  0]LogTargetPlatformManager: Display: Loaded TargetPlatform 'Android_Multi'
[2021.10.14-15.06.31:437][  0]LogTargetPlatformManager: Display: Loaded TargetPlatform 'Android_MultiClient'
[2021.10.14-15.06.31:474][  0]LogTargetPlatformManager: Display: Loaded TargetPlatform 'IOSClient'
[2021.10.14-15.06.31:474][  0]LogTargetPlatformManager: Display: Loaded TargetPlatform 'IOS'
[2021.10.14-15.06.31:490][  0]LogTargetPlatformManager: Display: Loaded TargetPlatform 'Linux'
[2021.10.14-15.06.31:499][  0]LogTargetPlatformManager: Display: Loaded TargetPlatform 'LinuxNoEditor'
[2021.10.14-15.06.31:507][  0]LogTargetPlatformManager: Display: Loaded TargetPlatform 'LinuxClient'
[2021.10.14-15.06.31:516][  0]LogTargetPlatformManager: Display: Loaded TargetPlatform 'LinuxServer'
[2021.10.14-15.06.31:534][  0]LogTargetPlatformManager: Display: Loaded TargetPlatform 'LinuxAArch64NoEditor'
[2021.10.14-15.06.31:545][  0]LogTargetPlatformManager: Display: Loaded TargetPlatform 'LinuxAArch64Client'
[2021.10.14-15.06.31:554][  0]LogTargetPlatformManager: Display: Loaded TargetPlatform 'LinuxAArch64Server'
[2021.10.14-15.06.31:589][  0]LogTargetPlatformManager: Display: Loaded TargetPlatform 'Lumin'
[2021.10.14-15.06.31:589][  0]LogTargetPlatformManager: Display: Loaded TargetPlatform 'LuminClient'
[2021.10.14-15.06.31:603][  0]LogTargetPlatformManager: Display: Loaded TargetPlatform 'MacNoEditor'
[2021.10.14-15.06.31:611][  0]LogTargetPlatformManager: Display: Loaded TargetPlatform 'Mac'
[2021.10.14-15.06.31:620][  0]LogTargetPlatformManager: Display: Loaded TargetPlatform 'MacClient'
[2021.10.14-15.06.31:630][  0]LogTargetPlatformManager: Display: Loaded TargetPlatform 'MacServer'
[2021.10.14-15.06.31:646][  0]LogTargetPlatformManager: Display: Loaded TargetPlatform 'TVOSClient'
[2021.10.14-15.06.31:646][  0]LogTargetPlatformManager: Display: Loaded TargetPlatform 'TVOS'
[2021.10.14-15.06.31:662][  0]LogTargetPlatformManager: Display: Loaded TargetPlatform 'WindowsNoEditor'
[2021.10.14-15.06.31:671][  0]LogTargetPlatformManager: Display: Loaded TargetPlatform 'Windows'
[2021.10.14-15.06.31:681][  0]LogTargetPlatformManager: Display: Loaded TargetPlatform 'WindowsClient'
[2021.10.14-15.06.31:690][  0]LogTargetPlatformManager: Display: Loaded TargetPlatform 'WindowsServer'
[2021.10.14-15.06.31:690][  0]LogTargetPlatformManager: Display: Building Assets For Windows
[2021.10.14-15.06.31:719][  0]LogAudioDebug: Display: Lib vorbis DLL was dynamically loaded.
[2021.10.14-15.06.31:807][  0]LogTextureFormatOodle: Display: Oodle Texture 2.9.0 init RDO Off
[2021.10.14-15.06.31:902][  0]LogRendererCore: Ray tracing is disabled. Reason: r.RayTracing=0.
[2021.10.14-15.06.31:903][  0]LogShaderCompilers: Guid format shader working directory is -33 characters bigger than the processId version (../../../../../Projets Dev/Unreal Engine/GTech 4/Food_Looter_GC/Food_Looter_GC/Intermediate/Shaders/WorkingDirectory/19552/).
[2021.10.14-15.06.31:903][  0]LogShaderCompilers: Cleaned the shader compiler working directory 'C:/Users/33781/AppData/Local/Temp/UnrealShaderWorkingDir/A48A14154B692B7F7489338587954A16/'.
[2021.10.14-15.06.31:903][  0]LogXGEController: Cannot use XGE Controller as Incredibuild is not installed on this machine.
[2021.10.14-15.06.31:903][  0]LogShaderCompilers: Cannot use XGE Shader Compiler as Incredibuild is not installed on this machine.
[2021.10.14-15.06.31:903][  0]LogShaderCompilers: Display: Using Local Shader Compiler.
[2021.10.14-15.06.32:842][  0]LogDerivedDataCache: Display: Max Cache Size: 512 MB
[2021.10.14-15.06.32:899][  0]LogDerivedDataCache: Loaded boot cache 0.06s 95MB C:/Users/33781/AppData/Local/UnrealEngine/4.27/DerivedDataCache/Boot.ddc.
[2021.10.14-15.06.32:899][  0]LogDerivedDataCache: Display: Loaded Boot cache: C:/Users/33781/AppData/Local/UnrealEngine/4.27/DerivedDataCache/Boot.ddc
[2021.10.14-15.06.32:899][  0]LogDerivedDataCache: FDerivedDataBackendGraph:  Pak pak cache file ../../../../../Projets Dev/Unreal Engine/GTech 4/Food_Looter_GC/Food_Looter_GC/DerivedDataCache/DDC.ddp not found, will not use a pak cache.
[2021.10.14-15.06.32:899][  0]LogDerivedDataCache: Unable to find inner node Pak for hierarchical cache Hierarchy.
[2021.10.14-15.06.32:900][  0]LogDerivedDataCache: FDerivedDataBackendGraph:  CompressedPak pak cache file ../../../../../Projets Dev/Unreal Engine/GTech 4/Food_Looter_GC/Food_Looter_GC/DerivedDataCache/Compressed.ddp not found, will not use a pak cache.
[2021.10.14-15.06.32:900][  0]LogDerivedDataCache: Unable to find inner node CompressedPak for hierarchical cache Hierarchy.
[2021.10.14-15.06.32:917][  0]LogDerivedDataCache: Display: Pak cache opened for reading ../../../Engine/DerivedDataCache/Compressed.ddp.
[2021.10.14-15.06.32:917][  0]LogDerivedDataCache: FDerivedDataBackendGraph:  EnterprisePak pak cache file ../../../Enterprise/DerivedDataCache/Compressed.ddp not found, will not use a pak cache.
[2021.10.14-15.06.32:917][  0]LogDerivedDataCache: Unable to find inner node EnterprisePak for hierarchical cache Hierarchy.
[2021.10.14-15.06.32:937][  0]LogDerivedDataCache: Speed tests for C:/Users/33781/AppData/Local/UnrealEngine/Common/DerivedDataCache took 0.02 seconds
[2021.10.14-15.06.32:937][  0]LogDerivedDataCache: Display: Performance to C:/Users/33781/AppData/Local/UnrealEngine/Common/DerivedDataCache: Latency=0.03ms. RandomReadSpeed=271.97MBs, RandomWriteSpeed=61.71MBs. Assigned SpeedClass 'Local'
[2021.10.14-15.06.32:939][  0]LogDerivedDataCache: Using Local data cache path C:/Users/33781/AppData/Local/UnrealEngine/Common/DerivedDataCache: Writable
[2021.10.14-15.06.32:939][  0]LogDerivedDataCache: Shared data cache path not found in *engine.ini, will not use an Shared cache.
[2021.10.14-15.06.32:939][  0]LogDerivedDataCache: Unable to find inner node Shared for hierarchical cache Hierarchy.
[2021.10.14-15.06.32:992][  0]LogSlate: Using FreeType 2.10.0
[2021.10.14-15.06.32:993][  0]LogSlate: SlateFontServices - WITH_FREETYPE: 1, WITH_HARFBUZZ: 1
[2021.10.14-15.06.33:494][  0]LogHMD: Failed to get an OpenXR system, result is XR_ERROR_FORM_FACTOR_UNAVAILABLE. Please check that your runtime supports VR headsets.
[2021.10.14-15.06.33:534][  0]LogAssetRegistry: FAssetRegistry took 0.0059 seconds to start up
[2021.10.14-15.06.33:817][  0]LogInit: Selected Device Profile: [Windows]
[2021.10.14-15.06.33:818][  0]LogInit: Active device profile: [0000020802D15300][000002087E6AEFC0 49] Windows
[2021.10.14-15.06.33:818][  0]LogInit: Profiles: [0000020802D15300][000002087E6AEFC0 49] Windows, [0000020802CCEC00][000002080099F140 49] WindowsNoEditor, [0000020802D16500][000002087AB292C0 49] WindowsServer, [0000020802CCFA00][000002087AB2D440 49] WindowsClient, [0000020802D17200][000002087AB315C0 49] IOS, [0000020802CCD300][000002087AB35740 49] iPadAir, [0000020802D16900][00000208729298C0 49] iPadAir2, [0000020802C75C00][0000020872931B80 49] IPadPro, [0000020802C75D00][000002087292DBC0 49] iPadAir3, [0000020802CCD800][00000208729341C0 49] iPadAir4, [0000020802C76C00][0000020801FF8340 49] iPadMini2, [0000020802CCDA00][0000020801FFC4C0 49] iPadMini3, [0000020802C74B00][0000020802000640 49] iPadMini4, [0000020802CCD700][00000208020047C0 49] iPadMini5, [0000020802CD5300][000002080099AA40 49] iPhone6, [0000020802CD5400][0000020802008A80 49] iPodTouch6, [0000020802D15600][00000208008BCCC0 49] iPhone7, [0000020802D16B00][000002080200CD00 49] iPodTouch7, [0000020802C77B00][00000208008C4E80 49] iPhone5S, [0000020802D15800][00000208008C9000 49] iPhone6Plus, [0000020802C77000][00000208008CD180 49] iPhone6S, [0000020802D17B00][00000208008D1300 49] iPhone6SPlus, [0000020802C75500][00000208008D5480 49] iPhone7Plus, [0000020802D14100][00000208008D9600 49] iPhoneSE, [0000020802D14B00][000002087AB69780 49] iPhone8, [0000020802CD4800][000002087AB6D900 49] iPhone8Plus, [0000020802D15400][000002087AB71A80 49] iPhoneX, [0000020802CD4F00][000002087AB75C00 49] iPhoneXS, [0000020802D17700][000002087AB78200 49] iPhoneXSMax, [0000020802CD7100][000002087AB7C380 49] iPhoneXR, [0000020802D17800][000002087AB80500 49] iPhone11, [0000020802CD7D00][000002087AB84680 49] iPhone11Pro, [0000020802C76700][000002087AB88800 49] iPhone11ProMax, [0000020802CD4600][000002087AB8C980 49] iPhoneSE2, [0000020802C76100][000002087AB90B00 49] iPhone12Mini, [0000020802CD7800][00000208008C0C40 49] iPhone12, [0000020802C75A00][000002087AB94D80 49] iPhone12Pro, [0000020802CD5E00][000002087AB98EC0 49] iPhone12ProMax, [0000020802C77F00][000002087ABA1040 49] iPadPro105, [0000020802CD7400][000002087ABA51C0 49] iPadPro129, [0000020802C77700][000002087ABA9340 49] iPadPro97, [0000020802CD6200][000002087ABAD4C0 49] iPadPro2_129, [0000020802C75600][0000020800B61640 49] iPad5, [0000020802CD4C00][0000020800B657C0 49] iPad6, [0000020802C76500][0000020800B69940 49] iPad7, [0000020802CD6B00][0000020800B6DAC0 49] iPad8, [0000020802C75300][0000020800B700C0 49] iPadPro11, [0000020802CD7E00][0000020800B74240 49] iPadPro2_11, [0000020802C76000][0000020800B783C0 49] iPadPro3_129, [0000020802CD4100][0000020800B7C540 49] iPadPro4_129, [0000020802C74F00][0000020800B806C0 49] AppleTV, [0000020802CD7B00][0000020800B84840 49] AppleTV4K, [0000020802C75800][0000020800B889C0 49] TVOS, [0000020802CD4400][0000020800B8CB40 49] Mac, [0000020802C77400][0000020800B90CC0 49] MacClient, [0000020802CD6800][000002087AB9CE00 49] MacNoEditor, [0000020802C76D00][0000020800B94F40 49] MacServer, [0000020802CD5900][0000020800B99080 49] Linux, [0000020802C77200][0000020800B9D1C0 49] LinuxAArch64, [0000020802CD6000][0000020800BA5340 49] LinuxNoEditor, [0000020802C76800][0000020800BA94C0 49] LinuxAArch64NoEditor, [0000020802CD4A00][0000020800BAD640 49] LinuxClient, [0000020802C74500][0000020800BB17C0 49] LinuxAArch64Client, [0000020802CD6100][0000020800BB5940 49] LinuxServer, [0000020802C77100][0000020800BB9AC0 49] LinuxAArch64Server, [0000020802CD6E00][0000020800BBC0C0 49] Android, [0000020802C77500][0000020800BC0240 49] Android_Low, [0000020802CD4900][0000020800BC43C0 49] Android_Mid, [0000020802C77A00][0000020800BEE540 49] Android_High, [0000020802CD5700][000002086EA506C0 49] Android_Default, [0000020802C74300][000002086EA54840 49] Android_Adreno4xx, [0000020802CD4E00][000002086EA7E9C0 49] Android_Adreno5xx_Low, [0000020802C74E00][00000208009B2B40 49] Android_Adreno5xx, [0000020802CD7300][00000208009A2CC0 49] Android_Adreno6xx, [0000020802C76600][0000020801C4AE40 49] Android_Adreno6xx_Vulkan, [0000020802CD6400][0000020800BA0F80 49] Android_Mali_T6xx, [0000020802C77E00][0000020801CBF0C0 49] Android_Mali_T7xx, [0000020802CD4500][0000020801CC3200 49] Android_Mali_T8xx, [0000020802C77300][0000020801E1B340 49] Android_Mali_G71, [0000020802CD7600][0000020801E234C0 49] Android_Mali_G72, [0000020802C75B00][0000020801E27640 49] Android_Mali_G72_Vulkan, [0000020802CD6C00][0000020801E2F7C0 49] Android_Mali_G76, [0000020802C76F00][0000020801E37940 49] Android_Mali_G76_Vulkan, [0000020802D14300][0000020800B5BAC0 49] Android_Mali_G77, [0000020802CCF300][00000208033820C0 49] Android_Mali_G77_Vulkan, [0000020802D16A00][0000020803386240 49] Android_Mali_G78, [0000020802CCFF00][00000208033943C0 49] Android_Mali_G78_Vulkan, [0000020802D14900][0000020803398540 49] Android_Mali_G710, [0000020802CCEA00][000002080339C6C0 49] Android_Mali_G710_Vulkan, [0000020802D17300][0000020801C10840 49] Android_Vulkan_SM5, [0000020802CCD400][0000020801C369C0 49] Android_PowerVR_G6xxx, [0000020802D14600][0000020803410B40 49] Android_PowerVR_GT7xxx, [0000020802CCF500][0000020803414CC0 49] Android_PowerVR_GE8xxx, [0000020802D16000][0000020803418E40 49] Android_PowerVR_GM9xxx, [0000020802CCED00][000002080341CFC0 49] Android_PowerVR_GM9xxx_Vulkan, [0000020802D17600][0000020801C3F140 49] Android_TegraK1, [0000020802CCD000][0000020801E1F280 49] Android_Unknown_Vulkan, [0000020802D16100][0000020801C473C0 49] Lumin, [0000020802CCD600][0000020803827500 49] Lumin_Desktop, [0000020802D15D00][0000020801DC3680 49] HoloLens, 
[2021.10.14-15.06.34:000][  0]LogMeshReduction: Using QuadricMeshReduction for automatic static mesh reduction
[2021.10.14-15.06.34:000][  0]LogMeshReduction: Using SimplygonMeshReduction for automatic skeletal mesh reduction
[2021.10.14-15.06.34:000][  0]LogMeshReduction: Using ProxyLODMeshReduction for automatic mesh merging
[2021.10.14-15.06.34:000][  0]LogMeshReduction: No distributed automatic mesh merging module available
[2021.10.14-15.06.34:000][  0]LogMeshMerging: No distributed automatic mesh merging module available
[2021.10.14-15.06.34:030][  0]LogNetVersion: Food_Looter_GC 1.0.0, NetCL: 17155196, EngineNetVer: 17, GameNetVer: 0 (Checksum: 1521944047)
[2021.10.14-15.06.34:615][  0]LogTexture: Default maximum texture size for cubemaps generated from long-lat sources has been changed from 512 to unlimited. In order to preserve old behaiour for '/Engine/MapTemplates/Sky/DaylightAmbientCubemap.DaylightAmbientCubemap', its maximum texture size has been explicitly set to 512.
[2021.10.14-15.06.34:685][  0]LogHMD: PokeAHoleMaterial loaded successfully
[2021.10.14-15.06.34:691][  0]LogUObjectArray: 17075 objects as part of root set at end of initial load.
[2021.10.14-15.06.34:691][  0]LogUObjectAllocator: 4275600 out of 0 bytes used by permanent object pool.
[2021.10.14-15.06.34:691][  0]LogUObjectArray: CloseDisregardForGC: 0/0 objects in disregard for GC pool
[2021.10.14-15.06.35:025][  0]LogNiagaraDebuggerClient: Niagara Debugger Client Initialized | Session: DE8B6E354BD23C26BDA61B93892F7F10 | Instance: FE6FD95140020DD23E5B36A72A9C3E46 (LENOVO-ANTONIN-19552).
[2021.10.14-15.06.35:423][  0]LogStreaming: Warning: Failed to read file '../../../Engine/Content/Editor/Slate/Niagara/MenuSeparator.png' error.
[2021.10.14-15.06.35:423][  0]LogSlate: Could not find file for Slate resource: ../../../Engine/Content/Editor/Slate/Niagara/MenuSeparator.png
[2021.10.14-15.06.35:423][  0]LogStreaming: Warning: Failed to read file '../../../Engine/Content/Editor/Slate/Niagara/Common/Selector.png' error.
[2021.10.14-15.06.35:423][  0]LogSlate: Could not find file for Slate resource: ../../../Engine/Content/Editor/Slate/Niagara/Common/Selector.png
[2021.10.14-15.06.35:423][  0]LogStreaming: Warning: Failed to read file '../../../Engine/Content/Editor/Slate/Niagara/Common/Selection.png' error.
[2021.10.14-15.06.35:424][  0]LogSlate: Could not find file for Slate resource: ../../../Engine/Content/Editor/Slate/Niagara/Common/Selection.png
[2021.10.14-15.06.35:424][  0]LogStreaming: Warning: Failed to read file '../../../Engine/Content/Editor/Slate/Niagara/Common/DropZoneIndicator_Above.png' error.
[2021.10.14-15.06.35:424][  0]LogSlate: Could not find file for Slate resource: ../../../Engine/Content/Editor/Slate/Niagara/Common/DropZoneIndicator_Above.png
[2021.10.14-15.06.35:424][  0]LogStreaming: Warning: Failed to read file '../../../Engine/Content/Editor/Slate/Niagara/Common/DropZoneIndicator_Onto.png' error.
[2021.10.14-15.06.35:424][  0]LogSlate: Could not find file for Slate resource: ../../../Engine/Content/Editor/Slate/Niagara/Common/DropZoneIndicator_Onto.png
[2021.10.14-15.06.35:424][  0]LogStreaming: Warning: Failed to read file '../../../Engine/Content/Editor/Slate/Niagara/Common/DropZoneIndicator_Below.png' error.
[2021.10.14-15.06.35:424][  0]LogSlate: Could not find file for Slate resource: ../../../Engine/Content/Editor/Slate/Niagara/Common/DropZoneIndicator_Below.png
[2021.10.14-15.06.35:424][  0]LogStreaming: Warning: Failed to read file '../../../Engine/Content/Editor/Slate/Niagara/Common/RoundedSelection_16x.png' error.
[2021.10.14-15.06.35:424][  0]LogSlate: Could not find file for Slate resource: ../../../Engine/Content/Editor/Slate/Niagara/Common/RoundedSelection_16x.png
[2021.10.14-15.06.35:424][  0]LogStreaming: Warning: Failed to read file '../../../Engine/Content/Editor/Slate/Niagara/Common/FlatButton.png' error.
[2021.10.14-15.06.35:424][  0]LogSlate: Could not find file for Slate resource: ../../../Engine/Content/Editor/Slate/Niagara/Common/FlatButton.png
[2021.10.14-15.06.35:424][  0]LogImageWrapper: Warning: PNG Warning: Duplicate iCCP chunk
[2021.10.14-15.06.35:424][  0]LogImageWrapper: Warning: PNG Warning: Duplicate iCCP chunk
[2021.10.14-15.06.35:425][  0]LogPython: Using Python 3.7.7
[2021.10.14-15.06.36:073][  0]LogTcpMessaging: Initializing TcpMessaging bridge
[2021.10.14-15.06.36:083][  0]LogUdpMessaging: Initializing bridge on interface 0.0.0.0:0 to multicast group 230.0.0.1:6666.
[2021.10.14-15.06.36:248][  0]LogLinker: Warning: Failed to load '/Game/ThirdPersonBP/ThirdPersonOverview': Can't find file.
[2021.10.14-15.06.36:249][  0]LogLinker: Warning: Failed to load '/Game/ThirdPersonBP/ThirdPersonOverview': Can't find file.
[2021.10.14-15.06.36:249][  0]LogUObjectGlobals: Warning: Failed to find object 'Class /Game/ThirdPersonBP/ThirdPersonOverview.ThirdPersonOverview_C'
[2021.10.14-15.06.36:330][  0]SourceControl: Source control is disabled
[2021.10.14-15.06.36:331][  0]SourceControl: Source control is disabled
[2021.10.14-15.06.36:338][  0]SourceControl: Source control is disabled
[2021.10.14-15.06.36:346][  0]SourceControl: Source control is disabled
[2021.10.14-15.06.36:361][  0]SourceControl: Source control is disabled
[2021.10.14-15.06.36:375][  0]LogUProjectInfo: Found projects:
[2021.10.14-15.06.36:911][  0]LogOpenImageDenoise: OIDN starting up
[2021.10.14-15.06.36:988][  0]LogAndroidPermission: UAndroidPermissionCallbackProxy::GetInstance
[2021.10.14-15.06.37:021][  0]LogAudioCaptureCore: Display: No Audio Capture implementations found. Audio input will be silent.
[2021.10.14-15.06.37:021][  0]LogAudioCaptureCore: Display: No Audio Capture implementations found. Audio input will be silent.
[2021.10.14-15.06.37:259][  0]LogCollectionManager: Loaded 0 collections in 0.001953 seconds
[2021.10.14-15.06.37:308][  0]LogFileCache: Scanning file cache for directory 'D:/Projets Dev/Unreal Engine/GTech 4/Food_Looter_GC/Food_Looter_GC/Saved/Collections/' took 0.00s
[2021.10.14-15.06.37:308][  0]LogFileCache: Scanning file cache for directory 'D:/Projets Dev/Unreal Engine/GTech 4/Food_Looter_GC/Food_Looter_GC/Content/Developers/33781/Collections/' took 0.00s
[2021.10.14-15.06.37:308][  0]LogFileCache: Scanning file cache for directory 'D:/Projets Dev/Unreal Engine/GTech 4/Food_Looter_GC/Food_Looter_GC/Content/Collections/' took 0.00s
[2021.10.14-15.06.37:308][  0]LogOcInput: OculusInput pre-init called
[2021.10.14-15.06.37:663][  0]LogStreaming: Warning: Failed to read file '../../../Engine/Content/Editor/Slate/Niagara/MenuSeparator.png' error.
[2021.10.14-15.06.37:663][  0]LogSlate: Could not find file for Slate resource: ../../../Engine/Content/Editor/Slate/Niagara/MenuSeparator.png
[2021.10.14-15.06.37:663][  0]LogStreaming: Warning: Failed to read file '../../../Engine/Content/Editor/Slate/Niagara/Common/Selector.png' error.
[2021.10.14-15.06.37:663][  0]LogSlate: Could not find file for Slate resource: ../../../Engine/Content/Editor/Slate/Niagara/Common/Selector.png
[2021.10.14-15.06.37:664][  0]LogStreaming: Warning: Failed to read file '../../../Engine/Content/Editor/Slate/Niagara/Common/DropZoneIndicator_Above.png' error.
[2021.10.14-15.06.37:664][  0]LogSlate: Could not find file for Slate resource: ../../../Engine/Content/Editor/Slate/Niagara/Common/DropZoneIndicator_Above.png
[2021.10.14-15.06.37:664][  0]LogStreaming: Warning: Failed to read file '../../../Engine/Content/Editor/Slate/Niagara/Common/Selection.png' error.
[2021.10.14-15.06.37:664][  0]LogStreaming: Warning: Failed to read file '../../../Engine/Content/Editor/Slate/Niagara/Common/DropZoneIndicator_Below.png' error.
[2021.10.14-15.06.37:664][  0]LogSlate: Could not find file for Slate resource: ../../../Engine/Content/Editor/Slate/Niagara/Common/DropZoneIndicator_Below.png
[2021.10.14-15.06.37:664][  0]LogSlate: Could not find file for Slate resource: ../../../Engine/Content/Editor/Slate/Niagara/Common/Selection.png
[2021.10.14-15.06.37:664][  0]LogStreaming: Warning: Failed to read file '../../../Engine/Content/Editor/Slate/Niagara/Common/DropZoneIndicator_Onto.png' error.
[2021.10.14-15.06.37:664][  0]LogSlate: Could not find file for Slate resource: ../../../Engine/Content/Editor/Slate/Niagara/Common/DropZoneIndicator_Onto.png
[2021.10.14-15.06.37:664][  0]LogStreaming: Warning: Failed to read file '../../../Engine/Content/Editor/Slate/Niagara/Common/RoundedSelection_16x.png' error.
[2021.10.14-15.06.37:664][  0]LogSlate: Could not find file for Slate resource: ../../../Engine/Content/Editor/Slate/Niagara/Common/RoundedSelection_16x.png
[2021.10.14-15.06.37:664][  0]LogStreaming: Warning: Failed to read file '../../../Engine/Content/Editor/Slate/Niagara/Common/FlatButton.png' error.
[2021.10.14-15.06.37:664][  0]LogSlate: Could not find file for Slate resource: ../../../Engine/Content/Editor/Slate/Niagara/Common/FlatButton.png
[2021.10.14-15.06.37:664][  0]LogImageWrapper: Warning: PNG Warning: Duplicate iCCP chunk
[2021.10.14-15.06.37:664][  0]LogImageWrapper: Warning: PNG Warning: Duplicate iCCP chunk
[2021.10.14-15.06.37:664][  0]LogEngine: Initializing Engine...
[2021.10.14-15.06.38:167][  0]LogHMD: Failed to get an OpenXR system, result is XR_ERROR_FORM_FACTOR_UNAVAILABLE. Please check that your runtime supports VR headsets.
[2021.10.14-15.06.38:167][  0]LogMagicLeap: Warning: VR disabled because ZI is not enabled.  To enable, in the editor, Edit -> Project Settings -> Plugins -> Magic Leap Plugin -> Enable Zero Iteration
[2021.10.14-15.06.38:168][  0]LogStats: UGameplayTagsManager::InitializeManager -  0.000 s
[2021.10.14-15.06.38:323][  0]LogInit: Initializing FReadOnlyCVARCache
[2021.10.14-15.06.38:341][  0]LogAIModule: Creating AISystem for world Untitled
[2021.10.14-15.06.38:346][  0]LogAudio: Display: Initializing Audio Device Manager...
[2021.10.14-15.06.38:356][  0]LogAudio: Display: Loading Default Audio Settings Objects...
[2021.10.14-15.06.38:358][  0]LogAudio: Display: No default SoundConcurrencyObject specified (or failed to load).
[2021.10.14-15.06.38:358][  0]LogAudio: Display: Audio Device Manager Initialized
[2021.10.14-15.06.38:358][  0]LogAudio: Display: Creating Audio Device:                 Id: 1, Scope: Shared, Realtime: True
[2021.10.14-15.06.38:359][  0]LogAudioMixer: Display: Audio Mixer Platform Settings:
[2021.10.14-15.06.38:359][  0]LogAudioMixer: Display: 	Sample Rate:						  48000
[2021.10.14-15.06.38:359][  0]LogAudioMixer: Display: 	Callback Buffer Frame Size Requested: 1024
[2021.10.14-15.06.38:359][  0]LogAudioMixer: Display: 	Callback Buffer Frame Size To Use:	  1024
[2021.10.14-15.06.38:359][  0]LogAudioMixer: Display: 	Number of buffers to queue:			  2
[2021.10.14-15.06.38:359][  0]LogAudioMixer: Display: 	Max Channels (voices):				  32
[2021.10.14-15.06.38:359][  0]LogAudioMixer: Display: 	Number of Async Source Workers:		  0
[2021.10.14-15.06.38:359][  0]LogAudio: Display: AudioDevice MaxSources: 32
[2021.10.14-15.06.38:360][  0]LogAudio: Display: Audio Spatialization Plugin: None (built-in).
[2021.10.14-15.06.38:360][  0]LogAudio: Display: Audio Reverb Plugin: None (built-in).
[2021.10.14-15.06.38:360][  0]LogAudio: Display: Audio Occlusion Plugin: None (built-in).
[2021.10.14-15.06.38:360][  0]LogAudioMixer: Display: Initializing audio mixer.
[2021.10.14-15.06.38:395][  0]LogAudioMixer: Display: 0: FrontLeft
[2021.10.14-15.06.38:395][  0]LogAudioMixer: Display: 1: FrontRight
[2021.10.14-15.06.38:604][  0]LogAudioMixer: Display: Using Audio Device Haut-parleurs (Realtek(R) Audio)
[2021.10.14-15.06.38:607][  0]LogAudioMixer: Display: Initializing Sound Submixes...
[2021.10.14-15.06.38:614][  0]LogAudioMixer: Display: Creating Master Submix 'MasterSubmixDefault'
[2021.10.14-15.06.38:614][  0]LogAudioMixer: Display: Creating Master Submix 'MasterReverbSubmixDefault'
[2021.10.14-15.06.38:615][  0]LogAudioMixer: Display: Creating Master Submix 'MasterEQSubmixDefault'
[2021.10.14-15.06.38:615][  0]LogAudioMixer: FMixerPlatformXAudio2::StartAudioStream() called
[2021.10.14-15.06.38:615][  0]LogAudioMixer: Display: Output buffers initialized: Frames=1024, Channels=2, Samples=2048
[2021.10.14-15.06.38:619][  0]LogAudioMixer: Display: Starting AudioMixerPlatformInterface::RunInternal()
[2021.10.14-15.06.38:619][  0]LogAudioMixer: Display: FMixerPlatformXAudio2::SubmitBuffer() called for the first time
[2021.10.14-15.06.38:619][  0]LogInit: FAudioDevice initialized.
[2021.10.14-15.06.38:619][  0]LogAudio: Display: Audio Device (ID: 1) registered with world 'Untitled'.
[2021.10.14-15.06.38:619][  0]LogNetVersion: Set ProjectVersion to 1.0.0.0. Version Checksum will be recalculated on next use.
[2021.10.14-15.06.38:672][  0]LogDerivedDataCache: Saved boot cache 0.05s 95MB C:/Users/33781/AppData/Local/UnrealEngine/4.27/DerivedDataCache/Boot.ddc.
[2021.10.14-15.06.38:672][  0]LogInit: Texture streaming: Enabled
[2021.10.14-15.06.38:698][  0]LogAnalytics: Display: [UEEditor.Rocket.Release] APIServer = https://datarouter.ol.epicgames.com/. AppVersion = 4.27.0-17155196+++UE4+Release-4.27
[2021.10.14-15.06.38:710][  0]LogEngineSessionManager: EngineSessionManager initialized
[2021.10.14-15.06.38:711][  0]LogEditorSessionSummary: Verbose: Initializing EditorSessionSummaryWriter for editor session tracking
[2021.10.14-15.06.38:726][  0]LogEditorSessionSummary: EditorSessionSummaryWriter initialized
[2021.10.14-15.06.38:781][  0]LogInit: Transaction tracking system initialized
[2021.10.14-15.06.38:829][  0]BlueprintLog: New page: Editor Load
[2021.10.14-15.06.38:962][  0]LocalizationService: Localization service is disabled
[2021.10.14-15.06.39:016][  0]TimingProfiler: Initialize
[2021.10.14-15.06.39:016][  0]TimingProfiler: OnSessionChanged
[2021.10.14-15.06.39:016][  0]LoadingProfiler: Initialize
[2021.10.14-15.06.39:016][  0]LoadingProfiler: OnSessionChanged
[2021.10.14-15.06.39:016][  0]NetworkingProfiler: Initialize
[2021.10.14-15.06.39:016][  0]NetworkingProfiler: OnSessionChanged
[2021.10.14-15.06.39:016][  0]MemoryProfiler: Initialize
[2021.10.14-15.06.39:016][  0]MemoryProfiler: OnSessionChanged
[2021.10.14-15.06.39:321][  0]LogCook: Display: CookSettings for Memory: MemoryMaxUsedVirtual 0MiB, MemoryMaxUsedPhysical 16384MiB, MemoryMinFreeVirtual 0MiB, MemoryMinFreePhysical 1024MiB
[2021.10.14-15.06.39:321][  0]LogCook: Display: Mobile HDR setting 1
[2021.10.14-15.06.39:329][  0]LogFileCache: Scanning file cache for directory 'D:/Projets Dev/Unreal Engine/GTech 4/Food_Looter_GC/Food_Looter_GC/Content/' took 0.01s
[2021.10.14-15.06.39:673][  0]LogInit: Display: Engine is initialized. Leaving FEngineLoop::Init()
[2021.10.14-15.06.39:683][  0]SourceControl: Source control is disabled
[2021.10.14-15.06.39:683][  0]LogUnrealEdMisc: Loading editor; pre map load, took 13.427
[2021.10.14-15.06.39:684][  0]Cmd: MAP LOAD FILE="../../../Engine/Content/Maps/Templates/Template_Default.umap" TEMPLATE=1 SHOWPROGRESS=1 FEATURELEVEL=3
[2021.10.14-15.06.39:684][  0]LightingResults: New page: Lighting Build
[2021.10.14-15.06.39:686][  0]LogWorld: UWorld::CleanupWorld for Untitled, bSessionEnded=true, bCleanupResources=true
[2021.10.14-15.06.39:686][  0]LogSlate: InvalidateAllWidgets triggered.  All widgets were invalidated
[2021.10.14-15.06.39:686][  0]MapCheck: New page: Map Check
[2021.10.14-15.06.39:687][  0]LightingResults: New page: Lighting Build
[2021.10.14-15.06.39:692][  0]LogAudio: Display: Audio Device unregistered from world 'None'.
[2021.10.14-15.06.39:696][  0]LogUObjectHash: Compacting FUObjectHashTables data took   0.80ms
[2021.10.14-15.06.39:763][  0]LogTexture: Display: Building textures: DeprecatedTextureEB9CBE3C423008B5E8E130901E171C89 (BGRA8, 128X128)
[2021.10.14-15.06.39:777][  0]LogAudio: Display: Audio Device (ID: 1) registered with world 'Untitled_1'.
[2021.10.14-15.06.39:778][  0]LogAIModule: Creating AISystem for world Untitled_1
[2021.10.14-15.06.39:788][  0]LogEditorServer: Finished looking for orphan Actors (0.000 secs)
[2021.10.14-15.06.39:796][  0]LogUObjectHash: Compacting FUObjectHashTables data took   0.95ms
[2021.10.14-15.06.39:796][  0]Cmd: MAP CHECKDEP NOCLEARLOG
[2021.10.14-15.06.39:796][  0]MapCheck: Map check complete: 0 Error(s), 0 Warning(s), took 0,172ms to complete.
[2021.10.14-15.06.39:796][  0]LogFileHelpers: Loading map 'Template_Default' took 0.112
[2021.10.14-15.06.39:800][  0]LogUnrealEdMisc: Total Editor Startup Time, took 13.543
[2021.10.14-15.06.39:977][  0]LogSlate: Updating window title bar state: overlay mode, drag disabled, window buttons hidden, title bar hidden
[2021.10.14-15.06.39:986][  0]LogSlate: Updating window title bar state: overlay mode, drag disabled, window buttons hidden, title bar hidden
[2021.10.14-15.06.39:994][  0]LogSlate: Updating window title bar state: overlay mode, drag disabled, window buttons hidden, title bar hidden
[2021.10.14-15.06.40:003][  0]LogSlate: Updating window title bar state: overlay mode, drag disabled, window buttons hidden, title bar hidden
[2021.10.14-15.06.40:027][  0]LogNativeClassHierarchy: Verbose: Native class hierarchy populated in 0.0098 seconds. Added 3826 classes and 923 folders.
[2021.10.14-15.06.40:060][  0]LogNativeClassHierarchy: Verbose: Native class hierarchy updated for 'WidgetCarousel' in 0.0004 seconds. Added 0 classes and 0 folders.
[2021.10.14-15.06.40:063][  0]LogPakFile: PakFile PrimaryIndexSize=187
[2021.10.14-15.06.40:063][  0]LogPakFile: PakFile PathHashIndexSize=101
[2021.10.14-15.06.40:063][  0]LogPakFile: PakFile FullDirectoryIndexSize=148
[2021.10.14-15.06.40:064][  0]LogShaderLibrary: Display: ShaderCodeLibraryPakFileMountedCallback: PakFile 'D:/Epic Games/UE_4.27/FeaturePacks/FP_FirstPerson.upack' (chunk index -1, root 'root:/') mounted
[2021.10.14-15.06.40:064][  0]LogShaderLibrary: Display: ShaderCodeLibraryPakFileMountedCallback: pending pak file info (ChunkID:-1 Root:root:/ File:D:/Epic Games/UE_4.27/FeaturePacks/FP_FirstPerson.upack)
[2021.10.14-15.06.40:064][  0]LogPakFile: OnPakFileMounted2Time == 0.000192
[2021.10.14-15.06.40:066][  0]LogPakFile: PakFile PrimaryIndexSize=189
[2021.10.14-15.06.40:066][  0]LogPakFile: PakFile PathHashIndexSize=101
[2021.10.14-15.06.40:066][  0]LogPakFile: PakFile FullDirectoryIndexSize=152
[2021.10.14-15.06.40:066][  0]LogShaderLibrary: Display: ShaderCodeLibraryPakFileMountedCallback: PakFile 'D:/Epic Games/UE_4.27/FeaturePacks/FP_FirstPersonBP.upack' (chunk index -1, root 'root:/') mounted
[2021.10.14-15.06.40:066][  0]LogShaderLibrary: Display: ShaderCodeLibraryPakFileMountedCallback: pending pak file info (ChunkID:-1 Root:root:/ File:D:/Epic Games/UE_4.27/FeaturePacks/FP_FirstPersonBP.upack)
[2021.10.14-15.06.40:066][  0]LogPakFile: OnPakFileMounted2Time == 0.000180
[2021.10.14-15.06.40:068][  0]LogPakFile: PakFile PrimaryIndexSize=191
[2021.10.14-15.06.40:068][  0]LogPakFile: PakFile PathHashIndexSize=101
[2021.10.14-15.06.40:068][  0]LogPakFile: PakFile FullDirectoryIndexSize=160
[2021.10.14-15.06.40:068][  0]LogShaderLibrary: Display: ShaderCodeLibraryPakFileMountedCallback: PakFile 'D:/Epic Games/UE_4.27/FeaturePacks/MobileStarterContent.upack' (chunk index -1, root 'root:/') mounted
[2021.10.14-15.06.40:068][  0]LogShaderLibrary: Display: ShaderCodeLibraryPakFileMountedCallback: pending pak file info (ChunkID:-1 Root:root:/ File:D:/Epic Games/UE_4.27/FeaturePacks/MobileStarterContent.upack)
[2021.10.14-15.06.40:068][  0]LogPakFile: OnPakFileMounted2Time == 0.000173
[2021.10.14-15.06.40:070][  0]LogPakFile: PakFile PrimaryIndexSize=185
[2021.10.14-15.06.40:070][  0]LogPakFile: PakFile PathHashIndexSize=101
[2021.10.14-15.06.40:070][  0]LogPakFile: PakFile FullDirectoryIndexSize=148
[2021.10.14-15.06.40:070][  0]LogShaderLibrary: Display: ShaderCodeLibraryPakFileMountedCallback: PakFile 'D:/Epic Games/UE_4.27/FeaturePacks/StarterContent.upack' (chunk index -1, root 'root:/') mounted
[2021.10.14-15.06.40:070][  0]LogShaderLibrary: Display: ShaderCodeLibraryPakFileMountedCallback: pending pak file info (ChunkID:-1 Root:root:/ File:D:/Epic Games/UE_4.27/FeaturePacks/StarterContent.upack)
[2021.10.14-15.06.40:071][  0]LogPakFile: OnPakFileMounted2Time == 0.000193
[2021.10.14-15.06.40:072][  0]LogPakFile: PakFile PrimaryIndexSize=190
[2021.10.14-15.06.40:073][  0]LogPakFile: PakFile PathHashIndexSize=101
[2021.10.14-15.06.40:073][  0]LogPakFile: PakFile FullDirectoryIndexSize=154
[2021.10.14-15.06.40:073][  0]LogShaderLibrary: Display: ShaderCodeLibraryPakFileMountedCallback: PakFile 'D:/Epic Games/UE_4.27/FeaturePacks/TP_2DSideScroller.upack' (chunk index -1, root 'root:/') mounted
[2021.10.14-15.06.40:073][  0]LogShaderLibrary: Display: ShaderCodeLibraryPakFileMountedCallback: pending pak file info (ChunkID:-1 Root:root:/ File:D:/Epic Games/UE_4.27/FeaturePacks/TP_2DSideScroller.upack)
[2021.10.14-15.06.40:073][  0]LogPakFile: OnPakFileMounted2Time == 0.000184
[2021.10.14-15.06.40:075][  0]LogPakFile: PakFile PrimaryIndexSize=192
[2021.10.14-15.06.40:075][  0]LogPakFile: PakFile PathHashIndexSize=101
[2021.10.14-15.06.40:076][  0]LogPakFile: PakFile FullDirectoryIndexSize=158
[2021.10.14-15.06.40:076][  0]LogShaderLibrary: Display: ShaderCodeLibraryPakFileMountedCallback: PakFile 'D:/Epic Games/UE_4.27/FeaturePacks/TP_2DSideScrollerBP.upack' (chunk index -1, root 'root:/') mounted
[2021.10.14-15.06.40:076][  0]LogShaderLibrary: Display: ShaderCodeLibraryPakFileMountedCallback: pending pak file info (ChunkID:-1 Root:root:/ File:D:/Epic Games/UE_4.27/FeaturePacks/TP_2DSideScrollerBP.upack)
[2021.10.14-15.06.40:076][  0]LogPakFile: OnPakFileMounted2Time == 0.000201
[2021.10.14-15.06.40:078][  0]LogPakFile: PakFile PrimaryIndexSize=182
[2021.10.14-15.06.40:078][  0]LogPakFile: PakFile PathHashIndexSize=101
[2021.10.14-15.06.40:078][  0]LogPakFile: PakFile FullDirectoryIndexSize=138
[2021.10.14-15.06.40:078][  0]LogShaderLibrary: Display: ShaderCodeLibraryPakFileMountedCallback: PakFile 'D:/Epic Games/UE_4.27/FeaturePacks/TP_Flying.upack' (chunk index -1, root 'root:/') mounted
[2021.10.14-15.06.40:078][  0]LogShaderLibrary: Display: ShaderCodeLibraryPakFileMountedCallback: pending pak file info (ChunkID:-1 Root:root:/ File:D:/Epic Games/UE_4.27/FeaturePacks/TP_Flying.upack)
[2021.10.14-15.06.40:078][  0]LogPakFile: OnPakFileMounted2Time == 0.000189
[2021.10.14-15.06.40:080][  0]LogPakFile: PakFile PrimaryIndexSize=184
[2021.10.14-15.06.40:080][  0]LogPakFile: PakFile PathHashIndexSize=101
[2021.10.14-15.06.40:080][  0]LogPakFile: PakFile FullDirectoryIndexSize=142
[2021.10.14-15.06.40:080][  0]LogShaderLibrary: Display: ShaderCodeLibraryPakFileMountedCallback: PakFile 'D:/Epic Games/UE_4.27/FeaturePacks/TP_FlyingBP.upack' (chunk index -1, root 'root:/') mounted
[2021.10.14-15.06.40:080][  0]LogShaderLibrary: Display: ShaderCodeLibraryPakFileMountedCallback: pending pak file info (ChunkID:-1 Root:root:/ File:D:/Epic Games/UE_4.27/FeaturePacks/TP_FlyingBP.upack)
[2021.10.14-15.06.40:080][  0]LogPakFile: OnPakFileMounted2Time == 0.000168
[2021.10.14-15.06.40:082][  0]LogPakFile: PakFile PrimaryIndexSize=188
[2021.10.14-15.06.40:082][  0]LogPakFile: PakFile PathHashIndexSize=101
[2021.10.14-15.06.40:082][  0]LogPakFile: PakFile FullDirectoryIndexSize=150
[2021.10.14-15.06.40:082][  0]LogShaderLibrary: Display: ShaderCodeLibraryPakFileMountedCallback: PakFile 'D:/Epic Games/UE_4.27/FeaturePacks/TP_HandheldARBP.upack' (chunk index -1, root 'root:/') mounted
[2021.10.14-15.06.40:082][  0]LogShaderLibrary: Display: ShaderCodeLibraryPakFileMountedCallback: pending pak file info (ChunkID:-1 Root:root:/ File:D:/Epic Games/UE_4.27/FeaturePacks/TP_HandheldARBP.upack)
[2021.10.14-15.06.40:082][  0]LogPakFile: OnPakFileMounted2Time == 0.000184
[2021.10.14-15.06.40:084][  0]LogPakFile: PakFile PrimaryIndexSize=182
[2021.10.14-15.06.40:084][  0]LogPakFile: PakFile PathHashIndexSize=101
[2021.10.14-15.06.40:084][  0]LogPakFile: PakFile FullDirectoryIndexSize=138
[2021.10.14-15.06.40:084][  0]LogShaderLibrary: Display: ShaderCodeLibraryPakFileMountedCallback: PakFile 'D:/Epic Games/UE_4.27/FeaturePacks/TP_Puzzle.upack' (chunk index -1, root 'root:/') mounted
[2021.10.14-15.06.40:085][  0]LogShaderLibrary: Display: ShaderCodeLibraryPakFileMountedCallback: pending pak file info (ChunkID:-1 Root:root:/ File:D:/Epic Games/UE_4.27/FeaturePacks/TP_Puzzle.upack)
[2021.10.14-15.06.40:085][  0]LogPakFile: OnPakFileMounted2Time == 0.000169
[2021.10.14-15.06.40:086][  0]LogPakFile: PakFile PrimaryIndexSize=184
[2021.10.14-15.06.40:087][  0]LogPakFile: PakFile PathHashIndexSize=101
[2021.10.14-15.06.40:087][  0]LogPakFile: PakFile FullDirectoryIndexSize=142
[2021.10.14-15.06.40:087][  0]LogShaderLibrary: Display: ShaderCodeLibraryPakFileMountedCallback: PakFile 'D:/Epic Games/UE_4.27/FeaturePacks/TP_PuzzleBP.upack' (chunk index -1, root 'root:/') mounted
[2021.10.14-15.06.40:087][  0]LogShaderLibrary: Display: ShaderCodeLibraryPakFileMountedCallback: pending pak file info (ChunkID:-1 Root:root:/ File:D:/Epic Games/UE_4.27/FeaturePacks/TP_PuzzleBP.upack)
[2021.10.14-15.06.40:087][  0]LogPakFile: OnPakFileMounted2Time == 0.000173
[2021.10.14-15.06.40:089][  0]LogPakFile: PakFile PrimaryIndexSize=183
[2021.10.14-15.06.40:089][  0]LogPakFile: PakFile PathHashIndexSize=101
[2021.10.14-15.06.40:089][  0]LogPakFile: PakFile FullDirectoryIndexSize=140
[2021.10.14-15.06.40:090][  0]LogShaderLibrary: Display: ShaderCodeLibraryPakFileMountedCallback: PakFile 'D:/Epic Games/UE_4.27/FeaturePacks/TP_Rolling.upack' (chunk index -1, root 'root:/') mounted
[2021.10.14-15.06.40:090][  0]LogShaderLibrary: Display: ShaderCodeLibraryPakFileMountedCallback: pending pak file info (ChunkID:-1 Root:root:/ File:D:/Epic Games/UE_4.27/FeaturePacks/TP_Rolling.upack)
[2021.10.14-15.06.40:090][  0]LogPakFile: OnPakFileMounted2Time == 0.000217
[2021.10.14-15.06.40:092][  0]LogPakFile: PakFile PrimaryIndexSize=185
[2021.10.14-15.06.40:092][  0]LogPakFile: PakFile PathHashIndexSize=101
[2021.10.14-15.06.40:092][  0]LogPakFile: PakFile FullDirectoryIndexSize=144
[2021.10.14-15.06.40:092][  0]LogShaderLibrary: Display: ShaderCodeLibraryPakFileMountedCallback: PakFile 'D:/Epic Games/UE_4.27/FeaturePacks/TP_RollingBP.upack' (chunk index -1, root 'root:/') mounted
[2021.10.14-15.06.40:092][  0]LogShaderLibrary: Display: ShaderCodeLibraryPakFileMountedCallback: pending pak file info (ChunkID:-1 Root:root:/ File:D:/Epic Games/UE_4.27/FeaturePacks/TP_RollingBP.upack)
[2021.10.14-15.06.40:092][  0]LogPakFile: OnPakFileMounted2Time == 0.000184
[2021.10.14-15.06.40:094][  0]LogPakFile: PakFile PrimaryIndexSize=188
[2021.10.14-15.06.40:094][  0]LogPakFile: PakFile PathHashIndexSize=101
[2021.10.14-15.06.40:094][  0]LogPakFile: PakFile FullDirectoryIndexSize=150
[2021.10.14-15.06.40:094][  0]LogShaderLibrary: Display: ShaderCodeLibraryPakFileMountedCallback: PakFile 'D:/Epic Games/UE_4.27/FeaturePacks/TP_SideScroller.upack' (chunk index -1, root 'root:/') mounted
[2021.10.14-15.06.40:094][  0]LogShaderLibrary: Display: ShaderCodeLibraryPakFileMountedCallback: pending pak file info (ChunkID:-1 Root:root:/ File:D:/Epic Games/UE_4.27/FeaturePacks/TP_SideScroller.upack)
[2021.10.14-15.06.40:094][  0]LogPakFile: OnPakFileMounted2Time == 0.000184
[2021.10.14-15.06.40:096][  0]LogPakFile: PakFile PrimaryIndexSize=190
[2021.10.14-15.06.40:096][  0]LogPakFile: PakFile PathHashIndexSize=101
[2021.10.14-15.06.40:096][  0]LogPakFile: PakFile FullDirectoryIndexSize=154
[2021.10.14-15.06.40:096][  0]LogShaderLibrary: Display: ShaderCodeLibraryPakFileMountedCallback: PakFile 'D:/Epic Games/UE_4.27/FeaturePacks/TP_SideScrollerBP.upack' (chunk index -1, root 'root:/') mounted
[2021.10.14-15.06.40:096][  0]LogShaderLibrary: Display: ShaderCodeLibraryPakFileMountedCallback: pending pak file info (ChunkID:-1 Root:root:/ File:D:/Epic Games/UE_4.27/FeaturePacks/TP_SideScrollerBP.upack)
[2021.10.14-15.06.40:096][  0]LogPakFile: OnPakFileMounted2Time == 0.000156
[2021.10.14-15.06.40:098][  0]LogPakFile: PakFile PrimaryIndexSize=187
[2021.10.14-15.06.40:098][  0]LogPakFile: PakFile PathHashIndexSize=101
[2021.10.14-15.06.40:098][  0]LogPakFile: PakFile FullDirectoryIndexSize=148
[2021.10.14-15.06.40:098][  0]LogShaderLibrary: Display: ShaderCodeLibraryPakFileMountedCallback: PakFile 'D:/Epic Games/UE_4.27/FeaturePacks/TP_ThirdPerson.upack' (chunk index -1, root 'root:/') mounted
[2021.10.14-15.06.40:098][  0]LogShaderLibrary: Display: ShaderCodeLibraryPakFileMountedCallback: pending pak file info (ChunkID:-1 Root:root:/ File:D:/Epic Games/UE_4.27/FeaturePacks/TP_ThirdPerson.upack)
[2021.10.14-15.06.40:098][  0]LogPakFile: OnPakFileMounted2Time == 0.000140
[2021.10.14-15.06.40:100][  0]LogPakFile: PakFile PrimaryIndexSize=189
[2021.10.14-15.06.40:100][  0]LogPakFile: PakFile PathHashIndexSize=101
[2021.10.14-15.06.40:100][  0]LogPakFile: PakFile FullDirectoryIndexSize=152
[2021.10.14-15.06.40:100][  0]LogShaderLibrary: Display: ShaderCodeLibraryPakFileMountedCallback: PakFile 'D:/Epic Games/UE_4.27/FeaturePacks/TP_ThirdPersonBP.upack' (chunk index -1, root 'root:/') mounted
[2021.10.14-15.06.40:100][  0]LogShaderLibrary: Display: ShaderCodeLibraryPakFileMountedCallback: pending pak file info (ChunkID:-1 Root:root:/ File:D:/Epic Games/UE_4.27/FeaturePacks/TP_ThirdPersonBP.upack)
[2021.10.14-15.06.40:100][  0]LogPakFile: OnPakFileMounted2Time == 0.000165
[2021.10.14-15.06.40:102][  0]LogPakFile: PakFile PrimaryIndexSize=183
[2021.10.14-15.06.40:102][  0]LogPakFile: PakFile PathHashIndexSize=101
[2021.10.14-15.06.40:102][  0]LogPakFile: PakFile FullDirectoryIndexSize=140
[2021.10.14-15.06.40:102][  0]LogShaderLibrary: Display: ShaderCodeLibraryPakFileMountedCallback: PakFile 'D:/Epic Games/UE_4.27/FeaturePacks/TP_TopDown.upack' (chunk index -1, root 'root:/') mounted
[2021.10.14-15.06.40:102][  0]LogShaderLibrary: Display: ShaderCodeLibraryPakFileMountedCallback: pending pak file info (ChunkID:-1 Root:root:/ File:D:/Epic Games/UE_4.27/FeaturePacks/TP_TopDown.upack)
[2021.10.14-15.06.40:102][  0]LogPakFile: OnPakFileMounted2Time == 0.000150
[2021.10.14-15.06.40:104][  0]LogPakFile: PakFile PrimaryIndexSize=185
[2021.10.14-15.06.40:104][  0]LogPakFile: PakFile PathHashIndexSize=101
[2021.10.14-15.06.40:104][  0]LogPakFile: PakFile FullDirectoryIndexSize=144
[2021.10.14-15.06.40:104][  0]LogShaderLibrary: Display: ShaderCodeLibraryPakFileMountedCallback: PakFile 'D:/Epic Games/UE_4.27/FeaturePacks/TP_TopDownBP.upack' (chunk index -1, root 'root:/') mounted
[2021.10.14-15.06.40:104][  0]LogShaderLibrary: Display: ShaderCodeLibraryPakFileMountedCallback: pending pak file info (ChunkID:-1 Root:root:/ File:D:/Epic Games/UE_4.27/FeaturePacks/TP_TopDownBP.upack)
[2021.10.14-15.06.40:104][  0]LogPakFile: OnPakFileMounted2Time == 0.000178
[2021.10.14-15.06.40:106][  0]LogPakFile: PakFile PrimaryIndexSize=185
[2021.10.14-15.06.40:106][  0]LogPakFile: PakFile PathHashIndexSize=101
[2021.10.14-15.06.40:107][  0]LogPakFile: PakFile FullDirectoryIndexSize=144
[2021.10.14-15.06.40:107][  0]LogShaderLibrary: Display: ShaderCodeLibraryPakFileMountedCallback: PakFile 'D:/Epic Games/UE_4.27/FeaturePacks/TP_TwinStick.upack' (chunk index -1, root 'root:/') mounted
[2021.10.14-15.06.40:107][  0]LogShaderLibrary: Display: ShaderCodeLibraryPakFileMountedCallback: pending pak file info (ChunkID:-1 Root:root:/ File:D:/Epic Games/UE_4.27/FeaturePacks/TP_TwinStick.upack)
[2021.10.14-15.06.40:107][  0]LogPakFile: OnPakFileMounted2Time == 0.000149
[2021.10.14-15.06.40:108][  0]LogPakFile: PakFile PrimaryIndexSize=187
[2021.10.14-15.06.40:109][  0]LogPakFile: PakFile PathHashIndexSize=101
[2021.10.14-15.06.40:109][  0]LogPakFile: PakFile FullDirectoryIndexSize=148
[2021.10.14-15.06.40:109][  0]LogShaderLibrary: Display: ShaderCodeLibraryPakFileMountedCallback: PakFile 'D:/Epic Games/UE_4.27/FeaturePacks/TP_TwinStickBP.upack' (chunk index -1, root 'root:/') mounted
[2021.10.14-15.06.40:109][  0]LogShaderLibrary: Display: ShaderCodeLibraryPakFileMountedCallback: pending pak file info (ChunkID:-1 Root:root:/ File:D:/Epic Games/UE_4.27/FeaturePacks/TP_TwinStickBP.upack)
[2021.10.14-15.06.40:109][  0]LogPakFile: OnPakFileMounted2Time == 0.000165
[2021.10.14-15.06.40:110][  0]LogPakFile: PakFile PrimaryIndexSize=183
[2021.10.14-15.06.40:110][  0]LogPakFile: PakFile PathHashIndexSize=101
[2021.10.14-15.06.40:110][  0]LogPakFile: PakFile FullDirectoryIndexSize=140
[2021.10.14-15.06.40:110][  0]LogShaderLibrary: Display: ShaderCodeLibraryPakFileMountedCallback: PakFile 'D:/Epic Games/UE_4.27/FeaturePacks/TP_Vehicle.upack' (chunk index -1, root 'root:/') mounted
[2021.10.14-15.06.40:111][  0]LogShaderLibrary: Display: ShaderCodeLibraryPakFileMountedCallback: pending pak file info (ChunkID:-1 Root:root:/ File:D:/Epic Games/UE_4.27/FeaturePacks/TP_Vehicle.upack)
[2021.10.14-15.06.40:111][  0]LogPakFile: OnPakFileMounted2Time == 0.000143
[2021.10.14-15.06.40:112][  0]LogPakFile: PakFile PrimaryIndexSize=186
[2021.10.14-15.06.40:112][  0]LogPakFile: PakFile PathHashIndexSize=101
[2021.10.14-15.06.40:112][  0]LogPakFile: PakFile FullDirectoryIndexSize=146
[2021.10.14-15.06.40:112][  0]LogShaderLibrary: Display: ShaderCodeLibraryPakFileMountedCallback: PakFile 'D:/Epic Games/UE_4.27/FeaturePacks/TP_VehicleAdv.upack' (chunk index -1, root 'root:/') mounted
[2021.10.14-15.06.40:112][  0]LogShaderLibrary: Display: ShaderCodeLibraryPakFileMountedCallback: pending pak file info (ChunkID:-1 Root:root:/ File:D:/Epic Games/UE_4.27/FeaturePacks/TP_VehicleAdv.upack)
[2021.10.14-15.06.40:112][  0]LogPakFile: OnPakFileMounted2Time == 0.000168
[2021.10.14-15.06.40:114][  0]LogPakFile: PakFile PrimaryIndexSize=188
[2021.10.14-15.06.40:114][  0]LogPakFile: PakFile PathHashIndexSize=101
[2021.10.14-15.06.40:114][  0]LogPakFile: PakFile FullDirectoryIndexSize=150
[2021.10.14-15.06.40:114][  0]LogShaderLibrary: Display: ShaderCodeLibraryPakFileMountedCallback: PakFile 'D:/Epic Games/UE_4.27/FeaturePacks/TP_VehicleAdvBP.upack' (chunk index -1, root 'root:/') mounted
[2021.10.14-15.06.40:114][  0]LogShaderLibrary: Display: ShaderCodeLibraryPakFileMountedCallback: pending pak file info (ChunkID:-1 Root:root:/ File:D:/Epic Games/UE_4.27/FeaturePacks/TP_VehicleAdvBP.upack)
[2021.10.14-15.06.40:114][  0]LogPakFile: OnPakFileMounted2Time == 0.000184
[2021.10.14-15.06.40:116][  0]LogPakFile: PakFile PrimaryIndexSize=185
[2021.10.14-15.06.40:116][  0]LogPakFile: PakFile PathHashIndexSize=101
[2021.10.14-15.06.40:116][  0]LogPakFile: PakFile FullDirectoryIndexSize=144
[2021.10.14-15.06.40:116][  0]LogShaderLibrary: Display: ShaderCodeLibraryPakFileMountedCallback: PakFile 'D:/Epic Games/UE_4.27/FeaturePacks/TP_VehicleBP.upack' (chunk index -1, root 'root:/') mounted
[2021.10.14-15.06.40:117][  0]LogShaderLibrary: Display: ShaderCodeLibraryPakFileMountedCallback: pending pak file info (ChunkID:-1 Root:root:/ File:D:/Epic Games/UE_4.27/FeaturePacks/TP_VehicleBP.upack)
[2021.10.14-15.06.40:117][  0]LogPakFile: OnPakFileMounted2Time == 0.000154
[2021.10.14-15.06.40:118][  0]LogPakFile: PakFile PrimaryIndexSize=192
[2021.10.14-15.06.40:118][  0]LogPakFile: PakFile PathHashIndexSize=101
[2021.10.14-15.06.40:118][  0]LogPakFile: PakFile FullDirectoryIndexSize=158
[2021.10.14-15.06.40:118][  0]LogShaderLibrary: Display: ShaderCodeLibraryPakFileMountedCallback: PakFile 'D:/Epic Games/UE_4.27/FeaturePacks/TP_VirtualRealityBP.upack' (chunk index -1, root 'root:/') mounted
[2021.10.14-15.06.40:118][  0]LogShaderLibrary: Display: ShaderCodeLibraryPakFileMountedCallback: pending pak file info (ChunkID:-1 Root:root:/ File:D:/Epic Games/UE_4.27/FeaturePacks/TP_VirtualRealityBP.upack)
[2021.10.14-15.06.40:118][  0]LogPakFile: OnPakFileMounted2Time == 0.000190
[2021.10.14-15.06.40:204][  0]LogNativeClassHierarchy: Verbose: Native class hierarchy updated for 'AddContentDialog' in 0.0003 seconds. Added 0 classes and 0 folders.
[2021.10.14-15.06.40:205][  0]LogNativeClassHierarchy: Verbose: Native class hierarchy updated for 'SceneOutliner' in 0.0002 seconds. Added 2 classes and 0 folders.
[2021.10.14-15.06.40:255][  0]LogSlate: Took 0.000636 seconds to synchronously load lazily loaded font '../../../Engine/Content/Slate/Fonts/Roboto-Regular.ttf' (155K)
[2021.10.14-15.06.40:256][  0]LogSlate: Took 0.000597 seconds to synchronously load lazily loaded font '../../../Engine/Content/Editor/Slate/Fonts/FontAwesome.ttf' (139K)
[2021.10.14-15.06.40:258][  0]LogSlate: Took 0.000538 seconds to synchronously load lazily loaded font '../../../Engine/Content/Slate/Fonts/Roboto-Bold.ttf' (160K)
[2021.10.14-15.06.40:354][  0]LogRenderer: Reallocating scene render targets to support 964x432 Format 10 NumSamples 1 (Frame:1).
[2021.10.14-15.06.41:002][  0]LogSlate: Took 0.000588 seconds to synchronously load lazily loaded font '../../../Engine/Content/Slate/Fonts/Roboto-Light.ttf' (167K)
[2021.10.14-15.06.41:385][  0]LogNativeClassHierarchy: Verbose: Native class hierarchy updated for 'HierarchicalLODOutliner' in 0.0003 seconds. Added 0 classes and 0 folders.
[2021.10.14-15.06.41:386][  0]LogLoad: (Engine Initialization) Total time: 15.13 seconds
[2021.10.14-15.06.41:386][  0]LogLoad: (Engine Initialization) Total Blueprint compile time: 0.00 seconds
[2021.10.14-15.06.41:438][  0]LogAssetRegistry: Asset discovery search completed in 7.9086 seconds
[2021.10.14-15.06.41:448][  0]LogCollectionManager: Fixed up redirectors for 0 collections in 0.000004 seconds (updated 0 objects)
[2021.10.14-15.06.41:449][  0]LogContentStreaming: Texture pool size now 1000 MB
[2021.10.14-15.06.41:459][  0]LogSlate: Took 0.001380 seconds to synchronously load lazily loaded font '../../../Engine/Content/Slate/Fonts/DroidSansFallback.ttf' (3848K)
[2021.10.14-15.06.42:445][ 56]LogSlate: Took 0.000540 seconds to synchronously load lazily loaded font '../../../Engine/Content/Slate/Fonts/Roboto-Light.ttf' (167K)
