Log file open, 10/14/21 21:51:30
LogWindows: Failed to load 'aqProf.dll' (GetLastError=126)
LogWindows: File 'aqProf.dll' does not exist
LogWindows: Failed to load 'VtuneApi.dll' (GetLastError=126)
LogWindows: File 'VtuneApi.dll' does not exist
LogWindows: Failed to load 'VtuneApi32e.dll' (GetLastError=126)
LogWindows: File 'VtuneApi32e.dll' does not exist
LogConsoleResponse: Display: Failed to find resolution value strings in scalability ini. Falling back to default.
LogConsoleResponse: Display: Failed to find resolution value strings in scalability ini. Falling back to default.
LogInit: Display: Running engine for game: Food_Looter_GC
LogPlatformFile: Not using cached read wrapper
LogTaskGraph: Started task graph with 5 named threads and 23 total threads with 3 sets of task threads.
LogStats: Stats thread started at 1.656901
LogICUInternationalization: ICU TimeZone Detection - Raw Offset: +1:00, Platform Override: ''
LogInit: Display: Loading text-based GConfig....
LogPluginManager: Mounting plugin MeshPainting
LogPluginManager: Mounting plugin XGEController
LogPluginManager: Mounting plugin AISupport
LogPluginManager: Mounting plugin EnvironmentQueryEditor
LogPluginManager: Mounting plugin Paper2D
LogPluginManager: Mounting plugin LiveLink
LogPluginManager: Mounting plugin LightPropagationVolume
LogPluginManager: Mounting plugin CameraShakePreviewer
LogPluginManager: Mounting plugin OodleData
LogPluginManager: Mounting plugin OodleNetwork
LogPluginManager: Mounting plugin GameplayCameras
LogPluginManager: Mounting plugin AnimationSharing
LogPluginManager: Mounting plugin CLionSourceCodeAccess
LogPluginManager: Mounting plugin CodeLiteSourceCodeAccess
LogPluginManager: Mounting plugin KDevelopSourceCodeAccess
LogPluginManager: Mounting plugin GitSourceControl
LogPluginManager: Mounting plugin NullSourceCodeAccess
LogPluginManager: Mounting plugin PixWinPlugin
LogPluginManager: Mounting plugin PerforceSourceControl
LogPluginManager: Mounting plugin PlasticSourceControl
LogPluginManager: Mounting plugin PropertyAccessNode
LogPluginManager: Mounting plugin PluginUtils
LogPluginManager: Mounting plugin RiderSourceCodeAccess
LogPluginManager: Mounting plugin SubversionSourceControl
LogPluginManager: Mounting plugin TextureFormatOodle
LogPluginManager: Mounting plugin UObjectPlugin
LogPluginManager: Mounting plugin Niagara
LogPluginManager: Mounting plugin VisualStudioCodeSourceCodeAccess
LogPluginManager: Mounting plugin AssetManagerEditor
LogPluginManager: Mounting plugin VisualStudioSourceCodeAccess
LogPluginManager: Mounting plugin XCodeSourceCodeAccess
LogPluginManager: Mounting plugin CryptoKeys
LogPluginManager: Mounting plugin CurveEditorTools
LogPluginManager: Mounting plugin DataValidation
LogPluginManager: Mounting plugin FacialAnimation
LogPluginManager: Mounting plugin GameplayTagsEditor
LogPluginManager: Mounting plugin GeometryMode
LogPluginManager: Mounting plugin MacGraphicsSwitching
LogPluginManager: Mounting plugin MaterialAnalyzer
LogPluginManager: Mounting plugin PluginBrowser
LogPluginManager: Mounting plugin MobileLauncherProfileWizard
LogPluginManager: Mounting plugin SpeedTreeImporter
LogPluginManager: Mounting plugin DatasmithContent
LogPluginManager: Mounting plugin LuminPlatformFeatures
LogPluginManager: Mounting plugin VariantManagerContent
LogPluginManager: Mounting plugin MagicLeap
LogPluginManager: Mounting plugin MagicLeapMedia
LogPluginManager: Mounting plugin MLSDK
LogPluginManager: Mounting plugin MagicLeapLightEstimation
LogPluginManager: Mounting plugin AlembicImporter
LogPluginManager: Mounting plugin MagicLeapPassableWorld
LogPluginManager: Mounting plugin BackChannel
LogPluginManager: Mounting plugin AutomationUtils
LogPluginManager: Mounting plugin ChaosCloth
LogPluginManager: Mounting plugin ChaosClothEditor
LogPluginManager: Mounting plugin ChaosEditor
LogPluginManager: Mounting plugin ChaosSolverPlugin
LogPluginManager: Mounting plugin CharacterAI
LogPluginManager: Mounting plugin ChaosNiagara
LogPluginManager: Mounting plugin GeometryCache
LogPluginManager: Mounting plugin GeometryCollectionPlugin
LogPluginManager: Mounting plugin AvfMedia
LogPluginManager: Mounting plugin AndroidMedia
LogPluginManager: Mounting plugin MediaCompositing
LogPluginManager: Mounting plugin ImgMedia
LogPluginManager: Mounting plugin MediaPlayerEditor
LogPluginManager: Mounting plugin GeometryProcessing
LogPluginManager: Mounting plugin WebMMedia
LogPluginManager: Mounting plugin WmfMedia
LogPluginManager: Mounting plugin MotoSynth
LogPluginManager: Mounting plugin ProxyLODPlugin
LogPluginManager: Mounting plugin PlanarCut
LogPluginManager: Mounting plugin PlatformCrypto
LogPluginManager: Mounting plugin OpenImageDenoise
LogPluginManager: Mounting plugin PythonScriptPlugin
LogPluginManager: Mounting plugin SkeletalReduction
LogPluginManager: Mounting plugin TcpMessaging
LogPluginManager: Mounting plugin UdpMessaging
LogPluginManager: Mounting plugin ActorSequence
LogPluginManager: Mounting plugin LevelSequenceEditor
LogPluginManager: Mounting plugin MatineeToLevelSequence
LogPluginManager: Mounting plugin TemplateSequence
LogPluginManager: Mounting plugin OnlineSubsystem
LogPluginManager: Mounting plugin OnlineSubsystemNull
LogPluginManager: Mounting plugin ActorLayerUtilities
LogPluginManager: Mounting plugin LauncherChunkInstaller
LogPluginManager: Mounting plugin OnlineSubsystemUtils
LogPluginManager: Mounting plugin AndroidDeviceProfileSelector
LogPluginManager: Mounting plugin AndroidMoviePlayer
LogPluginManager: Mounting plugin AndroidPermission
LogPluginManager: Mounting plugin AppleMoviePlayer
LogPluginManager: Mounting plugin AppleImageUtils
LogPluginManager: Mounting plugin AssetTags
LogPluginManager: Mounting plugin AudioCapture
LogPluginManager: Mounting plugin ArchVisCharacter
LogPluginManager: Mounting plugin CableComponent
LogPluginManager: Mounting plugin ChunkDownloader
LogPluginManager: Mounting plugin ExampleDeviceProfileSelector
LogPluginManager: Mounting plugin EditableMesh
LogPluginManager: Mounting plugin CustomMeshComponent
LogPluginManager: Mounting plugin AudioSynesthesia
LogPluginManager: Mounting plugin GoogleCloudMessaging
LogPluginManager: Mounting plugin GooglePAD
LogPluginManager: Mounting plugin ScreenshotTools
LogPluginManager: Mounting plugin IOSDeviceProfileSelector
LogPluginManager: Mounting plugin LinuxDeviceProfileSelector
LogPluginManager: Mounting plugin LocationServicesBPLibrary
LogPluginManager: Mounting plugin MobilePatchingUtils
LogPluginManager: Mounting plugin PostSplashScreen
LogPluginManager: Mounting plugin PhysXVehicles
LogPluginManager: Mounting plugin PropertyAccessEditor
LogPluginManager: Mounting plugin ProceduralMeshComponent
LogPluginManager: Mounting plugin SignificanceManager
LogPluginManager: Mounting plugin RuntimePhysXCooking
LogPluginManager: Mounting plugin SoundFields
LogPluginManager: Mounting plugin OpenXR
LogPluginManager: Mounting plugin OpenXREyeTracker
LogPluginManager: Mounting plugin OpenXRHandTracking
LogPluginManager: Mounting plugin Synthesis
LogPluginManager: Mounting plugin WindowsMoviePlayer
LogPluginManager: Mounting plugin WebMMoviePlayer
LogPluginManager: Mounting plugin Takes
LogPluginManager: Mounting plugin ContentBrowserClassDataSource
LogPluginManager: Mounting plugin ContentBrowserFileDataSource
LogPluginManager: Mounting plugin ContentBrowserAssetDataSource
LogPluginManager: Mounting plugin OnlineSubsystemGooglePlay
LogPluginManager: Mounting plugin OnlineSubsystemIOS
LogPluginManager: Mounting plugin OculusVR
LogInit: Warning: Incompatible or missing module: Food_Looter_GC
Running D:/Epic Games/UE_4.27/Engine/Binaries/DotNET/UnrealBuildTool.exe Development Win64 -Project="D:/Projets Dev/Unreal Engine/GTech 4/Food_Looter_GC/Food_Looter_GC/Food_Looter_GC.uproject" -TargetType=Editor -Progress -NoEngineChanges -NoHotReloadFromIDE
Using 'git status' to determine working set for adaptive non-unity build (D:\Projets Dev\Unreal Engine\GTech 4\Food_Looter_GC).
Creating makefile for Food_Looter_GCEditor (game project files are newer)
@progress push 5%
Parsing headers for Food_Looter_GCEditor
  Running UnrealHeaderTool "D:\Projets Dev\Unreal Engine\GTech 4\Food_Looter_GC\Food_Looter_GC\Food_Looter_GC.uproject" "D:\Projets Dev\Unreal Engine\GTech 4\Food_Looter_GC\Food_Looter_GC\Intermediate\Build\Win64\Food_Looter_GCEditor\Development\Food_Looter_GCEditor.uhtmanifest" -LogCmds="loginit warning, logexit warning, logdatabase error" -Unattended -WarningsAsErrors -abslog="C:\Users\33781\AppData\Local\UnrealBuildTool\Log_UHT.txt" -installed
LogInit: Display: Loading text-based GConfig....
Reflection code generated for Food_Looter_GCEditor in 54,5673462 seconds
@progress pop
Deleted hot-reload file: D:\Projets Dev\Unreal Engine\GTech 4\Food_Looter_GC\Food_Looter_GC\Binaries\Win64\UE4Editor-Food_Looter_GC-0006.dll
Deleted hot-reload file: D:\Projets Dev\Unreal Engine\GTech 4\Food_Looter_GC\Food_Looter_GC\Binaries\Win64\UE4Editor-Food_Looter_GC-0006.pdb
Deleted hot-reload file: D:\Projets Dev\Unreal Engine\GTech 4\Food_Looter_GC\Food_Looter_GC\Binaries\Win64\UE4Editor-Food_Looter_GC-1179.dll
Deleted hot-reload file: D:\Projets Dev\Unreal Engine\GTech 4\Food_Looter_GC\Food_Looter_GC\Binaries\Win64\UE4Editor-Food_Looter_GC-1179.pdb
Deleted hot-reload file: D:\Projets Dev\Unreal Engine\GTech 4\Food_Looter_GC\Food_Looter_GC\Binaries\Win64\UE4Editor-Food_Looter_GC-6918.dll
Deleted hot-reload file: D:\Projets Dev\Unreal Engine\GTech 4\Food_Looter_GC\Food_Looter_GC\Binaries\Win64\UE4Editor-Food_Looter_GC-6918.pdb
Deleted hot-reload file: D:\Projets Dev\Unreal Engine\GTech 4\Food_Looter_GC\Food_Looter_GC\Binaries\Win64\UE4Editor-Food_Looter_GC-9307.dll
Deleted hot-reload file: D:\Projets Dev\Unreal Engine\GTech 4\Food_Looter_GC\Food_Looter_GC\Binaries\Win64\UE4Editor-Food_Looter_GC-9307.pdb
Deleted hot-reload file: D:\Projets Dev\Unreal Engine\GTech 4\Food_Looter_GC\Food_Looter_GC\Intermediate\Build\Win64\UE4Editor\Development\Food_Looter_GC\UE4Editor-Food_Looter_GC-0006.lib
Deleted hot-reload file: D:\Projets Dev\Unreal Engine\GTech 4\Food_Looter_GC\Food_Looter_GC\Intermediate\Build\Win64\UE4Editor\Development\Food_Looter_GC\UE4Editor-Food_Looter_GC-1179.lib
Deleted hot-reload file: D:\Projets Dev\Unreal Engine\GTech 4\Food_Looter_GC\Food_Looter_GC\Intermediate\Build\Win64\UE4Editor\Development\Food_Looter_GC\UE4Editor-Food_Looter_GC-6918.lib
Deleted hot-reload file: D:\Projets Dev\Unreal Engine\GTech 4\Food_Looter_GC\Food_Looter_GC\Intermediate\Build\Win64\UE4Editor\Development\Food_Looter_GC\UE4Editor-Food_Looter_GC-9307.lib
Building Food_Looter_GCEditor...
Using Visual Studio 2019 14.28.29913 toolchain (C:\Program Files (x86)\Microsoft Visual Studio\2019\Community\VC\Tools\MSVC\14.28.29910) and Windows 10.0.18362.0 SDK (C:\Program Files (x86)\Windows Kits\10).
Building 34 actions with 8 processes...
  @progress 'Compiling C++ source code...' 0%
  @progress 'Compiling C++ source code...' 3%
  [1/34] SharedPCH.Engine.ShadowErrors.cpp
  @progress 'Compiling C++ source code...' 6%
  [2/34] BTTargetPointSelection.gen.cpp
  @progress 'Compiling C++ source code...' 9%
  [3/34] Food_Looter_GC.cpp
  @progress 'Compiling C++ source code...' 12%
  [4/34] GameManager.cpp
  @progress 'Compiling C++ source code...' 15%
  [5/34] Food.cpp
  @progress 'Compiling C++ source code...' 18%
  [6/34] BotTargetPoint.cpp
  @progress 'Compiling C++ source code...' 21%
  [7/34] MyAIController.cpp
  @progress 'Compiling C++ source code...' 24%
  [8/34] AIEnnemy.cpp
  @progress 'Compiling C++ source code...' 26%
  [9/34] MainCharacter.cpp
  @progress 'Compiling C++ source code...' 29%
  [10/34] Food_Looter_GCGameModeBase.cpp
  @progress 'Compiling C++ source code...' 32%
  [11/34] EnemyAnimInstance.gen.cpp
  @progress 'Compiling C++ source code...' 35%
  [12/34] FoodLooter_HUD.cpp
  @progress 'Compiling C++ source code...' 38%
  [13/34] Food.gen.cpp
  @progress 'Compiling C++ source code...' 41%
  [14/34] PlayerAnimInstance.cpp
  D:\Projets Dev\Unreal Engine\GTech 4\Food_Looter_GC\Food_Looter_GC\Source\Food_Looter_GC\PlayerAnimInstance.cpp(21): error C2039: 'CheckIfCarryingFood': is not a member of 'AMainCharacter'
  D:\Projets Dev\Unreal Engine\GTech 4\Food_Looter_GC\Food_Looter_GC\Source\Food_Looter_GC\MainCharacter.h(13): note: see declaration of 'AMainCharacter'
  @progress 'Compiling C++ source code...' 44%
  [15/34] FoodLooter_HUD.gen.cpp
  @progress 'Compiling C++ source code...' 47%
  [16/34] EnemyAIController.cpp
  @progress 'Compiling C++ source code...' 50%
  [17/34] EnemyAIController.gen.cpp
  @progress 'Compiling C++ source code...' 53%
  [18/34] BT_DetectPlayer.gen.cpp
  @progress 'Compiling C++ source code...' 56%
  [19/34] Food_Looter_GC.init.gen.cpp
  @progress 'Compiling C++ source code...' 59%
  [20/34] EnemyAnimInstance.cpp
  @progress 'Compiling C++ source code...' 62%
  [21/34] MyAIController.gen.cpp
  @progress 'Compiling C++ source code...' 65%
  [22/34] GameManager.gen.cpp
  @progress 'Compiling C++ source code...' 68%
  [23/34] PlayerAnimInstance.gen.cpp
  @progress 'Compiling C++ source code...' 71%
  [24/34] Food_Looter_GCGameModeBase.gen.cpp
  @progress 'Compiling C++ source code...' 74%
  [25/34] MainCharacter.gen.cpp
  @progress 'Compiling C++ source code...' 76%
  [26/34] BotTargetPoint.gen.cpp
  @progress 'Compiling C++ source code...' 79%
  [27/34] AIEnnemy.gen.cpp
  @progress 'Compiling C++ source code...' 82%
  [28/34] BTTargetPointSelection.cpp
  @progress 'Compiling C++ source code...' 85%
  [29/34] BT_DetectPlayer.cpp
  @progress 'Compiling C++ source code...' 88%
  [30/34] FoodLooter_UWidget.cpp
  @progress 'Compiling C++ source code...' 91%
  [31/34] FoodLooter_UWidget.gen.cpp
LogInit: Warning: Still incompatible or missing module: Food_Looter_GC
LogCore: Engine exit requested (reason: EngineExit() was called)
LogExit: Preparing to exit.
LogModuleManager: Shutting down and abandoning module DesktopPlatform (48)
LogModuleManager: Shutting down and abandoning module PythonScriptPluginPreload (46)
LogModuleManager: Shutting down and abandoning module PlatformCryptoOpenSSL (44)
LogModuleManager: Shutting down and abandoning module PlatformCryptoTypes (42)
LogModuleManager: Shutting down and abandoning module PlatformCrypto (40)
LogModuleManager: Shutting down and abandoning module OodleDataCompressionFormat (38)
LogModuleManager: Shutting down and abandoning module XGEController (36)
LogXGEController: Cannot use XGE Controller as Incredibuild is not installed on this machine.
LogXGEController: Cleaning working directory: C:/Users/33781/AppData/Local/Temp/UnrealXGEWorkingDir/
LogModuleManager: Shutting down and abandoning module AnimationModifiers (34)
LogModuleManager: Shutting down and abandoning module AudioEditor (32)
LogModuleManager: Shutting down and abandoning module PropertyEditor (31)
LogModuleManager: Shutting down and abandoning module TextureCompressor (28)
LogModuleManager: Shutting down and abandoning module RenderCore (26)
LogModuleManager: Shutting down and abandoning module Landscape (24)
LogModuleManager: Shutting down and abandoning module SlateRHIRenderer (22)
LogModuleManager: Shutting down and abandoning module AnimGraphRuntime (20)
LogModuleManager: Shutting down and abandoning module Renderer (18)
LogModuleManager: Shutting down and abandoning module Engine (16)
LogModuleManager: Shutting down and abandoning module CoreUObject (14)
LogModuleManager: Shutting down and abandoning module NetworkFile (12)
LogModuleManager: Shutting down and abandoning module CookedIterativeFile (10)
LogModuleManager: Shutting down and abandoning module StreamingFile (8)
LogModuleManager: Shutting down and abandoning module SandboxFile (6)
LogModuleManager: Shutting down and abandoning module PakFile (4)
LogModuleManager: Shutting down and abandoning module RSA (3)
LogExit: Exiting.
Log file closed, 10/14/21 21:54:39
